-Bluetooth Low Energy-
-Link Layer v1.0.15.0-

1		Reset performs
2		Start advertising...
3		Compose ADV_DIRECT_IND (12 bytes) in channel 37
4		  TX ---> 560C018E
5		Compose ADV_DIRECT_IND (12 bytes) in channel 37
6		  TX ---> 560C018E
7		Compose ADV_DIRECT_IND (12 bytes) in channel 37
8		  TX ---> 560C018E
9		Compose ADV_DIRECT_IND (12 bytes) in channel 37
10		  TX ---> 560C018E
11		Compose ADV_DIRECT_IND (12 bytes) in channel 37
12		  TX ---> 560C018E
13		Compose ADV_DIRECT_IND (12 bytes) in channel 37
14		  TX ---> 560C018E
15		Compose ADV_DIRECT_IND (12 bytes) in channel 37
16		  TX ---> 560C018E
17		Compose ADV_DIRECT_IND (12 bytes) in channel 37
18		  TX ---> 560C018E
19		Compose ADV_DIRECT_IND (12 bytes) in channel 37
20		  TX ---> 560C018E
21		Compose ADV_DIRECT_IND (12 bytes) in channel 37
22		  TX ---> 560C018E
23		Compose ADV_DIRECT_IND (12 bytes) in channel 37
24		  TX ---> 560C018E
25		Compose ADV_DIRECT_IND (12 bytes) in channel 37
26		  TX ---> 560C018E
27		Compose ADV_DIRECT_IND (12 bytes) in channel 37
28		  TX ---> 560C018E
29		Compose ADV_DIRECT_IND (12 bytes) in channel 37
30		  TX ---> 560C018E
31		Compose ADV_DIRECT_IND (12 bytes) in channel 37
32		  TX ---> 560C018E
33		Compose ADV_DIRECT_IND (12 bytes) in channel 37
34		  TX ---> 560C018E
35		Compose ADV_DIRECT_IND (12 bytes) in channel 37
36		  TX ---> 560C018E
37		Compose ADV_DIRECT_IND (12 bytes) in channel 37
38		  TX ---> 560C018E
39		Compose ADV_DIRECT_IND (12 bytes) in channel 37
40		  TX ---> 560C018E
41		Compose ADV_DIRECT_IND (12 bytes) in channel 37
42		  TX ---> 560C018E
43		Compose ADV_DIRECT_IND (12 bytes) in channel 37
44		  TX ---> 560C018E
45		Compose ADV_DIRECT_IND (12 bytes) in channel 37
46		  TX ---> 560C018E
47		Compose ADV_DIRECT_IND (12 bytes) in channel 37
48		  TX ---> 560C018E
49		Compose ADV_DIRECT_IND (12 bytes) in channel 37
50		  TX ---> 560C018E
51		Compose ADV_DIRECT_IND (12 bytes) in channel 37
52		  TX ---> 560C018E
53		Compose ADV_DIRECT_IND (12 bytes) in channel 37
54		  TX ---> 560C018E
55		Compose ADV_DIRECT_IND (12 bytes) in channel 37
56		  TX ---> 560C018E
57		Compose ADV_DIRECT_IND (12 bytes) in channel 37
58		  TX ---> 560C018E
59		Compose ADV_DIRECT_IND (12 bytes) in channel 37
60		  TX ---> 560C018E
61		Compose ADV_DIRECT_IND (12 bytes) in channel 37
62		  TX ---> 560C018E
63		Compose ADV_DIRECT_IND (12 bytes) in channel 37
64		  TX ---> 560C018E
65		Compose ADV_DIRECT_IND (12 bytes) in channel 37
66		  TX ---> 560C018E
67		Compose ADV_DIRECT_IND (12 bytes) in channel 37
68		  TX ---> 560C018E
69		Compose ADV_DIRECT_IND (12 bytes) in channel 37
70		  TX ---> 560C018E
71		Compose ADV_DIRECT_IND (12 bytes) in channel 37
72		  TX ---> 560C018E
73		Compose ADV_DIRECT_IND (12 bytes) in channel 37
74		  TX ---> 560C018E
75		Compose ADV_DIRECT_IND (12 bytes) in channel 37
76		  TX ---> 560C018E
77		Compose ADV_DIRECT_IND (12 bytes) in channel 37
78		  TX ---> 560C018E
79		Compose ADV_DIRECT_IND (12 bytes) in channel 37
80		  TX ---> 560C018E
81		Compose ADV_DIRECT_IND (12 bytes) in channel 37
82		  TX ---> 560C018E
83		Compose ADV_DIRECT_IND (12 bytes) in channel 37
84		  TX ---> 560C018E
85		Compose ADV_DIRECT_IND (12 bytes) in channel 37
86		  TX ---> 560C018E
87		Compose ADV_DIRECT_IND (12 bytes) in channel 37
88		  TX ---> 560C018E
89		Compose ADV_DIRECT_IND (12 bytes) in channel 37
90		  TX ---> 560C018E
91		Compose ADV_DIRECT_IND (12 bytes) in channel 37
92		  TX ---> 560C018E
93		Compose ADV_DIRECT_IND (12 bytes) in channel 37
94		  TX ---> 560C018E
95		Compose ADV_DIRECT_IND (12 bytes) in channel 37
96		  TX ---> 560C018E
97		Compose ADV_DIRECT_IND (12 bytes) in channel 37
98		  TX ---> 560C018E
99		Compose ADV_DIRECT_IND (12 bytes) in channel 37
100		  TX ---> 560C018E
101		Compose ADV_DIRECT_IND (12 bytes) in channel 37
102		  TX ---> 560C018E
103		Compose ADV_DIRECT_IND (12 bytes) in channel 37
104		  TX ---> 560C018E
105		Compose ADV_DIRECT_IND (12 bytes) in channel 37
106		  TX ---> 560C018E
107		Compose ADV_DIRECT_IND (12 bytes) in channel 37
108		  TX ---> 560C018E
109		Compose ADV_DIRECT_IND (12 bytes) in channel 37
110		  TX ---> 560C018E
111		Compose ADV_DIRECT_IND (12 bytes) in channel 37
112		  TX ---> 560C018E
113		Compose ADV_DIRECT_IND (12 bytes) in channel 37
114		  TX ---> 560C018E
115		Compose ADV_DIRECT_IND (12 bytes) in channel 37
116		  TX ---> 560C018E
117		Compose ADV_DIRECT_IND (12 bytes) in channel 37
118		  TX ---> 560C018E
119		Compose ADV_DIRECT_IND (12 bytes) in channel 37
120		  TX ---> 560C018E
121		Compose ADV_DIRECT_IND (12 bytes) in channel 37
122		  TX ---> 560C018E
123		Compose ADV_DIRECT_IND (12 bytes) in channel 37
124		  TX ---> 560C018E
125		Compose ADV_DIRECT_IND (12 bytes) in channel 37
126		  TX ---> 560C018E
127		Compose ADV_DIRECT_IND (12 bytes) in channel 37
128		  TX ---> 560C018E
129		Compose ADV_DIRECT_IND (12 bytes) in channel 37
130		  TX ---> 560C018E
131		Compose ADV_DIRECT_IND (12 bytes) in channel 37
132		  TX ---> 560C018E
133		Compose ADV_DIRECT_IND (12 bytes) in channel 37
134		  TX ---> 560C018E
135		Stop advertising...
136		Reset performs
137		Start advertising...
138		Compose ADV_DIRECT_IND (12 bytes) in channel 38
139		  TX ---> 560C018E
140		Compose ADV_DIRECT_IND (12 bytes) in channel 38
141		  TX ---> 560C018E
142		Compose ADV_DIRECT_IND (12 bytes) in channel 38
143		  TX ---> 560C018E
144		Compose ADV_DIRECT_IND (12 bytes) in channel 38
145		  TX ---> 560C018E
146		Compose ADV_DIRECT_IND (12 bytes) in channel 38
147		  TX ---> 560C018E
148		Compose ADV_DIRECT_IND (12 bytes) in channel 38
149		  TX ---> 560C018E
150		Compose ADV_DIRECT_IND (12 bytes) in channel 38
151		  TX ---> 560C018E
152		Compose ADV_DIRECT_IND (12 bytes) in channel 38
153		  TX ---> 560C018E
154		Compose ADV_DIRECT_IND (12 bytes) in channel 38
155		  TX ---> 560C018E
156		Compose ADV_DIRECT_IND (12 bytes) in channel 38
157		  TX ---> 560C018E
158		Compose ADV_DIRECT_IND (12 bytes) in channel 38
159		  TX ---> 560C018E
160		Compose ADV_DIRECT_IND (12 bytes) in channel 38
161		  TX ---> 560C018E
162		Compose ADV_DIRECT_IND (12 bytes) in channel 38
163		  TX ---> 560C018E
164		Compose ADV_DIRECT_IND (12 bytes) in channel 38
165		  TX ---> 560C018E
166		Compose ADV_DIRECT_IND (12 bytes) in channel 38
167		  TX ---> 560C018E
168		Compose ADV_DIRECT_IND (12 bytes) in channel 38
169		  TX ---> 560C018E
170		Compose ADV_DIRECT_IND (12 bytes) in channel 38
171		  TX ---> 560C018E
172		Compose ADV_DIRECT_IND (12 bytes) in channel 38
173		  TX ---> 560C018E
174		Compose ADV_DIRECT_IND (12 bytes) in channel 38
175		  TX ---> 560C018E
176		Compose ADV_DIRECT_IND (12 bytes) in channel 38
177		  TX ---> 560C018E
178		Compose ADV_DIRECT_IND (12 bytes) in channel 38
179		  TX ---> 560C018E
180		Compose ADV_DIRECT_IND (12 bytes) in channel 38
181		  TX ---> 560C018E
182		Compose ADV_DIRECT_IND (12 bytes) in channel 38
183		  TX ---> 560C018E
184		Compose ADV_DIRECT_IND (12 bytes) in channel 38
185		  TX ---> 560C018E
186		Compose ADV_DIRECT_IND (12 bytes) in channel 38
187		  TX ---> 560C018E
188		Compose ADV_DIRECT_IND (12 bytes) in channel 38
189		  TX ---> 560C018E
190		Compose ADV_DIRECT_IND (12 bytes) in channel 38
191		  TX ---> 560C018E
192		Compose ADV_DIRECT_IND (12 bytes) in channel 38
193		  TX ---> 560C018E
194		Compose ADV_DIRECT_IND (12 bytes) in channel 38
195		  TX ---> 560C018E
196		Compose ADV_DIRECT_IND (12 bytes) in channel 38
197		  TX ---> 560C018E
198		Compose ADV_DIRECT_IND (12 bytes) in channel 38
199		  TX ---> 560C018E
200		Compose ADV_DIRECT_IND (12 bytes) in channel 38
201		  TX ---> 560C018E
202		Compose ADV_DIRECT_IND (12 bytes) in channel 38
203		  TX ---> 560C018E
204		Compose ADV_DIRECT_IND (12 bytes) in channel 38
205		  TX ---> 560C018E
206		Compose ADV_DIRECT_IND (12 bytes) in channel 38
207		  TX ---> 560C018E
208		Compose ADV_DIRECT_IND (12 bytes) in channel 38
209		  TX ---> 560C018E
210		Compose ADV_DIRECT_IND (12 bytes) in channel 38
211		  TX ---> 560C018E
212		Compose ADV_DIRECT_IND (12 bytes) in channel 38
213		  TX ---> 560C018E
214		Compose ADV_DIRECT_IND (12 bytes) in channel 38
215		  TX ---> 560C018E
216		Compose ADV_DIRECT_IND (12 bytes) in channel 38
217		  TX ---> 560C018E
218		Compose ADV_DIRECT_IND (12 bytes) in channel 38
219		  TX ---> 560C018E
220		Compose ADV_DIRECT_IND (12 bytes) in channel 38
221		  TX ---> 560C018E
222		Compose ADV_DIRECT_IND (12 bytes) in channel 38
223		  TX ---> 560C018E
224		Compose ADV_DIRECT_IND (12 bytes) in channel 38
225		  TX ---> 560C018E
226		Compose ADV_DIRECT_IND (12 bytes) in channel 38
227		  TX ---> 560C018E
228		Compose ADV_DIRECT_IND (12 bytes) in channel 38
229		  TX ---> 560C018E
230		Compose ADV_DIRECT_IND (12 bytes) in channel 38
231		  TX ---> 560C018E
232		Compose ADV_DIRECT_IND (12 bytes) in channel 38
233		  TX ---> 560C018E
234		Compose ADV_DIRECT_IND (12 bytes) in channel 38
235		  TX ---> 560C018E
236		Compose ADV_DIRECT_IND (12 bytes) in channel 38
237		  TX ---> 560C018E
238		Compose ADV_DIRECT_IND (12 bytes) in channel 38
239		  TX ---> 560C018E
240		Compose ADV_DIRECT_IND (12 bytes) in channel 38
241		  TX ---> 560C018E
242		Compose ADV_DIRECT_IND (12 bytes) in channel 38
243		  TX ---> 560C018E
244		Compose ADV_DIRECT_IND (12 bytes) in channel 38
245		  TX ---> 560C018E
246		Compose ADV_DIRECT_IND (12 bytes) in channel 38
247		  TX ---> 560C018E
248		Compose ADV_DIRECT_IND (12 bytes) in channel 38
249		  TX ---> 560C018E
250		Compose ADV_DIRECT_IND (12 bytes) in channel 38
251		  TX ---> 560C018E
252		Compose ADV_DIRECT_IND (12 bytes) in channel 38
253		  TX ---> 560C018E
254		Compose ADV_DIRECT_IND (12 bytes) in channel 38
255		  TX ---> 560C018E
256		Compose ADV_DIRECT_IND (12 bytes) in channel 38
257		  TX ---> 560C018E
258		Compose ADV_DIRECT_IND (12 bytes) in channel 38
259		  TX ---> 560C018E
260		Compose ADV_DIRECT_IND (12 bytes) in channel 38
261		  TX ---> 560C018E
262		Compose ADV_DIRECT_IND (12 bytes) in channel 38
263		  TX ---> 560C018E
264		Compose ADV_DIRECT_IND (12 bytes) in channel 38
265		  TX ---> 560C018E
266		Compose ADV_DIRECT_IND (12 bytes) in channel 38
267		  TX ---> 560C018E
268		Compose ADV_DIRECT_IND (12 bytes) in channel 38
269		  TX ---> 560C018E
270		Compose ADV_DIRECT_IND (12 bytes) in channel 38
271		  TX ---> 560C018E
272		Compose ADV_DIRECT_IND (12 bytes) in channel 38
273		  TX ---> 560C018E
274		Compose ADV_DIRECT_IND (12 bytes) in channel 38
275		  TX ---> 560C018E
276		Compose ADV_DIRECT_IND (12 bytes) in channel 38
277		  TX ---> 560C018E
278		Compose ADV_DIRECT_IND (12 bytes) in channel 38
279		  TX ---> 560C018E
280		Compose ADV_DIRECT_IND (12 bytes) in channel 38
281		  TX ---> 560C018E
282		Compose ADV_DIRECT_IND (12 bytes) in channel 38
283		  TX ---> 560C018E
284		Compose ADV_DIRECT_IND (12 bytes) in channel 38
285		  TX ---> 560C018E
286		Compose ADV_DIRECT_IND (12 bytes) in channel 38
287		  TX ---> 560C018E
288		Compose ADV_DIRECT_IND (12 bytes) in channel 38
289		  TX ---> 560C018E
290		Compose ADV_DIRECT_IND (12 bytes) in channel 38
291		  TX ---> 560C018E
292		Compose ADV_DIRECT_IND (12 bytes) in channel 38
293		  TX ---> 560C018E
294		Compose ADV_DIRECT_IND (12 bytes) in channel 38
295		  TX ---> 560C018E
296		Compose ADV_DIRECT_IND (12 bytes) in channel 38
297		  TX ---> 560C018E
298		Compose ADV_DIRECT_IND (12 bytes) in channel 38
299		  TX ---> 560C018E
300		Compose ADV_DIRECT_IND (12 bytes) in channel 38
301		  TX ---> 560C018E
302		Compose ADV_DIRECT_IND (12 bytes) in channel 38
303		  TX ---> 560C018E
304		Compose ADV_DIRECT_IND (12 bytes) in channel 38
305		  TX ---> 560C018E
306		Compose ADV_DIRECT_IND (12 bytes) in channel 38
307		  TX ---> 560C018E
308		Compose ADV_DIRECT_IND (12 bytes) in channel 38
309		  TX ---> 560C018E
310		Compose ADV_DIRECT_IND (12 bytes) in channel 38
311		  TX ---> 560C018E
312		Compose ADV_DIRECT_IND (12 bytes) in channel 38
313		  TX ---> 560C018E
314		Compose ADV_DIRECT_IND (12 bytes) in channel 38
315		  TX ---> 560C018E
316		Compose ADV_DIRECT_IND (12 bytes) in channel 38
317		  TX ---> 560C018E
318		Compose ADV_DIRECT_IND (12 bytes) in channel 38
319		  TX ---> 560C018E
320		Compose ADV_DIRECT_IND (12 bytes) in channel 38
321		  TX ---> 560C018E
322		Compose ADV_DIRECT_IND (12 bytes) in channel 38
323		  TX ---> 560C018E
324		Compose ADV_DIRECT_IND (12 bytes) in channel 38
325		  TX ---> 560C018E
326		Compose ADV_DIRECT_IND (12 bytes) in channel 38
327		  TX ---> 560C018E
328		Compose ADV_DIRECT_IND (12 bytes) in channel 38
329		  TX ---> 560C018E
330		Compose ADV_DIRECT_IND (12 bytes) in channel 38
331		  TX ---> 560C018E
332		Compose ADV_DIRECT_IND (12 bytes) in channel 38
333		  TX ---> 560C018E
334		Stop advertising...
335		Reset performs
336		Start advertising...
337		Compose ADV_DIRECT_IND (12 bytes) in channel 39
338		  TX ---> 990C418E
339		Compose ADV_DIRECT_IND (12 bytes) in channel 39
340		  TX ---> 990C418E
341		Compose ADV_DIRECT_IND (12 bytes) in channel 39
342		  TX ---> 990C418E
343		Compose ADV_DIRECT_IND (12 bytes) in channel 39
344		  TX ---> 990C418E
345		Compose ADV_DIRECT_IND (12 bytes) in channel 39
346		  TX ---> 990C418E
347		Compose ADV_DIRECT_IND (12 bytes) in channel 39
348		  TX ---> 990C418E
349		Compose ADV_DIRECT_IND (12 bytes) in channel 39
350		  TX ---> 990C418E
351		Compose ADV_DIRECT_IND (12 bytes) in channel 39
352		  TX ---> 990C418E
353		Compose ADV_DIRECT_IND (12 bytes) in channel 39
354		  TX ---> 990C418E
355		Compose ADV_DIRECT_IND (12 bytes) in channel 39
356		  TX ---> 990C418E
357		Compose ADV_DIRECT_IND (12 bytes) in channel 39
358		  TX ---> 990C418E
359		Compose ADV_DIRECT_IND (12 bytes) in channel 39
360		  TX ---> 990C418E
361		Compose ADV_DIRECT_IND (12 bytes) in channel 39
362		  TX ---> 990C418E
363		Compose ADV_DIRECT_IND (12 bytes) in channel 39
364		  TX ---> 990C418E
365		Compose ADV_DIRECT_IND (12 bytes) in channel 39
366		  TX ---> 990C418E
367		Compose ADV_DIRECT_IND (12 bytes) in channel 39
368		  TX ---> 990C418E
369		Compose ADV_DIRECT_IND (12 bytes) in channel 39
370		  TX ---> 990C418E
371		Compose ADV_DIRECT_IND (12 bytes) in channel 39
372		  TX ---> 990C418E
373		Compose ADV_DIRECT_IND (12 bytes) in channel 39
374		  TX ---> 990C418E
375		Compose ADV_DIRECT_IND (12 bytes) in channel 39
376		  TX ---> 990C418E
377		Compose ADV_DIRECT_IND (12 bytes) in channel 39
378		  TX ---> 990C418E
379		Compose ADV_DIRECT_IND (12 bytes) in channel 39
380		  TX ---> 990C418E
381		Compose ADV_DIRECT_IND (12 bytes) in channel 39
382		  TX ---> 990C418E
383		Compose ADV_DIRECT_IND (12 bytes) in channel 39
384		  TX ---> 990C418E
385		Compose ADV_DIRECT_IND (12 bytes) in channel 39
386		  TX ---> 990C418E
387		Compose ADV_DIRECT_IND (12 bytes) in channel 39
388		  TX ---> 990C418E
389		Compose ADV_DIRECT_IND (12 bytes) in channel 39
390		  TX ---> 990C418E
391		Compose ADV_DIRECT_IND (12 bytes) in channel 39
392		  TX ---> 990C418E
393		Compose ADV_DIRECT_IND (12 bytes) in channel 39
394		  TX ---> 990C418E
395		Compose ADV_DIRECT_IND (12 bytes) in channel 39
396		  TX ---> 990C418E
397		Compose ADV_DIRECT_IND (12 bytes) in channel 39
398		  TX ---> 990C418E
399		Compose ADV_DIRECT_IND (12 bytes) in channel 39
400		  TX ---> 990C418E
401		Compose ADV_DIRECT_IND (12 bytes) in channel 39
402		  TX ---> 990C418E
403		Compose ADV_DIRECT_IND (12 bytes) in channel 39
404		  TX ---> 990C418E
405		Compose ADV_DIRECT_IND (12 bytes) in channel 39
406		  TX ---> 990C418E
407		Compose ADV_DIRECT_IND (12 bytes) in channel 39
408		  TX ---> 990C418E
409		Compose ADV_DIRECT_IND (12 bytes) in channel 39
410		  TX ---> 990C418E
411		Compose ADV_DIRECT_IND (12 bytes) in channel 39
412		  TX ---> 990C418E
413		Compose ADV_DIRECT_IND (12 bytes) in channel 39
414		  TX ---> 990C418E
415		Compose ADV_DIRECT_IND (12 bytes) in channel 39
416		  TX ---> 990C418E
417		Compose ADV_DIRECT_IND (12 bytes) in channel 39
418		  TX ---> 990C418E
419		Compose ADV_DIRECT_IND (12 bytes) in channel 39
420		  TX ---> 990C418E
421		Compose ADV_DIRECT_IND (12 bytes) in channel 39
422		  TX ---> 990C418E
423		Compose ADV_DIRECT_IND (12 bytes) in channel 39
424		  TX ---> 990C418E
425		Compose ADV_DIRECT_IND (12 bytes) in channel 39
426		  TX ---> 990C418E
427		Compose ADV_DIRECT_IND (12 bytes) in channel 39
428		  TX ---> 990C418E
429		Compose ADV_DIRECT_IND (12 bytes) in channel 39
430		  TX ---> 990C418E
431		Compose ADV_DIRECT_IND (12 bytes) in channel 39
432		  TX ---> 990C418E
433		Compose ADV_DIRECT_IND (12 bytes) in channel 39
434		  TX ---> 990C418E
435		Compose ADV_DIRECT_IND (12 bytes) in channel 39
436		  TX ---> 990C418E
437		Compose ADV_DIRECT_IND (12 bytes) in channel 39
438		  TX ---> 990C418E
439		Compose ADV_DIRECT_IND (12 bytes) in channel 39
440		  TX ---> 990C418E
441		Compose ADV_DIRECT_IND (12 bytes) in channel 39
442		  TX ---> 990C418E
443		Compose ADV_DIRECT_IND (12 bytes) in channel 39
444		  TX ---> 990C418E
445		Compose ADV_DIRECT_IND (12 bytes) in channel 39
446		  TX ---> 990C418E
447		Compose ADV_DIRECT_IND (12 bytes) in channel 39
448		  TX ---> 990C418E
449		Compose ADV_DIRECT_IND (12 bytes) in channel 39
450		  TX ---> 990C418E
451		Compose ADV_DIRECT_IND (12 bytes) in channel 39
452		  TX ---> 990C418E
453		Compose ADV_DIRECT_IND (12 bytes) in channel 39
454		  TX ---> 990C418E
455		Compose ADV_DIRECT_IND (12 bytes) in channel 39
456		  TX ---> 990C418E
457		Compose ADV_DIRECT_IND (12 bytes) in channel 39
458		  TX ---> 990C418E
459		Compose ADV_DIRECT_IND (12 bytes) in channel 39
460		  TX ---> 990C418E
461		Compose ADV_DIRECT_IND (12 bytes) in channel 39
462		  TX ---> 990C418E
463		Compose ADV_DIRECT_IND (12 bytes) in channel 39
464		  TX ---> 990C418E
465		Compose ADV_DIRECT_IND (12 bytes) in channel 39
466		  TX ---> 990C418E
467		Compose ADV_DIRECT_IND (12 bytes) in channel 39
468		  TX ---> 990C418E
469		Compose ADV_DIRECT_IND (12 bytes) in channel 39
470		  TX ---> 990C418E
471		Compose ADV_DIRECT_IND (12 bytes) in channel 39
472		  TX ---> 990C418E
473		Compose ADV_DIRECT_IND (12 bytes) in channel 39
474		  TX ---> 990C418E
475		Compose ADV_DIRECT_IND (12 bytes) in channel 39
476		  TX ---> 990C418E
477		Compose ADV_DIRECT_IND (12 bytes) in channel 39
478		  TX ---> 990C418E
479		Compose ADV_DIRECT_IND (12 bytes) in channel 39
480		  TX ---> 990C418E
481		Compose ADV_DIRECT_IND (12 bytes) in channel 39
482		  TX ---> 990C418E
483		Compose ADV_DIRECT_IND (12 bytes) in channel 39
484		  TX ---> 990C418E
485		Stop advertising...

Statistic PDUs
==============
Reception:
 0 	Advertising
 0 	Empty
 0 	Data
 0 	Control
 0 	CRC Failed
 0 	TOTAL
Transmission:
 238 	Advertising
 0 	Empty
 0 	Data
 0 	Control
 238 	TOTAL

