Final Verdict: PASS
      
Layer:     LL
Test Case: TC_DDI_SCN_BV_11
Date:      14/12/15
Time:      21:45:44

00:00:00:006221  Lower                                                                                                                          Upper
00:00:00:006240  Tester                                                            IUT                                                         Tester
00:00:00:006256     |                                                               |                                                             |
00:00:00:093252   ___________________________________________________________________________________________________________________________________ 
00:00:00:093252  |                                                          Tester is RESET                                                          |
00:00:00:093252  |___________________________________________________________________________________________________________________________________|
00:00:00:591330   ___________________________________________________________________________________________________________________________________ 
00:00:00:591330  |                                             Tester's user friendly name is configured                                             |
00:00:00:591330  |___________________________________________________________________________________________________________________________________|
00:00:00:595421   ___________________________________________________________________________________________________________________________________ 
00:00:00:595421  |                                               Tester's device address is configured                                               |
00:00:00:595421  |___________________________________________________________________________________________________________________________________|
00:00:00:599316   ___________________________________________________________________________________________________________________________________ 
00:00:00:599316  |                                        IUT's device address is included in the White List                                         |
00:00:00:599316  |___________________________________________________________________________________________________________________________________|
00:00:00:607821     |                                                               |                                                             |
00:00:00:607821     |                                                               |                                                   HCI_RESET |
00:00:00:607821     |                                                               |<------------------------------------------------------------|
00:00:00:896088     |                                                               |                                                             |
00:00:00:896088     |                                                               |HCI_COMMAND_COMPLETE_EVENT                                   |
00:00:00:896088     |                                                               |------------------------------------------------------------>|
00:00:00:896088     |                                                               |(HCI_RESET, Status: Success - 0x00)                          |
00:00:00:908636     |                                                               |                                                             |
00:00:00:908636     |                                                               |                           HCI_READ_LOCAL_SUPPORTED_FEATURES |
00:00:00:908636     |                                                               |<------------------------------------------------------------|
00:00:01:165235     |                                                               |                                                             |
00:00:01:165235     |                                                               |HCI_COMMAND_COMPLETE_EVENT                                   |
00:00:01:165235     |                                                               |------------------------------------------------------------>|
00:00:01:165235     |                                                               |(HCI_READ_LOCAL_SUPPORTED_FEATURES, Status: Success - 0x00)  |
00:00:01:177466     |                                                               |                                                             |
00:00:01:177466     |                                                               |                                          HCI_SET_EVENT_MASK |
00:00:01:177466     |                                                               |<------------------------------------------------------------|
00:00:01:295288     |                                                               |                                                             |
00:00:01:295288     |                                                               |HCI_COMMAND_COMPLETE_EVENT                                   |
00:00:01:295288     |                                                               |------------------------------------------------------------>|
00:00:01:295288     |                                                               |(HCI_SET_EVENT_MASK, Status: Success - 0x00)                 |
00:00:01:306369     |                                                               |                                                             |
00:00:01:306369     |                                                               |                                       HCI_LE_SET_EVENT_MASK |
00:00:01:306369     |                                                               |<------------------------------------------------------------|
00:00:01:420329     |                                                               |                                                             |
00:00:01:420329     |                                                               |HCI_COMMAND_COMPLETE_EVENT                                   |
00:00:01:420329     |                                                               |------------------------------------------------------------>|
00:00:01:420329     |                                                               |(HCI_LE_SET_EVENT_MASK, Status: Success - 0x00)              |
00:00:01:433530     |                                                               |                                                             |
00:00:01:433530     |                                                               |                                            HCI_READ_BD_ADDR |
00:00:01:433530     |                                                               |<------------------------------------------------------------|
00:00:01:546473     |                                                               |                                                             |
00:00:01:546473     |                                                               |HCI_COMMAND_COMPLETE_EVENT                                   |
00:00:01:546473     |                                                               |------------------------------------------------------------>|
00:00:01:546473     |                                                               |(HCI_READ_BD_ADDR, Status: Success - 0x00)                   |
00:00:01:560797     |                                                               |                                                             |
00:00:01:560797     |                                                               |                                  HCI_LE_SET_SCAN_PARAMETERS |
00:00:01:560797     |                                                               |<------------------------------------------------------------|
00:00:01:680203     |                                                               |                                                             |
00:00:01:680203     |                                                               |HCI_COMMAND_COMPLETE_EVENT                                   |
00:00:01:680203     |                                                               |------------------------------------------------------------>|
00:00:01:680203     |                                                               |(HCI_LE_SET_SCAN_PARAMETERS, Status: Success - 0x00)         |
00:00:01:691525     |                                                               |                                                             |
00:00:01:691525     |                                                               |                                      HCI_LE_SET_SCAN_ENABLE |
00:00:01:691525     |                                                               |<------------------------------------------------------------|
00:00:01:691525     |                                                               |                                    (Advertise Enable: 0x01) |
00:00:01:777291     |                                                               |                                                             |
00:00:01:777291     |                                                               |HCI_COMMAND_COMPLETE_EVENT                                   |
00:00:01:777291     |                                                               |------------------------------------------------------------>|
00:00:01:777291     |                                                               |(HCI_LE_SET_SCAN_ENABLE, Status: Success - 0x00)             |
00:00:01:818100   ___________________________________________________________________________________________________________________________________ 
00:00:01:818100  |                                        Tester is configured to send ADV_DIRECT_IND packets                                        |
00:00:01:818100  |___________________________________________________________________________________________________________________________________|
00:00:01:845149   ___________________________________________________________________________________________________________________________________ 
00:00:01:845149  |                                                Advertise channel map is configured                                                |
00:00:01:845149  |___________________________________________________________________________________________________________________________________|
00:00:01:901981   ___________________________________________________________________________________________________________________________________ 
00:00:01:901981  |                                                   Advertise data are configured                                                   |
00:00:01:901981  |___________________________________________________________________________________________________________________________________|
00:00:01:909874   ___________________________________________________________________________________________________________________________________ 
00:00:01:909874  |                                                     Tester starts Advertising                                                     |
00:00:01:909874  |___________________________________________________________________________________________________________________________________|
00:00:02:090492     |                                                               |                                                             |
00:00:02:090492     |                                                               |HCI_LE_ADVERTISING_REPORT_EVENT                              |
00:00:02:090492     |                                                               |------------------------------------------------------------>|
00:00:02:092834     |                                                               |                                                             |
00:00:02:092834     |                                                               |HCI_LE_ADVERTISING_REPORT_EVENT                              |
00:00:02:092834     |                                                               |------------------------------------------------------------>|
00:00:02:096397     |                                                               |                                                             |
00:00:02:096397     |                                                               |                                      HCI_LE_SET_SCAN_ENABLE |
00:00:02:096397     |                                                               |<------------------------------------------------------------|
00:00:02:096397     |                                                               |                                    (Advertise Enable: 0x00) |
00:00:02:108674     |                                                               |                                                             |
00:00:02:108674     |                                                               |HCI_LE_ADVERTISING_REPORT_EVENT                              |
00:00:02:108674     |                                                               |------------------------------------------------------------>|
00:00:02:110307     |                                                               |                                                             |
00:00:02:110307     |                                                               |HCI_LE_ADVERTISING_REPORT_EVENT                              |
00:00:02:110307     |                                                               |------------------------------------------------------------>|
00:00:02:113920     |                                                               |                                                             |
00:00:02:113920     |                                                               |HCI_LE_ADVERTISING_REPORT_EVENT                              |
00:00:02:113920     |                                                               |------------------------------------------------------------>|
00:00:02:115401     |                                                               |                                                             |
00:00:02:115401     |                                                               |HCI_LE_ADVERTISING_REPORT_EVENT                              |
00:00:02:115401     |                                                               |------------------------------------------------------------>|
00:00:02:128573     |                                                               |                                                             |
00:00:02:128573     |                                                               |HCI_LE_ADVERTISING_REPORT_EVENT                              |
00:00:02:128573     |                                                               |------------------------------------------------------------>|
00:00:02:130277     |                                                               |                                                             |
00:00:02:130277     |                                                               |HCI_LE_ADVERTISING_REPORT_EVENT                              |
00:00:02:130277     |                                                               |------------------------------------------------------------>|
00:00:02:133750     |                                                               |                                                             |
00:00:02:133750     |                                                               |HCI_LE_ADVERTISING_REPORT_EVENT                              |
00:00:02:133750     |                                                               |------------------------------------------------------------>|
00:00:02:372944     |                                                               |                                                             |
00:00:02:372944     |                                                               |HCI_LE_ADVERTISING_REPORT_EVENT                              |
00:00:02:372944     |                                                               |------------------------------------------------------------>|
00:00:02:377209     |                                                               |                                                             |
00:00:02:377209     |                                                               |HCI_LE_ADVERTISING_REPORT_EVENT                              |
00:00:02:377209     |                                                               |------------------------------------------------------------>|
00:00:02:378640     |                                                               |                                                             |
00:00:02:378640     |                                                               |HCI_LE_ADVERTISING_REPORT_EVENT                              |
00:00:02:378640     |                                                               |------------------------------------------------------------>|
00:00:02:381651   ___________________________________________________________________________________________________________________________________ 
00:00:02:381651  |                                                     Tester stops Advertising                                                      |
00:00:02:381651  |___________________________________________________________________________________________________________________________________|
00:00:02:383334     |                                                               |                                                             |
00:00:02:383334     |                                                               |HCI_LE_ADVERTISING_REPORT_EVENT                              |
00:00:02:383334     |                                                               |------------------------------------------------------------>|
00:00:02:388498     |                                                               |                                                             |
00:00:02:388498     |                                                               |HCI_LE_ADVERTISING_REPORT_EVENT                              |
00:00:02:388498     |                                                               |------------------------------------------------------------>|
00:00:02:394828     |                                                               |                                                             |
00:00:02:394828     |                                                               |HCI_COMMAND_COMPLETE_EVENT                                   |
00:00:02:394828     |                                                               |------------------------------------------------------------>|
00:00:02:394828     |                                                               |(HCI_LE_SET_SCAN_ENABLE, Status: Success - 0x00)             |
00:00:02:422922   ___________________________________________________________________________________________________________________________________ 
00:00:02:422922  |                                                          Tester is RESET                                                          |
00:00:02:422922  |___________________________________________________________________________________________________________________________________|
00:00:02:426474   ___________________________________________________________________________________________________________________________________ 
00:00:02:426474  |                                             Tester's user friendly name is configured                                             |
00:00:02:426474  |___________________________________________________________________________________________________________________________________|
00:00:02:430187   ___________________________________________________________________________________________________________________________________ 
00:00:02:430187  |                                               Tester's device address is configured                                               |
00:00:02:430187  |___________________________________________________________________________________________________________________________________|
00:00:02:678603   ___________________________________________________________________________________________________________________________________ 
00:00:02:678603  |                                        IUT's device address is included in the White List                                         |
00:00:02:678603  |___________________________________________________________________________________________________________________________________|
00:00:02:685685     |                                                               |                                                             |
00:00:02:685685     |                                                               |                                                   HCI_RESET |
00:00:02:685685     |                                                               |<------------------------------------------------------------|
00:00:02:847252     |                                                               |                                                             |
00:00:02:847252     |                                                               |HCI_COMMAND_COMPLETE_EVENT                                   |
00:00:02:847252     |                                                               |------------------------------------------------------------>|
00:00:02:847252     |                                                               |(HCI_RESET, Status: Success - 0x00)                          |
00:00:02:858715     |                                                               |                                                             |
00:00:02:858715     |                                                               |                           HCI_READ_LOCAL_SUPPORTED_FEATURES |
00:00:02:858715     |                                                               |<------------------------------------------------------------|
00:00:03:176989     |                                                               |                                                             |
00:00:03:176989     |                                                               |HCI_COMMAND_COMPLETE_EVENT                                   |
00:00:03:176989     |                                                               |------------------------------------------------------------>|
00:00:03:176989     |                                                               |(HCI_READ_LOCAL_SUPPORTED_FEATURES, Status: Success - 0x00)  |
00:00:03:190922     |                                                               |                                                             |
00:00:03:190922     |                                                               |                                          HCI_SET_EVENT_MASK |
00:00:03:190922     |                                                               |<------------------------------------------------------------|
00:00:03:311036     |                                                               |                                                             |
00:00:03:311036     |                                                               |HCI_COMMAND_COMPLETE_EVENT                                   |
00:00:03:311036     |                                                               |------------------------------------------------------------>|
00:00:03:311036     |                                                               |(HCI_SET_EVENT_MASK, Status: Success - 0x00)                 |
00:00:03:322838     |                                                               |                                                             |
00:00:03:322838     |                                                               |                                       HCI_LE_SET_EVENT_MASK |
00:00:03:322838     |                                                               |<------------------------------------------------------------|
00:00:03:435777     |                                                               |                                                             |
00:00:03:435777     |                                                               |HCI_COMMAND_COMPLETE_EVENT                                   |
00:00:03:435777     |                                                               |------------------------------------------------------------>|
00:00:03:435777     |                                                               |(HCI_LE_SET_EVENT_MASK, Status: Success - 0x00)              |
00:00:03:447016     |                                                               |                                                             |
00:00:03:447016     |                                                               |                                            HCI_READ_BD_ADDR |
00:00:03:447016     |                                                               |<------------------------------------------------------------|
00:00:03:565768     |                                                               |                                                             |
00:00:03:565768     |                                                               |HCI_COMMAND_COMPLETE_EVENT                                   |
00:00:03:565768     |                                                               |------------------------------------------------------------>|
00:00:03:565768     |                                                               |(HCI_READ_BD_ADDR, Status: Success - 0x00)                   |
00:00:03:578646     |                                                               |                                                             |
00:00:03:578646     |                                                               |                                  HCI_LE_SET_SCAN_PARAMETERS |
00:00:03:578646     |                                                               |<------------------------------------------------------------|
00:00:03:686492     |                                                               |                                                             |
00:00:03:686492     |                                                               |HCI_COMMAND_COMPLETE_EVENT                                   |
00:00:03:686492     |                                                               |------------------------------------------------------------>|
00:00:03:686492     |                                                               |(HCI_LE_SET_SCAN_PARAMETERS, Status: Success - 0x00)         |
00:00:03:697595     |                                                               |                                                             |
00:00:03:697595     |                                                               |                                      HCI_LE_SET_SCAN_ENABLE |
00:00:03:697595     |                                                               |<------------------------------------------------------------|
00:00:03:697595     |                                                               |                                    (Advertise Enable: 0x01) |
00:00:03:820350     |                                                               |                                                             |
00:00:03:820350     |                                                               |HCI_COMMAND_COMPLETE_EVENT                                   |
00:00:03:820350     |                                                               |------------------------------------------------------------>|
00:00:03:820350     |                                                               |(HCI_LE_SET_SCAN_ENABLE, Status: Success - 0x00)             |
00:00:03:836735   ___________________________________________________________________________________________________________________________________ 
00:00:03:836735  |                                        Tester is configured to send ADV_DIRECT_IND packets                                        |
00:00:03:836735  |___________________________________________________________________________________________________________________________________|
00:00:03:842927   ___________________________________________________________________________________________________________________________________ 
00:00:03:842927  |                                                Advertise channel map is configured                                                |
00:00:03:842927  |___________________________________________________________________________________________________________________________________|
00:00:03:848376   ___________________________________________________________________________________________________________________________________ 
00:00:03:848376  |                                                   Advertise data are configured                                                   |
00:00:03:848376  |___________________________________________________________________________________________________________________________________|
00:00:03:855330   ___________________________________________________________________________________________________________________________________ 
00:00:03:855330  |                                                     Tester starts Advertising                                                     |
00:00:03:855330  |___________________________________________________________________________________________________________________________________|
00:00:04:111554     |                                                               |                                                             |
00:00:04:111554     |                                                               |HCI_LE_ADVERTISING_REPORT_EVENT                              |
00:00:04:111554     |                                                               |------------------------------------------------------------>|
00:00:04:113741     |                                                               |                                                             |
00:00:04:113741     |                                                               |HCI_LE_ADVERTISING_REPORT_EVENT                              |
00:00:04:113741     |                                                               |------------------------------------------------------------>|
00:00:04:116869     |                                                               |                                                             |
00:00:04:116869     |                                                               |                                      HCI_LE_SET_SCAN_ENABLE |
00:00:04:116869     |                                                               |<------------------------------------------------------------|
00:00:04:116869     |                                                               |                                    (Advertise Enable: 0x00) |
00:00:04:146901     |                                                               |                                                             |
00:00:04:146901     |                                                               |HCI_LE_ADVERTISING_REPORT_EVENT                              |
00:00:04:146901     |                                                               |------------------------------------------------------------>|
00:00:04:148545     |                                                               |                                                             |
00:00:04:148545     |                                                               |HCI_LE_ADVERTISING_REPORT_EVENT                              |
00:00:04:148545     |                                                               |------------------------------------------------------------>|
00:00:04:152685     |                                                               |                                                             |
00:00:04:152685     |                                                               |HCI_LE_ADVERTISING_REPORT_EVENT                              |
00:00:04:152685     |                                                               |------------------------------------------------------------>|
00:00:04:154550     |                                                               |                                                             |
00:00:04:154550     |                                                               |HCI_LE_ADVERTISING_REPORT_EVENT                              |
00:00:04:154550     |                                                               |------------------------------------------------------------>|
00:00:04:158034     |                                                               |                                                             |
00:00:04:158034     |                                                               |HCI_LE_ADVERTISING_REPORT_EVENT                              |
00:00:04:158034     |                                                               |------------------------------------------------------------>|
00:00:04:159555     |                                                               |                                                             |
00:00:04:159555     |                                                               |HCI_LE_ADVERTISING_REPORT_EVENT                              |
00:00:04:159555     |                                                               |------------------------------------------------------------>|
00:00:04:163184     |                                                               |                                                             |
00:00:04:163184     |                                                               |HCI_LE_ADVERTISING_REPORT_EVENT                              |
00:00:04:163184     |                                                               |------------------------------------------------------------>|
00:00:04:164554     |                                                               |                                                             |
00:00:04:164554     |                                                               |HCI_LE_ADVERTISING_REPORT_EVENT                              |
00:00:04:164554     |                                                               |------------------------------------------------------------>|
00:00:04:424976     |                                                               |                                                             |
00:00:04:424976     |                                                               |HCI_LE_ADVERTISING_REPORT_EVENT                              |
00:00:04:424976     |                                                               |------------------------------------------------------------>|
00:00:04:426691     |                                                               |                                                             |
00:00:04:426691     |                                                               |HCI_LE_ADVERTISING_REPORT_EVENT                              |
00:00:04:426691     |                                                               |------------------------------------------------------------>|
00:00:04:430361     |                                                               |                                                             |
00:00:04:430361     |                                                               |HCI_LE_ADVERTISING_REPORT_EVENT                              |
00:00:04:430361     |                                                               |------------------------------------------------------------>|
00:00:04:432045     |                                                               |                                                             |
00:00:04:432045     |                                                               |HCI_LE_ADVERTISING_REPORT_EVENT                              |
00:00:04:432045     |                                                               |------------------------------------------------------------>|
00:00:04:435546     |                                                               |                                                             |
00:00:04:435546     |                                                               |HCI_LE_ADVERTISING_REPORT_EVENT                              |
00:00:04:435546     |                                                               |------------------------------------------------------------>|
00:00:04:436927     |                                                               |                                                             |
00:00:04:436927     |                                                               |HCI_LE_ADVERTISING_REPORT_EVENT                              |
00:00:04:436927     |                                                               |------------------------------------------------------------>|
00:00:04:440704     |                                                               |                                                             |
00:00:04:440704     |                                                               |HCI_LE_ADVERTISING_REPORT_EVENT                              |
00:00:04:440704     |                                                               |------------------------------------------------------------>|
00:00:04:441364   ___________________________________________________________________________________________________________________________________ 
00:00:04:441364  |                                                     Tester stops Advertising                                                      |
00:00:04:441364  |___________________________________________________________________________________________________________________________________|
00:00:04:447871     |                                                               |                                                             |
00:00:04:447871     |                                                               |HCI_LE_ADVERTISING_REPORT_EVENT                              |
00:00:04:447871     |                                                               |------------------------------------------------------------>|
00:00:04:449335     |                                                               |                                                             |
00:00:04:449335     |                                                               |HCI_LE_ADVERTISING_REPORT_EVENT                              |
00:00:04:449335     |                                                               |------------------------------------------------------------>|
00:00:04:452452     |                                                               |                                                             |
00:00:04:452452     |                                                               |HCI_LE_ADVERTISING_REPORT_EVENT                              |
00:00:04:452452     |                                                               |------------------------------------------------------------>|
00:00:04:454035     |                                                               |                                                             |
00:00:04:454035     |                                                               |HCI_LE_ADVERTISING_REPORT_EVENT                              |
00:00:04:454035     |                                                               |------------------------------------------------------------>|
00:00:04:462234     |                                                               |                                                             |
00:00:04:462234     |                                                               |HCI_COMMAND_COMPLETE_EVENT                                   |
00:00:04:462234     |                                                               |------------------------------------------------------------>|
00:00:04:462234     |                                                               |(HCI_LE_SET_SCAN_ENABLE, Status: Success - 0x00)             |
00:00:04:743139   ___________________________________________________________________________________________________________________________________ 
00:00:04:743139  |                                                          Tester is RESET                                                          |
00:00:04:743139  |___________________________________________________________________________________________________________________________________|
00:00:04:864753   ___________________________________________________________________________________________________________________________________ 
00:00:04:864753  |                                             Tester's user friendly name is configured                                             |
00:00:04:864753  |___________________________________________________________________________________________________________________________________|
00:00:04:868192   ___________________________________________________________________________________________________________________________________ 
00:00:04:868192  |                                               Tester's device address is configured                                               |
00:00:04:868192  |___________________________________________________________________________________________________________________________________|
00:00:04:871751   ___________________________________________________________________________________________________________________________________ 
00:00:04:871751  |                                        IUT's device address is included in the White List                                         |
00:00:04:871751  |___________________________________________________________________________________________________________________________________|
00:00:04:878903     |                                                               |                                                             |
00:00:04:878903     |                                                               |                                                   HCI_RESET |
00:00:04:878903     |                                                               |<------------------------------------------------------------|
00:00:05:113423     |                                                               |                                                             |
00:00:05:113423     |                                                               |HCI_COMMAND_COMPLETE_EVENT                                   |
00:00:05:113423     |                                                               |------------------------------------------------------------>|
00:00:05:113423     |                                                               |(HCI_RESET, Status: Success - 0x00)                          |
00:00:05:145081     |                                                               |                                                             |
00:00:05:145081     |                                                               |                           HCI_READ_LOCAL_SUPPORTED_FEATURES |
00:00:05:145081     |                                                               |<------------------------------------------------------------|
00:00:05:399211     |                                                               |                                                             |
00:00:05:399211     |                                                               |HCI_COMMAND_COMPLETE_EVENT                                   |
00:00:05:399211     |                                                               |------------------------------------------------------------>|
00:00:05:399211     |                                                               |(HCI_READ_LOCAL_SUPPORTED_FEATURES, Status: Success - 0x00)  |
00:00:05:412124     |                                                               |                                                             |
00:00:05:412124     |                                                               |                                          HCI_SET_EVENT_MASK |
00:00:05:412124     |                                                               |<------------------------------------------------------------|
00:00:05:594212     |                                                               |                                                             |
00:00:05:594212     |                                                               |HCI_COMMAND_COMPLETE_EVENT                                   |
00:00:05:594212     |                                                               |------------------------------------------------------------>|
00:00:05:594212     |                                                               |(HCI_SET_EVENT_MASK, Status: Success - 0x00)                 |
00:00:05:606542     |                                                               |                                                             |
00:00:05:606542     |                                                               |                                       HCI_LE_SET_EVENT_MASK |
00:00:05:606542     |                                                               |<------------------------------------------------------------|
00:00:05:718278     |                                                               |                                                             |
00:00:05:718278     |                                                               |HCI_COMMAND_COMPLETE_EVENT                                   |
00:00:05:718278     |                                                               |------------------------------------------------------------>|
00:00:05:718278     |                                                               |(HCI_LE_SET_EVENT_MASK, Status: Success - 0x00)              |
00:00:05:729278     |                                                               |                                                             |
00:00:05:729278     |                                                               |                                            HCI_READ_BD_ADDR |
00:00:05:729278     |                                                               |<------------------------------------------------------------|
00:00:05:844799     |                                                               |                                                             |
00:00:05:844799     |                                                               |HCI_COMMAND_COMPLETE_EVENT                                   |
00:00:05:844799     |                                                               |------------------------------------------------------------>|
00:00:05:844799     |                                                               |(HCI_READ_BD_ADDR, Status: Success - 0x00)                   |
00:00:05:859658     |                                                               |                                                             |
00:00:05:859658     |                                                               |                                  HCI_LE_SET_SCAN_PARAMETERS |
00:00:05:859658     |                                                               |<------------------------------------------------------------|
00:00:05:967771     |                                                               |                                                             |
00:00:05:967771     |                                                               |HCI_COMMAND_COMPLETE_EVENT                                   |
00:00:05:967771     |                                                               |------------------------------------------------------------>|
00:00:05:967771     |                                                               |(HCI_LE_SET_SCAN_PARAMETERS, Status: Success - 0x00)         |
00:00:05:979418     |                                                               |                                                             |
00:00:05:979418     |                                                               |                                      HCI_LE_SET_SCAN_ENABLE |
00:00:05:979418     |                                                               |<------------------------------------------------------------|
00:00:05:979418     |                                                               |                                    (Advertise Enable: 0x01) |
00:00:06:106727     |                                                               |                                                             |
00:00:06:106727     |                                                               |HCI_COMMAND_COMPLETE_EVENT                                   |
00:00:06:106727     |                                                               |------------------------------------------------------------>|
00:00:06:106727     |                                                               |(HCI_LE_SET_SCAN_ENABLE, Status: Success - 0x00)             |
00:00:06:147086   ___________________________________________________________________________________________________________________________________ 
00:00:06:147086  |                                        Tester is configured to send ADV_DIRECT_IND packets                                        |
00:00:06:147086  |___________________________________________________________________________________________________________________________________|
00:00:06:173686   ___________________________________________________________________________________________________________________________________ 
00:00:06:173686  |                                                Advertise channel map is configured                                                |
00:00:06:173686  |___________________________________________________________________________________________________________________________________|
00:00:06:177426   ___________________________________________________________________________________________________________________________________ 
00:00:06:177426  |                                                   Advertise data are configured                                                   |
00:00:06:177426  |___________________________________________________________________________________________________________________________________|
00:00:06:185310   ___________________________________________________________________________________________________________________________________ 
00:00:06:185310  |                                                     Tester starts Advertising                                                     |
00:00:06:185310  |___________________________________________________________________________________________________________________________________|
00:00:06:392261     |                                                               |                                                             |
00:00:06:392261     |                                                               |HCI_LE_ADVERTISING_REPORT_EVENT                              |
00:00:06:392261     |                                                               |------------------------------------------------------------>|
00:00:06:394119     |                                                               |                                                             |
00:00:06:394119     |                                                               |HCI_LE_ADVERTISING_REPORT_EVENT                              |
00:00:06:394119     |                                                               |------------------------------------------------------------>|
00:00:06:397730     |                                                               |                                                             |
00:00:06:397730     |                                                               |                                      HCI_LE_SET_SCAN_ENABLE |
00:00:06:397730     |                                                               |<------------------------------------------------------------|
00:00:06:397730     |                                                               |                                    (Advertise Enable: 0x00) |
00:00:06:408175     |                                                               |                                                             |
00:00:06:408175     |                                                               |HCI_LE_ADVERTISING_REPORT_EVENT                              |
00:00:06:408175     |                                                               |------------------------------------------------------------>|
00:00:06:409828     |                                                               |                                                             |
00:00:06:409828     |                                                               |HCI_LE_ADVERTISING_REPORT_EVENT                              |
00:00:06:409828     |                                                               |------------------------------------------------------------>|
00:00:06:413699     |                                                               |                                                             |
00:00:06:413699     |                                                               |HCI_LE_ADVERTISING_REPORT_EVENT                              |
00:00:06:413699     |                                                               |------------------------------------------------------------>|
00:00:06:415101     |                                                               |                                                             |
00:00:06:415101     |                                                               |HCI_LE_ADVERTISING_REPORT_EVENT                              |
00:00:06:415101     |                                                               |------------------------------------------------------------>|
00:00:06:418103   ___________________________________________________________________________________________________________________________________ 
00:00:06:418103  |                                                     Tester stops Advertising                                                      |
00:00:06:418103  |___________________________________________________________________________________________________________________________________|
00:00:06:687265     |                                                               |                                                             |
00:00:06:687265     |                                                               |HCI_LE_ADVERTISING_REPORT_EVENT                              |
00:00:06:687265     |                                                               |------------------------------------------------------------>|
00:00:06:689033     |                                                               |                                                             |
00:00:06:689033     |                                                               |HCI_LE_ADVERTISING_REPORT_EVENT                              |
00:00:06:689033     |                                                               |------------------------------------------------------------>|
00:00:06:692222     |                                                               |                                                             |
00:00:06:692222     |                                                               |HCI_LE_ADVERTISING_REPORT_EVENT                              |
00:00:06:692222     |                                                               |------------------------------------------------------------>|
00:00:06:693851     |                                                               |                                                             |
00:00:06:693851     |                                                               |HCI_LE_ADVERTISING_REPORT_EVENT                              |
00:00:06:693851     |                                                               |------------------------------------------------------------>|
00:00:06:697383     |                                                               |                                                             |
00:00:06:697383     |                                                               |HCI_LE_ADVERTISING_REPORT_EVENT                              |
00:00:06:697383     |                                                               |------------------------------------------------------------>|
00:00:06:698772     |                                                               |                                                             |
00:00:06:698772     |                                                               |HCI_LE_ADVERTISING_REPORT_EVENT                              |
00:00:06:698772     |                                                               |------------------------------------------------------------>|
00:00:06:701882     |                                                               |                                                             |
00:00:06:701882     |                                                               |HCI_LE_ADVERTISING_REPORT_EVENT                              |
00:00:06:701882     |                                                               |------------------------------------------------------------>|
00:00:06:703599     |                                                               |                                                             |
00:00:06:703599     |                                                               |HCI_LE_ADVERTISING_REPORT_EVENT                              |
00:00:06:703599     |                                                               |------------------------------------------------------------>|
00:00:06:706692     |                                                               |                                                             |
00:00:06:706692     |                                                               |HCI_LE_ADVERTISING_REPORT_EVENT                              |
00:00:06:706692     |                                                               |------------------------------------------------------------>|
00:00:06:708344     |                                                               |                                                             |
00:00:06:708344     |                                                               |HCI_LE_ADVERTISING_REPORT_EVENT                              |
00:00:06:708344     |                                                               |------------------------------------------------------------>|
00:00:06:711532     |                                                               |                                                             |
00:00:06:711532     |                                                               |HCI_LE_ADVERTISING_REPORT_EVENT                              |
00:00:06:711532     |                                                               |------------------------------------------------------------>|
00:00:06:718434     |                                                               |                                                             |
00:00:06:718434     |                                                               |HCI_COMMAND_COMPLETE_EVENT                                   |
00:00:06:718434     |                                                               |------------------------------------------------------------>|
00:00:06:718434     |                                                               |(HCI_LE_SET_SCAN_ENABLE, Status: Success - 0x00)             |
