-Bluetooth Low Energy-
-Link Layer v1.0.15.0-

1		Reset performs
2		-Monitor- Listening in channel 37...
3		  RX <--- 0642 (6 bytes)
4		-Monitor- ADV_NON_CONN_IND received in channel 37
5		-Monitor- Repetition left: 99
6		-Monitor- Listening in channel 38...
7		  RX <--- 0642 (6 bytes)
8		-Monitor- ADV_NON_CONN_IND received in channel 38
9		-Monitor- Listening in channel 39...
10		  RX <--- 0642 (6 bytes)
11		-Monitor- ADV_NON_CONN_IND received in channel 39
12		-Monitor- Listening in channel 37...
13		  RX <--- 0642 (6 bytes)
14		-Monitor- ADV_NON_CONN_IND received in channel 37
15		-Monitor- Repetition left: 98
16		-Monitor- Listening in channel 38...
17		  RX <--- 0642 (6 bytes)
18		-Monitor- ADV_NON_CONN_IND received in channel 38
19		-Monitor- Listening in channel 39...
20		  RX <--- 0642 (6 bytes)
21		-Monitor- ADV_NON_CONN_IND received in channel 39
22		-Monitor- Listening in channel 37...
23		  RX <--- 0642 (6 bytes)
24		-Monitor- ADV_NON_CONN_IND received in channel 37
25		-Monitor- Repetition left: 97
26		-Monitor- Listening in channel 38...
27		  RX <--- 0642 (6 bytes)
28		-Monitor- ADV_NON_CONN_IND received in channel 38
29		-Monitor- Listening in channel 39...
30		  RX <--- 0642 (6 bytes)
31		-Monitor- ADV_NON_CONN_IND received in channel 39
32		-Monitor- Listening in channel 37...
33		  RX <--- 0642 (6 bytes)
34		-Monitor- ADV_NON_CONN_IND received in channel 37
35		-Monitor- Repetition left: 96
36		-Monitor- Listening in channel 38...
37		  RX <--- 0642 (6 bytes)
38		-Monitor- ADV_NON_CONN_IND received in channel 38
39		-Monitor- Listening in channel 39...
40		  RX <--- 0642 (6 bytes)
41		-Monitor- ADV_NON_CONN_IND received in channel 39
42		-Monitor- Listening in channel 37...
43		  RX <--- 0642 (6 bytes)
44		-Monitor- ADV_NON_CONN_IND received in channel 37
45		-Monitor- Repetition left: 95
46		-Monitor- Listening in channel 38...
47		  RX <--- 0642 (6 bytes)
48		-Monitor- ADV_NON_CONN_IND received in channel 38
49		-Monitor- Listening in channel 39...
50		  RX <--- 0642 (6 bytes)
51		-Monitor- ADV_NON_CONN_IND received in channel 39
52		-Monitor- Listening in channel 37...
53		  RX <--- 0642 (6 bytes)
54		-Monitor- ADV_NON_CONN_IND received in channel 37
55		-Monitor- Repetition left: 94
56		-Monitor- Listening in channel 38...
57		  RX <--- 0642 (6 bytes)
58		-Monitor- ADV_NON_CONN_IND received in channel 38
59		-Monitor- Listening in channel 39...
60		  RX <--- 0642 (6 bytes)
61		-Monitor- ADV_NON_CONN_IND received in channel 39
62		-Monitor- Listening in channel 37...
63		  RX <--- 0642 (6 bytes)
64		-Monitor- ADV_NON_CONN_IND received in channel 37
65		-Monitor- Repetition left: 93
66		-Monitor- Listening in channel 38...
67		  RX <--- 0642 (6 bytes)
68		-Monitor- ADV_NON_CONN_IND received in channel 38
69		-Monitor- Listening in channel 39...
70		  RX <--- 0642 (6 bytes)
71		-Monitor- ADV_NON_CONN_IND received in channel 39
72		-Monitor- Listening in channel 37...
73		  RX <--- 0642 (6 bytes)
74		-Monitor- ADV_NON_CONN_IND received in channel 37
75		-Monitor- Repetition left: 92
76		-Monitor- Listening in channel 38...
77		  RX <--- 0642 (6 bytes)
78		-Monitor- ADV_NON_CONN_IND received in channel 38
79		-Monitor- Listening in channel 39...
80		  RX <--- 0642 (6 bytes)
81		-Monitor- ADV_NON_CONN_IND received in channel 39
82		-Monitor- Listening in channel 37...
83		  RX <--- 0642 (6 bytes)
84		-Monitor- ADV_NON_CONN_IND received in channel 37
85		-Monitor- Repetition left: 91
86		-Monitor- Listening in channel 38...
87		  RX <--- 0642 (6 bytes)
88		-Monitor- ADV_NON_CONN_IND received in channel 38
89		-Monitor- Listening in channel 39...
90		  RX <--- 0642 (6 bytes)
91		-Monitor- ADV_NON_CONN_IND received in channel 39
92		-Monitor- Listening in channel 37...
93		  RX <--- 0642 (6 bytes)
94		-Monitor- ADV_NON_CONN_IND received in channel 37
95		-Monitor- Repetition left: 90
96		-Monitor- Listening in channel 38...
97		  RX <--- 0642 (6 bytes)
98		-Monitor- ADV_NON_CONN_IND received in channel 38
99		-Monitor- Listening in channel 39...
100		  RX <--- 0642 (6 bytes)
101		-Monitor- ADV_NON_CONN_IND received in channel 39
102		-Monitor- Listening in channel 37...
103		  RX <--- 0642 (6 bytes)
104		-Monitor- ADV_NON_CONN_IND received in channel 37
105		-Monitor- Repetition left: 89
106		-Monitor- Listening in channel 38...
107		  RX <--- 0642 (6 bytes)
108		-Monitor- ADV_NON_CONN_IND received in channel 38
109		-Monitor- Listening in channel 39...
110		  RX <--- 0642 (6 bytes)
111		-Monitor- ADV_NON_CONN_IND received in channel 39
112		-Monitor- Listening in channel 37...
113		  RX <--- 0642 (6 bytes)
114		-Monitor- ADV_NON_CONN_IND received in channel 37
115		-Monitor- Repetition left: 88
116		-Monitor- Listening in channel 38...
117		  RX <--- 0642 (6 bytes)
118		-Monitor- ADV_NON_CONN_IND received in channel 38
119		-Monitor- Listening in channel 39...
120		  RX <--- 0642 (6 bytes)
121		-Monitor- ADV_NON_CONN_IND received in channel 39
122		-Monitor- Listening in channel 37...
123		  RX <--- 0642 (6 bytes)
124		-Monitor- ADV_NON_CONN_IND received in channel 37
125		-Monitor- Repetition left: 87
126		-Monitor- Listening in channel 38...
127		  RX <--- 0642 (6 bytes)
128		-Monitor- ADV_NON_CONN_IND received in channel 38
129		-Monitor- Listening in channel 39...
130		  RX <--- 0642 (6 bytes)
131		-Monitor- ADV_NON_CONN_IND received in channel 39
132		-Monitor- Listening in channel 37...
133		  RX <--- 0642 (6 bytes)
134		-Monitor- ADV_NON_CONN_IND received in channel 37
135		-Monitor- Repetition left: 86
136		-Monitor- Listening in channel 38...
137		  RX <--- 0642 (6 bytes)
138		-Monitor- ADV_NON_CONN_IND received in channel 38
139		-Monitor- Listening in channel 39...
140		  RX <--- 0642 (6 bytes)
141		-Monitor- ADV_NON_CONN_IND received in channel 39
142		-Monitor- Listening in channel 37...
143		  RX <--- 0642 (6 bytes)
144		-Monitor- ADV_NON_CONN_IND received in channel 37
145		-Monitor- Repetition left: 85
146		-Monitor- Listening in channel 38...
147		  RX <--- 0642 (6 bytes)
148		-Monitor- ADV_NON_CONN_IND received in channel 38
149		-Monitor- Listening in channel 39...
150		  RX <--- 0642 (6 bytes)
151		-Monitor- ADV_NON_CONN_IND received in channel 39
152		-Monitor- Listening in channel 37...
153		  RX <--- 0642 (6 bytes)
154		-Monitor- ADV_NON_CONN_IND received in channel 37
155		-Monitor- Repetition left: 84
156		-Monitor- Listening in channel 38...
157		  RX <--- 0642 (6 bytes)
158		-Monitor- ADV_NON_CONN_IND received in channel 38
159		-Monitor- Listening in channel 39...
160		  RX <--- 0642 (6 bytes)
161		-Monitor- ADV_NON_CONN_IND received in channel 39
162		-Monitor- Listening in channel 37...
163		  RX <--- 0642 (6 bytes)
164		-Monitor- ADV_NON_CONN_IND received in channel 37
165		-Monitor- Repetition left: 83
166		-Monitor- Listening in channel 38...
167		  RX <--- 0642 (6 bytes)
168		-Monitor- ADV_NON_CONN_IND received in channel 38
169		-Monitor- Listening in channel 39...
170		  RX <--- 0642 (6 bytes)
171		-Monitor- ADV_NON_CONN_IND received in channel 39
172		-Monitor- Listening in channel 37...
173		  RX <--- 0642 (6 bytes)
174		-Monitor- ADV_NON_CONN_IND received in channel 37
175		-Monitor- Repetition left: 82
176		-Monitor- Listening in channel 38...
177		  RX <--- 0642 (6 bytes)
178		-Monitor- ADV_NON_CONN_IND received in channel 38
179		-Monitor- Listening in channel 39...
180		  RX <--- 0642 (6 bytes)
181		-Monitor- ADV_NON_CONN_IND received in channel 39
182		-Monitor- Listening in channel 37...
183		  RX <--- 0642 (6 bytes)
184		-Monitor- ADV_NON_CONN_IND received in channel 37
185		-Monitor- Repetition left: 81
186		-Monitor- Listening in channel 38...
187		  RX <--- 0642 (6 bytes)
188		-Monitor- ADV_NON_CONN_IND received in channel 38
189		-Monitor- Listening in channel 39...
190		  RX <--- 0642 (6 bytes)
191		-Monitor- ADV_NON_CONN_IND received in channel 39
192		-Monitor- Listening in channel 37...
193		  RX <--- 0642 (6 bytes)
194		-Monitor- ADV_NON_CONN_IND received in channel 37
195		-Monitor- Repetition left: 80
196		-Monitor- Listening in channel 38...
197		  RX <--- 0642 (6 bytes)
198		-Monitor- ADV_NON_CONN_IND received in channel 38
199		-Monitor- Listening in channel 39...
200		  RX <--- 0642 (6 bytes)
201		-Monitor- ADV_NON_CONN_IND received in channel 39
202		-Monitor- Listening in channel 37...
203		  RX <--- 0642 (6 bytes)
204		-Monitor- ADV_NON_CONN_IND received in channel 37
205		-Monitor- Repetition left: 79
206		-Monitor- Listening in channel 38...
207		  RX <--- 0642 (6 bytes)
208		-Monitor- ADV_NON_CONN_IND received in channel 38
209		-Monitor- Listening in channel 39...
210		  RX <--- 0642 (6 bytes)
211		-Monitor- ADV_NON_CONN_IND received in channel 39
212		-Monitor- Listening in channel 37...
213		  RX <--- 0642 (6 bytes)
214		-Monitor- ADV_NON_CONN_IND received in channel 37
215		-Monitor- Repetition left: 78
216		-Monitor- Listening in channel 38...
217		  RX <--- 0642 (6 bytes)
218		-Monitor- ADV_NON_CONN_IND received in channel 38
219		-Monitor- Listening in channel 39...
220		  RX <--- 0642 (6 bytes)
221		-Monitor- ADV_NON_CONN_IND received in channel 39
222		-Monitor- Listening in channel 37...
223		  RX <--- 0642 (6 bytes)
224		-Monitor- ADV_NON_CONN_IND received in channel 37
225		-Monitor- Repetition left: 77
226		-Monitor- Listening in channel 38...
227		  RX <--- 0642 (6 bytes)
228		-Monitor- ADV_NON_CONN_IND received in channel 38
229		-Monitor- Listening in channel 39...
230		  RX <--- 0642 (6 bytes)
231		-Monitor- ADV_NON_CONN_IND received in channel 39
232		-Monitor- Listening in channel 37...
233		  RX <--- 0642 (6 bytes)
234		-Monitor- ADV_NON_CONN_IND received in channel 37
235		-Monitor- Repetition left: 76
236		-Monitor- Listening in channel 38...
237		  RX <--- 0642 (6 bytes)
238		-Monitor- ADV_NON_CONN_IND received in channel 38
239		-Monitor- Listening in channel 39...
240		  RX <--- 0642 (6 bytes)
241		-Monitor- ADV_NON_CONN_IND received in channel 39
242		-Monitor- Listening in channel 37...
243		  RX <--- 0642 (6 bytes)
244		-Monitor- ADV_NON_CONN_IND received in channel 37
245		-Monitor- Repetition left: 75
246		-Monitor- Listening in channel 38...
247		  RX <--- 0642 (6 bytes)
248		-Monitor- ADV_NON_CONN_IND received in channel 38
249		-Monitor- Listening in channel 39...
250		  RX <--- 0642 (6 bytes)
251		-Monitor- ADV_NON_CONN_IND received in channel 39
252		-Monitor- Listening in channel 37...
253		  RX <--- 0642 (6 bytes)
254		-Monitor- ADV_NON_CONN_IND received in channel 37
255		-Monitor- Repetition left: 74
256		-Monitor- Listening in channel 38...
257		  RX <--- 0642 (6 bytes)
258		-Monitor- ADV_NON_CONN_IND received in channel 38
259		-Monitor- Listening in channel 39...
260		  RX <--- 0642 (6 bytes)
261		-Monitor- ADV_NON_CONN_IND received in channel 39
262		-Monitor- Listening in channel 37...
263		  RX <--- 0642 (6 bytes)
264		-Monitor- ADV_NON_CONN_IND received in channel 37
265		-Monitor- Repetition left: 73
266		-Monitor- Listening in channel 38...
267		  RX <--- 0642 (6 bytes)
268		-Monitor- ADV_NON_CONN_IND received in channel 38
269		-Monitor- Listening in channel 39...
270		  RX <--- 0642 (6 bytes)
271		-Monitor- ADV_NON_CONN_IND received in channel 39
272		-Monitor- Listening in channel 37...
273		  RX <--- 0642 (6 bytes)
274		-Monitor- ADV_NON_CONN_IND received in channel 37
275		-Monitor- Repetition left: 72
276		-Monitor- Listening in channel 38...
277		  RX <--- 0642 (6 bytes)
278		-Monitor- ADV_NON_CONN_IND received in channel 38
279		-Monitor- Listening in channel 39...
280		  RX <--- 0642 (6 bytes)
281		-Monitor- ADV_NON_CONN_IND received in channel 39
282		-Monitor- Listening in channel 37...
283		  RX <--- 0642 (6 bytes)
284		-Monitor- ADV_NON_CONN_IND received in channel 37
285		-Monitor- Repetition left: 71
286		-Monitor- Listening in channel 38...
287		  RX <--- 0642 (6 bytes)
288		-Monitor- ADV_NON_CONN_IND received in channel 38
289		-Monitor- Listening in channel 39...
290		  RX <--- 0642 (6 bytes)
291		-Monitor- ADV_NON_CONN_IND received in channel 39
292		-Monitor- Listening in channel 37...
293		  RX <--- 0642 (6 bytes)
294		-Monitor- ADV_NON_CONN_IND received in channel 37
295		-Monitor- Repetition left: 70
296		-Monitor- Listening in channel 38...
297		  RX <--- 0642 (6 bytes)
298		-Monitor- ADV_NON_CONN_IND received in channel 38
299		-Monitor- Listening in channel 39...
300		  RX <--- 0642 (6 bytes)
301		-Monitor- ADV_NON_CONN_IND received in channel 39
302		-Monitor- Listening in channel 37...
303		  RX <--- 0642 (6 bytes)
304		-Monitor- ADV_NON_CONN_IND received in channel 37
305		-Monitor- Repetition left: 69
306		-Monitor- Listening in channel 38...
307		  RX <--- 0642 (6 bytes)
308		-Monitor- ADV_NON_CONN_IND received in channel 38
309		-Monitor- Listening in channel 39...
310		  RX <--- 0642 (6 bytes)
311		-Monitor- ADV_NON_CONN_IND received in channel 39
312		-Monitor- Listening in channel 37...
313		  RX <--- 0642 (6 bytes)
314		-Monitor- ADV_NON_CONN_IND received in channel 37
315		-Monitor- Repetition left: 68
316		-Monitor- Listening in channel 38...
317		  RX <--- 0642 (6 bytes)
318		-Monitor- ADV_NON_CONN_IND received in channel 38
319		-Monitor- Listening in channel 39...
320		  RX <--- 0642 (6 bytes)
321		-Monitor- ADV_NON_CONN_IND received in channel 39
322		-Monitor- Listening in channel 37...
323		  RX <--- 0642 (6 bytes)
324		-Monitor- ADV_NON_CONN_IND received in channel 37
325		-Monitor- Repetition left: 67
326		-Monitor- Listening in channel 38...
327		  RX <--- 0642 (6 bytes)
328		-Monitor- ADV_NON_CONN_IND received in channel 38
329		-Monitor- Listening in channel 39...
330		  RX <--- 0642 (6 bytes)
331		-Monitor- ADV_NON_CONN_IND received in channel 39
332		-Monitor- Listening in channel 37...
333		  RX <--- 0642 (6 bytes)
334		-Monitor- ADV_NON_CONN_IND received in channel 37
335		-Monitor- Repetition left: 66
336		-Monitor- Listening in channel 38...
337		  RX <--- 0642 (6 bytes)
338		-Monitor- ADV_NON_CONN_IND received in channel 38
339		-Monitor- Listening in channel 39...
340		  RX <--- 0642 (6 bytes)
341		-Monitor- ADV_NON_CONN_IND received in channel 39
342		-Monitor- Listening in channel 37...
343		  RX <--- 0642 (6 bytes)
344		-Monitor- ADV_NON_CONN_IND received in channel 37
345		-Monitor- Repetition left: 65
346		-Monitor- Listening in channel 38...
347		  RX <--- 0642 (6 bytes)
348		-Monitor- ADV_NON_CONN_IND received in channel 38
349		-Monitor- Listening in channel 39...
350		  RX <--- 0642 (6 bytes)
351		-Monitor- ADV_NON_CONN_IND received in channel 39
352		-Monitor- Listening in channel 37...
353		  RX <--- 0642 (6 bytes)
354		-Monitor- ADV_NON_CONN_IND received in channel 37
355		-Monitor- Repetition left: 64
356		-Monitor- Listening in channel 38...
357		  RX <--- 0642 (6 bytes)
358		-Monitor- ADV_NON_CONN_IND received in channel 38
359		-Monitor- Listening in channel 39...
360		  RX <--- 0642 (6 bytes)
361		-Monitor- ADV_NON_CONN_IND received in channel 39
362		-Monitor- Listening in channel 37...
363		  RX <--- 0642 (6 bytes)
364		-Monitor- ADV_NON_CONN_IND received in channel 37
365		-Monitor- Repetition left: 63
366		-Monitor- Listening in channel 38...
367		  RX <--- 0642 (6 bytes)
368		-Monitor- ADV_NON_CONN_IND received in channel 38
369		-Monitor- Listening in channel 39...
370		  RX <--- 0642 (6 bytes)
371		-Monitor- ADV_NON_CONN_IND received in channel 39
372		-Monitor- Listening in channel 37...
373		  RX <--- 0642 (6 bytes)
374		-Monitor- ADV_NON_CONN_IND received in channel 37
375		-Monitor- Repetition left: 62
376		-Monitor- Listening in channel 38...
377		  RX <--- 0642 (6 bytes)
378		-Monitor- ADV_NON_CONN_IND received in channel 38
379		-Monitor- Listening in channel 39...
380		  RX <--- 0642 (6 bytes)
381		-Monitor- ADV_NON_CONN_IND received in channel 39
382		-Monitor- Listening in channel 37...
383		  RX <--- 0642 (6 bytes)
384		-Monitor- ADV_NON_CONN_IND received in channel 37
385		-Monitor- Repetition left: 61
386		-Monitor- Listening in channel 38...
387		  RX <--- 0642 (6 bytes)
388		-Monitor- ADV_NON_CONN_IND received in channel 38
389		-Monitor- Listening in channel 39...
390		  RX <--- 0642 (6 bytes)
391		-Monitor- ADV_NON_CONN_IND received in channel 39
392		-Monitor- Listening in channel 37...
393		  RX <--- 0642 (6 bytes)
394		-Monitor- ADV_NON_CONN_IND received in channel 37
395		-Monitor- Repetition left: 60
396		-Monitor- Listening in channel 38...
397		  RX <--- 0642 (6 bytes)
398		-Monitor- ADV_NON_CONN_IND received in channel 38
399		-Monitor- Listening in channel 39...
400		  RX <--- 0642 (6 bytes)
401		-Monitor- ADV_NON_CONN_IND received in channel 39
402		-Monitor- Listening in channel 37...
403		  RX <--- 0642 (6 bytes)
404		-Monitor- ADV_NON_CONN_IND received in channel 37
405		-Monitor- Repetition left: 59
406		-Monitor- Listening in channel 38...
407		  RX <--- 0642 (6 bytes)
408		-Monitor- ADV_NON_CONN_IND received in channel 38
409		-Monitor- Listening in channel 39...
410		  RX <--- 0642 (6 bytes)
411		-Monitor- ADV_NON_CONN_IND received in channel 39
412		-Monitor- Listening in channel 37...
413		  RX <--- 0642 (6 bytes)
414		-Monitor- ADV_NON_CONN_IND received in channel 37
415		-Monitor- Repetition left: 58
416		-Monitor- Listening in channel 38...
417		  RX <--- 0642 (6 bytes)
418		-Monitor- ADV_NON_CONN_IND received in channel 38
419		-Monitor- Listening in channel 39...
420		  RX <--- 0642 (6 bytes)
421		-Monitor- ADV_NON_CONN_IND received in channel 39
422		-Monitor- Listening in channel 37...
423		  RX <--- 0642 (6 bytes)
424		-Monitor- ADV_NON_CONN_IND received in channel 37
425		-Monitor- Repetition left: 57
426		-Monitor- Listening in channel 38...
427		  RX <--- 0642 (6 bytes)
428		-Monitor- ADV_NON_CONN_IND received in channel 38
429		-Monitor- Listening in channel 39...
430		  RX <--- 0642 (6 bytes)
431		-Monitor- ADV_NON_CONN_IND received in channel 39
432		-Monitor- Listening in channel 37...
433		  RX <--- 0642 (6 bytes)
434		-Monitor- ADV_NON_CONN_IND received in channel 37
435		-Monitor- Repetition left: 56
436		-Monitor- Listening in channel 38...
437		  RX <--- 0642 (6 bytes)
438		-Monitor- ADV_NON_CONN_IND received in channel 38
439		-Monitor- Listening in channel 39...
440		  RX <--- 0642 (6 bytes)
441		-Monitor- ADV_NON_CONN_IND received in channel 39
442		-Monitor- Listening in channel 37...
443		  RX <--- 0642 (6 bytes)
444		-Monitor- ADV_NON_CONN_IND received in channel 37
445		-Monitor- Repetition left: 55
446		-Monitor- Listening in channel 38...
447		  RX <--- 0642 (6 bytes)
448		-Monitor- ADV_NON_CONN_IND received in channel 38
449		-Monitor- Listening in channel 39...
450		  RX <--- 0642 (6 bytes)
451		-Monitor- ADV_NON_CONN_IND received in channel 39
452		-Monitor- Listening in channel 37...
453		  RX <--- 0642 (6 bytes)
454		-Monitor- ADV_NON_CONN_IND received in channel 37
455		-Monitor- Repetition left: 54
456		-Monitor- Listening in channel 38...
457		  RX <--- 0642 (6 bytes)
458		-Monitor- ADV_NON_CONN_IND received in channel 38
459		-Monitor- Listening in channel 39...
460		  RX <--- 0642 (6 bytes)
461		-Monitor- ADV_NON_CONN_IND received in channel 39
462		-Monitor- Listening in channel 37...
463		  RX <--- 0642 (6 bytes)
464		-Monitor- ADV_NON_CONN_IND received in channel 37
465		-Monitor- Repetition left: 53
466		-Monitor- Listening in channel 38...
467		  RX <--- 0642 (6 bytes)
468		-Monitor- ADV_NON_CONN_IND received in channel 38
469		-Monitor- Listening in channel 39...
470		  RX <--- 0642 (6 bytes)
471		-Monitor- ADV_NON_CONN_IND received in channel 39
472		-Monitor- Listening in channel 37...
473		  RX <--- 0642 (6 bytes)
474		-Monitor- ADV_NON_CONN_IND received in channel 37
475		-Monitor- Repetition left: 52
476		-Monitor- Listening in channel 38...
477		  RX <--- 0642 (6 bytes)
478		-Monitor- ADV_NON_CONN_IND received in channel 38
479		-Monitor- Listening in channel 39...
480		  RX <--- 0642 (6 bytes)
481		-Monitor- ADV_NON_CONN_IND received in channel 39
482		-Monitor- Listening in channel 37...
483		  RX <--- 0642 (6 bytes)
484		-Monitor- ADV_NON_CONN_IND received in channel 37
485		-Monitor- Repetition left: 51
486		-Monitor- Listening in channel 38...
487		  RX <--- 0642 (6 bytes)
488		-Monitor- ADV_NON_CONN_IND received in channel 38
489		-Monitor- Listening in channel 39...
490		  RX <--- 0642 (6 bytes)
491		-Monitor- ADV_NON_CONN_IND received in channel 39
492		-Monitor- Listening in channel 37...
493		  RX <--- 0642 (6 bytes)
494		-Monitor- ADV_NON_CONN_IND received in channel 37
495		-Monitor- Repetition left: 50
496		-Monitor- Listening in channel 38...
497		  RX <--- 0642 (6 bytes)
498		-Monitor- ADV_NON_CONN_IND received in channel 38
499		-Monitor- Listening in channel 39...
500		  RX <--- 0642 (6 bytes)
501		-Monitor- ADV_NON_CONN_IND received in channel 39
502		-Monitor- Listening in channel 37...
503		  RX <--- 0642 (6 bytes)
504		-Monitor- ADV_NON_CONN_IND received in channel 37
505		-Monitor- Repetition left: 49
506		-Monitor- Listening in channel 38...
507		  RX <--- 0642 (6 bytes)
508		-Monitor- ADV_NON_CONN_IND received in channel 38
509		-Monitor- Listening in channel 39...
510		  RX <--- 0642 (6 bytes)
511		-Monitor- ADV_NON_CONN_IND received in channel 39
512		-Monitor- Listening in channel 37...
513		  RX <--- 0642 (6 bytes)
514		-Monitor- ADV_NON_CONN_IND received in channel 37
515		-Monitor- Repetition left: 48
516		-Monitor- Listening in channel 38...
517		  RX <--- 0642 (6 bytes)
518		-Monitor- ADV_NON_CONN_IND received in channel 38
519		-Monitor- Listening in channel 39...
520		  RX <--- 0662 (6 bytes)
521	Crc calculated (0x418B0D) is wrong! with seedWhitening 39
522		-Monitor- Timer Listening in channel 37...
523		  RX <--- 0642 (6 bytes)
524		-Monitor- ADV_NON_CONN_IND received in channel 37
525		-Monitor- Repetition left: 47
526		-Monitor- Listening in channel 38...
527		  RX <--- 0642 (6 bytes)
528		-Monitor- ADV_NON_CONN_IND received in channel 38
529		-Monitor- Listening in channel 39...
530		  RX <--- 0642 (6 bytes)
531		-Monitor- ADV_NON_CONN_IND received in channel 39
532		-Monitor- Listening in channel 37...
533		  RX <--- 0642 (6 bytes)
534		-Monitor- ADV_NON_CONN_IND received in channel 37
535		-Monitor- Repetition left: 46
536		-Monitor- Listening in channel 38...
537		  RX <--- 0642 (6 bytes)
538		-Monitor- ADV_NON_CONN_IND received in channel 38
539		-Monitor- Listening in channel 39...
540		  RX <--- 0642 (6 bytes)
541		-Monitor- ADV_NON_CONN_IND received in channel 39
542		-Monitor- Listening in channel 37...
543		  RX <--- 0642 (6 bytes)
544		-Monitor- ADV_NON_CONN_IND received in channel 37
545		-Monitor- Repetition left: 45
546		-Monitor- Listening in channel 38...
547		  RX <--- 0642 (6 bytes)
548		-Monitor- ADV_NON_CONN_IND received in channel 38
549		-Monitor- Listening in channel 39...
550		  RX <--- 0642 (6 bytes)
551		-Monitor- ADV_NON_CONN_IND received in channel 39
552		-Monitor- Listening in channel 37...
553		  RX <--- 0642 (6 bytes)
554		-Monitor- ADV_NON_CONN_IND received in channel 37
555		-Monitor- Repetition left: 44
556		-Monitor- Listening in channel 38...
557		  RX <--- 0642 (6 bytes)
558		-Monitor- ADV_NON_CONN_IND received in channel 38
559		-Monitor- Listening in channel 39...
560		  RX <--- 0642 (6 bytes)
561		-Monitor- ADV_NON_CONN_IND received in channel 39
562		-Monitor- Listening in channel 37...
563		  RX <--- 0642 (6 bytes)
564		-Monitor- ADV_NON_CONN_IND received in channel 37
565		-Monitor- Repetition left: 43
566		-Monitor- Listening in channel 38...
567		  RX <--- 0642 (6 bytes)
568		-Monitor- ADV_NON_CONN_IND received in channel 38
569		-Monitor- Listening in channel 39...
570		  RX <--- 0642 (6 bytes)
571		-Monitor- ADV_NON_CONN_IND received in channel 39
572		-Monitor- Listening in channel 37...
573		  RX <--- 0642 (6 bytes)
574		-Monitor- ADV_NON_CONN_IND received in channel 37
575		-Monitor- Repetition left: 42
576		-Monitor- Listening in channel 38...
577		  RX <--- 0642 (6 bytes)
578		-Monitor- ADV_NON_CONN_IND received in channel 38
579		-Monitor- Listening in channel 39...
580		  RX <--- 0642 (6 bytes)
581		-Monitor- ADV_NON_CONN_IND received in channel 39
582		-Monitor- Listening in channel 37...
583		  RX <--- 0642 (6 bytes)
584		-Monitor- ADV_NON_CONN_IND received in channel 37
585		-Monitor- Repetition left: 41
586		-Monitor- Listening in channel 38...
587		  RX <--- 0642 (6 bytes)
588		-Monitor- ADV_NON_CONN_IND received in channel 38
589		-Monitor- Listening in channel 39...
590		  RX <--- 0642 (6 bytes)
591		-Monitor- ADV_NON_CONN_IND received in channel 39
592		-Monitor- Listening in channel 37...
593		  RX <--- 0642 (6 bytes)
594		-Monitor- ADV_NON_CONN_IND received in channel 37
595		-Monitor- Repetition left: 40
596		-Monitor- Listening in channel 38...
597		  RX <--- 0642 (6 bytes)
598		-Monitor- ADV_NON_CONN_IND received in channel 38
599		-Monitor- Listening in channel 39...
600		  RX <--- 0642 (6 bytes)
601		-Monitor- ADV_NON_CONN_IND received in channel 39
602		-Monitor- Listening in channel 37...
603		  RX <--- 0642 (6 bytes)
604		-Monitor- ADV_NON_CONN_IND received in channel 37
605		-Monitor- Repetition left: 39
606		-Monitor- Listening in channel 38...
607		  RX <--- 0642 (6 bytes)
608		-Monitor- ADV_NON_CONN_IND received in channel 38
609		-Monitor- Listening in channel 39...
610		  RX <--- 0642 (6 bytes)
611		-Monitor- ADV_NON_CONN_IND received in channel 39
612		-Monitor- Listening in channel 37...
613		  RX <--- 0642 (6 bytes)
614		-Monitor- ADV_NON_CONN_IND received in channel 37
615		-Monitor- Repetition left: 38
616		-Monitor- Listening in channel 38...
617		  RX <--- 0642 (6 bytes)
618		-Monitor- ADV_NON_CONN_IND received in channel 38
619		-Monitor- Listening in channel 39...
620		  RX <--- 0642 (6 bytes)
621		-Monitor- ADV_NON_CONN_IND received in channel 39
622		-Monitor- Listening in channel 37...
623		  RX <--- 0642 (6 bytes)
624		-Monitor- ADV_NON_CONN_IND received in channel 37
625		-Monitor- Repetition left: 37
626		-Monitor- Listening in channel 38...
627		  RX <--- 0642 (6 bytes)
628		-Monitor- ADV_NON_CONN_IND received in channel 38
629		-Monitor- Listening in channel 39...
630		  RX <--- 0642 (6 bytes)
631		-Monitor- ADV_NON_CONN_IND received in channel 39
632		-Monitor- Listening in channel 37...
633		  RX <--- 0642 (6 bytes)
634		-Monitor- ADV_NON_CONN_IND received in channel 37
635		-Monitor- Repetition left: 36
636		-Monitor- Listening in channel 38...
637		  RX <--- 0642 (6 bytes)
638		-Monitor- ADV_NON_CONN_IND received in channel 38
639		-Monitor- Listening in channel 39...
640		  RX <--- 0642 (6 bytes)
641		-Monitor- ADV_NON_CONN_IND received in channel 39
642		-Monitor- Listening in channel 37...
643		  RX <--- 0642 (6 bytes)
644		-Monitor- ADV_NON_CONN_IND received in channel 37
645		-Monitor- Repetition left: 35
646		-Monitor- Listening in channel 38...
647		  RX <--- 0642 (6 bytes)
648		-Monitor- ADV_NON_CONN_IND received in channel 38
649		-Monitor- Listening in channel 39...
650		  RX <--- 0642 (6 bytes)
651		-Monitor- ADV_NON_CONN_IND received in channel 39
652		-Monitor- Listening in channel 37...
653		  RX <--- 0642 (6 bytes)
654		-Monitor- ADV_NON_CONN_IND received in channel 37
655		-Monitor- Repetition left: 34
656		-Monitor- Listening in channel 38...
657		  RX <--- 0642 (6 bytes)
658		-Monitor- ADV_NON_CONN_IND received in channel 38
659		-Monitor- Listening in channel 39...
660		  RX <--- 0642 (6 bytes)
661		-Monitor- ADV_NON_CONN_IND received in channel 39
662		-Monitor- Listening in channel 37...
663		  RX <--- 0642 (6 bytes)
664		-Monitor- ADV_NON_CONN_IND received in channel 37
665		-Monitor- Repetition left: 33
666		-Monitor- Listening in channel 38...
667		  RX <--- 0642 (6 bytes)
668		-Monitor- ADV_NON_CONN_IND received in channel 38
669		-Monitor- Listening in channel 39...
670		  RX <--- 0642 (6 bytes)
671		-Monitor- ADV_NON_CONN_IND received in channel 39
672		-Monitor- Listening in channel 37...
673		  RX <--- 0642 (6 bytes)
674		-Monitor- ADV_NON_CONN_IND received in channel 37
675		-Monitor- Repetition left: 32
676		-Monitor- Listening in channel 38...
677		  RX <--- 0642 (6 bytes)
678		-Monitor- ADV_NON_CONN_IND received in channel 38
679		-Monitor- Listening in channel 39...
680		  RX <--- 0642 (6 bytes)
681		-Monitor- ADV_NON_CONN_IND received in channel 39
682		-Monitor- Listening in channel 37...
683		  RX <--- 0642 (6 bytes)
684		-Monitor- ADV_NON_CONN_IND received in channel 37
685		-Monitor- Repetition left: 31
686		-Monitor- Listening in channel 38...
687		  RX <--- 0642 (6 bytes)
688		-Monitor- ADV_NON_CONN_IND received in channel 38
689		-Monitor- Listening in channel 39...
690		  RX <--- 0642 (6 bytes)
691		-Monitor- ADV_NON_CONN_IND received in channel 39
692		-Monitor- Listening in channel 37...
693		  RX <--- 0642 (6 bytes)
694		-Monitor- ADV_NON_CONN_IND received in channel 37
695		-Monitor- Repetition left: 30
696		-Monitor- Listening in channel 38...
697		  RX <--- 0642 (6 bytes)
698		-Monitor- ADV_NON_CONN_IND received in channel 38
699		-Monitor- Listening in channel 39...
700		  RX <--- 0642 (6 bytes)
701		-Monitor- ADV_NON_CONN_IND received in channel 39
702		-Monitor- Listening in channel 37...
703		  RX <--- 0642 (6 bytes)
704		-Monitor- ADV_NON_CONN_IND received in channel 37
705		-Monitor- Repetition left: 29
706		-Monitor- Listening in channel 38...
707		  RX <--- 0642 (6 bytes)
708		-Monitor- ADV_NON_CONN_IND received in channel 38
709		-Monitor- Listening in channel 39...
710		  RX <--- 0642 (6 bytes)
711		-Monitor- ADV_NON_CONN_IND received in channel 39
712		-Monitor- Listening in channel 37...
713		  RX <--- 0642 (6 bytes)
714		-Monitor- ADV_NON_CONN_IND received in channel 37
715		-Monitor- Repetition left: 28
716		-Monitor- Listening in channel 38...
717		  RX <--- 0642 (6 bytes)
718		-Monitor- ADV_NON_CONN_IND received in channel 38
719		-Monitor- Listening in channel 39...
720		  RX <--- 0642 (6 bytes)
721	Crc calculated (0x8A45C4) is wrong! with seedWhitening 39
722		-Monitor- Timer Listening in channel 37...
723		  RX <--- 0642 (6 bytes)
724		-Monitor- ADV_NON_CONN_IND received in channel 37
725		-Monitor- Repetition left: 27
726		-Monitor- Listening in channel 38...
727		  RX <--- 0642 (6 bytes)
728		-Monitor- ADV_NON_CONN_IND received in channel 38
729		-Monitor- Listening in channel 39...
730		  RX <--- 0642 (6 bytes)
731		-Monitor- ADV_NON_CONN_IND received in channel 39
732		-Monitor- Listening in channel 37...
733		  RX <--- 0642 (6 bytes)
734		-Monitor- ADV_NON_CONN_IND received in channel 37
735		-Monitor- Repetition left: 26
736		-Monitor- Listening in channel 38...
737		  RX <--- 0642 (6 bytes)
738		-Monitor- ADV_NON_CONN_IND received in channel 38
739		-Monitor- Listening in channel 39...
740		  RX <--- 0642 (6 bytes)
741		-Monitor- ADV_NON_CONN_IND received in channel 39
742		-Monitor- Listening in channel 37...
743		  RX <--- 0642 (6 bytes)
744		-Monitor- ADV_NON_CONN_IND received in channel 37
745		-Monitor- Repetition left: 25
746		-Monitor- Listening in channel 38...
747		  RX <--- 0642 (6 bytes)
748		-Monitor- ADV_NON_CONN_IND received in channel 38
749		-Monitor- Listening in channel 39...
750		  RX <--- 0642 (6 bytes)
751		-Monitor- ADV_NON_CONN_IND received in channel 39
752		-Monitor- Listening in channel 37...
753		  RX <--- 0642 (6 bytes)
754		-Monitor- ADV_NON_CONN_IND received in channel 37
755		-Monitor- Repetition left: 24
756		-Monitor- Listening in channel 38...
757		  RX <--- 0642 (6 bytes)
758		-Monitor- ADV_NON_CONN_IND received in channel 38
759		-Monitor- Listening in channel 39...
760		  RX <--- 0642 (6 bytes)
761		-Monitor- ADV_NON_CONN_IND received in channel 39
762		-Monitor- Listening in channel 37...
763		  RX <--- 0642 (6 bytes)
764		-Monitor- ADV_NON_CONN_IND received in channel 37
765		-Monitor- Repetition left: 23
766		-Monitor- Listening in channel 38...
767		  RX <--- 0642 (6 bytes)
768		-Monitor- ADV_NON_CONN_IND received in channel 38
769		-Monitor- Listening in channel 39...
770		  RX <--- 0642 (6 bytes)
771		-Monitor- ADV_NON_CONN_IND received in channel 39
772		-Monitor- Listening in channel 37...
773		  RX <--- 0642 (6 bytes)
774		-Monitor- ADV_NON_CONN_IND received in channel 37
775		-Monitor- Repetition left: 22
776		-Monitor- Listening in channel 38...
777		  RX <--- 0642 (6 bytes)
778		-Monitor- ADV_NON_CONN_IND received in channel 38
779		-Monitor- Listening in channel 39...
780		  RX <--- 0642 (6 bytes)
781		-Monitor- ADV_NON_CONN_IND received in channel 39
782		-Monitor- Listening in channel 37...
783		  RX <--- 0642 (6 bytes)
784		-Monitor- ADV_NON_CONN_IND received in channel 37
785		-Monitor- Repetition left: 21
786		-Monitor- Listening in channel 38...
787		  RX <--- 0642 (6 bytes)
788		-Monitor- ADV_NON_CONN_IND received in channel 38
789		-Monitor- Listening in channel 39...
790		  RX <--- 0642 (6 bytes)
791		-Monitor- ADV_NON_CONN_IND received in channel 39
792		-Monitor- Listening in channel 37...
793		  RX <--- 0642 (6 bytes)
794		-Monitor- ADV_NON_CONN_IND received in channel 37
795		-Monitor- Repetition left: 20
796		-Monitor- Listening in channel 38...
797		  RX <--- 0642 (6 bytes)
798		-Monitor- ADV_NON_CONN_IND received in channel 38
799		-Monitor- Listening in channel 39...
800		  RX <--- 0642 (6 bytes)
801		-Monitor- ADV_NON_CONN_IND received in channel 39
802		-Monitor- Listening in channel 37...
803		  RX <--- 0642 (6 bytes)
804		-Monitor- ADV_NON_CONN_IND received in channel 37
805		-Monitor- Repetition left: 19
806		-Monitor- Listening in channel 38...
807		  RX <--- 0642 (6 bytes)
808		-Monitor- ADV_NON_CONN_IND received in channel 38
809		-Monitor- Listening in channel 39...
810		  RX <--- 0642 (6 bytes)
811		-Monitor- ADV_NON_CONN_IND received in channel 39
812		-Monitor- Listening in channel 37...
813		  RX <--- 0642 (6 bytes)
814		-Monitor- ADV_NON_CONN_IND received in channel 37
815		-Monitor- Repetition left: 18
816		-Monitor- Listening in channel 38...
817		  RX <--- 0642 (6 bytes)
818		-Monitor- ADV_NON_CONN_IND received in channel 38
819		-Monitor- Listening in channel 39...
820		  RX <--- 0642 (6 bytes)
821		-Monitor- ADV_NON_CONN_IND received in channel 39
822		-Monitor- Listening in channel 37...
823		  RX <--- 0642 (6 bytes)
824		-Monitor- ADV_NON_CONN_IND received in channel 37
825		-Monitor- Repetition left: 17
826		-Monitor- Listening in channel 38...
827		  RX <--- 0642 (6 bytes)
828		-Monitor- ADV_NON_CONN_IND received in channel 38
829		-Monitor- Listening in channel 39...
830		  RX <--- 0642 (6 bytes)
831		-Monitor- ADV_NON_CONN_IND received in channel 39
832		-Monitor- Listening in channel 37...
833		  RX <--- 0642 (6 bytes)
834		-Monitor- ADV_NON_CONN_IND received in channel 37
835		-Monitor- Repetition left: 16
836		-Monitor- Listening in channel 38...
837		  RX <--- 0642 (6 bytes)
838		-Monitor- ADV_NON_CONN_IND received in channel 38
839		-Monitor- Listening in channel 39...
840		  RX <--- 0642 (6 bytes)
841		-Monitor- ADV_NON_CONN_IND received in channel 39
842		-Monitor- Listening in channel 37...
843		  RX <--- 0642 (6 bytes)
844		-Monitor- ADV_NON_CONN_IND received in channel 37
845		-Monitor- Repetition left: 15
846		-Monitor- Listening in channel 38...
847		  RX <--- 0642 (6 bytes)
848		-Monitor- ADV_NON_CONN_IND received in channel 38
849		-Monitor- Listening in channel 39...
850		  RX <--- 0642 (6 bytes)
851		-Monitor- ADV_NON_CONN_IND received in channel 39
852		-Monitor- Listening in channel 37...
853		  RX <--- 0642 (6 bytes)
854		-Monitor- ADV_NON_CONN_IND received in channel 37
855		-Monitor- Repetition left: 14
856		-Monitor- Listening in channel 38...
857		  RX <--- 0642 (6 bytes)
858		-Monitor- ADV_NON_CONN_IND received in channel 38
859		-Monitor- Listening in channel 39...
860		  RX <--- 0642 (6 bytes)
861		-Monitor- ADV_NON_CONN_IND received in channel 39
862		-Monitor- Listening in channel 37...
863		  RX <--- 0642 (6 bytes)
864		-Monitor- ADV_NON_CONN_IND received in channel 37
865		-Monitor- Repetition left: 13
866		-Monitor- Listening in channel 38...
867		  RX <--- 0642 (6 bytes)
868		-Monitor- ADV_NON_CONN_IND received in channel 38
869		-Monitor- Listening in channel 39...
870		  RX <--- 0642 (6 bytes)
871		-Monitor- ADV_NON_CONN_IND received in channel 39
872		-Monitor- Listening in channel 37...
873		  RX <--- 0642 (6 bytes)
874		-Monitor- ADV_NON_CONN_IND received in channel 37
875		-Monitor- Repetition left: 12
876		-Monitor- Listening in channel 38...
877		  RX <--- 0642 (6 bytes)
878		-Monitor- ADV_NON_CONN_IND received in channel 38
879		-Monitor- Listening in channel 39...
880		  RX <--- 0642 (6 bytes)
881		-Monitor- ADV_NON_CONN_IND received in channel 39
882		-Monitor- Listening in channel 37...
883		  RX <--- 0642 (6 bytes)
884		-Monitor- ADV_NON_CONN_IND received in channel 37
885		-Monitor- Repetition left: 11
886		-Monitor- Listening in channel 38...
887		  RX <--- 0642 (6 bytes)
888		-Monitor- ADV_NON_CONN_IND received in channel 38
889		-Monitor- Listening in channel 39...
890		  RX <--- 0642 (6 bytes)
891		-Monitor- ADV_NON_CONN_IND received in channel 39
892		-Monitor- Listening in channel 37...
893		  RX <--- 0642 (6 bytes)
894		-Monitor- ADV_NON_CONN_IND received in channel 37
895		-Monitor- Repetition left: 10
896		-Monitor- Listening in channel 38...
897		  RX <--- 0642 (6 bytes)
898		-Monitor- ADV_NON_CONN_IND received in channel 38
899		-Monitor- Listening in channel 39...
900		  RX <--- 0642 (6 bytes)
901		-Monitor- ADV_NON_CONN_IND received in channel 39
902		-Monitor- Listening in channel 37...
903		  RX <--- 0642 (6 bytes)
904		-Monitor- ADV_NON_CONN_IND received in channel 37
905		-Monitor- Repetition left: 9
906		-Monitor- Listening in channel 38...
907		  RX <--- 0642 (6 bytes)
908		-Monitor- ADV_NON_CONN_IND received in channel 38
909		-Monitor- Listening in channel 39...
910		  RX <--- 0642 (6 bytes)
911		-Monitor- ADV_NON_CONN_IND received in channel 39
912		-Monitor- Listening in channel 37...
913		  RX <--- 0642 (6 bytes)
914		-Monitor- ADV_NON_CONN_IND received in channel 37
915		-Monitor- Repetition left: 8
916		-Monitor- Listening in channel 38...
917		  RX <--- 0642 (6 bytes)
918		-Monitor- ADV_NON_CONN_IND received in channel 38
919		-Monitor- Listening in channel 39...
920		  RX <--- 0642 (6 bytes)
921		-Monitor- ADV_NON_CONN_IND received in channel 39
922		-Monitor- Listening in channel 37...
923		  RX <--- 0642 (6 bytes)
924		-Monitor- ADV_NON_CONN_IND received in channel 37
925		-Monitor- Repetition left: 7
926		-Monitor- Listening in channel 38...
927		  RX <--- 0642 (6 bytes)
928		-Monitor- ADV_NON_CONN_IND received in channel 38
929		-Monitor- Listening in channel 39...
930		  RX <--- 0642 (6 bytes)
931		-Monitor- ADV_NON_CONN_IND received in channel 39
932		-Monitor- Listening in channel 37...
933		  RX <--- 0642 (6 bytes)
934		-Monitor- ADV_NON_CONN_IND received in channel 37
935		-Monitor- Repetition left: 6
936		-Monitor- Listening in channel 38...
937		  RX <--- 0642 (6 bytes)
938		-Monitor- ADV_NON_CONN_IND received in channel 38
939		-Monitor- Listening in channel 39...
940		  RX <--- 0642 (6 bytes)
941		-Monitor- ADV_NON_CONN_IND received in channel 39
942		-Monitor- Listening in channel 37...
943		  RX <--- 0642 (6 bytes)
944		-Monitor- ADV_NON_CONN_IND received in channel 37
945		-Monitor- Repetition left: 5
946		-Monitor- Listening in channel 38...
947		  RX <--- 0642 (6 bytes)
948		-Monitor- ADV_NON_CONN_IND received in channel 38
949		-Monitor- Listening in channel 39...
950		  RX <--- 0642 (6 bytes)
951		-Monitor- ADV_NON_CONN_IND received in channel 39
952		-Monitor- Listening in channel 37...
953		  RX <--- 0642 (6 bytes)
954		-Monitor- ADV_NON_CONN_IND received in channel 37
955		-Monitor- Repetition left: 4
956		-Monitor- Listening in channel 38...
957		  RX <--- 0642 (6 bytes)
958		-Monitor- ADV_NON_CONN_IND received in channel 38
959		-Monitor- Listening in channel 39...
960		  RX <--- 0642 (6 bytes)
961		-Monitor- ADV_NON_CONN_IND received in channel 39
962		-Monitor- Listening in channel 37...
963		  RX <--- 0642 (6 bytes)
964		-Monitor- ADV_NON_CONN_IND received in channel 37
965		-Monitor- Repetition left: 3
966		-Monitor- Listening in channel 38...
967		  RX <--- 0642 (6 bytes)
968		-Monitor- ADV_NON_CONN_IND received in channel 38
969		-Monitor- Listening in channel 39...
970		  RX <--- 0642 (6 bytes)
971		-Monitor- ADV_NON_CONN_IND received in channel 39
972		-Monitor- Listening in channel 37...
973		  RX <--- 0642 (6 bytes)
974		-Monitor- ADV_NON_CONN_IND received in channel 37
975		-Monitor- Repetition left: 2
976		-Monitor- Listening in channel 38...
977		  RX <--- 0642 (6 bytes)
978		-Monitor- ADV_NON_CONN_IND received in channel 38
979		-Monitor- Listening in channel 39...
980		  RX <--- 0642 (6 bytes)
981		-Monitor- ADV_NON_CONN_IND received in channel 39
982		-Monitor- Listening in channel 37...
983		  RX <--- 0642 (6 bytes)
984		-Monitor- ADV_NON_CONN_IND received in channel 37
985		-Monitor- Repetition left: 1
986		-Monitor- Listening in channel 38...
987		  RX <--- 0642 (6 bytes)
988		-Monitor- ADV_NON_CONN_IND received in channel 38
989		-Monitor- Listening in channel 39...
990		  RX <--- 0642 (6 bytes)
991		-Monitor- ADV_NON_CONN_IND received in channel 39
992		-Monitor- Listening in channel 37...
993		  RX <--- 0642 (6 bytes)
994		-Monitor- ADV_NON_CONN_IND received in channel 37
995		-Monitor- Repetition left: 0
996		-Monitor- Listening in channel 38...
997		  RX <--- 0642 (6 bytes)
998		-Monitor- ADV_NON_CONN_IND received in channel 38
999		-Monitor- Listening in channel 39...
1000		  RX <--- 0642 (6 bytes)
1001		-Monitor- ADV_NON_CONN_IND received in channel 39
1002		-Monitor- Listening in channel 37...
1003		  RX <--- 0642 (6 bytes)
1004		-Monitor- Monitor procedure is finished after numRep. Sending LL_LC_MONITOR_MODE_CFM...

Statistic PDUs
==============
Reception:
 299 	Advertising
 0 	Empty
 0 	Data
 0 	Control
 2 	CRC Failed
 301 	TOTAL
Transmission:
 0 	Advertising
 0 	Empty
 0 	Data
 0 	Control
 0 	TOTAL

