Final Verdict: PASS
      
Layer:     LL
Test Case: TC_DDI_ADV_BV_01
Date:      14/12/15
Time:      19:38:37

00:00:00:007639  Lower                                                                                                                          Upper
00:00:00:007659  Tester                                                            IUT                                                         Tester
00:00:00:007674     |                                                               |                                                             |
00:00:00:084882   ___________________________________________________________________________________________________________________________________ 
00:00:00:084882  |                                                          Tester is RESET                                                          |
00:00:00:084882  |___________________________________________________________________________________________________________________________________|
00:00:00:574601   ___________________________________________________________________________________________________________________________________ 
00:00:00:574601  |                                             Tester's user friendly name is configured                                             |
00:00:00:574601  |___________________________________________________________________________________________________________________________________|
00:00:00:578838   ___________________________________________________________________________________________________________________________________ 
00:00:00:578838  |                                               Tester's device address is configured                                               |
00:00:00:578838  |___________________________________________________________________________________________________________________________________|
00:00:00:582745   ___________________________________________________________________________________________________________________________________ 
00:00:00:582745  |                                        IUT's device address is included in the White List                                         |
00:00:00:582745  |___________________________________________________________________________________________________________________________________|
00:00:00:590011     |                                                               |                                                             |
00:00:00:590011     |                                                               |                                                   HCI_RESET |
00:00:00:590011     |                                                               |<------------------------------------------------------------|
00:00:00:834106     |                                                               |                                                             |
00:00:00:834106     |                                                               |HCI_COMMAND_COMPLETE_EVENT                                   |
00:00:00:834106     |                                                               |------------------------------------------------------------>|
00:00:00:834106     |                                                               |(HCI_RESET, Status: Success - 0x00)                          |
00:00:00:846967     |                                                               |                                                             |
00:00:00:846967     |                                                               |                           HCI_READ_LOCAL_SUPPORTED_FEATURES |
00:00:00:846967     |                                                               |<------------------------------------------------------------|
00:00:01:126212     |                                                               |                                                             |
00:00:01:126212     |                                                               |HCI_COMMAND_COMPLETE_EVENT                                   |
00:00:01:126212     |                                                               |------------------------------------------------------------>|
00:00:01:126212     |                                                               |(HCI_READ_LOCAL_SUPPORTED_FEATURES, Status: Success - 0x00)  |
00:00:01:146107     |                                                               |                                                             |
00:00:01:146107     |                                                               |                                          HCI_SET_EVENT_MASK |
00:00:01:146107     |                                                               |<------------------------------------------------------------|
00:00:01:224089     |                                                               |                                                             |
00:00:01:224089     |                                                               |HCI_COMMAND_COMPLETE_EVENT                                   |
00:00:01:224089     |                                                               |------------------------------------------------------------>|
00:00:01:224089     |                                                               |(HCI_SET_EVENT_MASK, Status: Success - 0x00)                 |
00:00:01:239088     |                                                               |                                                             |
00:00:01:239088     |                                                               |                                       HCI_LE_SET_EVENT_MASK |
00:00:01:239088     |                                                               |<------------------------------------------------------------|
00:00:01:311737     |                                                               |                                                             |
00:00:01:311737     |                                                               |HCI_COMMAND_COMPLETE_EVENT                                   |
00:00:01:311737     |                                                               |------------------------------------------------------------>|
00:00:01:311737     |                                                               |(HCI_LE_SET_EVENT_MASK, Status: Success - 0x00)              |
00:00:01:332616     |                                                               |                                                             |
00:00:01:332616     |                                                               |                                            HCI_READ_BD_ADDR |
00:00:01:332616     |                                                               |<------------------------------------------------------------|
00:00:01:422526     |                                                               |                                                             |
00:00:01:422526     |                                                               |HCI_COMMAND_COMPLETE_EVENT                                   |
00:00:01:422526     |                                                               |------------------------------------------------------------>|
00:00:01:422526     |                                                               |(HCI_READ_BD_ADDR, Status: Success - 0x00)                   |
00:00:01:437917     |                                                               |                                                             |
00:00:01:437917     |                                                               |                           HCI_LE_SET_ADVERTISING_PARAMETERS |
00:00:01:437917     |                                                               |<------------------------------------------------------------|
00:00:01:536845     |                                                               |                                                             |
00:00:01:536845     |                                                               |HCI_COMMAND_COMPLETE_EVENT                                   |
00:00:01:536845     |                                                               |------------------------------------------------------------>|
00:00:01:536845     |                                                               |(HCI_LE_SET_ADVERTISING_PARAMETERS, Status: Success - 0x00)  |
00:00:01:562420     |                                                               |                                                             |
00:00:01:562420     |                                                               |                                 HCI_LE_SET_ADVERTISING_DATA |
00:00:01:562420     |                                                               |<------------------------------------------------------------|
00:00:01:643408     |                                                               |                                                             |
00:00:01:643408     |                                                               |HCI_COMMAND_COMPLETE_EVENT                                   |
00:00:01:643408     |                                                               |------------------------------------------------------------>|
00:00:01:643408     |                                                               |(HCI_LE_SET_ADVERTISING_DATA, Status: Success - 0x00)        |
00:00:01:668859   ___________________________________________________________________________________________________________________________________ 
00:00:01:668859  |                                      Tester is configured to monitor ADV_NONCONN_IND packets                                      |
00:00:01:668859  |___________________________________________________________________________________________________________________________________|
00:00:01:671676     |                                                               |                                                             |
00:00:01:671676     |                                                               |                                 HCI_LE_SET_ADVERTISE_ENABLE |
00:00:01:671676     |                                                               |<------------------------------------------------------------|
00:00:01:671676     |                                                               |                                    (Advertise Enable: 0x01) |
00:00:01:752128     |                                                               |                                                             |
00:00:01:752128     |                                                               |HCI_COMMAND_COMPLETE_EVENT                                   |
00:00:01:752128     |                                                               |------------------------------------------------------------>|
00:00:01:752128     |                                                               |(HCI_LE_SET_ADVERTISE_ENABLE, Status: Success - 0x00)        |
00:00:11:692700   ___________________________________________________________________________________________________________________________________ 
00:00:11:692700  |                                                  Monitor Procedure has finished                                                   |
00:00:11:692700  |___________________________________________________________________________________________________________________________________|
00:00:16:566584     |                                                               |                                                             |
00:00:16:566584     |                                                               |                                 HCI_LE_SET_ADVERTISE_ENABLE |
00:00:16:566584     |                                                               |<------------------------------------------------------------|
00:00:16:566584     |                                                               |                                    (Advertise Enable: 0x00) |
00:00:16:673144     |                                                               |                                                             |
00:00:16:673144     |                                                               |HCI_COMMAND_COMPLETE_EVENT                                   |
00:00:16:673144     |                                                               |------------------------------------------------------------>|
00:00:16:673144     |                                                               |(HCI_LE_SET_ADVERTISE_ENABLE, Status: Success - 0x00)        |
