Final Verdict: PASS
      
Layer:     LL
Test Case: TC_DDI_SCN_BV_12
Date:      14/12/15
Time:      21:46:09

00:00:00:006295  Lower                                                                                                                          Upper
00:00:00:006313  Tester                                                            IUT                                                         Tester
00:00:00:006329     |                                                               |                                                             |
00:00:00:114207   ___________________________________________________________________________________________________________________________________ 
00:00:00:114207  |                                                          Tester is RESET                                                          |
00:00:00:114207  |___________________________________________________________________________________________________________________________________|
00:00:00:591360   ___________________________________________________________________________________________________________________________________ 
00:00:00:591360  |                                             Tester's user friendly name is configured                                             |
00:00:00:591360  |___________________________________________________________________________________________________________________________________|
00:00:00:595439   ___________________________________________________________________________________________________________________________________ 
00:00:00:595439  |                                               Tester's device address is configured                                               |
00:00:00:595439  |___________________________________________________________________________________________________________________________________|
00:00:00:599418   ___________________________________________________________________________________________________________________________________ 
00:00:00:599418  |                                        IUT's device address is included in the White List                                         |
00:00:00:599418  |___________________________________________________________________________________________________________________________________|
00:00:00:607465     |                                                               |                                                             |
00:00:00:607465     |                                                               |                                                   HCI_RESET |
00:00:00:607465     |                                                               |<------------------------------------------------------------|
00:00:00:878879     |                                                               |                                                             |
00:00:00:878879     |                                                               |HCI_COMMAND_COMPLETE_EVENT                                   |
00:00:00:878879     |                                                               |------------------------------------------------------------>|
00:00:00:878879     |                                                               |(HCI_RESET, Status: Success - 0x00)                          |
00:00:00:891575     |                                                               |                                                             |
00:00:00:891575     |                                                               |                           HCI_READ_LOCAL_SUPPORTED_FEATURES |
00:00:00:891575     |                                                               |<------------------------------------------------------------|
00:00:01:165058     |                                                               |                                                             |
00:00:01:165058     |                                                               |HCI_COMMAND_COMPLETE_EVENT                                   |
00:00:01:165058     |                                                               |------------------------------------------------------------>|
00:00:01:165058     |                                                               |(HCI_READ_LOCAL_SUPPORTED_FEATURES, Status: Success - 0x00)  |
00:00:01:177275     |                                                               |                                                             |
00:00:01:177275     |                                                               |                                          HCI_SET_EVENT_MASK |
00:00:01:177275     |                                                               |<------------------------------------------------------------|
00:00:01:320166     |                                                               |                                                             |
00:00:01:320166     |                                                               |HCI_COMMAND_COMPLETE_EVENT                                   |
00:00:01:320166     |                                                               |------------------------------------------------------------>|
00:00:01:320166     |                                                               |(HCI_SET_EVENT_MASK, Status: Success - 0x00)                 |
00:00:01:331616     |                                                               |                                                             |
00:00:01:331616     |                                                               |                                       HCI_LE_SET_EVENT_MASK |
00:00:01:331616     |                                                               |<------------------------------------------------------------|
00:00:01:452278     |                                                               |                                                             |
00:00:01:452278     |                                                               |HCI_COMMAND_COMPLETE_EVENT                                   |
00:00:01:452278     |                                                               |------------------------------------------------------------>|
00:00:01:452278     |                                                               |(HCI_LE_SET_EVENT_MASK, Status: Success - 0x00)              |
00:00:01:465477     |                                                               |                                                             |
00:00:01:465477     |                                                               |                                            HCI_READ_BD_ADDR |
00:00:01:465477     |                                                               |<------------------------------------------------------------|
00:00:01:578991     |                                                               |                                                             |
00:00:01:578991     |                                                               |HCI_COMMAND_COMPLETE_EVENT                                   |
00:00:01:578991     |                                                               |------------------------------------------------------------>|
00:00:01:578991     |                                                               |(HCI_READ_BD_ADDR, Status: Success - 0x00)                   |
00:00:01:593094     |                                                               |                                                             |
00:00:01:593094     |                                                               |                                  HCI_LE_SET_SCAN_PARAMETERS |
00:00:01:593094     |                                                               |<------------------------------------------------------------|
00:00:01:717026     |                                                               |                                                             |
00:00:01:717026     |                                                               |HCI_COMMAND_COMPLETE_EVENT                                   |
00:00:01:717026     |                                                               |------------------------------------------------------------>|
00:00:01:717026     |                                                               |(HCI_LE_SET_SCAN_PARAMETERS, Status: Success - 0x00)         |
00:00:01:741377     |                                                               |                                                             |
00:00:01:741377     |                                                               |                                      HCI_LE_SET_SCAN_ENABLE |
00:00:01:741377     |                                                               |<------------------------------------------------------------|
00:00:01:741377     |                                                               |                                    (Advertise Enable: 0x01) |
00:00:01:919157     |                                                               |                                                             |
00:00:01:919157     |                                                               |HCI_COMMAND_COMPLETE_EVENT                                   |
00:00:01:919157     |                                                               |------------------------------------------------------------>|
00:00:01:919157     |                                                               |(HCI_LE_SET_SCAN_ENABLE, Status: Success - 0x00)             |
00:00:01:935462   ___________________________________________________________________________________________________________________________________ 
00:00:01:935462  |                                         Tester is configured to send ADV_SCAN_IND packets                                         |
00:00:01:935462  |___________________________________________________________________________________________________________________________________|
00:00:01:939363   ___________________________________________________________________________________________________________________________________ 
00:00:01:939363  |                                                Advertise channel map is configured                                                |
00:00:01:939363  |___________________________________________________________________________________________________________________________________|
00:00:01:944858   ___________________________________________________________________________________________________________________________________ 
00:00:01:944858  |                                                   Advertise data are configured                                                   |
00:00:01:944858  |___________________________________________________________________________________________________________________________________|
00:00:01:952557   ___________________________________________________________________________________________________________________________________ 
00:00:01:952557  |                                                     Tester starts Advertising                                                     |
00:00:01:952557  |___________________________________________________________________________________________________________________________________|
00:00:02:199242     |                                                               |                                                             |
00:00:02:199242     |                                                               |HCI_LE_ADVERTISING_REPORT_EVENT                              |
00:00:02:199242     |                                                               |------------------------------------------------------------>|
00:00:02:202732     |                                                               |                                                             |
00:00:02:202732     |                                                               |                                      HCI_LE_SET_SCAN_ENABLE |
00:00:02:202732     |                                                               |<------------------------------------------------------------|
00:00:02:202732     |                                                               |                                    (Advertise Enable: 0x00) |
00:00:02:211170   ___________________________________________________________________________________________________________________________________ 
00:00:02:211170  |                                                     Tester stops Advertising                                                      |
00:00:02:211170  |___________________________________________________________________________________________________________________________________|
00:00:02:373858     |                                                               |                                                             |
00:00:02:373858     |                                                               |HCI_COMMAND_COMPLETE_EVENT                                   |
00:00:02:373858     |                                                               |------------------------------------------------------------>|
00:00:02:373858     |                                                               |(HCI_LE_SET_SCAN_ENABLE, Status: Success - 0x00)             |
00:00:02:391072   ___________________________________________________________________________________________________________________________________ 
00:00:02:391072  |                                                          Tester is RESET                                                          |
00:00:02:391072  |___________________________________________________________________________________________________________________________________|
00:00:02:395074   ___________________________________________________________________________________________________________________________________ 
00:00:02:395074  |                                             Tester's user friendly name is configured                                             |
00:00:02:395074  |___________________________________________________________________________________________________________________________________|
00:00:02:398785   ___________________________________________________________________________________________________________________________________ 
00:00:02:398785  |                                               Tester's device address is configured                                               |
00:00:02:398785  |___________________________________________________________________________________________________________________________________|
00:00:02:402507   ___________________________________________________________________________________________________________________________________ 
00:00:02:402507  |                                        IUT's device address is included in the White List                                         |
00:00:02:402507  |___________________________________________________________________________________________________________________________________|
00:00:02:409749     |                                                               |                                                             |
00:00:02:409749     |                                                               |                                                   HCI_RESET |
00:00:02:409749     |                                                               |<------------------------------------------------------------|
00:00:02:674524     |                                                               |                                                             |
00:00:02:674524     |                                                               |HCI_COMMAND_COMPLETE_EVENT                                   |
00:00:02:674524     |                                                               |------------------------------------------------------------>|
00:00:02:674524     |                                                               |(HCI_RESET, Status: Success - 0x00)                          |
00:00:02:686466     |                                                               |                                                             |
00:00:02:686466     |                                                               |                           HCI_READ_LOCAL_SUPPORTED_FEATURES |
00:00:02:686466     |                                                               |<------------------------------------------------------------|
00:00:02:816721     |                                                               |                                                             |
00:00:02:816721     |                                                               |HCI_COMMAND_COMPLETE_EVENT                                   |
00:00:02:816721     |                                                               |------------------------------------------------------------>|
00:00:02:816721     |                                                               |(HCI_READ_LOCAL_SUPPORTED_FEATURES, Status: Success - 0x00)  |
00:00:02:828861     |                                                               |                                                             |
00:00:02:828861     |                                                               |                                          HCI_SET_EVENT_MASK |
00:00:02:828861     |                                                               |<------------------------------------------------------------|
00:00:02:935691     |                                                               |                                                             |
00:00:02:935691     |                                                               |HCI_COMMAND_COMPLETE_EVENT                                   |
00:00:02:935691     |                                                               |------------------------------------------------------------>|
00:00:02:935691     |                                                               |(HCI_SET_EVENT_MASK, Status: Success - 0x00)                 |
00:00:02:947438     |                                                               |                                                             |
00:00:02:947438     |                                                               |                                       HCI_LE_SET_EVENT_MASK |
00:00:02:947438     |                                                               |<------------------------------------------------------------|
00:00:03:062809     |                                                               |                                                             |
00:00:03:062809     |                                                               |HCI_COMMAND_COMPLETE_EVENT                                   |
00:00:03:062809     |                                                               |------------------------------------------------------------>|
00:00:03:062809     |                                                               |(HCI_LE_SET_EVENT_MASK, Status: Success - 0x00)              |
00:00:03:074069     |                                                               |                                                             |
00:00:03:074069     |                                                               |                                            HCI_READ_BD_ADDR |
00:00:03:074069     |                                                               |<------------------------------------------------------------|
00:00:03:188183     |                                                               |                                                             |
00:00:03:188183     |                                                               |HCI_COMMAND_COMPLETE_EVENT                                   |
00:00:03:188183     |                                                               |------------------------------------------------------------>|
00:00:03:188183     |                                                               |(HCI_READ_BD_ADDR, Status: Success - 0x00)                   |
00:00:03:200467     |                                                               |                                                             |
00:00:03:200467     |                                                               |                                  HCI_LE_SET_SCAN_PARAMETERS |
00:00:03:200467     |                                                               |<------------------------------------------------------------|
00:00:03:313176     |                                                               |                                                             |
00:00:03:313176     |                                                               |HCI_COMMAND_COMPLETE_EVENT                                   |
00:00:03:313176     |                                                               |------------------------------------------------------------>|
00:00:03:313176     |                                                               |(HCI_LE_SET_SCAN_PARAMETERS, Status: Success - 0x00)         |
00:00:03:325286     |                                                               |                                                             |
00:00:03:325286     |                                                               |                                      HCI_LE_SET_SCAN_ENABLE |
00:00:03:325286     |                                                               |<------------------------------------------------------------|
00:00:03:325286     |                                                               |                                    (Advertise Enable: 0x01) |
00:00:03:444637     |                                                               |                                                             |
00:00:03:444637     |                                                               |HCI_COMMAND_COMPLETE_EVENT                                   |
00:00:03:444637     |                                                               |------------------------------------------------------------>|
00:00:03:444637     |                                                               |(HCI_LE_SET_SCAN_ENABLE, Status: Success - 0x00)             |
00:00:03:462188   ___________________________________________________________________________________________________________________________________ 
00:00:03:462188  |                                         Tester is configured to send ADV_SCAN_IND packets                                         |
00:00:03:462188  |___________________________________________________________________________________________________________________________________|
00:00:03:467615   ___________________________________________________________________________________________________________________________________ 
00:00:03:467615  |                                                Advertise channel map is configured                                                |
00:00:03:467615  |___________________________________________________________________________________________________________________________________|
00:00:03:471904   ___________________________________________________________________________________________________________________________________ 
00:00:03:471904  |                                                   Advertise data are configured                                                   |
00:00:03:471904  |___________________________________________________________________________________________________________________________________|
00:00:03:480312   ___________________________________________________________________________________________________________________________________ 
00:00:03:480312  |                                                     Tester starts Advertising                                                     |
00:00:03:480312  |___________________________________________________________________________________________________________________________________|
00:00:05:749890     |                                                               |                                                             |
00:00:05:749890     |                                                               |HCI_LE_ADVERTISING_REPORT_EVENT                              |
00:00:05:749890     |                                                               |------------------------------------------------------------>|
00:00:05:753198     |                                                               |                                                             |
00:00:05:753198     |                                                               |                                      HCI_LE_SET_SCAN_ENABLE |
00:00:05:753198     |                                                               |<------------------------------------------------------------|
00:00:05:753198     |                                                               |                                    (Advertise Enable: 0x00) |
00:00:05:762463   ___________________________________________________________________________________________________________________________________ 
00:00:05:762463  |                                                     Tester stops Advertising                                                      |
00:00:05:762463  |___________________________________________________________________________________________________________________________________|
00:00:05:921268     |                                                               |                                                             |
00:00:05:921268     |                                                               |HCI_COMMAND_COMPLETE_EVENT                                   |
00:00:05:921268     |                                                               |------------------------------------------------------------>|
00:00:05:921268     |                                                               |(HCI_LE_SET_SCAN_ENABLE, Status: Success - 0x00)             |
00:00:05:937670   ___________________________________________________________________________________________________________________________________ 
00:00:05:937670  |                                                          Tester is RESET                                                          |
00:00:05:937670  |___________________________________________________________________________________________________________________________________|
00:00:05:941418   ___________________________________________________________________________________________________________________________________ 
00:00:05:941418  |                                             Tester's user friendly name is configured                                             |
00:00:05:941418  |___________________________________________________________________________________________________________________________________|
00:00:05:945019   ___________________________________________________________________________________________________________________________________ 
00:00:05:945019  |                                               Tester's device address is configured                                               |
00:00:05:945019  |___________________________________________________________________________________________________________________________________|
00:00:05:948877   ___________________________________________________________________________________________________________________________________ 
00:00:05:948877  |                                        IUT's device address is included in the White List                                         |
00:00:05:948877  |___________________________________________________________________________________________________________________________________|
00:00:05:955875     |                                                               |                                                             |
00:00:05:955875     |                                                               |                                                   HCI_RESET |
00:00:05:955875     |                                                               |<------------------------------------------------------------|
00:00:06:225504     |                                                               |                                                             |
00:00:06:225504     |                                                               |HCI_COMMAND_COMPLETE_EVENT                                   |
00:00:06:225504     |                                                               |------------------------------------------------------------>|
00:00:06:225504     |                                                               |(HCI_RESET, Status: Success - 0x00)                          |
00:00:06:236849     |                                                               |                                                             |
00:00:06:236849     |                                                               |                           HCI_READ_LOCAL_SUPPORTED_FEATURES |
00:00:06:236849     |                                                               |<------------------------------------------------------------|
00:00:06:361023     |                                                               |                                                             |
00:00:06:361023     |                                                               |HCI_COMMAND_COMPLETE_EVENT                                   |
00:00:06:361023     |                                                               |------------------------------------------------------------>|
00:00:06:361023     |                                                               |(HCI_READ_LOCAL_SUPPORTED_FEATURES, Status: Success - 0x00)  |
00:00:06:372717     |                                                               |                                                             |
00:00:06:372717     |                                                               |                                          HCI_SET_EVENT_MASK |
00:00:06:372717     |                                                               |<------------------------------------------------------------|
00:00:06:483318     |                                                               |                                                             |
00:00:06:483318     |                                                               |HCI_COMMAND_COMPLETE_EVENT                                   |
00:00:06:483318     |                                                               |------------------------------------------------------------>|
00:00:06:483318     |                                                               |(HCI_SET_EVENT_MASK, Status: Success - 0x00)                 |
00:00:06:495019     |                                                               |                                                             |
00:00:06:495019     |                                                               |                                       HCI_LE_SET_EVENT_MASK |
00:00:06:495019     |                                                               |<------------------------------------------------------------|
00:00:06:617658     |                                                               |                                                             |
00:00:06:617658     |                                                               |HCI_COMMAND_COMPLETE_EVENT                                   |
00:00:06:617658     |                                                               |------------------------------------------------------------>|
00:00:06:617658     |                                                               |(HCI_LE_SET_EVENT_MASK, Status: Success - 0x00)              |
00:00:06:629845     |                                                               |                                                             |
00:00:06:629845     |                                                               |                                            HCI_READ_BD_ADDR |
00:00:06:629845     |                                                               |<------------------------------------------------------------|
00:00:06:750478     |                                                               |                                                             |
00:00:06:750478     |                                                               |HCI_COMMAND_COMPLETE_EVENT                                   |
00:00:06:750478     |                                                               |------------------------------------------------------------>|
00:00:06:750478     |                                                               |(HCI_READ_BD_ADDR, Status: Success - 0x00)                   |
00:00:06:763192     |                                                               |                                                             |
00:00:06:763192     |                                                               |                                  HCI_LE_SET_SCAN_PARAMETERS |
00:00:06:763192     |                                                               |<------------------------------------------------------------|
00:00:06:873174     |                                                               |                                                             |
00:00:06:873174     |                                                               |HCI_COMMAND_COMPLETE_EVENT                                   |
00:00:06:873174     |                                                               |------------------------------------------------------------>|
00:00:06:873174     |                                                               |(HCI_LE_SET_SCAN_PARAMETERS, Status: Success - 0x00)         |
00:00:06:885125     |                                                               |                                                             |
00:00:06:885125     |                                                               |                                      HCI_LE_SET_SCAN_ENABLE |
00:00:06:885125     |                                                               |<------------------------------------------------------------|
00:00:06:885125     |                                                               |                                    (Advertise Enable: 0x01) |
00:00:07:015104     |                                                               |                                                             |
00:00:07:015104     |                                                               |HCI_COMMAND_COMPLETE_EVENT                                   |
00:00:07:015104     |                                                               |------------------------------------------------------------>|
00:00:07:015104     |                                                               |(HCI_LE_SET_SCAN_ENABLE, Status: Success - 0x00)             |
00:00:07:027866   ___________________________________________________________________________________________________________________________________ 
00:00:07:027866  |                                         Tester is configured to send ADV_SCAN_IND packets                                         |
00:00:07:027866  |___________________________________________________________________________________________________________________________________|
00:00:07:033357   ___________________________________________________________________________________________________________________________________ 
00:00:07:033357  |                                                Advertise channel map is configured                                                |
00:00:07:033357  |___________________________________________________________________________________________________________________________________|
00:00:07:036799   ___________________________________________________________________________________________________________________________________ 
00:00:07:036799  |                                                   Advertise data are configured                                                   |
00:00:07:036799  |___________________________________________________________________________________________________________________________________|
00:00:07:044852   ___________________________________________________________________________________________________________________________________ 
00:00:07:044852  |                                                     Tester starts Advertising                                                     |
00:00:07:044852  |___________________________________________________________________________________________________________________________________|
00:00:08:156242     |                                                               |                                                             |
00:00:08:156242     |                                                               |HCI_LE_ADVERTISING_REPORT_EVENT                              |
00:00:08:156242     |                                                               |------------------------------------------------------------>|
00:00:08:159174     |                                                               |                                                             |
00:00:08:159174     |                                                               |                                      HCI_LE_SET_SCAN_ENABLE |
00:00:08:159174     |                                                               |<------------------------------------------------------------|
00:00:08:159174     |                                                               |                                    (Advertise Enable: 0x00) |
00:00:08:167350   ___________________________________________________________________________________________________________________________________ 
00:00:08:167350  |                                                     Tester stops Advertising                                                      |
00:00:08:167350  |___________________________________________________________________________________________________________________________________|
00:00:08:327584     |                                                               |                                                             |
00:00:08:327584     |                                                               |HCI_COMMAND_COMPLETE_EVENT                                   |
00:00:08:327584     |                                                               |------------------------------------------------------------>|
00:00:08:327584     |                                                               |(HCI_LE_SET_SCAN_ENABLE, Status: Success - 0x00)             |
