00:00:00:080144 CD -Encode- Encoding Type LL_LC_RESET_REQ
00:00:00:080945 SA -Send_Message- MESSAGE TO SEND: 000003
00:00:00:690909 SA COMPLETE MESSAGE RECEIVED: 00010400
00:00:00:695266 CD -GciDecode- Message received: 00010400
00:00:00:695415 CD -DECODE- Decoding type: LL_LC_RESET_CFM 
00:00:00:695537 CD -DECODE- Decoding type: LLLCID  0001 
00:00:00:695612 CD -DECODE- Decoding type: LENGTH  04 
00:00:00:695671 CD -DECODE- Decoding type: CONFIRM_IND_LE  00 
00:00:00:697959 CD -Encode- Encoding Type LL_LC_SET_TESTER_NAME_REQ
00:00:00:698942 SA -Send_Message- MESSAGE TO SEND: 100206024C54
00:00:00:699663 SA COMPLETE MESSAGE RECEIVED: 10030400
00:00:00:700687 CD -GciDecode- Message received: 10030400
00:00:00:700775 CD -DECODE- Decoding type: LL_LC_SET_TESTER_NAME_CFM 
00:00:00:700872 CD -DECODE- Decoding type: LLLCID  1003 
00:00:00:700975 CD -DECODE- Decoding type: LENGTH  04 
00:00:00:701023 CD -DECODE- Decoding type: CONFIRM_IND_LE  00 
00:00:00:703112 CD -Encode- Encoding Type LL_LC_SET_DEVICE_ADDRESS_REQ
00:00:00:703213 CD -Encode- Encoding Type ADDRESS
00:00:00:703966 SA -Send_Message- MESSAGE TO SEND: 100409123456123456
00:00:00:704588 SA COMPLETE MESSAGE RECEIVED: 10050400
00:00:00:705708 CD -GciDecode- Message received: 10050400
00:00:00:705803 CD -DECODE- Decoding type: LL_LC_SET_DEVICE_ADDRESS_CFM 
00:00:00:705919 CD -DECODE- Decoding type: LLLCID  1005 
00:00:00:705975 CD -DECODE- Decoding type: LENGTH  04 
00:00:00:706021 CD -DECODE- Decoding type: CONFIRM_IND_LE  00 
00:00:00:707310 CD -Encode- Encoding Type LL_LC_ADD_REMOTE_DEVICE_ADDRESS_REQ
00:00:00:707423 CD -Encode- Encoding Type ADDRESS
00:00:00:707936 SA -Send_Message- MESSAGE TO SEND: 10060A0029CD0099FF56
00:00:00:708578 SA COMPLETE MESSAGE RECEIVED: 10070400
00:00:00:709608 CD -GciDecode- Message received: 10070400
00:00:00:709691 CD -DECODE- Decoding type: LL_LC_ADD_REMOTE_DEVICE_ADDRESS_CFM 
00:00:00:709778 CD -DECODE- Decoding type: LLLCID  1007 
00:00:00:709832 CD -DECODE- Decoding type: LENGTH  04 
00:00:00:709877 CD -DECODE- Decoding type: CONFIRM_IND_LE  00 
00:00:00:715166 CD -Encode- Encoding Type HCI_RESET
00:00:00:715199 CD -Encode- Encoding Type HCI_OPCODE
00:00:00:715933 SA -Send_Message- MESSAGE TO SEND: 01030C00
00:00:00:825428 SA COMPLETE MESSAGE RECEIVED: 040E0400030C00
00:00:00:826919 CD -GciDecode- Message received: 040E0400030C00
00:00:00:827057 CD -GciDecode- After pre-processing: 040E04000C0300
00:00:00:827092 CD -DECODE- Decoding type: HCI_COMMAND_COMPLETE_EVENT 
00:00:00:827180 CD -DECODE- Decoding type: EVENT_CODE  0E 
00:00:00:827258 CD -DECODE- Decoding type: PARAMETER_TOTAL_LENGTH  04 
00:00:00:827312 CD -DECODE- Decoding type: NUM_HCI_COMMAND_PACKETS  00 
00:00:00:827349 CD -DECODE- Decoding type: HCI_OPCODE 
00:00:00:827407 CD -DECODE- Decoding type: OGF  000011
00:00:00:827457 CD -DECODE- Decoding type: OCF  0000000011
00:00:00:827518 CD -DECODE- Decoding type: RETURN_PARAMETERS 
00:00:00:827830 CD -DECODE- Decoding type: STATUS  00 
00:00:00:845365 CD -Encode- Encoding Type HCI_READ_LOCAL_SUPPORTED_FEATURES
00:00:00:845406 CD -Encode- Encoding Type HCI_OPCODE
00:00:00:846036 SA -Send_Message- MESSAGE TO SEND: 01031000
00:00:01:076065 SA COMPLETE MESSAGE RECEIVED: 040E0C010310000000000000000000
00:00:01:077982 CD -GciDecode- Message received: 040E0C010310000000000000000000
00:00:01:078111 CD -GciDecode- After pre-processing: 040E0C011003000000000000000000
00:00:01:078148 CD -DECODE- Decoding type: HCI_COMMAND_COMPLETE_EVENT 
00:00:01:078229 CD -DECODE- Decoding type: EVENT_CODE  0E 
00:00:01:078286 CD -DECODE- Decoding type: PARAMETER_TOTAL_LENGTH  0C 
00:00:01:078357 CD -DECODE- Decoding type: NUM_HCI_COMMAND_PACKETS  01 
00:00:01:078393 CD -DECODE- Decoding type: HCI_OPCODE 
00:00:01:078449 CD -DECODE- Decoding type: OGF  000100
00:00:01:078499 CD -DECODE- Decoding type: OCF  0000000011
00:00:01:078561 CD -DECODE- Decoding type: RETURN_PARAMETERS 
00:00:01:078782 CD -DECODE- Decoding type: STATUS  00 
00:00:01:082439 CD -DECODE- Decoding type: LMP_FEATURES_LE 
00:00:01:082758 CD -DECODE- Decoding type: B_1  0
00:00:01:082808 CD -DECODE- Decoding type: B_1  0
00:00:01:082850 CD -DECODE- Decoding type: B_1  0
00:00:01:082889 CD -DECODE- Decoding type: B_1  0
00:00:01:082930 CD -DECODE- Decoding type: B_1  0
00:00:01:083000 CD -DECODE- Decoding type: B_1  0
00:00:01:083040 CD -DECODE- Decoding type: B_1  0
00:00:01:083081 CD -DECODE- Decoding type: B_1  0
00:00:01:083121 CD -DECODE- Decoding type: B_1  0
00:00:01:083161 CD -DECODE- Decoding type: B_1  0
00:00:01:083201 CD -DECODE- Decoding type: B_1  0
00:00:01:083259 CD -DECODE- Decoding type: B_1  0
00:00:01:083301 CD -DECODE- Decoding type: B_1  0
00:00:01:083342 CD -DECODE- Decoding type: B_1  0
00:00:01:083382 CD -DECODE- Decoding type: B_1  0
00:00:01:083422 CD -DECODE- Decoding type: B_1  0
00:00:01:083461 CD -DECODE- Decoding type: B_1  0
00:00:01:083520 CD -DECODE- Decoding type: B_1  0
00:00:01:083561 CD -DECODE- Decoding type: B_1  0
00:00:01:083601 CD -DECODE- Decoding type: B_1  0
00:00:01:083642 CD -DECODE- Decoding type: B_1  0
00:00:01:083683 CD -DECODE- Decoding type: B_1  0
00:00:01:083723 CD -DECODE- Decoding type: B_1  0
00:00:01:083781 CD -DECODE- Decoding type: B_1  0
00:00:01:083822 CD -DECODE- Decoding type: B_1  0
00:00:01:083862 CD -DECODE- Decoding type: B_1  0
00:00:01:083903 CD -DECODE- Decoding type: B_1  0
00:00:01:083944 CD -DECODE- Decoding type: B_1  0
00:00:01:083984 CD -DECODE- Decoding type: B_1  0
00:00:01:084043 CD -DECODE- Decoding type: B_1  0
00:00:01:084084 CD -DECODE- Decoding type: B_1  0
00:00:01:084123 CD -DECODE- Decoding type: B_1  0
00:00:01:084164 CD -DECODE- Decoding type: B_1  0
00:00:01:084204 CD -DECODE- Decoding type: B_1  0
00:00:01:084244 CD -DECODE- Decoding type: B_1  0
00:00:01:084302 CD -DECODE- Decoding type: B_1  0
00:00:01:084342 CD -DECODE- Decoding type: B_1  0
00:00:01:084383 CD -DECODE- Decoding type: B_1  0
00:00:01:084423 CD -DECODE- Decoding type: B_1  0
00:00:01:084464 CD -DECODE- Decoding type: B_1  0
00:00:01:084503 CD -DECODE- Decoding type: B_1  0
00:00:01:084561 CD -DECODE- Decoding type: B_1  0
00:00:01:084601 CD -DECODE- Decoding type: B_1  0
00:00:01:084642 CD -DECODE- Decoding type: B_1  0
00:00:01:084682 CD -DECODE- Decoding type: B_1  0
00:00:01:084723 CD -DECODE- Decoding type: B_1  0
00:00:01:084765 CD -DECODE- Decoding type: B_1  0
00:00:01:084823 CD -DECODE- Decoding type: B_1  0
00:00:01:084864 CD -DECODE- Decoding type: B_1  0
00:00:01:084904 CD -DECODE- Decoding type: B_1  0
00:00:01:084944 CD -DECODE- Decoding type: B_1  0
00:00:01:084986 CD -DECODE- Decoding type: B_1  0
00:00:01:085028 CD -DECODE- Decoding type: B_1  0
00:00:01:085086 CD -DECODE- Decoding type: B_1  0
00:00:01:085126 CD -DECODE- Decoding type: B_1  0
00:00:01:085167 CD -DECODE- Decoding type: B_1  0
00:00:01:085209 CD -DECODE- Decoding type: B_1  0
00:00:01:085250 CD -DECODE- Decoding type: B_1  0
00:00:01:085290 CD -DECODE- Decoding type: B_1  0
00:00:01:085347 CD -DECODE- Decoding type: B_1  0
00:00:01:085388 CD -DECODE- Decoding type: B_1  0
00:00:01:085431 CD -DECODE- Decoding type: B_1  0
00:00:01:085473 CD -DECODE- Decoding type: B_1  0
00:00:01:085515 CD -DECODE- Decoding type: B_1  0
00:00:01:098810 CD -Encode- Encoding Type HCI_SET_EVENT_MASK
00:00:01:098845 CD -Encode- Encoding Type HCI_OPCODE
00:00:01:099350 SA -Send_Message- MESSAGE TO SEND: 01010C089088010000800020
00:00:01:185748 SA COMPLETE MESSAGE RECEIVED: 040E0401010C00
00:00:01:187436 CD -GciDecode- Message received: 040E0401010C00
00:00:01:187561 CD -GciDecode- After pre-processing: 040E04010C0100
00:00:01:187594 CD -DECODE- Decoding type: HCI_COMMAND_COMPLETE_EVENT 
00:00:01:187675 CD -DECODE- Decoding type: EVENT_CODE  0E 
00:00:01:187830 CD -DECODE- Decoding type: PARAMETER_TOTAL_LENGTH  04 
00:00:01:187883 CD -DECODE- Decoding type: NUM_HCI_COMMAND_PACKETS  01 
00:00:01:187918 CD -DECODE- Decoding type: HCI_OPCODE 
00:00:01:187977 CD -DECODE- Decoding type: OGF  000011
00:00:01:188026 CD -DECODE- Decoding type: OCF  0000000001
00:00:01:188185 CD -DECODE- Decoding type: RETURN_PARAMETERS 
00:00:01:188440 CD -DECODE- Decoding type: STATUS  00 
00:00:01:204799 CD -Encode- Encoding Type HCI_LE_SET_EVENT_MASK
00:00:01:205051 CD -Encode- Encoding Type HCI_OPCODE
00:00:01:205688 SA -Send_Message- MESSAGE TO SEND: 010120081F00000000000000
00:00:01:275137 SA COMPLETE MESSAGE RECEIVED: 040E0401012000
00:00:01:276458 CD -GciDecode- Message received: 040E0401012000
00:00:01:276581 CD -GciDecode- After pre-processing: 040E0401200100
00:00:01:276614 CD -DECODE- Decoding type: HCI_COMMAND_COMPLETE_EVENT 
00:00:01:276694 CD -DECODE- Decoding type: EVENT_CODE  0E 
00:00:01:276749 CD -DECODE- Decoding type: PARAMETER_TOTAL_LENGTH  04 
00:00:01:277013 CD -DECODE- Decoding type: NUM_HCI_COMMAND_PACKETS  01 
00:00:01:277052 CD -DECODE- Decoding type: HCI_OPCODE 
00:00:01:277111 CD -DECODE- Decoding type: OGF  001000
00:00:01:277159 CD -DECODE- Decoding type: OCF  0000000001
00:00:01:277214 CD -DECODE- Decoding type: RETURN_PARAMETERS 
00:00:01:277439 CD -DECODE- Decoding type: STATUS  00 
00:00:01:295104 CD -Encode- Encoding Type HCI_READ_BD_ADDR
00:00:01:295149 CD -Encode- Encoding Type HCI_OPCODE
00:00:01:295747 SA -Send_Message- MESSAGE TO SEND: 01091000
00:00:01:371435 SA COMPLETE MESSAGE RECEIVED: 040E0A0109100056FF9900CD29
00:00:01:373019 CD -GciDecode- Message received: 040E0A0109100056FF9900CD29
00:00:01:373152 CD -GciDecode- After pre-processing: 040E0A0110090029CD0099FF56
00:00:01:373190 CD -DECODE- Decoding type: HCI_COMMAND_COMPLETE_EVENT 
00:00:01:373279 CD -DECODE- Decoding type: EVENT_CODE  0E 
00:00:01:373354 CD -DECODE- Decoding type: PARAMETER_TOTAL_LENGTH  0A 
00:00:01:373407 CD -DECODE- Decoding type: NUM_HCI_COMMAND_PACKETS  01 
00:00:01:373445 CD -DECODE- Decoding type: HCI_OPCODE 
00:00:01:373502 CD -DECODE- Decoding type: OGF  000100
00:00:01:373552 CD -DECODE- Decoding type: OCF  0000001001
00:00:01:373613 CD -DECODE- Decoding type: RETURN_PARAMETERS 
00:00:01:373900 CD -DECODE- Decoding type: STATUS  00 
00:00:01:377306 CD -DECODE- Decoding type: ADDRESS 
00:00:01:377377 CD -DECODE- Decoding type: COMPANY_ASSIGNED  29CD00 
00:00:01:377428 CD -DECODE- Decoding type: COMPANY_ID  99FF56 
00:00:01:393195 CD -Encode- Encoding Type HCI_LE_SET_SCAN_PARAMETERS
00:00:01:393235 CD -Encode- Encoding Type HCI_OPCODE
00:00:01:393913 SA -Send_Message- MESSAGE TO SEND: 010B200700E001E0010000
00:00:01:471500 SA COMPLETE MESSAGE RECEIVED: 040E04010B2000
00:00:01:474833 CD -GciDecode- Message received: 040E04010B2000
00:00:01:474969 CD -GciDecode- After pre-processing: 040E0401200B00
00:00:01:475002 CD -DECODE- Decoding type: HCI_COMMAND_COMPLETE_EVENT 
00:00:01:475082 CD -DECODE- Decoding type: EVENT_CODE  0E 
00:00:01:475137 CD -DECODE- Decoding type: PARAMETER_TOTAL_LENGTH  04 
00:00:01:475204 CD -DECODE- Decoding type: NUM_HCI_COMMAND_PACKETS  01 
00:00:01:475239 CD -DECODE- Decoding type: HCI_OPCODE 
00:00:01:475295 CD -DECODE- Decoding type: OGF  001000
00:00:01:475344 CD -DECODE- Decoding type: OCF  0000001011
00:00:01:475402 CD -DECODE- Decoding type: RETURN_PARAMETERS 
00:00:01:475626 CD -DECODE- Decoding type: STATUS  00 
00:00:01:491374 CD -Encode- Encoding Type HCI_LE_SET_SCAN_ENABLE
00:00:01:491412 CD -Encode- Encoding Type HCI_OPCODE
00:00:01:491938 SA -Send_Message- MESSAGE TO SEND: 010C20020100
00:00:01:556709 SA COMPLETE MESSAGE RECEIVED: 040E04010C2000
00:00:01:558434 CD -GciDecode- Message received: 040E04010C2000
00:00:01:558556 CD -GciDecode- After pre-processing: 040E0401200C00
00:00:01:558589 CD -DECODE- Decoding type: HCI_COMMAND_COMPLETE_EVENT 
00:00:01:558671 CD -DECODE- Decoding type: EVENT_CODE  0E 
00:00:01:558954 CD -DECODE- Decoding type: PARAMETER_TOTAL_LENGTH  04 
00:00:01:559008 CD -DECODE- Decoding type: NUM_HCI_COMMAND_PACKETS  01 
00:00:01:559046 CD -DECODE- Decoding type: HCI_OPCODE 
00:00:01:559106 CD -DECODE- Decoding type: OGF  001000
00:00:01:559155 CD -DECODE- Decoding type: OCF  0000001100
00:00:01:559220 CD -DECODE- Decoding type: RETURN_PARAMETERS 
00:00:01:559524 CD -DECODE- Decoding type: STATUS  00 
00:00:01:578983 CD -Encode- Encoding Type LL_LC_ADVERTISE_PARAMETERS_REQ
00:00:01:579136 CD -Encode- Encoding Type ADDRESS
00:00:01:579185 CD -Encode- Encoding Type ADDRESS
00:00:01:579584 SA -Send_Message- MESSAGE TO SEND: 2000160000A003000012345612345629CD0099FF5600
00:00:01:580362 SA COMPLETE MESSAGE RECEIVED: 20010400
00:00:01:582649 CD -GciDecode- Message received: 20010400
00:00:01:582738 CD -DECODE- Decoding type: LL_LC_ADVERTISE_PARAMETERS_CFM 
00:00:01:582842 CD -DECODE- Decoding type: LLLCID  2001 
00:00:01:582900 CD -DECODE- Decoding type: LENGTH  04 
00:00:01:582949 CD -DECODE- Decoding type: CONFIRM_IND_LE  00 
00:00:01:584890 CD -Encode- Encoding Type LL_LC_ADVERTISE_CHANNEL_MAP_REQ
00:00:01:585332 SA -Send_Message- MESSAGE TO SEND: 20020401
00:00:01:585908 SA COMPLETE MESSAGE RECEIVED: 20030400
00:00:01:586935 CD -GciDecode- Message received: 20030400
00:00:01:587017 CD -DECODE- Decoding type: LL_LC_ADVERTISE_CHANNEL_MAP_CFM 
00:00:01:587105 CD -DECODE- Decoding type: LLLCID  2003 
00:00:01:587183 CD -DECODE- Decoding type: LENGTH  04 
00:00:01:587241 CD -DECODE- Decoding type: CONFIRM_IND_LE  00 
00:00:01:588484 CD -Encode- Encoding Type LL_LC_ADVERTISE_DATA_REQ
00:00:01:588937 SA -Send_Message- MESSAGE TO SEND: 200405FF01
00:00:01:589521 SA COMPLETE MESSAGE RECEIVED: 20050400
00:00:01:591394 CD -GciDecode- Message received: 20050400
00:00:01:591471 CD -DECODE- Decoding type: LL_LC_ADVERTISE_DATA_CFM 
00:00:01:591561 CD -DECODE- Decoding type: LLLCID  2005 
00:00:01:591618 CD -DECODE- Decoding type: LENGTH  04 
00:00:01:591665 CD -DECODE- Decoding type: CONFIRM_IND_LE  00 
00:00:01:593906 CD -Encode- Encoding Type LL_LC_ADVERTISING_MODE_REQ
00:00:01:594421 SA -Send_Message- MESSAGE TO SEND: 200D0400
00:00:01:595300 SA COMPLETE MESSAGE RECEIVED: 200E0400
00:00:01:596361 CD -GciDecode- Message received: 200E0400
00:00:01:596441 CD -DECODE- Decoding type: LL_LC_ADVERTISING_MODE_CFM 
00:00:01:596532 CD -DECODE- Decoding type: LLLCID  200E 
00:00:01:596586 CD -DECODE- Decoding type: LENGTH  04 
00:00:01:596631 CD -DECODE- Decoding type: CONFIRM_IND_LE  00 
00:00:01:813853 SA COMPLETE MESSAGE RECEIVED: 0025000000056CB3F600056CB946250000FF0002AA8E89BED6201C12345612345601F96329
00:00:01:916780 SA COMPLETE MESSAGE RECEIVED: 043E0D0201030056341256341201032B
00:00:01:918893 CD -GciDecode- Message received: 043E0D0201030056341256341201032B
00:00:01:919010 CD -GciDecode- After pre-processing: 043E0D0201030012345612345601032B
00:00:01:919047 CD -DECODE- Decoding type: HCI_LE_ADVERTISING_REPORT_EVENT 
00:00:01:919130 CD -DECODE- Decoding type: EVENT_CODE  3E 
00:00:01:919186 CD -DECODE- Decoding type: PARAMETER_TOTAL_LENGTH  0D 
00:00:01:919273 CD -DECODE- Decoding type: LE_EVENT_CODE  02 
00:00:01:919323 CD -DECODE- Decoding type: NUM_DEVICES  01 
00:00:01:919358 CD -DECODE- Decoding type: PARAMETER_ADVERTISING_PACKET_REPORT_EVENT_LIST 
00:00:01:919399 CD -DECODE- Decoding type: PARAMETER_ADVERTISING_PACKET_REPORT_EVENT 
00:00:01:919465 CD -DECODE- Decoding type: EVENT_TYPE  03 
00:00:01:919510 CD -DECODE- Decoding type: ADDRESS_TYPE  00 
00:00:01:919568 CD -DECODE- Decoding type: ADDRESS 
00:00:01:919624 CD -DECODE- Decoding type: COMPANY_ASSIGNED  123456 
00:00:01:919692 CD -DECODE- Decoding type: COMPANY_ID  123456 
00:00:01:919759 CD -DECODE- Decoding type: DATA_LEN  01 
00:00:01:919806 CD -DECODE- Decoding type: ADV_DATA  03 
00:00:01:919857 CD -DECODE- Decoding type: RSSI_LE  2B 
00:00:01:923176 CD -Encode- Encoding Type HCI_LE_SET_SCAN_ENABLE
00:00:01:923212 CD -Encode- Encoding Type HCI_OPCODE
00:00:01:926356 SA -Send_Message- MESSAGE TO SEND: 010C20020000
00:00:01:934885 CD -Encode- Encoding Type LL_LC_ADVERTISING_MODE_REQ
00:00:01:935328 SA -Send_Message- MESSAGE TO SEND: 200D0401
00:00:01:935897 SA COMPLETE MESSAGE RECEIVED: 200E0400
00:00:01:937675 CD -GciDecode- Message received: 200E0400
00:00:01:937764 CD -DECODE- Decoding type: LL_LC_ADVERTISING_MODE_CFM 
00:00:01:937858 CD -DECODE- Decoding type: LLLCID  200E 
00:00:01:938034 CD -DECODE- Decoding type: LENGTH  04 
00:00:01:938086 CD -DECODE- Decoding type: CONFIRM_IND_LE  00 
00:00:02:066176 SA COMPLETE MESSAGE RECEIVED: 040E04010C2000
00:00:02:110833 CD -GciDecode- Message received: 040E04010C2000
00:00:02:111046 CD -GciDecode- After pre-processing: 040E0401200C00
00:00:02:111079 CD -DECODE- Decoding type: HCI_COMMAND_COMPLETE_EVENT 
00:00:02:111179 CD -DECODE- Decoding type: EVENT_CODE  0E 
00:00:02:111242 CD -DECODE- Decoding type: PARAMETER_TOTAL_LENGTH  04 
00:00:02:111365 CD -DECODE- Decoding type: NUM_HCI_COMMAND_PACKETS  01 
00:00:02:111403 CD -DECODE- Decoding type: HCI_OPCODE 
00:00:02:111461 CD -DECODE- Decoding type: OGF  001000
00:00:02:111510 CD -DECODE- Decoding type: OCF  0000001100
00:00:02:111564 CD -DECODE- Decoding type: RETURN_PARAMETERS 
00:00:02:111793 CD -DECODE- Decoding type: STATUS  00 
00:00:02:132270 CD -Encode- Encoding Type LL_LC_RESET_REQ
00:00:02:132752 SA -Send_Message- MESSAGE TO SEND: 000003
00:00:02:133341 SA COMPLETE MESSAGE RECEIVED: 00010400
00:00:02:134854 CD -GciDecode- Message received: 00010400
00:00:02:134949 CD -DECODE- Decoding type: LL_LC_RESET_CFM 
00:00:02:135093 CD -DECODE- Decoding type: LLLCID  0001 
00:00:02:135150 CD -DECODE- Decoding type: LENGTH  04 
00:00:02:135196 CD -DECODE- Decoding type: CONFIRM_IND_LE  00 
00:00:02:136440 CD -Encode- Encoding Type LL_LC_SET_TESTER_NAME_REQ
00:00:02:136918 SA -Send_Message- MESSAGE TO SEND: 100206024C54
00:00:02:137498 SA COMPLETE MESSAGE RECEIVED: 10030400
00:00:02:138600 CD -GciDecode- Message received: 10030400
00:00:02:138696 CD -DECODE- Decoding type: LL_LC_SET_TESTER_NAME_CFM 
00:00:02:138794 CD -DECODE- Decoding type: LLLCID  1003 
00:00:02:138850 CD -DECODE- Decoding type: LENGTH  04 
00:00:02:138931 CD -DECODE- Decoding type: CONFIRM_IND_LE  00 
00:00:02:139877 CD -Encode- Encoding Type LL_LC_SET_DEVICE_ADDRESS_REQ
00:00:02:140024 CD -Encode- Encoding Type ADDRESS
00:00:02:140547 SA -Send_Message- MESSAGE TO SEND: 100409123456123456
00:00:02:141129 SA COMPLETE MESSAGE RECEIVED: 10050400
00:00:02:142108 CD -GciDecode- Message received: 10050400
00:00:02:142196 CD -DECODE- Decoding type: LL_LC_SET_DEVICE_ADDRESS_CFM 
00:00:02:142286 CD -DECODE- Decoding type: LLLCID  1005 
00:00:02:142340 CD -DECODE- Decoding type: LENGTH  04 
00:00:02:142385 CD -DECODE- Decoding type: CONFIRM_IND_LE  00 
00:00:02:143544 CD -Encode- Encoding Type LL_LC_ADD_REMOTE_DEVICE_ADDRESS_REQ
00:00:02:143648 CD -Encode- Encoding Type ADDRESS
00:00:02:144060 SA -Send_Message- MESSAGE TO SEND: 10060A0029CD0099FF56
00:00:02:144639 SA COMPLETE MESSAGE RECEIVED: 10070400
00:00:02:145656 CD -GciDecode- Message received: 10070400
00:00:02:145741 CD -DECODE- Decoding type: LL_LC_ADD_REMOTE_DEVICE_ADDRESS_CFM 
00:00:02:145825 CD -DECODE- Decoding type: LLLCID  1007 
00:00:02:145906 CD -DECODE- Decoding type: LENGTH  04 
00:00:02:145953 CD -DECODE- Decoding type: CONFIRM_IND_LE  00 
00:00:02:150461 CD -Encode- Encoding Type HCI_RESET
00:00:02:150497 CD -Encode- Encoding Type HCI_OPCODE
00:00:02:151012 SA -Send_Message- MESSAGE TO SEND: 01030C00
00:00:02:304931 SA COMPLETE MESSAGE RECEIVED: 040E0400030C00
00:00:02:369694 CD -GciDecode- Message received: 040E0400030C00
00:00:02:369819 CD -GciDecode- After pre-processing: 040E04000C0300
00:00:02:369852 CD -DECODE- Decoding type: HCI_COMMAND_COMPLETE_EVENT 
00:00:02:369934 CD -DECODE- Decoding type: EVENT_CODE  0E 
00:00:02:370011 CD -DECODE- Decoding type: PARAMETER_TOTAL_LENGTH  04 
00:00:02:370062 CD -DECODE- Decoding type: NUM_HCI_COMMAND_PACKETS  00 
00:00:02:370100 CD -DECODE- Decoding type: HCI_OPCODE 
00:00:02:370173 CD -DECODE- Decoding type: OGF  000011
00:00:02:370221 CD -DECODE- Decoding type: OCF  0000000011
00:00:02:370277 CD -DECODE- Decoding type: RETURN_PARAMETERS 
00:00:02:370543 CD -DECODE- Decoding type: STATUS  00 
00:00:02:386701 CD -Encode- Encoding Type HCI_READ_LOCAL_SUPPORTED_FEATURES
00:00:02:386925 CD -Encode- Encoding Type HCI_OPCODE
00:00:02:387559 SA -Send_Message- MESSAGE TO SEND: 01031000
00:00:02:574535 SA COMPLETE MESSAGE RECEIVED: 040E0C010310000000000000000000
00:00:02:575729 CD -GciDecode- Message received: 040E0C010310000000000000000000
00:00:02:575854 CD -GciDecode- After pre-processing: 040E0C011003000000000000000000
00:00:02:575892 CD -DECODE- Decoding type: HCI_COMMAND_COMPLETE_EVENT 
00:00:02:575975 CD -DECODE- Decoding type: EVENT_CODE  0E 
00:00:02:576029 CD -DECODE- Decoding type: PARAMETER_TOTAL_LENGTH  0C 
00:00:02:576101 CD -DECODE- Decoding type: NUM_HCI_COMMAND_PACKETS  01 
00:00:02:576136 CD -DECODE- Decoding type: HCI_OPCODE 
00:00:02:576193 CD -DECODE- Decoding type: OGF  000100
00:00:02:576243 CD -DECODE- Decoding type: OCF  0000000011
00:00:02:576302 CD -DECODE- Decoding type: RETURN_PARAMETERS 
00:00:02:576523 CD -DECODE- Decoding type: STATUS  00 
00:00:02:580235 CD -DECODE- Decoding type: LMP_FEATURES_LE 
00:00:02:580421 CD -DECODE- Decoding type: B_1  0
00:00:02:580466 CD -DECODE- Decoding type: B_1  0
00:00:02:580507 CD -DECODE- Decoding type: B_1  0
00:00:02:580548 CD -DECODE- Decoding type: B_1  0
00:00:02:580588 CD -DECODE- Decoding type: B_1  0
00:00:02:580652 CD -DECODE- Decoding type: B_1  0
00:00:02:580693 CD -DECODE- Decoding type: B_1  0
00:00:02:580736 CD -DECODE- Decoding type: B_1  0
00:00:02:580777 CD -DECODE- Decoding type: B_1  0
00:00:02:580817 CD -DECODE- Decoding type: B_1  0
00:00:02:580857 CD -DECODE- Decoding type: B_1  0
00:00:02:580917 CD -DECODE- Decoding type: B_1  0
00:00:02:580958 CD -DECODE- Decoding type: B_1  0
00:00:02:580998 CD -DECODE- Decoding type: B_1  0
00:00:02:581039 CD -DECODE- Decoding type: B_1  0
00:00:02:581079 CD -DECODE- Decoding type: B_1  0
00:00:02:581120 CD -DECODE- Decoding type: B_1  0
00:00:02:581180 CD -DECODE- Decoding type: B_1  0
00:00:02:581221 CD -DECODE- Decoding type: B_1  0
00:00:02:581261 CD -DECODE- Decoding type: B_1  0
00:00:02:581304 CD -DECODE- Decoding type: B_1  0
00:00:02:581344 CD -DECODE- Decoding type: B_1  0
00:00:02:581390 CD -DECODE- Decoding type: B_1  0
00:00:02:581451 CD -DECODE- Decoding type: B_1  0
00:00:02:581492 CD -DECODE- Decoding type: B_1  0
00:00:02:581532 CD -DECODE- Decoding type: B_1  0
00:00:02:581573 CD -DECODE- Decoding type: B_1  0
00:00:02:581613 CD -DECODE- Decoding type: B_1  0
00:00:02:581654 CD -DECODE- Decoding type: B_1  0
00:00:02:581714 CD -DECODE- Decoding type: B_1  0
00:00:02:581755 CD -DECODE- Decoding type: B_1  0
00:00:02:581795 CD -DECODE- Decoding type: B_1  0
00:00:02:581836 CD -DECODE- Decoding type: B_1  0
00:00:02:581876 CD -DECODE- Decoding type: B_1  0
00:00:02:581916 CD -DECODE- Decoding type: B_1  0
00:00:02:581976 CD -DECODE- Decoding type: B_1  0
00:00:02:582017 CD -DECODE- Decoding type: B_1  0
00:00:02:582057 CD -DECODE- Decoding type: B_1  0
00:00:02:582098 CD -DECODE- Decoding type: B_1  0
00:00:02:582138 CD -DECODE- Decoding type: B_1  0
00:00:02:582179 CD -DECODE- Decoding type: B_1  0
00:00:02:582239 CD -DECODE- Decoding type: B_1  0
00:00:02:582280 CD -DECODE- Decoding type: B_1  0
00:00:02:582320 CD -DECODE- Decoding type: B_1  0
00:00:02:582361 CD -DECODE- Decoding type: B_1  0
00:00:02:582401 CD -DECODE- Decoding type: B_1  0
00:00:02:582441 CD -DECODE- Decoding type: B_1  0
00:00:02:582501 CD -DECODE- Decoding type: B_1  0
00:00:02:582542 CD -DECODE- Decoding type: B_1  0
00:00:02:582582 CD -DECODE- Decoding type: B_1  0
00:00:02:582623 CD -DECODE- Decoding type: B_1  0
00:00:02:582663 CD -DECODE- Decoding type: B_1  0
00:00:02:582704 CD -DECODE- Decoding type: B_1  0
00:00:02:582765 CD -DECODE- Decoding type: B_1  0
00:00:02:582806 CD -DECODE- Decoding type: B_1  0
00:00:02:582845 CD -DECODE- Decoding type: B_1  0
00:00:02:582887 CD -DECODE- Decoding type: B_1  0
00:00:02:582927 CD -DECODE- Decoding type: B_1  0
00:00:02:582967 CD -DECODE- Decoding type: B_1  0
00:00:02:583027 CD -DECODE- Decoding type: B_1  0
00:00:02:583068 CD -DECODE- Decoding type: B_1  0
00:00:02:583108 CD -DECODE- Decoding type: B_1  0
00:00:02:583149 CD -DECODE- Decoding type: B_1  0
00:00:02:583199 CD -DECODE- Decoding type: B_1  0
00:00:02:596302 CD -Encode- Encoding Type HCI_SET_EVENT_MASK
00:00:02:596335 CD -Encode- Encoding Type HCI_OPCODE
00:00:02:596995 SA -Send_Message- MESSAGE TO SEND: 01010C089088010000800020
00:00:02:696388 SA COMPLETE MESSAGE RECEIVED: 040E0401010C00
00:00:02:698359 CD -GciDecode- Message received: 040E0401010C00
00:00:02:698477 CD -GciDecode- After pre-processing: 040E04010C0100
00:00:02:698509 CD -DECODE- Decoding type: HCI_COMMAND_COMPLETE_EVENT 
00:00:02:698604 CD -DECODE- Decoding type: EVENT_CODE  0E 
00:00:02:698683 CD -DECODE- Decoding type: PARAMETER_TOTAL_LENGTH  04 
00:00:02:698736 CD -DECODE- Decoding type: NUM_HCI_COMMAND_PACKETS  01 
00:00:02:698772 CD -DECODE- Decoding type: HCI_OPCODE 
00:00:02:698827 CD -DECODE- Decoding type: OGF  000011
00:00:02:698874 CD -DECODE- Decoding type: OCF  0000000001
00:00:02:698931 CD -DECODE- Decoding type: RETURN_PARAMETERS 
00:00:02:699174 CD -DECODE- Decoding type: STATUS  00 
00:00:02:715148 CD -Encode- Encoding Type HCI_LE_SET_EVENT_MASK
00:00:02:715186 CD -Encode- Encoding Type HCI_OPCODE
00:00:02:715847 SA -Send_Message- MESSAGE TO SEND: 010120081F00000000000000
00:00:02:962414 SA COMPLETE MESSAGE RECEIVED: 040E0401012000
00:00:02:965810 CD -GciDecode- Message received: 040E0401012000
00:00:02:965937 CD -GciDecode- After pre-processing: 040E0401200100
00:00:02:965970 CD -DECODE- Decoding type: HCI_COMMAND_COMPLETE_EVENT 
00:00:02:966049 CD -DECODE- Decoding type: EVENT_CODE  0E 
00:00:02:966105 CD -DECODE- Decoding type: PARAMETER_TOTAL_LENGTH  04 
00:00:02:966219 CD -DECODE- Decoding type: NUM_HCI_COMMAND_PACKETS  01 
00:00:02:966256 CD -DECODE- Decoding type: HCI_OPCODE 
00:00:02:966312 CD -DECODE- Decoding type: OGF  001000
00:00:02:966361 CD -DECODE- Decoding type: OCF  0000000001
00:00:02:966418 CD -DECODE- Decoding type: RETURN_PARAMETERS 
00:00:02:966637 CD -DECODE- Decoding type: STATUS  00 
00:00:02:985167 CD -Encode- Encoding Type HCI_READ_BD_ADDR
00:00:02:985205 CD -Encode- Encoding Type HCI_OPCODE
00:00:02:985801 SA -Send_Message- MESSAGE TO SEND: 01091000
00:00:03:089503 SA COMPLETE MESSAGE RECEIVED: 040E0A0109100056FF9900CD29
00:00:03:091100 CD -GciDecode- Message received: 040E0A0109100056FF9900CD29
00:00:03:091236 CD -GciDecode- After pre-processing: 040E0A0110090029CD0099FF56
00:00:03:091274 CD -DECODE- Decoding type: HCI_COMMAND_COMPLETE_EVENT 
00:00:03:091369 CD -DECODE- Decoding type: EVENT_CODE  0E 
00:00:03:091453 CD -DECODE- Decoding type: PARAMETER_TOTAL_LENGTH  0A 
00:00:03:091509 CD -DECODE- Decoding type: NUM_HCI_COMMAND_PACKETS  01 
00:00:03:091546 CD -DECODE- Decoding type: HCI_OPCODE 
00:00:03:091605 CD -DECODE- Decoding type: OGF  000100
00:00:03:091656 CD -DECODE- Decoding type: OCF  0000001001
00:00:03:091718 CD -DECODE- Decoding type: RETURN_PARAMETERS 
00:00:03:092004 CD -DECODE- Decoding type: STATUS  00 
00:00:03:095372 CD -DECODE- Decoding type: ADDRESS 
00:00:03:095437 CD -DECODE- Decoding type: COMPANY_ASSIGNED  29CD00 
00:00:03:095489 CD -DECODE- Decoding type: COMPANY_ID  99FF56 
00:00:03:110974 CD -Encode- Encoding Type HCI_LE_SET_SCAN_PARAMETERS
00:00:03:111010 CD -Encode- Encoding Type HCI_OPCODE
00:00:03:111736 SA -Send_Message- MESSAGE TO SEND: 010B200700E001E0010000
00:00:03:209047 SA COMPLETE MESSAGE RECEIVED: 040E04010B2000
00:00:03:210463 CD -GciDecode- Message received: 040E04010B2000
00:00:03:210590 CD -GciDecode- After pre-processing: 040E0401200B00
00:00:03:210622 CD -DECODE- Decoding type: HCI_COMMAND_COMPLETE_EVENT 
00:00:03:210706 CD -DECODE- Decoding type: EVENT_CODE  0E 
00:00:03:210762 CD -DECODE- Decoding type: PARAMETER_TOTAL_LENGTH  04 
00:00:03:210834 CD -DECODE- Decoding type: NUM_HCI_COMMAND_PACKETS  01 
00:00:03:210871 CD -DECODE- Decoding type: HCI_OPCODE 
00:00:03:210930 CD -DECODE- Decoding type: OGF  001000
00:00:03:210981 CD -DECODE- Decoding type: OCF  0000001011
00:00:03:211045 CD -DECODE- Decoding type: RETURN_PARAMETERS 
00:00:03:211317 CD -DECODE- Decoding type: STATUS  00 
00:00:03:229007 CD -Encode- Encoding Type HCI_LE_SET_SCAN_ENABLE
00:00:03:229044 CD -Encode- Encoding Type HCI_OPCODE
00:00:03:229947 SA -Send_Message- MESSAGE TO SEND: 010C20020100
00:00:03:323120 SA COMPLETE MESSAGE RECEIVED: 040E04010C2000
00:00:03:346449 CD -GciDecode- Message received: 040E04010C2000
00:00:03:346579 CD -GciDecode- After pre-processing: 040E0401200C00
00:00:03:346611 CD -DECODE- Decoding type: HCI_COMMAND_COMPLETE_EVENT 
00:00:03:346693 CD -DECODE- Decoding type: EVENT_CODE  0E 
00:00:03:346785 CD -DECODE- Decoding type: PARAMETER_TOTAL_LENGTH  04 
00:00:03:346838 CD -DECODE- Decoding type: NUM_HCI_COMMAND_PACKETS  01 
00:00:03:346874 CD -DECODE- Decoding type: HCI_OPCODE 
00:00:03:346931 CD -DECODE- Decoding type: OGF  001000
00:00:03:346983 CD -DECODE- Decoding type: OCF  0000001100
00:00:03:347038 CD -DECODE- Decoding type: RETURN_PARAMETERS 
00:00:03:347288 CD -DECODE- Decoding type: STATUS  00 
00:00:03:367262 CD -Encode- Encoding Type LL_LC_ADVERTISE_PARAMETERS_REQ
00:00:03:367411 CD -Encode- Encoding Type ADDRESS
00:00:03:367463 CD -Encode- Encoding Type ADDRESS
00:00:03:368109 SA -Send_Message- MESSAGE TO SEND: 2000160000A003000000CD2999FF5629CD0099FF5600
00:00:03:368715 SA COMPLETE MESSAGE RECEIVED: 20010400
00:00:03:371832 CD -GciDecode- Message received: 20010400
00:00:03:371921 CD -DECODE- Decoding type: LL_LC_ADVERTISE_PARAMETERS_CFM 
00:00:03:372009 CD -DECODE- Decoding type: LLLCID  2001 
00:00:03:372065 CD -DECODE- Decoding type: LENGTH  04 
00:00:03:372110 CD -DECODE- Decoding type: CONFIRM_IND_LE  00 
00:00:03:373279 CD -Encode- Encoding Type LL_LC_ADVERTISE_CHANNEL_MAP_REQ
00:00:03:373821 SA -Send_Message- MESSAGE TO SEND: 20020402
00:00:03:374400 SA COMPLETE MESSAGE RECEIVED: 20030400
00:00:03:376484 CD -GciDecode- Message received: 20030400
00:00:03:376561 CD -DECODE- Decoding type: LL_LC_ADVERTISE_CHANNEL_MAP_CFM 
00:00:03:376652 CD -DECODE- Decoding type: LLLCID  2003 
00:00:03:376706 CD -DECODE- Decoding type: LENGTH  04 
00:00:03:376753 CD -DECODE- Decoding type: CONFIRM_IND_LE  00 
00:00:03:378726 CD -Encode- Encoding Type LL_LC_ADVERTISE_DATA_REQ
00:00:03:379212 SA -Send_Message- MESSAGE TO SEND: 200405FF01
00:00:03:379801 SA COMPLETE MESSAGE RECEIVED: 20050400
00:00:03:380963 CD -GciDecode- Message received: 20050400
00:00:03:381054 CD -DECODE- Decoding type: LL_LC_ADVERTISE_DATA_CFM 
00:00:03:381149 CD -DECODE- Decoding type: LLLCID  2005 
00:00:03:381205 CD -DECODE- Decoding type: LENGTH  04 
00:00:03:381353 CD -DECODE- Decoding type: CONFIRM_IND_LE  00 
00:00:03:382329 CD -Encode- Encoding Type LL_LC_ADVERTISING_MODE_REQ
00:00:03:382709 SA -Send_Message- MESSAGE TO SEND: 200D0400
00:00:03:383524 SA COMPLETE MESSAGE RECEIVED: 200E0400
00:00:03:385375 CD -GciDecode- Message received: 200E0400
00:00:03:385448 CD -DECODE- Decoding type: LL_LC_ADVERTISING_MODE_CFM 
00:00:03:385541 CD -DECODE- Decoding type: LLLCID  200E 
00:00:03:385596 CD -DECODE- Decoding type: LENGTH  04 
00:00:03:385641 CD -DECODE- Decoding type: CONFIRM_IND_LE  00 
00:00:04:494102 SA COMPLETE MESSAGE RECEIVED: 043E0D0201030056FF9929CD00010B2C
00:00:04:496053 CD -GciDecode- Message received: 043E0D0201030056FF9929CD00010B2C
00:00:04:496175 CD -GciDecode- After pre-processing: 043E0D0201030000CD2999FF56010B2C
00:00:04:496213 CD -DECODE- Decoding type: HCI_LE_ADVERTISING_REPORT_EVENT 
00:00:04:496298 CD -DECODE- Decoding type: EVENT_CODE  3E 
00:00:04:496356 CD -DECODE- Decoding type: PARAMETER_TOTAL_LENGTH  0D 
00:00:04:496665 CD -DECODE- Decoding type: LE_EVENT_CODE  02 
00:00:04:496720 CD -DECODE- Decoding type: NUM_DEVICES  01 
00:00:04:496757 CD -DECODE- Decoding type: PARAMETER_ADVERTISING_PACKET_REPORT_EVENT_LIST 
00:00:04:496799 CD -DECODE- Decoding type: PARAMETER_ADVERTISING_PACKET_REPORT_EVENT 
00:00:04:496868 CD -DECODE- Decoding type: EVENT_TYPE  03 
00:00:04:496913 CD -DECODE- Decoding type: ADDRESS_TYPE  00 
00:00:04:496974 CD -DECODE- Decoding type: ADDRESS 
00:00:04:497032 CD -DECODE- Decoding type: COMPANY_ASSIGNED  00CD29 
00:00:04:497209 CD -DECODE- Decoding type: COMPANY_ID  99FF56 
00:00:04:497285 CD -DECODE- Decoding type: DATA_LEN  01 
00:00:04:497334 CD -DECODE- Decoding type: ADV_DATA  0B 
00:00:04:497386 CD -DECODE- Decoding type: RSSI_LE  2C 
00:00:04:500141 CD -Encode- Encoding Type HCI_LE_SET_SCAN_ENABLE
00:00:04:500174 CD -Encode- Encoding Type HCI_OPCODE
00:00:04:500962 SA -Send_Message- MESSAGE TO SEND: 010C20020000
00:00:04:506855 CD -Encode- Encoding Type LL_LC_ADVERTISING_MODE_REQ
00:00:04:507275 SA -Send_Message- MESSAGE TO SEND: 200D0401
00:00:04:507871 SA COMPLETE MESSAGE RECEIVED: 200E0400
00:00:04:508872 CD -GciDecode- Message received: 200E0400
00:00:04:508954 CD -DECODE- Decoding type: LL_LC_ADVERTISING_MODE_CFM 
00:00:04:509041 CD -DECODE- Decoding type: LLLCID  200E 
00:00:04:509307 CD -DECODE- Decoding type: LENGTH  04 
00:00:04:509378 CD -DECODE- Decoding type: CONFIRM_IND_LE  00 
00:00:04:588863 SA COMPLETE MESSAGE RECEIVED: 040E04010C2000
00:00:04:663847 CD -GciDecode- Message received: 040E04010C2000
00:00:04:663981 CD -GciDecode- After pre-processing: 040E0401200C00
00:00:04:664014 CD -DECODE- Decoding type: HCI_COMMAND_COMPLETE_EVENT 
00:00:04:664097 CD -DECODE- Decoding type: EVENT_CODE  0E 
00:00:04:664154 CD -DECODE- Decoding type: PARAMETER_TOTAL_LENGTH  04 
00:00:04:664226 CD -DECODE- Decoding type: NUM_HCI_COMMAND_PACKETS  01 
00:00:04:664263 CD -DECODE- Decoding type: HCI_OPCODE 
00:00:04:664320 CD -DECODE- Decoding type: OGF  001000
00:00:04:664371 CD -DECODE- Decoding type: OCF  0000001100
00:00:04:664430 CD -DECODE- Decoding type: RETURN_PARAMETERS 
00:00:04:664698 CD -DECODE- Decoding type: STATUS  00 
00:00:04:685652 CD -Encode- Encoding Type LL_LC_RESET_REQ
00:00:04:686106 SA -Send_Message- MESSAGE TO SEND: 000003
00:00:04:686698 SA COMPLETE MESSAGE RECEIVED: 00010400
00:00:04:687705 CD -GciDecode- Message received: 00010400
00:00:04:687852 CD -DECODE- Decoding type: LL_LC_RESET_CFM 
00:00:04:688006 CD -DECODE- Decoding type: LLLCID  0001 
00:00:04:688063 CD -DECODE- Decoding type: LENGTH  04 
00:00:04:688109 CD -DECODE- Decoding type: CONFIRM_IND_LE  00 
00:00:04:689351 CD -Encode- Encoding Type LL_LC_SET_TESTER_NAME_REQ
00:00:04:689853 SA -Send_Message- MESSAGE TO SEND: 100206024C54
00:00:04:690420 SA COMPLETE MESSAGE RECEIVED: 10030400
00:00:04:691519 CD -GciDecode- Message received: 10030400
00:00:04:691616 CD -DECODE- Decoding type: LL_LC_SET_TESTER_NAME_CFM 
00:00:04:691712 CD -DECODE- Decoding type: LLLCID  1003 
00:00:04:691769 CD -DECODE- Decoding type: LENGTH  04 
00:00:04:691851 CD -DECODE- Decoding type: CONFIRM_IND_LE  00 
00:00:04:692765 CD -Encode- Encoding Type LL_LC_SET_DEVICE_ADDRESS_REQ
00:00:04:692909 CD -Encode- Encoding Type ADDRESS
00:00:04:693405 SA -Send_Message- MESSAGE TO SEND: 100409123456123456
00:00:04:693991 SA COMPLETE MESSAGE RECEIVED: 10050400
00:00:04:695001 CD -GciDecode- Message received: 10050400
00:00:04:695086 CD -DECODE- Decoding type: LL_LC_SET_DEVICE_ADDRESS_CFM 
00:00:04:695175 CD -DECODE- Decoding type: LLLCID  1005 
00:00:04:695228 CD -DECODE- Decoding type: LENGTH  04 
00:00:04:695276 CD -DECODE- Decoding type: CONFIRM_IND_LE  00 
00:00:04:696404 CD -Encode- Encoding Type LL_LC_ADD_REMOTE_DEVICE_ADDRESS_REQ
00:00:04:696514 CD -Encode- Encoding Type ADDRESS
00:00:04:696927 SA -Send_Message- MESSAGE TO SEND: 10060A0029CD0099FF56
00:00:04:697504 SA COMPLETE MESSAGE RECEIVED: 10070400
00:00:04:698495 CD -GciDecode- Message received: 10070400
00:00:04:698579 CD -DECODE- Decoding type: LL_LC_ADD_REMOTE_DEVICE_ADDRESS_CFM 
00:00:04:698666 CD -DECODE- Decoding type: LLLCID  1007 
00:00:04:698786 CD -DECODE- Decoding type: LENGTH  04 
00:00:04:698832 CD -DECODE- Decoding type: CONFIRM_IND_LE  00 
00:00:04:703022 CD -Encode- Encoding Type HCI_RESET
00:00:04:703057 CD -Encode- Encoding Type HCI_OPCODE
00:00:04:703552 SA -Send_Message- MESSAGE TO SEND: 01030C00
00:00:04:906342 SA COMPLETE MESSAGE RECEIVED: 040E0400030C00
00:00:04:907632 CD -GciDecode- Message received: 040E0400030C00
00:00:04:907766 CD -GciDecode- After pre-processing: 040E04000C0300
00:00:04:907798 CD -DECODE- Decoding type: HCI_COMMAND_COMPLETE_EVENT 
00:00:04:907880 CD -DECODE- Decoding type: EVENT_CODE  0E 
00:00:04:907958 CD -DECODE- Decoding type: PARAMETER_TOTAL_LENGTH  04 
00:00:04:908010 CD -DECODE- Decoding type: NUM_HCI_COMMAND_PACKETS  00 
00:00:04:908046 CD -DECODE- Decoding type: HCI_OPCODE 
00:00:04:908118 CD -DECODE- Decoding type: OGF  000011
00:00:04:908167 CD -DECODE- Decoding type: OCF  0000000011
00:00:04:908224 CD -DECODE- Decoding type: RETURN_PARAMETERS 
00:00:04:908486 CD -DECODE- Decoding type: STATUS  00 
00:00:04:926231 CD -Encode- Encoding Type HCI_READ_LOCAL_SUPPORTED_FEATURES
00:00:04:926271 CD -Encode- Encoding Type HCI_OPCODE
00:00:04:926902 SA -Send_Message- MESSAGE TO SEND: 01031000
00:00:05:246369 SA COMPLETE MESSAGE RECEIVED: 040E0C010310000000000000000000
00:00:05:247575 CD -GciDecode- Message received: 040E0C010310000000000000000000
00:00:05:247703 CD -GciDecode- After pre-processing: 040E0C011003000000000000000000
00:00:05:247741 CD -DECODE- Decoding type: HCI_COMMAND_COMPLETE_EVENT 
00:00:05:247823 CD -DECODE- Decoding type: EVENT_CODE  0E 
00:00:05:247878 CD -DECODE- Decoding type: PARAMETER_TOTAL_LENGTH  0C 
00:00:05:247952 CD -DECODE- Decoding type: NUM_HCI_COMMAND_PACKETS  01 
00:00:05:247987 CD -DECODE- Decoding type: HCI_OPCODE 
00:00:05:248042 CD -DECODE- Decoding type: OGF  000100
00:00:05:248094 CD -DECODE- Decoding type: OCF  0000000011
00:00:05:248155 CD -DECODE- Decoding type: RETURN_PARAMETERS 
00:00:05:248374 CD -DECODE- Decoding type: STATUS  00 
00:00:05:252089 CD -DECODE- Decoding type: LMP_FEATURES_LE 
00:00:05:252281 CD -DECODE- Decoding type: B_1  0
00:00:05:252326 CD -DECODE- Decoding type: B_1  0
00:00:05:252366 CD -DECODE- Decoding type: B_1  0
00:00:05:252407 CD -DECODE- Decoding type: B_1  0
00:00:05:252447 CD -DECODE- Decoding type: B_1  0
00:00:05:252514 CD -DECODE- Decoding type: B_1  0
00:00:05:252555 CD -DECODE- Decoding type: B_1  0
00:00:05:252595 CD -DECODE- Decoding type: B_1  0
00:00:05:252637 CD -DECODE- Decoding type: B_1  0
00:00:05:252677 CD -DECODE- Decoding type: B_1  0
00:00:05:252718 CD -DECODE- Decoding type: B_1  0
00:00:05:252783 CD -DECODE- Decoding type: B_1  0
00:00:05:252826 CD -DECODE- Decoding type: B_1  0
00:00:05:252867 CD -DECODE- Decoding type: B_1  0
00:00:05:252908 CD -DECODE- Decoding type: B_1  0
00:00:05:252949 CD -DECODE- Decoding type: B_1  0
00:00:05:252990 CD -DECODE- Decoding type: B_1  0
00:00:05:253051 CD -DECODE- Decoding type: B_1  0
00:00:05:253091 CD -DECODE- Decoding type: B_1  0
00:00:05:253133 CD -DECODE- Decoding type: B_1  0
00:00:05:253174 CD -DECODE- Decoding type: B_1  0
00:00:05:253216 CD -DECODE- Decoding type: B_1  0
00:00:05:253256 CD -DECODE- Decoding type: B_1  0
00:00:05:253318 CD -DECODE- Decoding type: B_1  0
00:00:05:253359 CD -DECODE- Decoding type: B_1  0
00:00:05:253399 CD -DECODE- Decoding type: B_1  0
00:00:05:253440 CD -DECODE- Decoding type: B_1  0
00:00:05:253486 CD -DECODE- Decoding type: B_1  0
00:00:05:253528 CD -DECODE- Decoding type: B_1  0
00:00:05:253589 CD -DECODE- Decoding type: B_1  0
00:00:05:253629 CD -DECODE- Decoding type: B_1  0
00:00:05:253669 CD -DECODE- Decoding type: B_1  0
00:00:05:253710 CD -DECODE- Decoding type: B_1  0
00:00:05:253751 CD -DECODE- Decoding type: B_1  0
00:00:05:253791 CD -DECODE- Decoding type: B_1  0
00:00:05:253852 CD -DECODE- Decoding type: B_1  0
00:00:05:253893 CD -DECODE- Decoding type: B_1  0
00:00:05:253934 CD -DECODE- Decoding type: B_1  0
00:00:05:253974 CD -DECODE- Decoding type: B_1  0
00:00:05:254014 CD -DECODE- Decoding type: B_1  0
00:00:05:254055 CD -DECODE- Decoding type: B_1  0
00:00:05:254116 CD -DECODE- Decoding type: B_1  0
00:00:05:254157 CD -DECODE- Decoding type: B_1  0
00:00:05:254197 CD -DECODE- Decoding type: B_1  0
00:00:05:254238 CD -DECODE- Decoding type: B_1  0
00:00:05:254277 CD -DECODE- Decoding type: B_1  0
00:00:05:254318 CD -DECODE- Decoding type: B_1  0
00:00:05:254391 CD -DECODE- Decoding type: B_1  0
00:00:05:254431 CD -DECODE- Decoding type: B_1  0
00:00:05:254473 CD -DECODE- Decoding type: B_1  0
00:00:05:254513 CD -DECODE- Decoding type: B_1  0
00:00:05:254553 CD -DECODE- Decoding type: B_1  0
00:00:05:254594 CD -DECODE- Decoding type: B_1  0
00:00:05:254655 CD -DECODE- Decoding type: B_1  0
00:00:05:254696 CD -DECODE- Decoding type: B_1  0
00:00:05:254736 CD -DECODE- Decoding type: B_1  0
00:00:05:254777 CD -DECODE- Decoding type: B_1  0
00:00:05:254817 CD -DECODE- Decoding type: B_1  0
00:00:05:254858 CD -DECODE- Decoding type: B_1  0
00:00:05:254919 CD -DECODE- Decoding type: B_1  0
00:00:05:254960 CD -DECODE- Decoding type: B_1  0
00:00:05:255001 CD -DECODE- Decoding type: B_1  0
00:00:05:255042 CD -DECODE- Decoding type: B_1  0
00:00:05:255082 CD -DECODE- Decoding type: B_1  0
00:00:05:268426 CD -Encode- Encoding Type HCI_SET_EVENT_MASK
00:00:05:268462 CD -Encode- Encoding Type HCI_OPCODE
00:00:05:269148 SA -Send_Message- MESSAGE TO SEND: 01010C089088010000800020
00:00:05:367768 SA COMPLETE MESSAGE RECEIVED: 040E0401010C00
00:00:05:369641 CD -GciDecode- Message received: 040E0401010C00
00:00:05:369763 CD -GciDecode- After pre-processing: 040E04010C0100
00:00:05:369796 CD -DECODE- Decoding type: HCI_COMMAND_COMPLETE_EVENT 
00:00:05:369877 CD -DECODE- Decoding type: EVENT_CODE  0E 
00:00:05:369954 CD -DECODE- Decoding type: PARAMETER_TOTAL_LENGTH  04 
00:00:05:370005 CD -DECODE- Decoding type: NUM_HCI_COMMAND_PACKETS  01 
00:00:05:370041 CD -DECODE- Decoding type: HCI_OPCODE 
00:00:05:370096 CD -DECODE- Decoding type: OGF  000011
00:00:05:370144 CD -DECODE- Decoding type: OCF  0000000001
00:00:05:370199 CD -DECODE- Decoding type: RETURN_PARAMETERS 
00:00:05:370439 CD -DECODE- Decoding type: STATUS  00 
00:00:05:387583 CD -Encode- Encoding Type HCI_LE_SET_EVENT_MASK
00:00:05:387619 CD -Encode- Encoding Type HCI_OPCODE
00:00:05:388279 SA -Send_Message- MESSAGE TO SEND: 010120081F00000000000000
00:00:05:491279 SA COMPLETE MESSAGE RECEIVED: 040E0401012000
00:00:05:492471 CD -GciDecode- Message received: 040E0401012000
00:00:05:492588 CD -GciDecode- After pre-processing: 040E0401200100
00:00:05:492620 CD -DECODE- Decoding type: HCI_COMMAND_COMPLETE_EVENT 
00:00:05:492711 CD -DECODE- Decoding type: EVENT_CODE  0E 
00:00:05:492768 CD -DECODE- Decoding type: PARAMETER_TOTAL_LENGTH  04 
00:00:05:492843 CD -DECODE- Decoding type: NUM_HCI_COMMAND_PACKETS  01 
00:00:05:492879 CD -DECODE- Decoding type: HCI_OPCODE 
00:00:05:492938 CD -DECODE- Decoding type: OGF  001000
00:00:05:492986 CD -DECODE- Decoding type: OCF  0000000001
00:00:05:493043 CD -DECODE- Decoding type: RETURN_PARAMETERS 
00:00:05:493267 CD -DECODE- Decoding type: STATUS  00 
00:00:05:509738 CD -Encode- Encoding Type HCI_READ_BD_ADDR
00:00:05:510014 CD -Encode- Encoding Type HCI_OPCODE
00:00:05:510604 SA -Send_Message- MESSAGE TO SEND: 01091000
00:00:05:620170 SA COMPLETE MESSAGE RECEIVED: 040E0A0109100056FF9900CD29
00:00:05:621764 CD -GciDecode- Message received: 040E0A0109100056FF9900CD29
00:00:05:621897 CD -GciDecode- After pre-processing: 040E0A0110090029CD0099FF56
00:00:05:621936 CD -DECODE- Decoding type: HCI_COMMAND_COMPLETE_EVENT 
00:00:05:622023 CD -DECODE- Decoding type: EVENT_CODE  0E 
00:00:05:622104 CD -DECODE- Decoding type: PARAMETER_TOTAL_LENGTH  0A 
00:00:05:622158 CD -DECODE- Decoding type: NUM_HCI_COMMAND_PACKETS  01 
00:00:05:622196 CD -DECODE- Decoding type: HCI_OPCODE 
00:00:05:622253 CD -DECODE- Decoding type: OGF  000100
00:00:05:622303 CD -DECODE- Decoding type: OCF  0000001001
00:00:05:622365 CD -DECODE- Decoding type: RETURN_PARAMETERS 
00:00:05:622654 CD -DECODE- Decoding type: STATUS  00 
00:00:05:626044 CD -DECODE- Decoding type: ADDRESS 
00:00:05:626110 CD -DECODE- Decoding type: COMPANY_ASSIGNED  29CD00 
00:00:05:626161 CD -DECODE- Decoding type: COMPANY_ID  99FF56 
00:00:05:640153 CD -Encode- Encoding Type HCI_LE_SET_SCAN_PARAMETERS
00:00:05:640190 CD -Encode- Encoding Type HCI_OPCODE
00:00:05:640920 SA -Send_Message- MESSAGE TO SEND: 010B200700E001E0010000
00:00:05:739574 SA COMPLETE MESSAGE RECEIVED: 040E04010B2000
00:00:05:741441 CD -GciDecode- Message received: 040E04010B2000
00:00:05:741570 CD -GciDecode- After pre-processing: 040E0401200B00
00:00:05:741603 CD -DECODE- Decoding type: HCI_COMMAND_COMPLETE_EVENT 
00:00:05:741687 CD -DECODE- Decoding type: EVENT_CODE  0E 
00:00:05:741747 CD -DECODE- Decoding type: PARAMETER_TOTAL_LENGTH  04 
00:00:05:741865 CD -DECODE- Decoding type: NUM_HCI_COMMAND_PACKETS  01 
00:00:05:741906 CD -DECODE- Decoding type: HCI_OPCODE 
00:00:05:741966 CD -DECODE- Decoding type: OGF  001000
00:00:05:742018 CD -DECODE- Decoding type: OCF  0000001011
00:00:05:742074 CD -DECODE- Decoding type: RETURN_PARAMETERS 
00:00:05:742300 CD -DECODE- Decoding type: STATUS  00 
00:00:05:758647 CD -Encode- Encoding Type HCI_LE_SET_SCAN_ENABLE
00:00:05:758685 CD -Encode- Encoding Type HCI_OPCODE
00:00:05:759759 SA -Send_Message- MESSAGE TO SEND: 010C20020100
00:00:05:823086 SA COMPLETE MESSAGE RECEIVED: 040E04010C2000
00:00:05:877293 CD -GciDecode- Message received: 040E04010C2000
00:00:05:877433 CD -GciDecode- After pre-processing: 040E0401200C00
00:00:05:877465 CD -DECODE- Decoding type: HCI_COMMAND_COMPLETE_EVENT 
00:00:05:877556 CD -DECODE- Decoding type: EVENT_CODE  0E 
00:00:05:877635 CD -DECODE- Decoding type: PARAMETER_TOTAL_LENGTH  04 
00:00:05:877690 CD -DECODE- Decoding type: NUM_HCI_COMMAND_PACKETS  01 
00:00:05:877729 CD -DECODE- Decoding type: HCI_OPCODE 
00:00:05:877787 CD -DECODE- Decoding type: OGF  001000
00:00:05:877838 CD -DECODE- Decoding type: OCF  0000001100
00:00:05:877994 CD -DECODE- Decoding type: RETURN_PARAMETERS 
00:00:05:878294 CD -DECODE- Decoding type: STATUS  00 
00:00:05:899449 CD -Encode- Encoding Type LL_LC_ADVERTISE_PARAMETERS_REQ
00:00:05:899593 CD -Encode- Encoding Type ADDRESS
00:00:05:899642 CD -Encode- Encoding Type ADDRESS
00:00:05:900244 SA -Send_Message- MESSAGE TO SEND: 2000160000A003010029CD0056FF9929CD0099FF5600
00:00:05:900842 SA COMPLETE MESSAGE RECEIVED: 20010400
00:00:05:902857 CD -GciDecode- Message received: 20010400
00:00:05:902945 CD -DECODE- Decoding type: LL_LC_ADVERTISE_PARAMETERS_CFM 
00:00:05:903048 CD -DECODE- Decoding type: LLLCID  2001 
00:00:05:903109 CD -DECODE- Decoding type: LENGTH  04 
00:00:05:903159 CD -DECODE- Decoding type: CONFIRM_IND_LE  00 
00:00:05:905086 CD -Encode- Encoding Type LL_LC_ADVERTISE_CHANNEL_MAP_REQ
00:00:05:905519 SA -Send_Message- MESSAGE TO SEND: 20020404
00:00:05:906099 SA COMPLETE MESSAGE RECEIVED: 20030400
00:00:05:907113 CD -GciDecode- Message received: 20030400
00:00:05:907198 CD -DECODE- Decoding type: LL_LC_ADVERTISE_CHANNEL_MAP_CFM 
00:00:05:907285 CD -DECODE- Decoding type: LLLCID  2003 
00:00:05:907380 CD -DECODE- Decoding type: LENGTH  04 
00:00:05:907427 CD -DECODE- Decoding type: CONFIRM_IND_LE  00 
00:00:05:908514 CD -Encode- Encoding Type LL_LC_ADVERTISE_DATA_REQ
00:00:05:908954 SA -Send_Message- MESSAGE TO SEND: 200405FF01
00:00:05:909540 SA COMPLETE MESSAGE RECEIVED: 20050400
00:00:05:911374 CD -GciDecode- Message received: 20050400
00:00:05:911452 CD -DECODE- Decoding type: LL_LC_ADVERTISE_DATA_CFM 
00:00:05:911546 CD -DECODE- Decoding type: LLLCID  2005 
00:00:05:911603 CD -DECODE- Decoding type: LENGTH  04 
00:00:05:911651 CD -DECODE- Decoding type: CONFIRM_IND_LE  00 
00:00:05:913783 CD -Encode- Encoding Type LL_LC_ADVERTISING_MODE_REQ
00:00:05:914289 SA -Send_Message- MESSAGE TO SEND: 200D0400
00:00:05:915093 SA COMPLETE MESSAGE RECEIVED: 200E0400
00:00:05:916279 CD -GciDecode- Message received: 200E0400
00:00:05:916358 CD -DECODE- Decoding type: LL_LC_ADVERTISING_MODE_CFM 
00:00:05:916449 CD -DECODE- Decoding type: LLLCID  200E 
00:00:05:916504 CD -DECODE- Decoding type: LENGTH  04 
00:00:05:916550 CD -DECODE- Decoding type: CONFIRM_IND_LE  00 
00:00:06:402991 SA COMPLETE MESSAGE RECEIVED: 043E0D0201030199FF5600CD2901052D
00:00:06:405089 CD -GciDecode- Message received: 043E0D0201030199FF5600CD2901052D
00:00:06:405227 CD -GciDecode- After pre-processing: 043E0D0201030129CD0056FF9901052D
00:00:06:405267 CD -DECODE- Decoding type: HCI_LE_ADVERTISING_REPORT_EVENT 
00:00:06:405351 CD -DECODE- Decoding type: EVENT_CODE  3E 
00:00:06:405406 CD -DECODE- Decoding type: PARAMETER_TOTAL_LENGTH  0D 
00:00:06:405480 CD -DECODE- Decoding type: LE_EVENT_CODE  02 
00:00:06:405531 CD -DECODE- Decoding type: NUM_DEVICES  01 
00:00:06:405568 CD -DECODE- Decoding type: PARAMETER_ADVERTISING_PACKET_REPORT_EVENT_LIST 
00:00:06:405608 CD -DECODE- Decoding type: PARAMETER_ADVERTISING_PACKET_REPORT_EVENT 
00:00:06:405674 CD -DECODE- Decoding type: EVENT_TYPE  03 
00:00:06:405738 CD -DECODE- Decoding type: ADDRESS_TYPE  01 
00:00:06:405796 CD -DECODE- Decoding type: ADDRESS 
00:00:06:405853 CD -DECODE- Decoding type: COMPANY_ASSIGNED  29CD00 
00:00:06:405904 CD -DECODE- Decoding type: COMPANY_ID  56FF99 
00:00:06:405974 CD -DECODE- Decoding type: DATA_LEN  01 
00:00:06:406021 CD -DECODE- Decoding type: ADV_DATA  05 
00:00:06:406072 CD -DECODE- Decoding type: RSSI_LE  2D 
00:00:06:409377 CD -Encode- Encoding Type HCI_LE_SET_SCAN_ENABLE
00:00:06:409411 CD -Encode- Encoding Type HCI_OPCODE
00:00:06:409917 SA -Send_Message- MESSAGE TO SEND: 010C20020000
00:00:06:414745 CD -Encode- Encoding Type LL_LC_ADVERTISING_MODE_REQ
00:00:06:415250 SA -Send_Message- MESSAGE TO SEND: 200D0401
00:00:06:426792 SA COMPLETE MESSAGE RECEIVED: 200E0400
00:00:06:439369 CD -GciDecode- Message received: 200E0400
00:00:06:439453 CD -DECODE- Decoding type: LL_LC_ADVERTISING_MODE_CFM 
00:00:06:439549 CD -DECODE- Decoding type: LLLCID  200E 
00:00:06:439612 CD -DECODE- Decoding type: LENGTH  04 
00:00:06:439664 CD -DECODE- Decoding type: CONFIRM_IND_LE  00 
00:00:06:578903 SA COMPLETE MESSAGE RECEIVED: 040E04010C2000
00:00:06:580460 CD -GciDecode- Message received: 040E04010C2000
00:00:06:580585 CD -GciDecode- After pre-processing: 040E0401200C00
00:00:06:580618 CD -DECODE- Decoding type: HCI_COMMAND_COMPLETE_EVENT 
00:00:06:580702 CD -DECODE- Decoding type: EVENT_CODE  0E 
00:00:06:580762 CD -DECODE- Decoding type: PARAMETER_TOTAL_LENGTH  04 
00:00:06:580850 CD -DECODE- Decoding type: NUM_HCI_COMMAND_PACKETS  01 
00:00:06:580888 CD -DECODE- Decoding type: HCI_OPCODE 
00:00:06:580946 CD -DECODE- Decoding type: OGF  001000
00:00:06:580997 CD -DECODE- Decoding type: OCF  0000001100
00:00:06:581053 CD -DECODE- Decoding type: RETURN_PARAMETERS 
00:00:06:581287 CD -DECODE- Decoding type: STATUS  00 
