-ASP v.1.0.5.4-
00:00:03:406 Read from Socket  3 bytes ->   00  00  03 
00:00:03:406 Read from Heron   4 bytes ->   00  01  04  00 
00:00:04:031 Read from Socket  6 bytes ->   10  02  06  02  4C  54 
00:00:04:031 Read from Heron   4 bytes ->   10  03  04  00 
00:00:04:031 Read from Socket  9 bytes ->   10  04  09  12  34  56  12  34  56 
00:00:04:031 Read from Heron   4 bytes ->   10  05  04  00 
00:00:04:031 Read from Socket 10 bytes ->   10  06  0A  00  29  CD  00  99  FF  56 
00:00:04:031 Read from Heron   4 bytes ->   10  07  04  00 
00:00:04:906 Read from Socket 22 bytes ->   20  00  16  00  00  A0  03  00  00  12  34  56  12  34  56  29  CD  00  99  FF  56  00 
00:00:04:906 Read from Heron   4 bytes ->   20  01  04  00 
00:00:04:906 Read from Socket  4 bytes ->   20  02  04  01 
00:00:04:906 Read from Heron   4 bytes ->   20  03  04  00 
00:00:04:922 Read from Socket  5 bytes ->   20  04  05  FF  01 
00:00:04:922 Read from Heron   4 bytes ->   20  05  04  00 
00:00:04:922 Read from Socket  4 bytes ->   20  0D  04  00 
00:00:04:922 Read from Heron   4 bytes ->   20  0E  04  00 
00:00:05:266 Read from Socket  4 bytes ->   20  0D  04  01 
00:00:05:266 Read from Heron   4 bytes ->   20  0E  04  00 
00:00:05:453 Read from Socket  3 bytes ->   00  00  03 
00:00:05:453 Read from Heron   4 bytes ->   00  01  04  00 
00:00:05:469 Read from Socket  6 bytes ->   10  02  06  02  4C  54 
00:00:05:469 Read from Heron   4 bytes ->   10  03  04  00 
00:00:05:469 Read from Socket  9 bytes ->   10  04  09  12  34  56  12  34  56 
00:00:05:469 Read from Heron   4 bytes ->   10  05  04  00 
00:00:05:469 Read from Socket 10 bytes ->   10  06  0A  00  29  CD  00  99  FF  56 
00:00:05:469 Read from Heron   4 bytes ->   10  07  04  00 
00:00:06:688 Read from Socket 22 bytes ->   20  00  16  00  00  A0  03  00  00  00  CD  29  99  FF  56  29  CD  00  99  FF  56  00 
00:00:06:688 Read from Heron   4 bytes ->   20  01  04  00 
00:00:06:703 Read from Socket  4 bytes ->   20  02  04  02 
00:00:06:703 Read from Heron   4 bytes ->   20  03  04  00 
00:00:06:703 Read from Socket  5 bytes ->   20  04  05  FF  01 
00:00:06:703 Read from Heron   4 bytes ->   20  05  04  00 
00:00:06:703 Read from Socket  4 bytes ->   20  0D  04  00 
00:00:06:703 Read from Heron   4 bytes ->   20  0E  04  00 
00:00:07:828 Read from Socket  4 bytes ->   20  0D  04  01 
00:00:07:828 Read from Heron   4 bytes ->   20  0E  04  00 
00:00:08:016 Read from Socket  3 bytes ->   00  00  03 
00:00:08:016 Read from Heron   4 bytes ->   00  01  04  00 
00:00:08:016 Read from Socket  6 bytes ->   10  02  06  02  4C  54 
00:00:08:016 Read from Heron   4 bytes ->   10  03  04  00 
00:00:08:016 Read from Socket  9 bytes ->   10  04  09  12  34  56  12  34  56 
00:00:08:016 Read from Heron   4 bytes ->   10  05  04  00 
00:00:08:031 Read from Socket 10 bytes ->   10  06  0A  00  29  CD  00  99  FF  56 
00:00:08:031 Read from Heron   4 bytes ->   10  07  04  00 
00:00:09:234 Read from Socket 22 bytes ->   20  00  16  00  00  A0  03  01  00  29  CD  00  56  FF  99  29  CD  00  99  FF  56  00 
00:00:09:234 Read from Heron   4 bytes ->   20  01  04  00 
00:00:09:234 Read from Socket  4 bytes ->   20  02  04  04 
00:00:09:234 Read from Heron   4 bytes ->   20  03  04  00 
00:00:09:234 Read from Socket  5 bytes ->   20  04  05  FF  01 
00:00:09:234 Read from Heron   4 bytes ->   20  05  04  00 
00:00:09:234 Read from Socket  4 bytes ->   20  0D  04  00 
00:00:09:234 Read from Heron   4 bytes ->   20  0E  04  00 
00:00:09:750 Read from Socket  4 bytes ->   20  0D  04  01 
00:00:09:750 Read from Heron   4 bytes ->   20  0E  04  00 
00:00:10:063 Read from Socket  3 bytes ->   F0  00  03 
