Final Verdict: PASS
      
Layer:     LL
Test Case: TC_DDI_SCN_BV_01
Date:      14/12/15
Time:      21:44:56

00:00:00:006337  Lower                                                                                                                          Upper
00:00:00:006356  Tester                                                            IUT                                                         Tester
00:00:00:006372     |                                                               |                                                             |
00:00:00:080494   ___________________________________________________________________________________________________________________________________ 
00:00:00:080494  |                                                          Tester is RESET                                                          |
00:00:00:080494  |___________________________________________________________________________________________________________________________________|
00:00:00:698688   ___________________________________________________________________________________________________________________________________ 
00:00:00:698688  |                                             Tester's user friendly name is configured                                             |
00:00:00:698688  |___________________________________________________________________________________________________________________________________|
00:00:00:703743   ___________________________________________________________________________________________________________________________________ 
00:00:00:703743  |                                               Tester's device address is configured                                               |
00:00:00:703743  |___________________________________________________________________________________________________________________________________|
00:00:00:707619   ___________________________________________________________________________________________________________________________________ 
00:00:00:707619  |                                        IUT's device address is included in the White List                                         |
00:00:00:707619  |___________________________________________________________________________________________________________________________________|
00:00:00:715702     |                                                               |                                                             |
00:00:00:715702     |                                                               |                                                   HCI_RESET |
00:00:00:715702     |                                                               |<------------------------------------------------------------|
00:00:00:833090     |                                                               |                                                             |
00:00:00:833090     |                                                               |HCI_COMMAND_COMPLETE_EVENT                                   |
00:00:00:833090     |                                                               |------------------------------------------------------------>|
00:00:00:833090     |                                                               |(HCI_RESET, Status: Success - 0x00)                          |
00:00:00:845867     |                                                               |                                                             |
00:00:00:845867     |                                                               |                           HCI_READ_LOCAL_SUPPORTED_FEATURES |
00:00:00:845867     |                                                               |<------------------------------------------------------------|
00:00:01:087037     |                                                               |                                                             |
00:00:01:087037     |                                                               |HCI_COMMAND_COMPLETE_EVENT                                   |
00:00:01:087037     |                                                               |------------------------------------------------------------>|
00:00:01:087037     |                                                               |(HCI_READ_LOCAL_SUPPORTED_FEATURES, Status: Success - 0x00)  |
00:00:01:099185     |                                                               |                                                             |
00:00:01:099185     |                                                               |                                          HCI_SET_EVENT_MASK |
00:00:01:099185     |                                                               |<------------------------------------------------------------|
00:00:01:194105     |                                                               |                                                             |
00:00:01:194105     |                                                               |HCI_COMMAND_COMPLETE_EVENT                                   |
00:00:01:194105     |                                                               |------------------------------------------------------------>|
00:00:01:194105     |                                                               |(HCI_SET_EVENT_MASK, Status: Success - 0x00)                 |
00:00:01:205359     |                                                               |                                                             |
00:00:01:205359     |                                                               |                                       HCI_LE_SET_EVENT_MASK |
00:00:01:205359     |                                                               |<------------------------------------------------------------|
00:00:01:282247     |                                                               |                                                             |
00:00:01:282247     |                                                               |HCI_COMMAND_COMPLETE_EVENT                                   |
00:00:01:282247     |                                                               |------------------------------------------------------------>|
00:00:01:282247     |                                                               |(HCI_LE_SET_EVENT_MASK, Status: Success - 0x00)              |
00:00:01:295435     |                                                               |                                                             |
00:00:01:295435     |                                                               |                                            HCI_READ_BD_ADDR |
00:00:01:295435     |                                                               |<------------------------------------------------------------|
00:00:01:379357     |                                                               |                                                             |
00:00:01:379357     |                                                               |HCI_COMMAND_COMPLETE_EVENT                                   |
00:00:01:379357     |                                                               |------------------------------------------------------------>|
00:00:01:379357     |                                                               |(HCI_READ_BD_ADDR, Status: Success - 0x00)                   |
00:00:01:393749     |                                                               |                                                             |
00:00:01:393749     |                                                               |                                  HCI_LE_SET_SCAN_PARAMETERS |
00:00:01:393749     |                                                               |<------------------------------------------------------------|
00:00:01:480421     |                                                               |                                                             |
00:00:01:480421     |                                                               |HCI_COMMAND_COMPLETE_EVENT                                   |
00:00:01:480421     |                                                               |------------------------------------------------------------>|
00:00:01:480421     |                                                               |(HCI_LE_SET_SCAN_PARAMETERS, Status: Success - 0x00)         |
00:00:01:491738     |                                                               |                                                             |
00:00:01:491738     |                                                               |                                      HCI_LE_SET_SCAN_ENABLE |
00:00:01:491738     |                                                               |<------------------------------------------------------------|
00:00:01:491738     |                                                               |                                    (Advertise Enable: 0x01) |
00:00:01:564820     |                                                               |                                                             |
00:00:01:564820     |                                                               |HCI_COMMAND_COMPLETE_EVENT                                   |
00:00:01:564820     |                                                               |------------------------------------------------------------>|
00:00:01:564820     |                                                               |(HCI_LE_SET_SCAN_ENABLE, Status: Success - 0x00)             |
00:00:01:579426   ___________________________________________________________________________________________________________________________________ 
00:00:01:579426  |                                       Tester is configured to send ADV_NONCONN_IND packets                                        |
00:00:01:579426  |___________________________________________________________________________________________________________________________________|
00:00:01:585156   ___________________________________________________________________________________________________________________________________ 
00:00:01:585156  |                                                Advertise channel map is configured                                                |
00:00:01:585156  |___________________________________________________________________________________________________________________________________|
00:00:01:588776   ___________________________________________________________________________________________________________________________________ 
00:00:01:588776  |                                                   Advertise data are configured                                                   |
00:00:01:588776  |___________________________________________________________________________________________________________________________________|
00:00:01:596805   ___________________________________________________________________________________________________________________________________ 
00:00:01:596805  |                                                     Tester starts Advertising                                                     |
00:00:01:596805  |___________________________________________________________________________________________________________________________________|
00:00:01:920103     |                                                               |                                                             |
00:00:01:920103     |                                                               |HCI_LE_ADVERTISING_REPORT_EVENT                              |
00:00:01:920103     |                                                               |------------------------------------------------------------>|
00:00:01:926165     |                                                               |                                                             |
00:00:01:926165     |                                                               |                                      HCI_LE_SET_SCAN_ENABLE |
00:00:01:926165     |                                                               |<------------------------------------------------------------|
00:00:01:926165     |                                                               |                                    (Advertise Enable: 0x00) |
00:00:01:938633   ___________________________________________________________________________________________________________________________________ 
00:00:01:938633  |                                                     Tester stops Advertising                                                      |
00:00:01:938633  |___________________________________________________________________________________________________________________________________|
00:00:02:116847     |                                                               |                                                             |
00:00:02:116847     |                                                               |HCI_COMMAND_COMPLETE_EVENT                                   |
00:00:02:116847     |                                                               |------------------------------------------------------------>|
00:00:02:116847     |                                                               |(HCI_LE_SET_SCAN_ENABLE, Status: Success - 0x00)             |
00:00:02:132537   ___________________________________________________________________________________________________________________________________ 
00:00:02:132537  |                                                          Tester is RESET                                                          |
00:00:02:132537  |___________________________________________________________________________________________________________________________________|
00:00:02:136743   ___________________________________________________________________________________________________________________________________ 
00:00:02:136743  |                                             Tester's user friendly name is configured                                             |
00:00:02:136743  |___________________________________________________________________________________________________________________________________|
00:00:02:140243   ___________________________________________________________________________________________________________________________________ 
00:00:02:140243  |                                               Tester's device address is configured                                               |
00:00:02:140243  |___________________________________________________________________________________________________________________________________|
00:00:02:143896   ___________________________________________________________________________________________________________________________________ 
00:00:02:143896  |                                        IUT's device address is included in the White List                                         |
00:00:02:143896  |___________________________________________________________________________________________________________________________________|
00:00:02:150845     |                                                               |                                                             |
00:00:02:150845     |                                                               |                                                   HCI_RESET |
00:00:02:150845     |                                                               |<------------------------------------------------------------|
00:00:02:375389     |                                                               |                                                             |
00:00:02:375389     |                                                               |HCI_COMMAND_COMPLETE_EVENT                                   |
00:00:02:375389     |                                                               |------------------------------------------------------------>|
00:00:02:375389     |                                                               |(HCI_RESET, Status: Success - 0x00)                          |
00:00:02:387245     |                                                               |                                                             |
00:00:02:387245     |                                                               |                           HCI_READ_LOCAL_SUPPORTED_FEATURES |
00:00:02:387245     |                                                               |<------------------------------------------------------------|
00:00:02:584725     |                                                               |                                                             |
00:00:02:584725     |                                                               |HCI_COMMAND_COMPLETE_EVENT                                   |
00:00:02:584725     |                                                               |------------------------------------------------------------>|
00:00:02:584725     |                                                               |(HCI_READ_LOCAL_SUPPORTED_FEATURES, Status: Success - 0x00)  |
00:00:02:596666     |                                                               |                                                             |
00:00:02:596666     |                                                               |                                          HCI_SET_EVENT_MASK |
00:00:02:596666     |                                                               |<------------------------------------------------------------|
00:00:02:704183     |                                                               |                                                             |
00:00:02:704183     |                                                               |HCI_COMMAND_COMPLETE_EVENT                                   |
00:00:02:704183     |                                                               |------------------------------------------------------------>|
00:00:02:704183     |                                                               |(HCI_SET_EVENT_MASK, Status: Success - 0x00)                 |
00:00:02:715519     |                                                               |                                                             |
00:00:02:715519     |                                                               |                                       HCI_LE_SET_EVENT_MASK |
00:00:02:715519     |                                                               |<------------------------------------------------------------|
00:00:02:971414     |                                                               |                                                             |
00:00:02:971414     |                                                               |HCI_COMMAND_COMPLETE_EVENT                                   |
00:00:02:971414     |                                                               |------------------------------------------------------------>|
00:00:02:971414     |                                                               |(HCI_LE_SET_EVENT_MASK, Status: Success - 0x00)              |
00:00:02:985501     |                                                               |                                                             |
00:00:02:985501     |                                                               |                                            HCI_READ_BD_ADDR |
00:00:02:985501     |                                                               |<------------------------------------------------------------|
00:00:03:097434     |                                                               |                                                             |
00:00:03:097434     |                                                               |HCI_COMMAND_COMPLETE_EVENT                                   |
00:00:03:097434     |                                                               |------------------------------------------------------------>|
00:00:03:097434     |                                                               |(HCI_READ_BD_ADDR, Status: Success - 0x00)                   |
00:00:03:111553     |                                                               |                                                             |
00:00:03:111553     |                                                               |                                  HCI_LE_SET_SCAN_PARAMETERS |
00:00:03:111553     |                                                               |<------------------------------------------------------------|
00:00:03:216654     |                                                               |                                                             |
00:00:03:216654     |                                                               |HCI_COMMAND_COMPLETE_EVENT                                   |
00:00:03:216654     |                                                               |------------------------------------------------------------>|
00:00:03:216654     |                                                               |(HCI_LE_SET_SCAN_PARAMETERS, Status: Success - 0x00)         |
00:00:03:229658     |                                                               |                                                             |
00:00:03:229658     |                                                               |                                      HCI_LE_SET_SCAN_ENABLE |
00:00:03:229658     |                                                               |<------------------------------------------------------------|
00:00:03:229658     |                                                               |                                    (Advertise Enable: 0x01) |
00:00:03:352039     |                                                               |                                                             |
00:00:03:352039     |                                                               |HCI_COMMAND_COMPLETE_EVENT                                   |
00:00:03:352039     |                                                               |------------------------------------------------------------>|
00:00:03:352039     |                                                               |(HCI_LE_SET_SCAN_ENABLE, Status: Success - 0x00)             |
00:00:03:367832   ___________________________________________________________________________________________________________________________________ 
00:00:03:367832  |                                       Tester is configured to send ADV_NONCONN_IND packets                                        |
00:00:03:367832  |___________________________________________________________________________________________________________________________________|
00:00:03:373649   ___________________________________________________________________________________________________________________________________ 
00:00:03:373649  |                                                Advertise channel map is configured                                                |
00:00:03:373649  |___________________________________________________________________________________________________________________________________|
00:00:03:378997   ___________________________________________________________________________________________________________________________________ 
00:00:03:378997  |                                                   Advertise data are configured                                                   |
00:00:03:378997  |___________________________________________________________________________________________________________________________________|
00:00:03:385848   ___________________________________________________________________________________________________________________________________ 
00:00:03:385848  |                                                     Tester starts Advertising                                                     |
00:00:03:385848  |___________________________________________________________________________________________________________________________________|
00:00:04:497676     |                                                               |                                                             |
00:00:04:497676     |                                                               |HCI_LE_ADVERTISING_REPORT_EVENT                              |
00:00:04:497676     |                                                               |------------------------------------------------------------>|
00:00:04:500633     |                                                               |                                                             |
00:00:04:500633     |                                                               |                                      HCI_LE_SET_SCAN_ENABLE |
00:00:04:500633     |                                                               |<------------------------------------------------------------|
00:00:04:500633     |                                                               |                                    (Advertise Enable: 0x00) |
00:00:04:509556   ___________________________________________________________________________________________________________________________________ 
00:00:04:509556  |                                                     Tester stops Advertising                                                      |
00:00:04:509556  |___________________________________________________________________________________________________________________________________|
00:00:04:671127     |                                                               |                                                             |
00:00:04:671127     |                                                               |HCI_COMMAND_COMPLETE_EVENT                                   |
00:00:04:671127     |                                                               |------------------------------------------------------------>|
00:00:04:671127     |                                                               |(HCI_LE_SET_SCAN_ENABLE, Status: Success - 0x00)             |
00:00:04:685895   ___________________________________________________________________________________________________________________________________ 
00:00:04:685895  |                                                          Tester is RESET                                                          |
00:00:04:685895  |___________________________________________________________________________________________________________________________________|
00:00:04:689625   ___________________________________________________________________________________________________________________________________ 
00:00:04:689625  |                                             Tester's user friendly name is configured                                             |
00:00:04:689625  |___________________________________________________________________________________________________________________________________|
00:00:04:693086   ___________________________________________________________________________________________________________________________________ 
00:00:04:693086  |                                               Tester's device address is configured                                               |
00:00:04:693086  |___________________________________________________________________________________________________________________________________|
00:00:04:696752   ___________________________________________________________________________________________________________________________________ 
00:00:04:696752  |                                        IUT's device address is included in the White List                                         |
00:00:04:696752  |___________________________________________________________________________________________________________________________________|
00:00:04:703381     |                                                               |                                                             |
00:00:04:703381     |                                                               |                                                   HCI_RESET |
00:00:04:703381     |                                                               |<------------------------------------------------------------|
00:00:04:913229     |                                                               |                                                             |
00:00:04:913229     |                                                               |HCI_COMMAND_COMPLETE_EVENT                                   |
00:00:04:913229     |                                                               |------------------------------------------------------------>|
00:00:04:913229     |                                                               |(HCI_RESET, Status: Success - 0x00)                          |
00:00:04:926586     |                                                               |                                                             |
00:00:04:926586     |                                                               |                           HCI_READ_LOCAL_SUPPORTED_FEATURES |
00:00:04:926586     |                                                               |<------------------------------------------------------------|
00:00:05:256600     |                                                               |                                                             |
00:00:05:256600     |                                                               |HCI_COMMAND_COMPLETE_EVENT                                   |
00:00:05:256600     |                                                               |------------------------------------------------------------>|
00:00:05:256600     |                                                               |(HCI_READ_LOCAL_SUPPORTED_FEATURES, Status: Success - 0x00)  |
00:00:05:268807     |                                                               |                                                             |
00:00:05:268807     |                                                               |                                          HCI_SET_EVENT_MASK |
00:00:05:268807     |                                                               |<------------------------------------------------------------|
00:00:05:376645     |                                                               |                                                             |
00:00:05:376645     |                                                               |HCI_COMMAND_COMPLETE_EVENT                                   |
00:00:05:376645     |                                                               |------------------------------------------------------------>|
00:00:05:376645     |                                                               |(HCI_SET_EVENT_MASK, Status: Success - 0x00)                 |
00:00:05:387956     |                                                               |                                                             |
00:00:05:387956     |                                                               |                                       HCI_LE_SET_EVENT_MASK |
00:00:05:387956     |                                                               |<------------------------------------------------------------|
00:00:05:498413     |                                                               |                                                             |
00:00:05:498413     |                                                               |HCI_COMMAND_COMPLETE_EVENT                                   |
00:00:05:498413     |                                                               |------------------------------------------------------------>|
00:00:05:498413     |                                                               |(HCI_LE_SET_EVENT_MASK, Status: Success - 0x00)              |
00:00:05:510320     |                                                               |                                                             |
00:00:05:510320     |                                                               |                                            HCI_READ_BD_ADDR |
00:00:05:510320     |                                                               |<------------------------------------------------------------|
00:00:05:628443     |                                                               |                                                             |
00:00:05:628443     |                                                               |HCI_COMMAND_COMPLETE_EVENT                                   |
00:00:05:628443     |                                                               |------------------------------------------------------------>|
00:00:05:628443     |                                                               |(HCI_READ_BD_ADDR, Status: Success - 0x00)                   |
00:00:05:640732     |                                                               |                                                             |
00:00:05:640732     |                                                               |                                  HCI_LE_SET_SCAN_PARAMETERS |
00:00:05:640732     |                                                               |<------------------------------------------------------------|
00:00:05:747823     |                                                               |                                                             |
00:00:05:747823     |                                                               |HCI_COMMAND_COMPLETE_EVENT                                   |
00:00:05:747823     |                                                               |------------------------------------------------------------>|
00:00:05:747823     |                                                               |(HCI_LE_SET_SCAN_PARAMETERS, Status: Success - 0x00)         |
00:00:05:759020     |                                                               |                                                             |
00:00:05:759020     |                                                               |                                      HCI_LE_SET_SCAN_ENABLE |
00:00:05:759020     |                                                               |<------------------------------------------------------------|
00:00:05:759020     |                                                               |                                    (Advertise Enable: 0x01) |
00:00:05:886985     |                                                               |                                                             |
00:00:05:886985     |                                                               |HCI_COMMAND_COMPLETE_EVENT                                   |
00:00:05:886985     |                                                               |------------------------------------------------------------>|
00:00:05:886985     |                                                               |(HCI_LE_SET_SCAN_ENABLE, Status: Success - 0x00)             |
00:00:05:899885   ___________________________________________________________________________________________________________________________________ 
00:00:05:899885  |                                       Tester is configured to send ADV_NONCONN_IND packets                                        |
00:00:05:899885  |___________________________________________________________________________________________________________________________________|
00:00:05:905337   ___________________________________________________________________________________________________________________________________ 
00:00:05:905337  |                                                Advertise channel map is configured                                                |
00:00:05:905337  |___________________________________________________________________________________________________________________________________|
00:00:05:908768   ___________________________________________________________________________________________________________________________________ 
00:00:05:908768  |                                                   Advertise data are configured                                                   |
00:00:05:908768  |___________________________________________________________________________________________________________________________________|
00:00:05:916697   ___________________________________________________________________________________________________________________________________ 
00:00:05:916697  |                                                     Tester starts Advertising                                                     |
00:00:05:916697  |___________________________________________________________________________________________________________________________________|
00:00:06:406320     |                                                               |                                                             |
00:00:06:406320     |                                                               |HCI_LE_ADVERTISING_REPORT_EVENT                              |
00:00:06:406320     |                                                               |------------------------------------------------------------>|
00:00:06:409731     |                                                               |                                                             |
00:00:06:409731     |                                                               |                                      HCI_LE_SET_SCAN_ENABLE |
00:00:06:409731     |                                                               |<------------------------------------------------------------|
00:00:06:409731     |                                                               |                                    (Advertise Enable: 0x00) |
00:00:06:440303   ___________________________________________________________________________________________________________________________________ 
00:00:06:440303  |                                                     Tester stops Advertising                                                      |
00:00:06:440303  |___________________________________________________________________________________________________________________________________|
00:00:06:587613     |                                                               |                                                             |
00:00:06:587613     |                                                               |HCI_COMMAND_COMPLETE_EVENT                                   |
00:00:06:587613     |                                                               |------------------------------------------------------------>|
00:00:06:587613     |                                                               |(HCI_LE_SET_SCAN_ENABLE, Status: Success - 0x00)             |
