-Bluetooth Low Energy-
-Link Layer v1.0.15.0-

1		Reset performs
2		Start advertising...
3		Compose ADV_NONCONN_IND (7 bytes) in channel 37
4		  TX ---> 560702CE
5		Compose ADV_NONCONN_IND (7 bytes) in channel 37
6		  TX ---> 560702CE
7		Compose ADV_NONCONN_IND (7 bytes) in channel 37
8		  TX ---> 560702CE
9		Compose ADV_NONCONN_IND (7 bytes) in channel 37
10		  TX ---> 560702CE
11		Compose ADV_NONCONN_IND (7 bytes) in channel 37
12		  TX ---> 560702CE
13		Compose ADV_NONCONN_IND (7 bytes) in channel 37
14		  TX ---> 560702CE
15		Compose ADV_NONCONN_IND (7 bytes) in channel 37
16		  TX ---> 560702CE
17		Compose ADV_NONCONN_IND (7 bytes) in channel 37
18		  TX ---> 560702CE
19		Compose ADV_NONCONN_IND (7 bytes) in channel 37
20		  TX ---> 560702CE
21		Compose ADV_NONCONN_IND (7 bytes) in channel 37
22		  TX ---> 560702CE
23		Compose ADV_NONCONN_IND (7 bytes) in channel 37
24		  TX ---> 560702CE
25		Compose ADV_NONCONN_IND (7 bytes) in channel 37
26		  TX ---> 560702CE
27		Compose ADV_NONCONN_IND (7 bytes) in channel 37
28		  TX ---> 560702CE
29		Compose ADV_NONCONN_IND (7 bytes) in channel 37
30		  TX ---> 560702CE
31		Compose ADV_NONCONN_IND (7 bytes) in channel 37
32		  TX ---> 560702CE
33		Compose ADV_NONCONN_IND (7 bytes) in channel 37
34		  TX ---> 560702CE
35		Compose ADV_NONCONN_IND (7 bytes) in channel 37
36		  TX ---> 560702CE
37		Compose ADV_NONCONN_IND (7 bytes) in channel 37
38		  TX ---> 560702CE
39		Compose ADV_NONCONN_IND (7 bytes) in channel 37
40		  TX ---> 560702CE
41		Compose ADV_NONCONN_IND (7 bytes) in channel 37
42		  TX ---> 560702CE
43		Compose ADV_NONCONN_IND (7 bytes) in channel 37
44		  TX ---> 560702CE
45		Compose ADV_NONCONN_IND (7 bytes) in channel 37
46		  TX ---> 560702CE
47		Compose ADV_NONCONN_IND (7 bytes) in channel 37
48		  TX ---> 560702CE
49		Compose ADV_NONCONN_IND (7 bytes) in channel 37
50		  TX ---> 560702CE
51		Compose ADV_NONCONN_IND (7 bytes) in channel 37
52		  TX ---> 560702CE
53		Compose ADV_NONCONN_IND (7 bytes) in channel 37
54		  TX ---> 560702CE
55		Compose ADV_NONCONN_IND (7 bytes) in channel 37
56		  TX ---> 560702CE
57		Compose ADV_NONCONN_IND (7 bytes) in channel 37
58		  TX ---> 560702CE
59		Compose ADV_NONCONN_IND (7 bytes) in channel 37
60		  TX ---> 560702CE
61		Compose ADV_NONCONN_IND (7 bytes) in channel 37
62		  TX ---> 560702CE
63		Compose ADV_NONCONN_IND (7 bytes) in channel 37
64		  TX ---> 560702CE
65		Compose ADV_NONCONN_IND (7 bytes) in channel 37
66		  TX ---> 560702CE
67		Compose ADV_NONCONN_IND (7 bytes) in channel 37
68		  TX ---> 560702CE
69		Compose ADV_NONCONN_IND (7 bytes) in channel 37
70		  TX ---> 560702CE
71		Compose ADV_NONCONN_IND (7 bytes) in channel 37
72		  TX ---> 560702CE
73		Compose ADV_NONCONN_IND (7 bytes) in channel 37
74		  TX ---> 560702CE
75		Compose ADV_NONCONN_IND (7 bytes) in channel 37
76		  TX ---> 560702CE
77		Compose ADV_NONCONN_IND (7 bytes) in channel 37
78		  TX ---> 560702CE
79		Compose ADV_NONCONN_IND (7 bytes) in channel 37
80		  TX ---> 560702CE
81		Compose ADV_NONCONN_IND (7 bytes) in channel 37
82		  TX ---> 560702CE
83		Compose ADV_NONCONN_IND (7 bytes) in channel 37
84		  TX ---> 560702CE
85		Compose ADV_NONCONN_IND (7 bytes) in channel 37
86		  TX ---> 560702CE
87		Compose ADV_NONCONN_IND (7 bytes) in channel 37
88		  TX ---> 560702CE
89		Compose ADV_NONCONN_IND (7 bytes) in channel 37
90		  TX ---> 560702CE
91		Compose ADV_NONCONN_IND (7 bytes) in channel 37
92		  TX ---> 560702CE
93		Compose ADV_NONCONN_IND (7 bytes) in channel 37
94		  TX ---> 560702CE
95		Compose ADV_NONCONN_IND (7 bytes) in channel 37
96		  TX ---> 560702CE
97		Compose ADV_NONCONN_IND (7 bytes) in channel 37
98		  TX ---> 560702CE
99		Compose ADV_NONCONN_IND (7 bytes) in channel 37
100		  TX ---> 560702CE
101		Compose ADV_NONCONN_IND (7 bytes) in channel 37
102		  TX ---> 560702CE
103		Compose ADV_NONCONN_IND (7 bytes) in channel 37
104		  TX ---> 560702CE
105		Compose ADV_NONCONN_IND (7 bytes) in channel 37
106		  TX ---> 560702CE
107		Compose ADV_NONCONN_IND (7 bytes) in channel 37
108		  TX ---> 560702CE
109		Compose ADV_NONCONN_IND (7 bytes) in channel 37
110		  TX ---> 560702CE
111		Compose ADV_NONCONN_IND (7 bytes) in channel 37
112		  TX ---> 560702CE
113		Compose ADV_NONCONN_IND (7 bytes) in channel 37
114		  TX ---> 560702CE
115		Compose ADV_NONCONN_IND (7 bytes) in channel 37
116		  TX ---> 560702CE
117		Compose ADV_NONCONN_IND (7 bytes) in channel 37
118		  TX ---> 560702CE
119		Compose ADV_NONCONN_IND (7 bytes) in channel 37
120		  TX ---> 560702CE
121		Compose ADV_NONCONN_IND (7 bytes) in channel 37
122		  TX ---> 560702CE
123		Compose ADV_NONCONN_IND (7 bytes) in channel 37
124		  TX ---> 560702CE
125		Compose ADV_NONCONN_IND (7 bytes) in channel 37
126		  TX ---> 560702CE
127		Compose ADV_NONCONN_IND (7 bytes) in channel 37
128		  TX ---> 560702CE
129		Compose ADV_NONCONN_IND (7 bytes) in channel 37
130		  TX ---> 560702CE
131		Compose ADV_NONCONN_IND (7 bytes) in channel 37
132		  TX ---> 560702CE
133		Compose ADV_NONCONN_IND (7 bytes) in channel 37
134		  TX ---> 560702CE
135		Compose ADV_NONCONN_IND (7 bytes) in channel 37
136		  TX ---> 560702CE
137		Compose ADV_NONCONN_IND (7 bytes) in channel 37
138		  TX ---> 560702CE
139		Compose ADV_NONCONN_IND (7 bytes) in channel 37
140		  TX ---> 560702CE
141		Compose ADV_NONCONN_IND (7 bytes) in channel 37
142		  TX ---> 560702CE
143		Compose ADV_NONCONN_IND (7 bytes) in channel 37
144		  TX ---> 560702CE
145		Compose ADV_NONCONN_IND (7 bytes) in channel 37
146		  TX ---> 560702CE
147		Compose ADV_NONCONN_IND (7 bytes) in channel 37
148		  TX ---> 560702CE
149		Compose ADV_NONCONN_IND (7 bytes) in channel 37
150		  TX ---> 560702CE
151		Compose ADV_NONCONN_IND (7 bytes) in channel 37
152		  TX ---> 560702CE
153		Compose ADV_NONCONN_IND (7 bytes) in channel 37
154		  TX ---> 560702CE
155		Compose ADV_NONCONN_IND (7 bytes) in channel 37
156		  TX ---> 560702CE
157		Compose ADV_NONCONN_IND (7 bytes) in channel 37
158		  TX ---> 560702CE
159		Compose ADV_NONCONN_IND (7 bytes) in channel 37
160		  TX ---> 560702CE
161		Compose ADV_NONCONN_IND (7 bytes) in channel 37
162		  TX ---> 560702CE
163		Compose ADV_NONCONN_IND (7 bytes) in channel 37
164		  TX ---> 560702CE
165		Compose ADV_NONCONN_IND (7 bytes) in channel 37
166		  TX ---> 560702CE
167		Compose ADV_NONCONN_IND (7 bytes) in channel 37
168		  TX ---> 560702CE
169		Compose ADV_NONCONN_IND (7 bytes) in channel 37
170		  TX ---> 560702CE
171		Compose ADV_NONCONN_IND (7 bytes) in channel 37
172		  TX ---> 560702CE
173		Compose ADV_NONCONN_IND (7 bytes) in channel 37
174		  TX ---> 560702CE
175		Compose ADV_NONCONN_IND (7 bytes) in channel 37
176		  TX ---> 560702CE
177		Compose ADV_NONCONN_IND (7 bytes) in channel 37
178		  TX ---> 560702CE
179		Compose ADV_NONCONN_IND (7 bytes) in channel 37
180		  TX ---> 560702CE
181		Compose ADV_NONCONN_IND (7 bytes) in channel 37
182		  TX ---> 560702CE
183		Compose ADV_NONCONN_IND (7 bytes) in channel 37
184		  TX ---> 560702CE
185		Compose ADV_NONCONN_IND (7 bytes) in channel 37
186		  TX ---> 560702CE
187		Compose ADV_NONCONN_IND (7 bytes) in channel 37
188		  TX ---> 560702CE
189		Compose ADV_NONCONN_IND (7 bytes) in channel 37
190		  TX ---> 560702CE
191		Compose ADV_NONCONN_IND (7 bytes) in channel 37
192		  TX ---> 560702CE
193		Compose ADV_NONCONN_IND (7 bytes) in channel 37
194		  TX ---> 560702CE
195		Compose ADV_NONCONN_IND (7 bytes) in channel 37
196		  TX ---> 560702CE
197		Compose ADV_NONCONN_IND (7 bytes) in channel 37
198		  TX ---> 560702CE
199		Compose ADV_NONCONN_IND (7 bytes) in channel 37
200		  TX ---> 560702CE
201		Compose ADV_NONCONN_IND (7 bytes) in channel 37
202		  TX ---> 560702CE
203		Compose ADV_NONCONN_IND (7 bytes) in channel 37
204		  TX ---> 560702CE
205		Compose ADV_NONCONN_IND (7 bytes) in channel 37
206		  TX ---> 560702CE
207		Compose ADV_NONCONN_IND (7 bytes) in channel 37
208		  TX ---> 560702CE
209		Compose ADV_NONCONN_IND (7 bytes) in channel 37
210		  TX ---> 560702CE
211		Compose ADV_NONCONN_IND (7 bytes) in channel 37
212		  TX ---> 560702CE
213		Compose ADV_NONCONN_IND (7 bytes) in channel 37
214		  TX ---> 560702CE
215		Compose ADV_NONCONN_IND (7 bytes) in channel 37
216		  TX ---> 560702CE
217		Compose ADV_NONCONN_IND (7 bytes) in channel 37
218		  TX ---> 560702CE
219		Compose ADV_NONCONN_IND (7 bytes) in channel 37
220		  TX ---> 560702CE
221		Compose ADV_NONCONN_IND (7 bytes) in channel 37
222		  TX ---> 560702CE
223		Compose ADV_NONCONN_IND (7 bytes) in channel 37
224		  TX ---> 560702CE
225		Compose ADV_NONCONN_IND (7 bytes) in channel 37
226		  TX ---> 560702CE
227		Compose ADV_NONCONN_IND (7 bytes) in channel 37
228		  TX ---> 560702CE
229		Compose ADV_NONCONN_IND (7 bytes) in channel 37
230		  TX ---> 560702CE
231		Compose ADV_NONCONN_IND (7 bytes) in channel 37
232		  TX ---> 560702CE
233		Compose ADV_NONCONN_IND (7 bytes) in channel 37
234		  TX ---> 560702CE
235		Compose ADV_NONCONN_IND (7 bytes) in channel 37
236		  TX ---> 560702CE
237		Compose ADV_NONCONN_IND (7 bytes) in channel 37
238		  TX ---> 560702CE
239		Compose ADV_NONCONN_IND (7 bytes) in channel 37
240		  TX ---> 560702CE
241		Compose ADV_NONCONN_IND (7 bytes) in channel 37
242		  TX ---> 560702CE
243		Compose ADV_NONCONN_IND (7 bytes) in channel 37
244		  TX ---> 560702CE
245		Compose ADV_NONCONN_IND (7 bytes) in channel 37
246		  TX ---> 560702CE
247		Compose ADV_NONCONN_IND (7 bytes) in channel 37
248		  TX ---> 560702CE
249		Compose ADV_NONCONN_IND (7 bytes) in channel 37
250		  TX ---> 560702CE
251		Compose ADV_NONCONN_IND (7 bytes) in channel 37
252		  TX ---> 560702CE
253		Compose ADV_NONCONN_IND (7 bytes) in channel 37
254		  TX ---> 560702CE
255		Compose ADV_NONCONN_IND (7 bytes) in channel 37
256		  TX ---> 560702CE
257		Compose ADV_NONCONN_IND (7 bytes) in channel 37
258		  TX ---> 560702CE
259		Compose ADV_NONCONN_IND (7 bytes) in channel 37
260		  TX ---> 560702CE
261		Compose ADV_NONCONN_IND (7 bytes) in channel 37
262		  TX ---> 560702CE
263		Compose ADV_NONCONN_IND (7 bytes) in channel 37
264		  TX ---> 560702CE
265		Compose ADV_NONCONN_IND (7 bytes) in channel 37
266		  TX ---> 560702CE
267		Compose ADV_NONCONN_IND (7 bytes) in channel 37
268		  TX ---> 560702CE
269		Compose ADV_NONCONN_IND (7 bytes) in channel 37
270		  TX ---> 560702CE
271		Compose ADV_NONCONN_IND (7 bytes) in channel 37
272		  TX ---> 560702CE
273		Compose ADV_NONCONN_IND (7 bytes) in channel 37
274		  TX ---> 560702CE
275		Compose ADV_NONCONN_IND (7 bytes) in channel 37
276		  TX ---> 560702CE
277		Compose ADV_NONCONN_IND (7 bytes) in channel 37
278		  TX ---> 560702CE
279		Compose ADV_NONCONN_IND (7 bytes) in channel 37
280		  TX ---> 560702CE
281		Compose ADV_NONCONN_IND (7 bytes) in channel 37
282		  TX ---> 560702CE
283		Compose ADV_NONCONN_IND (7 bytes) in channel 37
284		  TX ---> 560702CE
285		Compose ADV_NONCONN_IND (7 bytes) in channel 37
286		  TX ---> 560702CE
287		Compose ADV_NONCONN_IND (7 bytes) in channel 37
288		  TX ---> 560702CE
289		Compose ADV_NONCONN_IND (7 bytes) in channel 37
290		  TX ---> 560702CE
291		Compose ADV_NONCONN_IND (7 bytes) in channel 37
292		  TX ---> 560702CE
293		Compose ADV_NONCONN_IND (7 bytes) in channel 37
294		  TX ---> 560702CE
295		Compose ADV_NONCONN_IND (7 bytes) in channel 37
296		  TX ---> 560702CE
297		Compose ADV_NONCONN_IND (7 bytes) in channel 37
298		  TX ---> 560702CE
299		Compose ADV_NONCONN_IND (7 bytes) in channel 37
300		  TX ---> 560702CE
301		Compose ADV_NONCONN_IND (7 bytes) in channel 37
302		  TX ---> 560702CE
303		Compose ADV_NONCONN_IND (7 bytes) in channel 37
304		  TX ---> 560702CE
305		Compose ADV_NONCONN_IND (7 bytes) in channel 37
306		  TX ---> 560702CE
307		Compose ADV_NONCONN_IND (7 bytes) in channel 37
308		  TX ---> 560702CE
309		Compose ADV_NONCONN_IND (7 bytes) in channel 37
310		  TX ---> 560702CE
311		Compose ADV_NONCONN_IND (7 bytes) in channel 37
312		  TX ---> 560702CE
313		Compose ADV_NONCONN_IND (7 bytes) in channel 37
314		  TX ---> 560702CE
315		Compose ADV_NONCONN_IND (7 bytes) in channel 37
316		  TX ---> 560702CE
317		Compose ADV_NONCONN_IND (7 bytes) in channel 37
318		  TX ---> 560702CE
319		Compose ADV_NONCONN_IND (7 bytes) in channel 37
320		  TX ---> 560702CE
321		Compose ADV_NONCONN_IND (7 bytes) in channel 37
322		  TX ---> 560702CE
323		Compose ADV_NONCONN_IND (7 bytes) in channel 37
324		  TX ---> 560702CE
325		Compose ADV_NONCONN_IND (7 bytes) in channel 37
326		  TX ---> 560702CE
327		Compose ADV_NONCONN_IND (7 bytes) in channel 37
328		  TX ---> 560702CE
329		Compose ADV_NONCONN_IND (7 bytes) in channel 37
330		  TX ---> 560702CE
331		Compose ADV_NONCONN_IND (7 bytes) in channel 37
332		  TX ---> 560702CE
333		Compose ADV_NONCONN_IND (7 bytes) in channel 37
334		  TX ---> 560702CE
335		Compose ADV_NONCONN_IND (7 bytes) in channel 37
336		  TX ---> 560702CE
337		Compose ADV_NONCONN_IND (7 bytes) in channel 37
338		  TX ---> 560702CE
339		Compose ADV_NONCONN_IND (7 bytes) in channel 37
340		  TX ---> 560702CE
341		Compose ADV_NONCONN_IND (7 bytes) in channel 37
342		  TX ---> 560702CE
343		Compose ADV_NONCONN_IND (7 bytes) in channel 37
344		  TX ---> 560702CE
345		Compose ADV_NONCONN_IND (7 bytes) in channel 37
346		  TX ---> 560702CE
347		Compose ADV_NONCONN_IND (7 bytes) in channel 37
348		  TX ---> 560702CE
349		Compose ADV_NONCONN_IND (7 bytes) in channel 37
350		  TX ---> 560702CE
351		Compose ADV_NONCONN_IND (7 bytes) in channel 37
352		  TX ---> 560702CE
353		Compose ADV_NONCONN_IND (7 bytes) in channel 37
354		  TX ---> 560702CE
355		Compose ADV_NONCONN_IND (7 bytes) in channel 37
356		  TX ---> 560702CE
357		Compose ADV_NONCONN_IND (7 bytes) in channel 37
358		  TX ---> 560702CE
359		Compose ADV_NONCONN_IND (7 bytes) in channel 37
360		  TX ---> 560702CE
361		Compose ADV_NONCONN_IND (7 bytes) in channel 37
362		  TX ---> 560702CE
363		Compose ADV_NONCONN_IND (7 bytes) in channel 37
364		  TX ---> 560702CE
365		Compose ADV_NONCONN_IND (7 bytes) in channel 37
366		  TX ---> 560702CE
367		Compose ADV_NONCONN_IND (7 bytes) in channel 37
368		  TX ---> 560702CE
369		Compose ADV_NONCONN_IND (7 bytes) in channel 37
370		  TX ---> 560702CE
371		Compose ADV_NONCONN_IND (7 bytes) in channel 37
372		  TX ---> 560702CE
373		Compose ADV_NONCONN_IND (7 bytes) in channel 37
374		  TX ---> 560702CE
375		Compose ADV_NONCONN_IND (7 bytes) in channel 37
376		  TX ---> 560702CE
377		Compose ADV_NONCONN_IND (7 bytes) in channel 37
378		  TX ---> 560702CE
379		Compose ADV_NONCONN_IND (7 bytes) in channel 37
380		  TX ---> 560702CE
381		Compose ADV_NONCONN_IND (7 bytes) in channel 37
382		  TX ---> 560702CE
383		Compose ADV_NONCONN_IND (7 bytes) in channel 37
384		  TX ---> 560702CE
385		Compose ADV_NONCONN_IND (7 bytes) in channel 37
386		  TX ---> 560702CE
387		Compose ADV_NONCONN_IND (7 bytes) in channel 37
388		  TX ---> 560702CE
389		Compose ADV_NONCONN_IND (7 bytes) in channel 37
390		  TX ---> 560702CE
391		Compose ADV_NONCONN_IND (7 bytes) in channel 37
392		  TX ---> 560702CE
393		Compose ADV_NONCONN_IND (7 bytes) in channel 37
394		  TX ---> 560702CE
395		Compose ADV_NONCONN_IND (7 bytes) in channel 37
396		  TX ---> 560702CE
397		Compose ADV_NONCONN_IND (7 bytes) in channel 37
398		  TX ---> 560702CE
399		Compose ADV_NONCONN_IND (7 bytes) in channel 37
400		  TX ---> 560702CE
401		Compose ADV_NONCONN_IND (7 bytes) in channel 37
402		  TX ---> 560702CE
403		Compose ADV_NONCONN_IND (7 bytes) in channel 37
404		  TX ---> 560702CE
405		Compose ADV_NONCONN_IND (7 bytes) in channel 37
406		  TX ---> 560702CE
407		Compose ADV_NONCONN_IND (7 bytes) in channel 37
408		  TX ---> 560702CE
409		Compose ADV_NONCONN_IND (7 bytes) in channel 37
410		  TX ---> 560702CE
411		Compose ADV_NONCONN_IND (7 bytes) in channel 37
412		  TX ---> 560702CE
413		Compose ADV_NONCONN_IND (7 bytes) in channel 37
414		  TX ---> 560702CE
415		Compose ADV_NONCONN_IND (7 bytes) in channel 37
416		  TX ---> 560702CE
417		Compose ADV_NONCONN_IND (7 bytes) in channel 37
418		  TX ---> 560702CE
419		Compose ADV_NONCONN_IND (7 bytes) in channel 37
420		  TX ---> 560702CE
421		Compose ADV_NONCONN_IND (7 bytes) in channel 37
422		  TX ---> 560702CE
423		Compose ADV_NONCONN_IND (7 bytes) in channel 37
424		  TX ---> 560702CE
425		Compose ADV_NONCONN_IND (7 bytes) in channel 37
426		  TX ---> 560702CE
427		Compose ADV_NONCONN_IND (7 bytes) in channel 37
428		  TX ---> 560702CE
429		Compose ADV_NONCONN_IND (7 bytes) in channel 37
430		  TX ---> 560702CE
431		Compose ADV_NONCONN_IND (7 bytes) in channel 37
432		  TX ---> 560702CE
433		Compose ADV_NONCONN_IND (7 bytes) in channel 37
434		  TX ---> 560702CE
435		Compose ADV_NONCONN_IND (7 bytes) in channel 37
436		  TX ---> 560702CE
437		Compose ADV_NONCONN_IND (7 bytes) in channel 37
438		  TX ---> 560702CE
439		Compose ADV_NONCONN_IND (7 bytes) in channel 37
440		  TX ---> 560702CE
441		Compose ADV_NONCONN_IND (7 bytes) in channel 37
442		  TX ---> 560702CE
443		Compose ADV_NONCONN_IND (7 bytes) in channel 37
444		  TX ---> 560702CE
445		Compose ADV_NONCONN_IND (7 bytes) in channel 37
446		  TX ---> 560702CE
447		Compose ADV_NONCONN_IND (7 bytes) in channel 37
448		  TX ---> 560702CE
449		Compose ADV_NONCONN_IND (7 bytes) in channel 37
450		  TX ---> 560702CE
451		Compose ADV_NONCONN_IND (7 bytes) in channel 37
452		  TX ---> 560702CE
453		Compose ADV_NONCONN_IND (7 bytes) in channel 37
454		  TX ---> 560702CE
455		Compose ADV_NONCONN_IND (7 bytes) in channel 37
456		  TX ---> 560702CE
457		Compose ADV_NONCONN_IND (7 bytes) in channel 37
458		  TX ---> 560702CE
459		Compose ADV_NONCONN_IND (7 bytes) in channel 37
460		  TX ---> 560702CE
461		Compose ADV_NONCONN_IND (7 bytes) in channel 37
462		  TX ---> 560702CE
463		Compose ADV_NONCONN_IND (7 bytes) in channel 37
464		  TX ---> 560702CE
465		Compose ADV_NONCONN_IND (7 bytes) in channel 37
466		  TX ---> 560702CE
467		Compose ADV_NONCONN_IND (7 bytes) in channel 37
468		  TX ---> 560702CE
469		Compose ADV_NONCONN_IND (7 bytes) in channel 37
470		  TX ---> 560702CE
471		Compose ADV_NONCONN_IND (7 bytes) in channel 37
472		  TX ---> 560702CE
473		Compose ADV_NONCONN_IND (7 bytes) in channel 37
474		  TX ---> 560702CE
475		Compose ADV_NONCONN_IND (7 bytes) in channel 37
476		  TX ---> 560702CE
477		Compose ADV_NONCONN_IND (7 bytes) in channel 37
478		  TX ---> 560702CE
479		Compose ADV_NONCONN_IND (7 bytes) in channel 37
480		  TX ---> 560702CE
481		Compose ADV_NONCONN_IND (7 bytes) in channel 37
482		  TX ---> 560702CE
483		Compose ADV_NONCONN_IND (7 bytes) in channel 37
484		  TX ---> 560702CE
485		Compose ADV_NONCONN_IND (7 bytes) in channel 37
486		  TX ---> 560702CE
487		Compose ADV_NONCONN_IND (7 bytes) in channel 37
488		  TX ---> 560702CE
489		Compose ADV_NONCONN_IND (7 bytes) in channel 37
490		  TX ---> 560702CE
491		Compose ADV_NONCONN_IND (7 bytes) in channel 37
492		  TX ---> 560702CE
493		Compose ADV_NONCONN_IND (7 bytes) in channel 37
494		  TX ---> 560702CE
495		Compose ADV_NONCONN_IND (7 bytes) in channel 37
496		  TX ---> 560702CE
497		Compose ADV_NONCONN_IND (7 bytes) in channel 37
498		  TX ---> 560702CE
499		Compose ADV_NONCONN_IND (7 bytes) in channel 37
500		  TX ---> 560702CE
501		Compose ADV_NONCONN_IND (7 bytes) in channel 37
502		  TX ---> 560702CE
503		Compose ADV_NONCONN_IND (7 bytes) in channel 37
504		  TX ---> 560702CE
505		Stop advertising...
506		Reset performs
507		Start advertising...
508		Compose ADV_NONCONN_IND (7 bytes) in channel 37
509		  TX ---> 5607028E
510		Compose ADV_NONCONN_IND (7 bytes) in channel 37
511		  TX ---> 5607028E
512		Compose ADV_NONCONN_IND (7 bytes) in channel 37
513		  TX ---> 5607028E
514		Compose ADV_NONCONN_IND (7 bytes) in channel 37
515		  TX ---> 5607028E
516		Compose ADV_NONCONN_IND (7 bytes) in channel 37
517		  TX ---> 5607028E
518		Compose ADV_NONCONN_IND (7 bytes) in channel 37
519		  TX ---> 5607028E
520		Compose ADV_NONCONN_IND (7 bytes) in channel 37
521		  TX ---> 5607028E
522		Compose ADV_NONCONN_IND (7 bytes) in channel 37
523		  TX ---> 5607028E
524		Compose ADV_NONCONN_IND (7 bytes) in channel 37
525		  TX ---> 5607028E
526		Compose ADV_NONCONN_IND (7 bytes) in channel 37
527		  TX ---> 5607028E
528		Compose ADV_NONCONN_IND (7 bytes) in channel 37
529		  TX ---> 5607028E
530		Compose ADV_NONCONN_IND (7 bytes) in channel 37
531		  TX ---> 5607028E
532		Compose ADV_NONCONN_IND (7 bytes) in channel 37
533		  TX ---> 5607028E
534		Compose ADV_NONCONN_IND (7 bytes) in channel 37
535		  TX ---> 5607028E
536		Compose ADV_NONCONN_IND (7 bytes) in channel 37
537		  TX ---> 5607028E
538		Compose ADV_NONCONN_IND (7 bytes) in channel 37
539		  TX ---> 5607028E
540		Compose ADV_NONCONN_IND (7 bytes) in channel 37
541		  TX ---> 5607028E
542		Compose ADV_NONCONN_IND (7 bytes) in channel 37
543		  TX ---> 5607028E
544		Compose ADV_NONCONN_IND (7 bytes) in channel 37
545		  TX ---> 5607028E
546		Compose ADV_NONCONN_IND (7 bytes) in channel 37
547		  TX ---> 5607028E
548		Compose ADV_NONCONN_IND (7 bytes) in channel 37
549		  TX ---> 5607028E
550		Compose ADV_NONCONN_IND (7 bytes) in channel 37
551		  TX ---> 5607028E
552		Compose ADV_NONCONN_IND (7 bytes) in channel 37
553		  TX ---> 5607028E
554		Compose ADV_NONCONN_IND (7 bytes) in channel 37
555		  TX ---> 5607028E
556		Compose ADV_NONCONN_IND (7 bytes) in channel 37
557		  TX ---> 5607028E
558		Compose ADV_NONCONN_IND (7 bytes) in channel 37
559		  TX ---> 5607028E
560		Compose ADV_NONCONN_IND (7 bytes) in channel 37
561		  TX ---> 5607028E
562		Compose ADV_NONCONN_IND (7 bytes) in channel 37
563		  TX ---> 5607028E
564		Compose ADV_NONCONN_IND (7 bytes) in channel 37
565		  TX ---> 5607028E
566		Compose ADV_NONCONN_IND (7 bytes) in channel 37
567		  TX ---> 5607028E
568		Compose ADV_NONCONN_IND (7 bytes) in channel 37
569		  TX ---> 5607028E
570		Compose ADV_NONCONN_IND (7 bytes) in channel 37
571		  TX ---> 5607028E
572		Compose ADV_NONCONN_IND (7 bytes) in channel 37
573		  TX ---> 5607028E
574		Compose ADV_NONCONN_IND (7 bytes) in channel 37
575		  TX ---> 5607028E
576		Compose ADV_NONCONN_IND (7 bytes) in channel 37
577		  TX ---> 5607028E
578		Compose ADV_NONCONN_IND (7 bytes) in channel 37
579		  TX ---> 5607028E
580		Compose ADV_NONCONN_IND (7 bytes) in channel 37
581		  TX ---> 5607028E
582		Compose ADV_NONCONN_IND (7 bytes) in channel 37
583		  TX ---> 5607028E
584		Compose ADV_NONCONN_IND (7 bytes) in channel 37
585		  TX ---> 5607028E
586		Compose ADV_NONCONN_IND (7 bytes) in channel 37
587		  TX ---> 5607028E
588		Compose ADV_NONCONN_IND (7 bytes) in channel 37
589		  TX ---> 5607028E
590		Compose ADV_NONCONN_IND (7 bytes) in channel 37
591		  TX ---> 5607028E
592		Compose ADV_NONCONN_IND (7 bytes) in channel 37
593		  TX ---> 5607028E
594		Compose ADV_NONCONN_IND (7 bytes) in channel 37
595		  TX ---> 5607028E
596		Compose ADV_NONCONN_IND (7 bytes) in channel 37
597		  TX ---> 5607028E
598		Compose ADV_NONCONN_IND (7 bytes) in channel 37
599		  TX ---> 5607028E
600		Compose ADV_NONCONN_IND (7 bytes) in channel 37
601		  TX ---> 5607028E
602		Compose ADV_NONCONN_IND (7 bytes) in channel 37
603		  TX ---> 5607028E
604		Compose ADV_NONCONN_IND (7 bytes) in channel 37
605		  TX ---> 5607028E
606		Compose ADV_NONCONN_IND (7 bytes) in channel 37
607		  TX ---> 5607028E
608		Compose ADV_NONCONN_IND (7 bytes) in channel 37
609		  TX ---> 5607028E
610		Compose ADV_NONCONN_IND (7 bytes) in channel 37
611		  TX ---> 5607028E
612		Compose ADV_NONCONN_IND (7 bytes) in channel 37
613		  TX ---> 5607028E
614		Compose ADV_NONCONN_IND (7 bytes) in channel 37
615		  TX ---> 5607028E
616		Compose ADV_NONCONN_IND (7 bytes) in channel 37
617		  TX ---> 5607028E
618		Compose ADV_NONCONN_IND (7 bytes) in channel 37
619		  TX ---> 5607028E
620		Compose ADV_NONCONN_IND (7 bytes) in channel 37
621		  TX ---> 5607028E
622		Compose ADV_NONCONN_IND (7 bytes) in channel 37
623		  TX ---> 5607028E
624		Compose ADV_NONCONN_IND (7 bytes) in channel 37
625		  TX ---> 5607028E
626		Compose ADV_NONCONN_IND (7 bytes) in channel 37
627		  TX ---> 5607028E
628		Compose ADV_NONCONN_IND (7 bytes) in channel 37
629		  TX ---> 5607028E
630		Compose ADV_NONCONN_IND (7 bytes) in channel 37
631		  TX ---> 5607028E
632		Compose ADV_NONCONN_IND (7 bytes) in channel 37
633		  TX ---> 5607028E
634		Compose ADV_NONCONN_IND (7 bytes) in channel 37
635		  TX ---> 5607028E
636		Compose ADV_NONCONN_IND (7 bytes) in channel 37
637		  TX ---> 5607028E
638		Compose ADV_NONCONN_IND (7 bytes) in channel 37
639		  TX ---> 5607028E
640		Compose ADV_NONCONN_IND (7 bytes) in channel 37
641		  TX ---> 5607028E
642		Compose ADV_NONCONN_IND (7 bytes) in channel 37
643		  TX ---> 5607028E
644		Compose ADV_NONCONN_IND (7 bytes) in channel 37
645		  TX ---> 5607028E
646		Compose ADV_NONCONN_IND (7 bytes) in channel 37
647		  TX ---> 5607028E
648		Compose ADV_NONCONN_IND (7 bytes) in channel 37
649		  TX ---> 5607028E
650		Compose ADV_NONCONN_IND (7 bytes) in channel 37
651		  TX ---> 5607028E
652		Compose ADV_NONCONN_IND (7 bytes) in channel 37
653		  TX ---> 5607028E
654		Compose ADV_NONCONN_IND (7 bytes) in channel 37
655		  TX ---> 5607028E
656		Compose ADV_NONCONN_IND (7 bytes) in channel 37
657		  TX ---> 5607028E
658		Compose ADV_NONCONN_IND (7 bytes) in channel 37
659		  TX ---> 5607028E
660		Compose ADV_NONCONN_IND (7 bytes) in channel 37
661		  TX ---> 5607028E
662		Compose ADV_NONCONN_IND (7 bytes) in channel 37
663		  TX ---> 5607028E
664		Compose ADV_NONCONN_IND (7 bytes) in channel 37
665		  TX ---> 5607028E
666		Compose ADV_NONCONN_IND (7 bytes) in channel 37
667		  TX ---> 5607028E
668		Compose ADV_NONCONN_IND (7 bytes) in channel 37
669		  TX ---> 5607028E
670		Compose ADV_NONCONN_IND (7 bytes) in channel 37
671		  TX ---> 5607028E
672		Compose ADV_NONCONN_IND (7 bytes) in channel 37
673		  TX ---> 5607028E
674		Compose ADV_NONCONN_IND (7 bytes) in channel 37
675		  TX ---> 5607028E
676		Compose ADV_NONCONN_IND (7 bytes) in channel 37
677		  TX ---> 5607028E
678		Compose ADV_NONCONN_IND (7 bytes) in channel 37
679		  TX ---> 5607028E
680		Compose ADV_NONCONN_IND (7 bytes) in channel 37
681		  TX ---> 5607028E
682		Compose ADV_NONCONN_IND (7 bytes) in channel 37
683		  TX ---> 5607028E
684		Compose ADV_NONCONN_IND (7 bytes) in channel 37
685		  TX ---> 5607028E
686		Compose ADV_NONCONN_IND (7 bytes) in channel 37
687		  TX ---> 5607028E
688		Compose ADV_NONCONN_IND (7 bytes) in channel 37
689		  TX ---> 5607028E
690		Compose ADV_NONCONN_IND (7 bytes) in channel 37
691		  TX ---> 5607028E
692		Compose ADV_NONCONN_IND (7 bytes) in channel 37
693		  TX ---> 5607028E
694		Compose ADV_NONCONN_IND (7 bytes) in channel 37
695		  TX ---> 5607028E
696		Compose ADV_NONCONN_IND (7 bytes) in channel 37
697		  TX ---> 5607028E
698		Compose ADV_NONCONN_IND (7 bytes) in channel 37
699		  TX ---> 5607028E
700		Compose ADV_NONCONN_IND (7 bytes) in channel 37
701		  TX ---> 5607028E
702		Compose ADV_NONCONN_IND (7 bytes) in channel 37
703		  TX ---> 5607028E
704		Compose ADV_NONCONN_IND (7 bytes) in channel 37
705		  TX ---> 5607028E
706		Compose ADV_NONCONN_IND (7 bytes) in channel 37
707		  TX ---> 5607028E
708		Compose ADV_NONCONN_IND (7 bytes) in channel 37
709		  TX ---> 5607028E
710		Compose ADV_NONCONN_IND (7 bytes) in channel 37
711		  TX ---> 5607028E
712		Compose ADV_NONCONN_IND (7 bytes) in channel 37
713		  TX ---> 5607028E
714		Compose ADV_NONCONN_IND (7 bytes) in channel 37
715		  TX ---> 5607028E
716		Compose ADV_NONCONN_IND (7 bytes) in channel 37
717		  TX ---> 5607028E
718		Compose ADV_NONCONN_IND (7 bytes) in channel 37
719		  TX ---> 5607028E
720		Compose ADV_NONCONN_IND (7 bytes) in channel 37
721		  TX ---> 5607028E
722		Compose ADV_NONCONN_IND (7 bytes) in channel 37
723		  TX ---> 5607028E
724		Compose ADV_NONCONN_IND (7 bytes) in channel 37
725		  TX ---> 5607028E
726		Compose ADV_NONCONN_IND (7 bytes) in channel 37
727		  TX ---> 5607028E
728		Compose ADV_NONCONN_IND (7 bytes) in channel 37
729		  TX ---> 5607028E
730		Compose ADV_NONCONN_IND (7 bytes) in channel 37
731		  TX ---> 5607028E
732		Compose ADV_NONCONN_IND (7 bytes) in channel 37
733		  TX ---> 5607028E
734		Compose ADV_NONCONN_IND (7 bytes) in channel 37
735		  TX ---> 5607028E
736		Compose ADV_NONCONN_IND (7 bytes) in channel 37
737		  TX ---> 5607028E
738		Compose ADV_NONCONN_IND (7 bytes) in channel 37
739		  TX ---> 5607028E
740		Compose ADV_NONCONN_IND (7 bytes) in channel 37
741		  TX ---> 5607028E
742		Compose ADV_NONCONN_IND (7 bytes) in channel 37
743		  TX ---> 5607028E
744		Compose ADV_NONCONN_IND (7 bytes) in channel 37
745		  TX ---> 5607028E
746		Compose ADV_NONCONN_IND (7 bytes) in channel 37
747		  TX ---> 5607028E
748		Compose ADV_NONCONN_IND (7 bytes) in channel 37
749		  TX ---> 5607028E
750		Compose ADV_NONCONN_IND (7 bytes) in channel 37
751		  TX ---> 5607028E
752		Compose ADV_NONCONN_IND (7 bytes) in channel 37
753		  TX ---> 5607028E
754		Compose ADV_NONCONN_IND (7 bytes) in channel 37
755		  TX ---> 5607028E
756		Compose ADV_NONCONN_IND (7 bytes) in channel 37
757		  TX ---> 5607028E
758		Compose ADV_NONCONN_IND (7 bytes) in channel 37
759		  TX ---> 5607028E
760		Compose ADV_NONCONN_IND (7 bytes) in channel 37
761		  TX ---> 5607028E
762		Compose ADV_NONCONN_IND (7 bytes) in channel 37
763		  TX ---> 5607028E
764		Compose ADV_NONCONN_IND (7 bytes) in channel 37
765		  TX ---> 5607028E
766		Compose ADV_NONCONN_IND (7 bytes) in channel 37
767		  TX ---> 5607028E
768		Compose ADV_NONCONN_IND (7 bytes) in channel 37
769		  TX ---> 5607028E
770		Compose ADV_NONCONN_IND (7 bytes) in channel 37
771		  TX ---> 5607028E
772		Compose ADV_NONCONN_IND (7 bytes) in channel 37
773		  TX ---> 5607028E
774		Compose ADV_NONCONN_IND (7 bytes) in channel 37
775		  TX ---> 5607028E
776		Compose ADV_NONCONN_IND (7 bytes) in channel 37
777		  TX ---> 5607028E
778		Compose ADV_NONCONN_IND (7 bytes) in channel 37
779		  TX ---> 5607028E
780		Compose ADV_NONCONN_IND (7 bytes) in channel 37
781		  TX ---> 5607028E
782		Compose ADV_NONCONN_IND (7 bytes) in channel 37
783		  TX ---> 5607028E
784		Compose ADV_NONCONN_IND (7 bytes) in channel 37
785		  TX ---> 5607028E
786		Compose ADV_NONCONN_IND (7 bytes) in channel 37
787		  TX ---> 5607028E
788		Compose ADV_NONCONN_IND (7 bytes) in channel 37
789		  TX ---> 5607028E
790		Compose ADV_NONCONN_IND (7 bytes) in channel 37
791		  TX ---> 5607028E
792		Compose ADV_NONCONN_IND (7 bytes) in channel 37
793		  TX ---> 5607028E
794		Compose ADV_NONCONN_IND (7 bytes) in channel 37
795		  TX ---> 5607028E
796		Compose ADV_NONCONN_IND (7 bytes) in channel 37
797		  TX ---> 5607028E
798		Compose ADV_NONCONN_IND (7 bytes) in channel 37
799		  TX ---> 5607028E
800		Compose ADV_NONCONN_IND (7 bytes) in channel 37
801		  TX ---> 5607028E
802		Compose ADV_NONCONN_IND (7 bytes) in channel 37
803		  TX ---> 5607028E
804		Compose ADV_NONCONN_IND (7 bytes) in channel 37
805		  TX ---> 5607028E
806		Compose ADV_NONCONN_IND (7 bytes) in channel 37
807		  TX ---> 5607028E
808		Compose ADV_NONCONN_IND (7 bytes) in channel 37
809		  TX ---> 5607028E
810		Compose ADV_NONCONN_IND (7 bytes) in channel 37
811		  TX ---> 5607028E
812		Compose ADV_NONCONN_IND (7 bytes) in channel 37
813		  TX ---> 5607028E
814		Compose ADV_NONCONN_IND (7 bytes) in channel 37
815		  TX ---> 5607028E
816		Compose ADV_NONCONN_IND (7 bytes) in channel 37
817		  TX ---> 5607028E
818		Compose ADV_NONCONN_IND (7 bytes) in channel 37
819		  TX ---> 5607028E
820		Compose ADV_NONCONN_IND (7 bytes) in channel 37
821		  TX ---> 5607028E
822		Compose ADV_NONCONN_IND (7 bytes) in channel 37
823		  TX ---> 5607028E
824		Compose ADV_NONCONN_IND (7 bytes) in channel 37
825		  TX ---> 5607028E
826		Compose ADV_NONCONN_IND (7 bytes) in channel 37
827		  TX ---> 5607028E
828		Compose ADV_NONCONN_IND (7 bytes) in channel 37
829		  TX ---> 5607028E
830		Compose ADV_NONCONN_IND (7 bytes) in channel 37
831		  TX ---> 5607028E
832		Compose ADV_NONCONN_IND (7 bytes) in channel 37
833		  TX ---> 5607028E
834		Compose ADV_NONCONN_IND (7 bytes) in channel 37
835		  TX ---> 5607028E
836		Compose ADV_NONCONN_IND (7 bytes) in channel 37
837		  TX ---> 5607028E
838		Compose ADV_NONCONN_IND (7 bytes) in channel 37
839		  TX ---> 5607028E
840		Compose ADV_NONCONN_IND (7 bytes) in channel 37
841		  TX ---> 5607028E
842		Compose ADV_NONCONN_IND (7 bytes) in channel 37
843		  TX ---> 5607028E
844		Compose ADV_NONCONN_IND (7 bytes) in channel 37
845		  TX ---> 5607028E
846		Compose ADV_NONCONN_IND (7 bytes) in channel 37
847		  TX ---> 5607028E
848		Compose ADV_NONCONN_IND (7 bytes) in channel 37
849		  TX ---> 5607028E
850		Compose ADV_NONCONN_IND (7 bytes) in channel 37
851		  TX ---> 5607028E
852		Compose ADV_NONCONN_IND (7 bytes) in channel 37
853		  TX ---> 5607028E
854		Compose ADV_NONCONN_IND (7 bytes) in channel 37
855		  TX ---> 5607028E
856		Compose ADV_NONCONN_IND (7 bytes) in channel 37
857		  TX ---> 5607028E
858		Compose ADV_NONCONN_IND (7 bytes) in channel 37
859		  TX ---> 5607028E
860		Compose ADV_NONCONN_IND (7 bytes) in channel 37
861		  TX ---> 5607028E
862		Compose ADV_NONCONN_IND (7 bytes) in channel 37
863		  TX ---> 5607028E
864		Compose ADV_NONCONN_IND (7 bytes) in channel 37
865		  TX ---> 5607028E
866		Compose ADV_NONCONN_IND (7 bytes) in channel 37
867		  TX ---> 5607028E
868		Compose ADV_NONCONN_IND (7 bytes) in channel 37
869		  TX ---> 5607028E
870		Compose ADV_NONCONN_IND (7 bytes) in channel 37
871		  TX ---> 5607028E
872		Compose ADV_NONCONN_IND (7 bytes) in channel 37
873		  TX ---> 5607028E
874		Compose ADV_NONCONN_IND (7 bytes) in channel 37
875		  TX ---> 5607028E
876		Compose ADV_NONCONN_IND (7 bytes) in channel 37
877		  TX ---> 5607028E
878		Compose ADV_NONCONN_IND (7 bytes) in channel 37
879		  TX ---> 5607028E
880		Compose ADV_NONCONN_IND (7 bytes) in channel 37
881		  TX ---> 5607028E
882		Compose ADV_NONCONN_IND (7 bytes) in channel 37
883		  TX ---> 5607028E
884		Compose ADV_NONCONN_IND (7 bytes) in channel 37
885		  TX ---> 5607028E
886		Compose ADV_NONCONN_IND (7 bytes) in channel 37
887		  TX ---> 5607028E
888		Compose ADV_NONCONN_IND (7 bytes) in channel 37
889		  TX ---> 5607028E
890		Compose ADV_NONCONN_IND (7 bytes) in channel 37
891		  TX ---> 5607028E
892		Compose ADV_NONCONN_IND (7 bytes) in channel 37
893		  TX ---> 5607028E
894		Compose ADV_NONCONN_IND (7 bytes) in channel 37
895		  TX ---> 5607028E
896		Compose ADV_NONCONN_IND (7 bytes) in channel 37
897		  TX ---> 5607028E
898		Compose ADV_NONCONN_IND (7 bytes) in channel 37
899		  TX ---> 5607028E
900		Compose ADV_NONCONN_IND (7 bytes) in channel 37
901		  TX ---> 5607028E
902		Compose ADV_NONCONN_IND (7 bytes) in channel 37
903		  TX ---> 5607028E
904		Compose ADV_NONCONN_IND (7 bytes) in channel 37
905		  TX ---> 5607028E
906		Compose ADV_NONCONN_IND (7 bytes) in channel 37
907		  TX ---> 5607028E
908		Compose ADV_NONCONN_IND (7 bytes) in channel 37
909		  TX ---> 5607028E
910		Compose ADV_NONCONN_IND (7 bytes) in channel 37
911		  TX ---> 5607028E
912		Compose ADV_NONCONN_IND (7 bytes) in channel 37
913		  TX ---> 5607028E
914		Compose ADV_NONCONN_IND (7 bytes) in channel 37
915		  TX ---> 5607028E
916		Compose ADV_NONCONN_IND (7 bytes) in channel 37
917		  TX ---> 5607028E
918		Compose ADV_NONCONN_IND (7 bytes) in channel 37
919		  TX ---> 5607028E
920		Compose ADV_NONCONN_IND (7 bytes) in channel 37
921		  TX ---> 5607028E
922		Compose ADV_NONCONN_IND (7 bytes) in channel 37
923		  TX ---> 5607028E
924		Compose ADV_NONCONN_IND (7 bytes) in channel 37
925		  TX ---> 5607028E
926		Compose ADV_NONCONN_IND (7 bytes) in channel 37
927		  TX ---> 5607028E
928		Compose ADV_NONCONN_IND (7 bytes) in channel 37
929		  TX ---> 5607028E
930		Compose ADV_NONCONN_IND (7 bytes) in channel 37
931		  TX ---> 5607028E
932		Compose ADV_NONCONN_IND (7 bytes) in channel 37
933		  TX ---> 5607028E
934		Compose ADV_NONCONN_IND (7 bytes) in channel 37
935		  TX ---> 5607028E
936		Compose ADV_NONCONN_IND (7 bytes) in channel 37
937		  TX ---> 5607028E
938		Compose ADV_NONCONN_IND (7 bytes) in channel 37
939		  TX ---> 5607028E
940		Compose ADV_NONCONN_IND (7 bytes) in channel 37
941		  TX ---> 5607028E
942		Compose ADV_NONCONN_IND (7 bytes) in channel 37
943		  TX ---> 5607028E
944		Compose ADV_NONCONN_IND (7 bytes) in channel 37
945		  TX ---> 5607028E
946		Compose ADV_NONCONN_IND (7 bytes) in channel 37
947		  TX ---> 5607028E
948		Compose ADV_NONCONN_IND (7 bytes) in channel 37
949		  TX ---> 5607028E
950		Compose ADV_NONCONN_IND (7 bytes) in channel 37
951		  TX ---> 5607028E
952		Compose ADV_NONCONN_IND (7 bytes) in channel 37
953		  TX ---> 5607028E
954		Compose ADV_NONCONN_IND (7 bytes) in channel 37
955		  TX ---> 5607028E
956		Compose ADV_NONCONN_IND (7 bytes) in channel 37
957		  TX ---> 5607028E
958		Compose ADV_NONCONN_IND (7 bytes) in channel 37
959		  TX ---> 5607028E
960		Compose ADV_NONCONN_IND (7 bytes) in channel 37
961		  TX ---> 5607028E
962		Compose ADV_NONCONN_IND (7 bytes) in channel 37
963		  TX ---> 5607028E
964		Compose ADV_NONCONN_IND (7 bytes) in channel 37
965		  TX ---> 5607028E
966		Compose ADV_NONCONN_IND (7 bytes) in channel 37
967		  TX ---> 5607028E
968		Compose ADV_NONCONN_IND (7 bytes) in channel 37
969		  TX ---> 5607028E
970		Compose ADV_NONCONN_IND (7 bytes) in channel 37
971		  TX ---> 5607028E
972		Compose ADV_NONCONN_IND (7 bytes) in channel 37
973		  TX ---> 5607028E
974		Compose ADV_NONCONN_IND (7 bytes) in channel 37
975		  TX ---> 5607028E
976		Compose ADV_NONCONN_IND (7 bytes) in channel 37
977		  TX ---> 5607028E
978		Compose ADV_NONCONN_IND (7 bytes) in channel 37
979		  TX ---> 5607028E
980		Compose ADV_NONCONN_IND (7 bytes) in channel 37
981		  TX ---> 5607028E
982		Compose ADV_NONCONN_IND (7 bytes) in channel 37
983		  TX ---> 5607028E
984		Compose ADV_NONCONN_IND (7 bytes) in channel 37
985		  TX ---> 5607028E
986		Compose ADV_NONCONN_IND (7 bytes) in channel 37
987		  TX ---> 5607028E
988		Compose ADV_NONCONN_IND (7 bytes) in channel 37
989		  TX ---> 5607028E
990		Compose ADV_NONCONN_IND (7 bytes) in channel 37
991		  TX ---> 5607028E
992		Compose ADV_NONCONN_IND (7 bytes) in channel 37
993		  TX ---> 5607028E
994		Compose ADV_NONCONN_IND (7 bytes) in channel 37
995		  TX ---> 5607028E
996		Compose ADV_NONCONN_IND (7 bytes) in channel 37
997		  TX ---> 5607028E
998		Compose ADV_NONCONN_IND (7 bytes) in channel 37
999		  TX ---> 5607028E
1000		Compose ADV_NONCONN_IND (7 bytes) in channel 37
1001		  TX ---> 5607028E
1002		Compose ADV_NONCONN_IND (7 bytes) in channel 37
1003		  TX ---> 5607028E
1004		Compose ADV_NONCONN_IND (7 bytes) in channel 37
1005		  TX ---> 5607028E
1006		Compose ADV_NONCONN_IND (7 bytes) in channel 37
1007		  TX ---> 5607028E
1008		Stop advertising...

Statistic PDUs
==============
Reception:
 0 	Advertising
 0 	Empty
 0 	Data
 0 	Control
 0 	CRC Failed
 0 	TOTAL
Transmission:
 501 	Advertising
 0 	Empty
 0 	Data
 0 	Control
 501 	TOTAL

