Final Verdict: PASS
      
Layer:     LL
Test Case: TC_ENC_SCN_BI_01
Date:      14/12/15
Time:      21:47:13

00:00:00:006382  Lower                                                                                                                          Upper
00:00:00:006401  Tester                                                            IUT                                                         Tester
00:00:00:006417     |                                                               |                                                             |
00:00:00:091448   ___________________________________________________________________________________________________________________________________ 
00:00:00:091448  |                                                          Tester is RESET                                                          |
00:00:00:091448  |___________________________________________________________________________________________________________________________________|
00:00:00:594235   ___________________________________________________________________________________________________________________________________ 
00:00:00:594235  |                                             Tester's user friendly name is configured                                             |
00:00:00:594235  |___________________________________________________________________________________________________________________________________|
00:00:00:598345   ___________________________________________________________________________________________________________________________________ 
00:00:00:598345  |                                               Tester's device address is configured                                               |
00:00:00:598345  |___________________________________________________________________________________________________________________________________|
00:00:00:602249   ___________________________________________________________________________________________________________________________________ 
00:00:00:602249  |                                        IUT's device address is included in the White List                                         |
00:00:00:602249  |___________________________________________________________________________________________________________________________________|
00:00:00:609709     |                                                               |                                                             |
00:00:00:609709     |                                                               |                                                   HCI_RESET |
00:00:00:609709     |                                                               |<------------------------------------------------------------|
00:00:00:896060     |                                                               |                                                             |
00:00:00:896060     |                                                               |HCI_COMMAND_COMPLETE_EVENT                                   |
00:00:00:896060     |                                                               |------------------------------------------------------------>|
00:00:00:896060     |                                                               |(HCI_RESET, Status: Success - 0x00)                          |
00:00:00:909369     |                                                               |                                                             |
00:00:00:909369     |                                                               |                           HCI_READ_LOCAL_SUPPORTED_FEATURES |
00:00:00:909369     |                                                               |<------------------------------------------------------------|
00:00:01:179472     |                                                               |                                                             |
00:00:01:179472     |                                                               |HCI_COMMAND_COMPLETE_EVENT                                   |
00:00:01:179472     |                                                               |------------------------------------------------------------>|
00:00:01:179472     |                                                               |(HCI_READ_LOCAL_SUPPORTED_FEATURES, Status: Success - 0x00)  |
00:00:01:191036     |                                                               |                                                             |
00:00:01:191036     |                                                               |                                          HCI_SET_EVENT_MASK |
00:00:01:191036     |                                                               |<------------------------------------------------------------|
00:00:01:309523     |                                                               |                                                             |
00:00:01:309523     |                                                               |HCI_COMMAND_COMPLETE_EVENT                                   |
00:00:01:309523     |                                                               |------------------------------------------------------------>|
00:00:01:309523     |                                                               |(HCI_SET_EVENT_MASK, Status: Success - 0x00)                 |
00:00:01:320532     |                                                               |                                                             |
00:00:01:320532     |                                                               |                                       HCI_LE_SET_EVENT_MASK |
00:00:01:320532     |                                                               |<------------------------------------------------------------|
00:00:01:437842     |                                                               |                                                             |
00:00:01:437842     |                                                               |HCI_COMMAND_COMPLETE_EVENT                                   |
00:00:01:437842     |                                                               |------------------------------------------------------------>|
00:00:01:437842     |                                                               |(HCI_LE_SET_EVENT_MASK, Status: Success - 0x00)              |
00:00:01:450985     |                                                               |                                                             |
00:00:01:450985     |                                                               |                                            HCI_READ_BD_ADDR |
00:00:01:450985     |                                                               |<------------------------------------------------------------|
00:00:01:561930     |                                                               |                                                             |
00:00:01:561930     |                                                               |HCI_COMMAND_COMPLETE_EVENT                                   |
00:00:01:561930     |                                                               |------------------------------------------------------------>|
00:00:01:561930     |                                                               |(HCI_READ_BD_ADDR, Status: Success - 0x00)                   |
00:00:01:577027     |                                                               |                                                             |
00:00:01:577027     |                                                               |                                  HCI_LE_SET_SCAN_PARAMETERS |
00:00:01:577027     |                                                               |<------------------------------------------------------------|
00:00:01:692400     |                                                               |                                                             |
00:00:01:692400     |                                                               |HCI_COMMAND_COMPLETE_EVENT                                   |
00:00:01:692400     |                                                               |------------------------------------------------------------>|
00:00:01:692400     |                                                               |(HCI_LE_SET_SCAN_PARAMETERS, Status: Success - 0x00)         |
00:00:01:713020     |                                                               |                                                             |
00:00:01:713020     |                                                               |                                      HCI_LE_SET_SCAN_ENABLE |
00:00:01:713020     |                                                               |<------------------------------------------------------------|
00:00:01:713020     |                                                               |                                    (Advertise Enable: 0x01) |
00:00:01:904035     |                                                               |                                                             |
00:00:01:904035     |                                                               |HCI_COMMAND_COMPLETE_EVENT                                   |
00:00:01:904035     |                                                               |------------------------------------------------------------>|
00:00:01:904035     |                                                               |(HCI_LE_SET_SCAN_ENABLE, Status: Success - 0x00)             |
00:00:01:919203   ___________________________________________________________________________________________________________________________________ 
00:00:01:919203  |                                       Tester is configured to send ADV_NONCONN_IND packets                                        |
00:00:01:919203  |___________________________________________________________________________________________________________________________________|
00:00:01:924817   ___________________________________________________________________________________________________________________________________ 
00:00:01:924817  |                                                Advertise channel map is configured                                                |
00:00:01:924817  |___________________________________________________________________________________________________________________________________|
00:00:01:928389   ___________________________________________________________________________________________________________________________________ 
00:00:01:928389  |                                                   Advertise data are configured                                                   |
00:00:01:928389  |___________________________________________________________________________________________________________________________________|
00:00:01:936454   ___________________________________________________________________________________________________________________________________ 
00:00:01:936454  |                                                     Tester starts Advertising                                                     |
00:00:01:936454  |___________________________________________________________________________________________________________________________________|
00:00:07:941139   ___________________________________________________________________________________________________________________________________ 
00:00:07:941139  |                                                     Tester stops Advertising                                                      |
00:00:07:941139  |___________________________________________________________________________________________________________________________________|
00:00:07:946910     |                                                               |                                                             |
00:00:07:946910     |                                                               |                                      HCI_LE_SET_SCAN_ENABLE |
00:00:07:946910     |                                                               |<------------------------------------------------------------|
00:00:07:946910     |                                                               |                                    (Advertise Enable: 0x00) |
00:00:08:076319     |                                                               |                                                             |
00:00:08:076319     |                                                               |HCI_COMMAND_COMPLETE_EVENT                                   |
00:00:08:076319     |                                                               |------------------------------------------------------------>|
00:00:08:076319     |                                                               |(HCI_LE_SET_SCAN_ENABLE, Status: Success - 0x00)             |
00:00:08:093303   ___________________________________________________________________________________________________________________________________ 
00:00:08:093303  |                                                          Tester is RESET                                                          |
00:00:08:093303  |___________________________________________________________________________________________________________________________________|
00:00:08:096977   ___________________________________________________________________________________________________________________________________ 
00:00:08:096977  |                                             Tester's user friendly name is configured                                             |
00:00:08:096977  |___________________________________________________________________________________________________________________________________|
00:00:08:100797   ___________________________________________________________________________________________________________________________________ 
00:00:08:100797  |                                               Tester's device address is configured                                               |
00:00:08:100797  |___________________________________________________________________________________________________________________________________|
00:00:08:104366   ___________________________________________________________________________________________________________________________________ 
00:00:08:104366  |                                        IUT's device address is included in the White List                                         |
00:00:08:104366  |___________________________________________________________________________________________________________________________________|
00:00:08:111429     |                                                               |                                                             |
00:00:08:111429     |                                                               |                                                   HCI_RESET |
00:00:08:111429     |                                                               |<------------------------------------------------------------|
00:00:08:329283     |                                                               |                                                             |
00:00:08:329283     |                                                               |HCI_COMMAND_COMPLETE_EVENT                                   |
00:00:08:329283     |                                                               |------------------------------------------------------------>|
00:00:08:329283     |                                                               |(HCI_RESET, Status: Success - 0x00)                          |
00:00:08:340215     |                                                               |                                                             |
00:00:08:340215     |                                                               |                           HCI_READ_LOCAL_SUPPORTED_FEATURES |
00:00:08:340215     |                                                               |<------------------------------------------------------------|
00:00:08:523207     |                                                               |                                                             |
00:00:08:523207     |                                                               |HCI_COMMAND_COMPLETE_EVENT                                   |
00:00:08:523207     |                                                               |------------------------------------------------------------>|
00:00:08:523207     |                                                               |(HCI_READ_LOCAL_SUPPORTED_FEATURES, Status: Success - 0x00)  |
00:00:08:534863     |                                                               |                                                             |
00:00:08:534863     |                                                               |                                          HCI_SET_EVENT_MASK |
00:00:08:534863     |                                                               |<------------------------------------------------------------|
00:00:08:642114     |                                                               |                                                             |
00:00:08:642114     |                                                               |HCI_COMMAND_COMPLETE_EVENT                                   |
00:00:08:642114     |                                                               |------------------------------------------------------------>|
00:00:08:642114     |                                                               |(HCI_SET_EVENT_MASK, Status: Success - 0x00)                 |
00:00:08:653773     |                                                               |                                                             |
00:00:08:653773     |                                                               |                                       HCI_LE_SET_EVENT_MASK |
00:00:08:653773     |                                                               |<------------------------------------------------------------|
00:00:08:763170     |                                                               |                                                             |
00:00:08:763170     |                                                               |HCI_COMMAND_COMPLETE_EVENT                                   |
00:00:08:763170     |                                                               |------------------------------------------------------------>|
00:00:08:763170     |                                                               |(HCI_LE_SET_EVENT_MASK, Status: Success - 0x00)              |
00:00:08:776520     |                                                               |                                                             |
00:00:08:776520     |                                                               |                                            HCI_READ_BD_ADDR |
00:00:08:776520     |                                                               |<------------------------------------------------------------|
00:00:08:891937     |                                                               |                                                             |
00:00:08:891937     |                                                               |HCI_COMMAND_COMPLETE_EVENT                                   |
00:00:08:891937     |                                                               |------------------------------------------------------------>|
00:00:08:891937     |                                                               |(HCI_READ_BD_ADDR, Status: Success - 0x00)                   |
00:00:08:905040     |                                                               |                                                             |
00:00:08:905040     |                                                               |                                  HCI_LE_SET_SCAN_PARAMETERS |
00:00:08:905040     |                                                               |<------------------------------------------------------------|
00:00:09:024084     |                                                               |                                                             |
00:00:09:024084     |                                                               |HCI_COMMAND_COMPLETE_EVENT                                   |
00:00:09:024084     |                                                               |------------------------------------------------------------>|
00:00:09:024084     |                                                               |(HCI_LE_SET_SCAN_PARAMETERS, Status: Success - 0x00)         |
00:00:09:035991     |                                                               |                                                             |
00:00:09:035991     |                                                               |                                      HCI_LE_SET_SCAN_ENABLE |
00:00:09:035991     |                                                               |<------------------------------------------------------------|
00:00:09:035991     |                                                               |                                    (Advertise Enable: 0x01) |
00:00:09:164333     |                                                               |                                                             |
00:00:09:164333     |                                                               |HCI_COMMAND_COMPLETE_EVENT                                   |
00:00:09:164333     |                                                               |------------------------------------------------------------>|
00:00:09:164333     |                                                               |(HCI_LE_SET_SCAN_ENABLE, Status: Success - 0x00)             |
00:00:09:179666   ___________________________________________________________________________________________________________________________________ 
00:00:09:179666  |                                       Tester is configured to send ADV_NONCONN_IND packets                                        |
00:00:09:179666  |___________________________________________________________________________________________________________________________________|
00:00:09:184976   ___________________________________________________________________________________________________________________________________ 
00:00:09:184976  |                                                Advertise channel map is configured                                                |
00:00:09:184976  |___________________________________________________________________________________________________________________________________|
00:00:09:188615   ___________________________________________________________________________________________________________________________________ 
00:00:09:188615  |                                                   Advertise data are configured                                                   |
00:00:09:188615  |___________________________________________________________________________________________________________________________________|
00:00:09:196335   ___________________________________________________________________________________________________________________________________ 
00:00:09:196335  |                                                     Tester starts Advertising                                                     |
00:00:09:196335  |___________________________________________________________________________________________________________________________________|
00:00:15:198582   ___________________________________________________________________________________________________________________________________ 
00:00:15:198582  |                                                     Tester stops Advertising                                                      |
00:00:15:198582  |___________________________________________________________________________________________________________________________________|
00:00:15:202092     |                                                               |                                                             |
00:00:15:202092     |                                                               |                                      HCI_LE_SET_SCAN_ENABLE |
00:00:15:202092     |                                                               |<------------------------------------------------------------|
00:00:15:202092     |                                                               |                                    (Advertise Enable: 0x00) |
00:00:15:326730     |                                                               |                                                             |
00:00:15:326730     |                                                               |HCI_COMMAND_COMPLETE_EVENT                                   |
00:00:15:326730     |                                                               |------------------------------------------------------------>|
00:00:15:326730     |                                                               |(HCI_LE_SET_SCAN_ENABLE, Status: Success - 0x00)             |
