Final Verdict: PASS
      
Layer:     LL
Test Case: TC_DDI_ADV_BV_03
Date:      14/12/15
Time:      19:39:12

00:00:00:008990  Lower                                                                                                                          Upper
00:00:00:009009  Tester                                                            IUT                                                         Tester
00:00:00:009025     |                                                               |                                                             |
00:00:00:090819   ___________________________________________________________________________________________________________________________________ 
00:00:00:090819  |                                                          Tester is RESET                                                          |
00:00:00:090819  |___________________________________________________________________________________________________________________________________|
00:00:00:588587   ___________________________________________________________________________________________________________________________________ 
00:00:00:588587  |                                             Tester's user friendly name is configured                                             |
00:00:00:588587  |___________________________________________________________________________________________________________________________________|
00:00:00:592687   ___________________________________________________________________________________________________________________________________ 
00:00:00:592687  |                                               Tester's device address is configured                                               |
00:00:00:592687  |___________________________________________________________________________________________________________________________________|
00:00:00:596607   ___________________________________________________________________________________________________________________________________ 
00:00:00:596607  |                                        IUT's device address is included in the White List                                         |
00:00:00:596607  |___________________________________________________________________________________________________________________________________|
00:00:00:604344     |                                                               |                                                             |
00:00:00:604344     |                                                               |                                                   HCI_RESET |
00:00:00:604344     |                                                               |<------------------------------------------------------------|
00:00:00:876515     |                                                               |                                                             |
00:00:00:876515     |                                                               |HCI_COMMAND_COMPLETE_EVENT                                   |
00:00:00:876515     |                                                               |------------------------------------------------------------>|
00:00:00:876515     |                                                               |(HCI_RESET, Status: Success - 0x00)                          |
00:00:00:889321     |                                                               |                                                             |
00:00:00:889321     |                                                               |                           HCI_READ_LOCAL_SUPPORTED_FEATURES |
00:00:00:889321     |                                                               |<------------------------------------------------------------|
00:00:01:161269     |                                                               |                                                             |
00:00:01:161269     |                                                               |HCI_COMMAND_COMPLETE_EVENT                                   |
00:00:01:161269     |                                                               |------------------------------------------------------------>|
00:00:01:161269     |                                                               |(HCI_READ_LOCAL_SUPPORTED_FEATURES, Status: Success - 0x00)  |
00:00:01:173281     |                                                               |                                                             |
00:00:01:173281     |                                                               |                                          HCI_SET_EVENT_MASK |
00:00:01:173281     |                                                               |<------------------------------------------------------------|
00:00:01:298084     |                                                               |                                                             |
00:00:01:298084     |                                                               |HCI_COMMAND_COMPLETE_EVENT                                   |
00:00:01:298084     |                                                               |------------------------------------------------------------>|
00:00:01:298084     |                                                               |(HCI_SET_EVENT_MASK, Status: Success - 0x00)                 |
00:00:01:309364     |                                                               |                                                             |
00:00:01:309364     |                                                               |                                       HCI_LE_SET_EVENT_MASK |
00:00:01:309364     |                                                               |<------------------------------------------------------------|
00:00:01:419792     |                                                               |                                                             |
00:00:01:419792     |                                                               |HCI_COMMAND_COMPLETE_EVENT                                   |
00:00:01:419792     |                                                               |------------------------------------------------------------>|
00:00:01:419792     |                                                               |(HCI_LE_SET_EVENT_MASK, Status: Success - 0x00)              |
00:00:01:431568     |                                                               |                                                             |
00:00:01:431568     |                                                               |                                            HCI_READ_BD_ADDR |
00:00:01:431568     |                                                               |<------------------------------------------------------------|
00:00:01:545337     |                                                               |                                                             |
00:00:01:545337     |                                                               |HCI_COMMAND_COMPLETE_EVENT                                   |
00:00:01:545337     |                                                               |------------------------------------------------------------>|
00:00:01:545337     |                                                               |(HCI_READ_BD_ADDR, Status: Success - 0x00)                   |
00:00:01:558946     |                                                               |                                                             |
00:00:01:558946     |                                                               |                           HCI_LE_SET_ADVERTISING_PARAMETERS |
00:00:01:558946     |                                                               |<------------------------------------------------------------|
00:00:01:677036     |                                                               |                                                             |
00:00:01:677036     |                                                               |HCI_COMMAND_COMPLETE_EVENT                                   |
00:00:01:677036     |                                                               |------------------------------------------------------------>|
00:00:01:677036     |                                                               |(HCI_LE_SET_ADVERTISING_PARAMETERS, Status: Success - 0x00)  |
00:00:01:737985     |                                                               |                                                             |
00:00:01:737985     |                                                               |                                 HCI_LE_SET_ADVERTISING_DATA |
00:00:01:737985     |                                                               |<------------------------------------------------------------|
00:00:01:862699     |                                                               |                                                             |
00:00:01:862699     |                                                               |HCI_COMMAND_COMPLETE_EVENT                                   |
00:00:01:862699     |                                                               |------------------------------------------------------------>|
00:00:01:862699     |                                                               |(HCI_LE_SET_ADVERTISING_DATA, Status: Success - 0x00)        |
00:00:01:876008   ___________________________________________________________________________________________________________________________________ 
00:00:01:876008  |                                      Tester is configured to monitor ADV_NONCONN_IND packets                                      |
00:00:01:876008  |___________________________________________________________________________________________________________________________________|
00:00:01:882181     |                                                               |                                                             |
00:00:01:882181     |                                                               |                                 HCI_LE_SET_ADVERTISE_ENABLE |
00:00:01:882181     |                                                               |<------------------------------------------------------------|
00:00:01:882181     |                                                               |                                    (Advertise Enable: 0x01) |
00:00:02:035072     |                                                               |                                                             |
00:00:02:035072     |                                                               |HCI_COMMAND_COMPLETE_EVENT                                   |
00:00:02:035072     |                                                               |------------------------------------------------------------>|
00:00:02:035072     |                                                               |(HCI_LE_SET_ADVERTISE_ENABLE, Status: Success - 0x00)        |
00:00:07:197456   ___________________________________________________________________________________________________________________________________ 
00:00:07:197456  |                                                  Monitor Procedure has finished                                                   |
00:00:07:197456  |___________________________________________________________________________________________________________________________________|
00:00:08:503921     |                                                               |                                                             |
00:00:08:503921     |                                                               |                                 HCI_LE_SET_ADVERTISE_ENABLE |
00:00:08:503921     |                                                               |<------------------------------------------------------------|
00:00:08:503921     |                                                               |                                    (Advertise Enable: 0x00) |
00:00:08:604725     |                                                               |                                                             |
00:00:08:604725     |                                                               |HCI_COMMAND_COMPLETE_EVENT                                   |
00:00:08:604725     |                                                               |------------------------------------------------------------>|
00:00:08:604725     |                                                               |(HCI_LE_SET_ADVERTISE_ENABLE, Status: Success - 0x00)        |
00:00:08:616853     |                                                               |                                                             |
00:00:08:616853     |                                                               |                                 HCI_LE_SET_ADVERTISING_DATA |
00:00:08:616853     |                                                               |<------------------------------------------------------------|
00:00:08:738015     |                                                               |                                                             |
00:00:08:738015     |                                                               |HCI_COMMAND_COMPLETE_EVENT                                   |
00:00:08:738015     |                                                               |------------------------------------------------------------>|
00:00:08:738015     |                                                               |(HCI_LE_SET_ADVERTISING_DATA, Status: Success - 0x00)        |
00:00:08:759546   ___________________________________________________________________________________________________________________________________ 
00:00:08:759546  |                                      Tester is configured to monitor ADV_NONCONN_IND packets                                      |
00:00:08:759546  |___________________________________________________________________________________________________________________________________|
00:00:08:768126     |                                                               |                                                             |
00:00:08:768126     |                                                               |                                 HCI_LE_SET_ADVERTISE_ENABLE |
00:00:08:768126     |                                                               |<------------------------------------------------------------|
00:00:08:768126     |                                                               |                                    (Advertise Enable: 0x01) |
00:00:08:954255     |                                                               |                                                             |
00:00:08:954255     |                                                               |HCI_COMMAND_COMPLETE_EVENT                                   |
00:00:08:954255     |                                                               |------------------------------------------------------------>|
00:00:08:954255     |                                                               |(HCI_LE_SET_ADVERTISE_ENABLE, Status: Success - 0x00)        |
00:00:13:825400   ___________________________________________________________________________________________________________________________________ 
00:00:13:825400  |                                                  Monitor Procedure has finished                                                   |
00:00:13:825400  |___________________________________________________________________________________________________________________________________|
00:00:17:666335     |                                                               |                                                             |
00:00:17:666335     |                                                               |                                 HCI_LE_SET_ADVERTISE_ENABLE |
00:00:17:666335     |                                                               |<------------------------------------------------------------|
00:00:17:666335     |                                                               |                                    (Advertise Enable: 0x00) |
00:00:17:732021     |                                                               |                                                             |
00:00:17:732021     |                                                               |HCI_COMMAND_COMPLETE_EVENT                                   |
00:00:17:732021     |                                                               |------------------------------------------------------------>|
00:00:17:732021     |                                                               |(HCI_LE_SET_ADVERTISE_ENABLE, Status: Success - 0x00)        |
00:00:17:745605     |                                                               |                                                             |
00:00:17:745605     |                                                               |                                 HCI_LE_SET_ADVERTISING_DATA |
00:00:17:745605     |                                                               |<------------------------------------------------------------|
00:00:17:836490     |                                                               |                                                             |
00:00:17:836490     |                                                               |HCI_COMMAND_COMPLETE_EVENT                                   |
00:00:17:836490     |                                                               |------------------------------------------------------------>|
00:00:17:836490     |                                                               |(HCI_LE_SET_ADVERTISING_DATA, Status: Success - 0x00)        |
00:00:17:854868   ___________________________________________________________________________________________________________________________________ 
00:00:17:854868  |                                      Tester is configured to monitor ADV_NONCONN_IND packets                                      |
00:00:17:854868  |___________________________________________________________________________________________________________________________________|
00:00:17:860996     |                                                               |                                                             |
00:00:17:860996     |                                                               |                                 HCI_LE_SET_ADVERTISE_ENABLE |
00:00:17:860996     |                                                               |<------------------------------------------------------------|
00:00:17:860996     |                                                               |                                    (Advertise Enable: 0x01) |
00:00:17:992793     |                                                               |                                                             |
00:00:17:992793     |                                                               |HCI_COMMAND_COMPLETE_EVENT                                   |
00:00:17:992793     |                                                               |------------------------------------------------------------>|
00:00:17:992793     |                                                               |(HCI_LE_SET_ADVERTISE_ENABLE, Status: Success - 0x00)        |
00:00:22:894962   ___________________________________________________________________________________________________________________________________ 
00:00:22:894962  |                                                  Monitor Procedure has finished                                                   |
00:00:22:894962  |___________________________________________________________________________________________________________________________________|
00:00:27:436570     |                                                               |                                                             |
00:00:27:436570     |                                                               |                                 HCI_LE_SET_ADVERTISE_ENABLE |
00:00:27:436570     |                                                               |<------------------------------------------------------------|
00:00:27:436570     |                                                               |                                    (Advertise Enable: 0x00) |
00:00:27:515203     |                                                               |                                                             |
00:00:27:515203     |                                                               |HCI_COMMAND_COMPLETE_EVENT                                   |
00:00:27:515203     |                                                               |------------------------------------------------------------>|
00:00:27:515203     |                                                               |(HCI_LE_SET_ADVERTISE_ENABLE, Status: Success - 0x00)        |
00:00:27:528789     |                                                               |                                                             |
00:00:27:528789     |                                                               |                                 HCI_LE_SET_ADVERTISING_DATA |
00:00:27:528789     |                                                               |<------------------------------------------------------------|
00:00:27:608579     |                                                               |                                                             |
00:00:27:608579     |                                                               |HCI_COMMAND_COMPLETE_EVENT                                   |
00:00:27:608579     |                                                               |------------------------------------------------------------>|
00:00:27:608579     |                                                               |(HCI_LE_SET_ADVERTISING_DATA, Status: Success - 0x00)        |
00:00:27:622666   ___________________________________________________________________________________________________________________________________ 
00:00:27:622666  |                                      Tester is configured to monitor ADV_NONCONN_IND packets                                      |
00:00:27:622666  |___________________________________________________________________________________________________________________________________|
00:00:27:628613     |                                                               |                                                             |
00:00:27:628613     |                                                               |                                 HCI_LE_SET_ADVERTISE_ENABLE |
00:00:27:628613     |                                                               |<------------------------------------------------------------|
00:00:27:628613     |                                                               |                                    (Advertise Enable: 0x01) |
00:00:27:761110     |                                                               |                                                             |
00:00:27:761110     |                                                               |HCI_COMMAND_COMPLETE_EVENT                                   |
00:00:27:761110     |                                                               |------------------------------------------------------------>|
00:00:27:761110     |                                                               |(HCI_LE_SET_ADVERTISE_ENABLE, Status: Success - 0x00)        |
00:00:32:670551   ___________________________________________________________________________________________________________________________________ 
00:00:32:670551  |                                                  Monitor Procedure has finished                                                   |
00:00:32:670551  |___________________________________________________________________________________________________________________________________|
00:00:37:369568     |                                                               |                                                             |
00:00:37:369568     |                                                               |                                 HCI_LE_SET_ADVERTISE_ENABLE |
00:00:37:369568     |                                                               |<------------------------------------------------------------|
00:00:37:369568     |                                                               |                                    (Advertise Enable: 0x00) |
00:00:37:435540     |                                                               |                                                             |
00:00:37:435540     |                                                               |HCI_COMMAND_COMPLETE_EVENT                                   |
00:00:37:435540     |                                                               |------------------------------------------------------------>|
00:00:37:435540     |                                                               |(HCI_LE_SET_ADVERTISE_ENABLE, Status: Success - 0x00)        |
