Final Verdict: PASS
      
Layer:     LL
Test Case: TC_DDI_SCN_BI_02
Date:      14/12/15
Time:      21:46:35

00:00:00:006295  Lower                                                                                                                          Upper
00:00:00:006315  Tester                                                            IUT                                                         Tester
00:00:00:006331     |                                                               |                                                             |
00:00:00:091094   ___________________________________________________________________________________________________________________________________ 
00:00:00:091094  |                                                          Tester is RESET                                                          |
00:00:00:091094  |___________________________________________________________________________________________________________________________________|
00:00:00:575979   ___________________________________________________________________________________________________________________________________ 
00:00:00:575979  |                                             Tester's user friendly name is configured                                             |
00:00:00:575979  |___________________________________________________________________________________________________________________________________|
00:00:00:580091   ___________________________________________________________________________________________________________________________________ 
00:00:00:580091  |                                               Tester's device address is configured                                               |
00:00:00:580091  |___________________________________________________________________________________________________________________________________|
00:00:00:584050   ___________________________________________________________________________________________________________________________________ 
00:00:00:584050  |                                        IUT's device address is included in the White List                                         |
00:00:00:584050  |___________________________________________________________________________________________________________________________________|
00:00:00:591606     |                                                               |                                                             |
00:00:00:591606     |                                                               |                                                   HCI_RESET |
00:00:00:591606     |                                                               |<------------------------------------------------------------|
00:00:00:863376     |                                                               |                                                             |
00:00:00:863376     |                                                               |HCI_COMMAND_COMPLETE_EVENT                                   |
00:00:00:863376     |                                                               |------------------------------------------------------------>|
00:00:00:863376     |                                                               |(HCI_RESET, Status: Success - 0x00)                          |
00:00:00:876500     |                                                               |                                                             |
00:00:00:876500     |                                                               |                           HCI_READ_LOCAL_SUPPORTED_FEATURES |
00:00:00:876500     |                                                               |<------------------------------------------------------------|
00:00:01:133133     |                                                               |                                                             |
00:00:01:133133     |                                                               |HCI_COMMAND_COMPLETE_EVENT                                   |
00:00:01:133133     |                                                               |------------------------------------------------------------>|
00:00:01:133133     |                                                               |(HCI_READ_LOCAL_SUPPORTED_FEATURES, Status: Success - 0x00)  |
00:00:01:145061     |                                                               |                                                             |
00:00:01:145061     |                                                               |                                          HCI_SET_EVENT_MASK |
00:00:01:145061     |                                                               |<------------------------------------------------------------|
00:00:01:264221     |                                                               |                                                             |
00:00:01:264221     |                                                               |HCI_COMMAND_COMPLETE_EVENT                                   |
00:00:01:264221     |                                                               |------------------------------------------------------------>|
00:00:01:264221     |                                                               |(HCI_SET_EVENT_MASK, Status: Success - 0x00)                 |
00:00:01:275579     |                                                               |                                                             |
00:00:01:275579     |                                                               |                                       HCI_LE_SET_EVENT_MASK |
00:00:01:275579     |                                                               |<------------------------------------------------------------|
00:00:01:398895     |                                                               |                                                             |
00:00:01:398895     |                                                               |HCI_COMMAND_COMPLETE_EVENT                                   |
00:00:01:398895     |                                                               |------------------------------------------------------------>|
00:00:01:398895     |                                                               |(HCI_LE_SET_EVENT_MASK, Status: Success - 0x00)              |
00:00:01:412431     |                                                               |                                                             |
00:00:01:412431     |                                                               |                                            HCI_READ_BD_ADDR |
00:00:01:412431     |                                                               |<------------------------------------------------------------|
00:00:01:527586     |                                                               |                                                             |
00:00:01:527586     |                                                               |HCI_COMMAND_COMPLETE_EVENT                                   |
00:00:01:527586     |                                                               |------------------------------------------------------------>|
00:00:01:527586     |                                                               |(HCI_READ_BD_ADDR, Status: Success - 0x00)                   |
00:00:01:541169     |                                                               |                                                             |
00:00:01:541169     |                                                               |                                  HCI_LE_SET_SCAN_PARAMETERS |
00:00:01:541169     |                                                               |<------------------------------------------------------------|
00:00:01:655603     |                                                               |                                                             |
00:00:01:655603     |                                                               |HCI_COMMAND_COMPLETE_EVENT                                   |
00:00:01:655603     |                                                               |------------------------------------------------------------>|
00:00:01:655603     |                                                               |(HCI_LE_SET_SCAN_PARAMETERS, Status: Success - 0x00)         |
00:00:01:666519     |                                                               |                                                             |
00:00:01:666519     |                                                               |                                      HCI_LE_SET_SCAN_ENABLE |
00:00:01:666519     |                                                               |<------------------------------------------------------------|
00:00:01:666519     |                                                               |                                    (Advertise Enable: 0x01) |
00:00:01:807119     |                                                               |                                                             |
00:00:01:807119     |                                                               |HCI_COMMAND_COMPLETE_EVENT                                   |
00:00:01:807119     |                                                               |------------------------------------------------------------>|
00:00:01:807119     |                                                               |(HCI_LE_SET_SCAN_ENABLE, Status: Success - 0x00)             |
00:00:01:839001   ___________________________________________________________________________________________________________________________________ 
00:00:01:839001  |                                       Tester is configured to send ADV_NONCONN_IND packets                                        |
00:00:01:839001  |___________________________________________________________________________________________________________________________________|
00:00:01:848615   ___________________________________________________________________________________________________________________________________ 
00:00:01:848615  |                                                Advertise channel map is configured                                                |
00:00:01:848615  |___________________________________________________________________________________________________________________________________|
00:00:01:852445   ___________________________________________________________________________________________________________________________________ 
00:00:01:852445  |                                                   Advertise data are configured                                                   |
00:00:01:852445  |___________________________________________________________________________________________________________________________________|
00:00:01:935882   ___________________________________________________________________________________________________________________________________ 
00:00:01:935882  |                                                     Tester starts Advertising                                                     |
00:00:01:935882  |___________________________________________________________________________________________________________________________________|
00:00:07:938631   ___________________________________________________________________________________________________________________________________ 
00:00:07:938631  |                                                     Tester stops Advertising                                                      |
00:00:07:938631  |___________________________________________________________________________________________________________________________________|
00:00:07:941186   ___________________________________________________________________________________________________________________________________ 
00:00:07:941186  |                                       Tester is configured to send ADV_NONCONN_IND packets                                        |
00:00:07:941186  |___________________________________________________________________________________________________________________________________|
00:00:07:969152   ___________________________________________________________________________________________________________________________________ 
00:00:07:969152  |                                                Advertise channel map is configured                                                |
00:00:07:969152  |___________________________________________________________________________________________________________________________________|
00:00:07:974279   ___________________________________________________________________________________________________________________________________ 
00:00:07:974279  |                                                   Advertise data are configured                                                   |
00:00:07:974279  |___________________________________________________________________________________________________________________________________|
00:00:07:981840   ___________________________________________________________________________________________________________________________________ 
00:00:07:981840  |                                                     Tester starts Advertising                                                     |
00:00:07:981840  |___________________________________________________________________________________________________________________________________|
00:00:13:984486   ___________________________________________________________________________________________________________________________________ 
00:00:13:984486  |                                                     Tester stops Advertising                                                      |
00:00:13:984486  |___________________________________________________________________________________________________________________________________|
00:00:13:986169   ___________________________________________________________________________________________________________________________________ 
00:00:13:986169  |                                       Tester is configured to send ADV_NONCONN_IND packets                                        |
00:00:13:986169  |___________________________________________________________________________________________________________________________________|
00:00:13:992991   ___________________________________________________________________________________________________________________________________ 
00:00:13:992991  |                                                Advertise channel map is configured                                                |
00:00:13:992991  |___________________________________________________________________________________________________________________________________|
00:00:13:998031   ___________________________________________________________________________________________________________________________________ 
00:00:13:998031  |                                                   Advertise data are configured                                                   |
00:00:13:998031  |___________________________________________________________________________________________________________________________________|
00:00:14:004802   ___________________________________________________________________________________________________________________________________ 
00:00:14:004802  |                                                     Tester starts Advertising                                                     |
00:00:14:004802  |___________________________________________________________________________________________________________________________________|
00:00:20:007377   ___________________________________________________________________________________________________________________________________ 
00:00:20:007377  |                                                     Tester stops Advertising                                                      |
00:00:20:007377  |___________________________________________________________________________________________________________________________________|
00:00:20:011326     |                                                               |                                                             |
00:00:20:011326     |                                                               |                                      HCI_LE_SET_SCAN_ENABLE |
00:00:20:011326     |                                                               |<------------------------------------------------------------|
00:00:20:011326     |                                                               |                                    (Advertise Enable: 0x00) |
00:00:20:152722     |                                                               |                                                             |
00:00:20:152722     |                                                               |HCI_COMMAND_COMPLETE_EVENT                                   |
00:00:20:152722     |                                                               |------------------------------------------------------------>|
00:00:20:152722     |                                                               |(HCI_LE_SET_SCAN_ENABLE, Status: Success - 0x00)             |
