00:00:00:112391 CD -Encode- Encoding Type LL_LC_RESET_REQ
00:00:00:113198 SA -Send_Message- MESSAGE TO SEND: 000003
00:00:00:572338 SA COMPLETE MESSAGE RECEIVED: 00010400
00:00:00:573688 CD -GciDecode- Message received: 00010400
00:00:00:573808 CD -DECODE- Decoding type: LL_LC_RESET_CFM 
00:00:00:573916 CD -DECODE- Decoding type: LLLCID  0001 
00:00:00:573986 CD -DECODE- Decoding type: LENGTH  04 
00:00:00:574046 CD -DECODE- Decoding type: CONFIRM_IND_LE  00 
00:00:00:575309 CD -Encode- Encoding Type LL_LC_SET_TESTER_NAME_REQ
00:00:00:575846 SA -Send_Message- MESSAGE TO SEND: 100206024C54
00:00:00:576575 SA COMPLETE MESSAGE RECEIVED: 10030400
00:00:00:577608 CD -GciDecode- Message received: 10030400
00:00:00:577702 CD -DECODE- Decoding type: LL_LC_SET_TESTER_NAME_CFM 
00:00:00:577799 CD -DECODE- Decoding type: LLLCID  1003 
00:00:00:577900 CD -DECODE- Decoding type: LENGTH  04 
00:00:00:577949 CD -DECODE- Decoding type: CONFIRM_IND_LE  00 
00:00:00:579308 CD -Encode- Encoding Type LL_LC_SET_DEVICE_ADDRESS_REQ
00:00:00:579407 CD -Encode- Encoding Type ADDRESS
00:00:00:580008 SA -Send_Message- MESSAGE TO SEND: 100409123456123456
00:00:00:580634 SA COMPLETE MESSAGE RECEIVED: 10050400
00:00:00:581780 CD -GciDecode- Message received: 10050400
00:00:00:581871 CD -DECODE- Decoding type: LL_LC_SET_DEVICE_ADDRESS_CFM 
00:00:00:581992 CD -DECODE- Decoding type: LLLCID  1005 
00:00:00:582048 CD -DECODE- Decoding type: LENGTH  04 
00:00:00:582093 CD -DECODE- Decoding type: CONFIRM_IND_LE  00 
00:00:00:583369 CD -Encode- Encoding Type LL_LC_ADD_REMOTE_DEVICE_ADDRESS_REQ
00:00:00:583486 CD -Encode- Encoding Type ADDRESS
00:00:00:584000 SA -Send_Message- MESSAGE TO SEND: 10060A0029CD0099FF56
00:00:00:584623 SA COMPLETE MESSAGE RECEIVED: 10070400
00:00:00:585667 CD -GciDecode- Message received: 10070400
00:00:00:585754 CD -DECODE- Decoding type: LL_LC_ADD_REMOTE_DEVICE_ADDRESS_CFM 
00:00:00:585842 CD -DECODE- Decoding type: LLLCID  1007 
00:00:00:585894 CD -DECODE- Decoding type: LENGTH  04 
00:00:00:585940 CD -DECODE- Decoding type: CONFIRM_IND_LE  00 
00:00:00:597606 CD -Encode- Encoding Type HCI_RESET
00:00:00:597644 CD -Encode- Encoding Type HCI_OPCODE
00:00:00:598184 SA -Send_Message- MESSAGE TO SEND: 01030C00
00:00:00:856045 SA COMPLETE MESSAGE RECEIVED: 040E0400030C00
00:00:00:857978 CD -GciDecode- Message received: 040E0400030C00
00:00:00:858109 CD -GciDecode- After pre-processing: 040E04000C0300
00:00:00:858143 CD -DECODE- Decoding type: HCI_COMMAND_COMPLETE_EVENT 
00:00:00:858228 CD -DECODE- Decoding type: EVENT_CODE  0E 
00:00:00:858320 CD -DECODE- Decoding type: PARAMETER_TOTAL_LENGTH  04 
00:00:00:858373 CD -DECODE- Decoding type: NUM_HCI_COMMAND_PACKETS  00 
00:00:00:858409 CD -DECODE- Decoding type: HCI_OPCODE 
00:00:00:858466 CD -DECODE- Decoding type: OGF  000011
00:00:00:858514 CD -DECODE- Decoding type: OCF  0000000011
00:00:00:858574 CD -DECODE- Decoding type: RETURN_PARAMETERS 
00:00:00:858889 CD -DECODE- Decoding type: STATUS  00 
00:00:00:877142 CD -Encode- Encoding Type HCI_READ_LOCAL_SUPPORTED_FEATURES
00:00:00:877183 CD -Encode- Encoding Type HCI_OPCODE
00:00:00:877811 SA -Send_Message- MESSAGE TO SEND: 01031000
00:00:01:122884 SA COMPLETE MESSAGE RECEIVED: 040E0C010310000000000000000000
00:00:01:124340 CD -GciDecode- Message received: 040E0C010310000000000000000000
00:00:01:124463 CD -GciDecode- After pre-processing: 040E0C011003000000000000000000
00:00:01:124500 CD -DECODE- Decoding type: HCI_COMMAND_COMPLETE_EVENT 
00:00:01:124583 CD -DECODE- Decoding type: EVENT_CODE  0E 
00:00:01:124638 CD -DECODE- Decoding type: PARAMETER_TOTAL_LENGTH  0C 
00:00:01:124710 CD -DECODE- Decoding type: NUM_HCI_COMMAND_PACKETS  01 
00:00:01:124747 CD -DECODE- Decoding type: HCI_OPCODE 
00:00:01:124804 CD -DECODE- Decoding type: OGF  000100
00:00:01:124854 CD -DECODE- Decoding type: OCF  0000000011
00:00:01:124918 CD -DECODE- Decoding type: RETURN_PARAMETERS 
00:00:01:125185 CD -DECODE- Decoding type: STATUS  00 
00:00:01:129196 CD -DECODE- Decoding type: LMP_FEATURES_LE 
00:00:01:129564 CD -DECODE- Decoding type: B_1  0
00:00:01:129616 CD -DECODE- Decoding type: B_1  0
00:00:01:129659 CD -DECODE- Decoding type: B_1  0
00:00:01:129701 CD -DECODE- Decoding type: B_1  0
00:00:01:129743 CD -DECODE- Decoding type: B_1  0
00:00:01:129817 CD -DECODE- Decoding type: B_1  0
00:00:01:129859 CD -DECODE- Decoding type: B_1  0
00:00:01:129901 CD -DECODE- Decoding type: B_1  0
00:00:01:129943 CD -DECODE- Decoding type: B_1  0
00:00:01:129984 CD -DECODE- Decoding type: B_1  0
00:00:01:130026 CD -DECODE- Decoding type: B_1  0
00:00:01:130086 CD -DECODE- Decoding type: B_1  0
00:00:01:130127 CD -DECODE- Decoding type: B_1  0
00:00:01:130170 CD -DECODE- Decoding type: B_1  0
00:00:01:130212 CD -DECODE- Decoding type: B_1  0
00:00:01:130253 CD -DECODE- Decoding type: B_1  0
00:00:01:130295 CD -DECODE- Decoding type: B_1  0
00:00:01:130355 CD -DECODE- Decoding type: B_1  0
00:00:01:130397 CD -DECODE- Decoding type: B_1  0
00:00:01:130439 CD -DECODE- Decoding type: B_1  0
00:00:01:130482 CD -DECODE- Decoding type: B_1  0
00:00:01:130523 CD -DECODE- Decoding type: B_1  0
00:00:01:130564 CD -DECODE- Decoding type: B_1  0
00:00:01:130624 CD -DECODE- Decoding type: B_1  0
00:00:01:130666 CD -DECODE- Decoding type: B_1  0
00:00:01:130707 CD -DECODE- Decoding type: B_1  0
00:00:01:130750 CD -DECODE- Decoding type: B_1  0
00:00:01:130792 CD -DECODE- Decoding type: B_1  0
00:00:01:130834 CD -DECODE- Decoding type: B_1  0
00:00:01:130894 CD -DECODE- Decoding type: B_1  0
00:00:01:130936 CD -DECODE- Decoding type: B_1  0
00:00:01:130978 CD -DECODE- Decoding type: B_1  0
00:00:01:131020 CD -DECODE- Decoding type: B_1  0
00:00:01:131061 CD -DECODE- Decoding type: B_1  0
00:00:01:131103 CD -DECODE- Decoding type: B_1  0
00:00:01:131163 CD -DECODE- Decoding type: B_1  0
00:00:01:131204 CD -DECODE- Decoding type: B_1  0
00:00:01:131246 CD -DECODE- Decoding type: B_1  0
00:00:01:131289 CD -DECODE- Decoding type: B_1  0
00:00:01:131332 CD -DECODE- Decoding type: B_1  0
00:00:01:131374 CD -DECODE- Decoding type: B_1  0
00:00:01:131434 CD -DECODE- Decoding type: B_1  0
00:00:01:131475 CD -DECODE- Decoding type: B_1  0
00:00:01:131517 CD -DECODE- Decoding type: B_1  0
00:00:01:131559 CD -DECODE- Decoding type: B_1  0
00:00:01:131601 CD -DECODE- Decoding type: B_1  0
00:00:01:131643 CD -DECODE- Decoding type: B_1  0
00:00:01:131703 CD -DECODE- Decoding type: B_1  0
00:00:01:131745 CD -DECODE- Decoding type: B_1  0
00:00:01:131787 CD -DECODE- Decoding type: B_1  0
00:00:01:131829 CD -DECODE- Decoding type: B_1  0
00:00:01:131873 CD -DECODE- Decoding type: B_1  0
00:00:01:131917 CD -DECODE- Decoding type: B_1  0
00:00:01:131976 CD -DECODE- Decoding type: B_1  0
00:00:01:132021 CD -DECODE- Decoding type: B_1  0
00:00:01:132063 CD -DECODE- Decoding type: B_1  0
00:00:01:132105 CD -DECODE- Decoding type: B_1  0
00:00:01:132147 CD -DECODE- Decoding type: B_1  0
00:00:01:132189 CD -DECODE- Decoding type: B_1  0
00:00:01:132248 CD -DECODE- Decoding type: B_1  0
00:00:01:132291 CD -DECODE- Decoding type: B_1  0
00:00:01:132332 CD -DECODE- Decoding type: B_1  0
00:00:01:132375 CD -DECODE- Decoding type: B_1  0
00:00:01:132416 CD -DECODE- Decoding type: B_1  0
00:00:01:145938 CD -Encode- Encoding Type HCI_SET_EVENT_MASK
00:00:01:145975 CD -Encode- Encoding Type HCI_OPCODE
00:00:01:146787 SA -Send_Message- MESSAGE TO SEND: 01010C089088010000800020
00:00:01:258801 SA COMPLETE MESSAGE RECEIVED: 040E0401010C00
00:00:01:260058 CD -GciDecode- Message received: 040E0401010C00
00:00:01:260178 CD -GciDecode- After pre-processing: 040E04010C0100
00:00:01:260211 CD -DECODE- Decoding type: HCI_COMMAND_COMPLETE_EVENT 
00:00:01:260298 CD -DECODE- Decoding type: EVENT_CODE  0E 
00:00:01:260374 CD -DECODE- Decoding type: PARAMETER_TOTAL_LENGTH  04 
00:00:01:260425 CD -DECODE- Decoding type: NUM_HCI_COMMAND_PACKETS  01 
00:00:01:260461 CD -DECODE- Decoding type: HCI_OPCODE 
00:00:01:260518 CD -DECODE- Decoding type: OGF  000011
00:00:01:260568 CD -DECODE- Decoding type: OCF  0000000001
00:00:01:260728 CD -DECODE- Decoding type: RETURN_PARAMETERS 
00:00:01:260981 CD -DECODE- Decoding type: STATUS  00 
00:00:01:277289 CD -Encode- Encoding Type HCI_LE_SET_EVENT_MASK
00:00:01:277329 CD -Encode- Encoding Type HCI_OPCODE
00:00:01:277932 SA -Send_Message- MESSAGE TO SEND: 010120081F00000000000000
00:00:01:382313 SA COMPLETE MESSAGE RECEIVED: 040E0401012000
00:00:01:383445 CD -GciDecode- Message received: 040E0401012000
00:00:01:383565 CD -GciDecode- After pre-processing: 040E0401200100
00:00:01:383597 CD -DECODE- Decoding type: HCI_COMMAND_COMPLETE_EVENT 
00:00:01:383678 CD -DECODE- Decoding type: EVENT_CODE  0E 
00:00:01:383731 CD -DECODE- Decoding type: PARAMETER_TOTAL_LENGTH  04 
00:00:01:383801 CD -DECODE- Decoding type: NUM_HCI_COMMAND_PACKETS  01 
00:00:01:383836 CD -DECODE- Decoding type: HCI_OPCODE 
00:00:01:383895 CD -DECODE- Decoding type: OGF  001000
00:00:01:383944 CD -DECODE- Decoding type: OCF  0000000001
00:00:01:384000 CD -DECODE- Decoding type: RETURN_PARAMETERS 
00:00:01:384485 CD -DECODE- Decoding type: STATUS  00 
00:00:01:402125 CD -Encode- Encoding Type HCI_READ_BD_ADDR
00:00:01:402174 CD -Encode- Encoding Type HCI_OPCODE
00:00:01:402779 SA -Send_Message- MESSAGE TO SEND: 01091000
00:00:01:510100 SA COMPLETE MESSAGE RECEIVED: 040E0A0109100056FF9900CD29
00:00:01:511320 CD -GciDecode- Message received: 040E0A0109100056FF9900CD29
00:00:01:511449 CD -GciDecode- After pre-processing: 040E0A0110090029CD0099FF56
00:00:01:511485 CD -DECODE- Decoding type: HCI_COMMAND_COMPLETE_EVENT 
00:00:01:511564 CD -DECODE- Decoding type: EVENT_CODE  0E 
00:00:01:511647 CD -DECODE- Decoding type: PARAMETER_TOTAL_LENGTH  0A 
00:00:01:511698 CD -DECODE- Decoding type: NUM_HCI_COMMAND_PACKETS  01 
00:00:01:511733 CD -DECODE- Decoding type: HCI_OPCODE 
00:00:01:511788 CD -DECODE- Decoding type: OGF  000100
00:00:01:511837 CD -DECODE- Decoding type: OCF  0000001001
00:00:01:511896 CD -DECODE- Decoding type: RETURN_PARAMETERS 
00:00:01:512140 CD -DECODE- Decoding type: STATUS  00 
00:00:01:515205 CD -DECODE- Decoding type: ADDRESS 
00:00:01:515270 CD -DECODE- Decoding type: COMPANY_ASSIGNED  29CD00 
00:00:01:515320 CD -DECODE- Decoding type: COMPANY_ID  99FF56 
00:00:01:531504 CD -Encode- Encoding Type HCI_LE_SET_SCAN_PARAMETERS
00:00:01:531542 CD -Encode- Encoding Type HCI_OPCODE
00:00:01:532222 SA -Send_Message- MESSAGE TO SEND: 010B200700600060000000
00:00:01:641334 SA COMPLETE MESSAGE RECEIVED: 040E04010B2000
00:00:01:642483 CD -GciDecode- Message received: 040E04010B2000
00:00:01:642598 CD -GciDecode- After pre-processing: 040E0401200B00
00:00:01:642632 CD -DECODE- Decoding type: HCI_COMMAND_COMPLETE_EVENT 
00:00:01:642725 CD -DECODE- Decoding type: EVENT_CODE  0E 
00:00:01:642783 CD -DECODE- Decoding type: PARAMETER_TOTAL_LENGTH  04 
00:00:01:642855 CD -DECODE- Decoding type: NUM_HCI_COMMAND_PACKETS  01 
00:00:01:642890 CD -DECODE- Decoding type: HCI_OPCODE 
00:00:01:642945 CD -DECODE- Decoding type: OGF  001000
00:00:01:642993 CD -DECODE- Decoding type: OCF  0000001011
00:00:01:643052 CD -DECODE- Decoding type: RETURN_PARAMETERS 
00:00:01:643281 CD -DECODE- Decoding type: STATUS  00 
00:00:01:659179 CD -Encode- Encoding Type HCI_LE_SET_SCAN_ENABLE
00:00:01:659612 CD -Encode- Encoding Type HCI_OPCODE
00:00:01:660317 SA -Send_Message- MESSAGE TO SEND: 010C20020100
00:00:01:778247 SA COMPLETE MESSAGE RECEIVED: 040E04010C2000
00:00:01:801704 CD -GciDecode- Message received: 040E04010C2000
00:00:01:801830 CD -GciDecode- After pre-processing: 040E0401200C00
00:00:01:801862 CD -DECODE- Decoding type: HCI_COMMAND_COMPLETE_EVENT 
00:00:01:801942 CD -DECODE- Decoding type: EVENT_CODE  0E 
00:00:01:802030 CD -DECODE- Decoding type: PARAMETER_TOTAL_LENGTH  04 
00:00:01:802082 CD -DECODE- Decoding type: NUM_HCI_COMMAND_PACKETS  01 
00:00:01:802117 CD -DECODE- Decoding type: HCI_OPCODE 
00:00:01:802174 CD -DECODE- Decoding type: OGF  001000
00:00:01:802224 CD -DECODE- Decoding type: OCF  0000001100
00:00:01:802280 CD -DECODE- Decoding type: RETURN_PARAMETERS 
00:00:01:802536 CD -DECODE- Decoding type: STATUS  00 
00:00:01:840155 CD -Encode- Encoding Type LL_LC_ADVERTISE_PARAMETERS_REQ
00:00:01:842931 CD -Encode- Encoding Type ADDRESS
00:00:01:842988 CD -Encode- Encoding Type ADDRESS
00:00:01:843430 SA -Send_Message- MESSAGE TO SEND: 20001600002000000012345612345629CD0099FF5600
00:00:01:844192 SA COMPLETE MESSAGE RECEIVED: 20010400
00:00:01:845262 CD -GciDecode- Message received: 20010400
00:00:01:845345 CD -DECODE- Decoding type: LL_LC_ADVERTISE_PARAMETERS_CFM 
00:00:01:845599 CD -DECODE- Decoding type: LLLCID  2001 
00:00:01:845658 CD -DECODE- Decoding type: LENGTH  04 
00:00:01:845704 CD -DECODE- Decoding type: CONFIRM_IND_LE  00 
00:00:01:846865 CD -Encode- Encoding Type LL_LC_ADVERTISE_CHANNEL_MAP_REQ
00:00:01:847345 SA -Send_Message- MESSAGE TO SEND: 20020401
00:00:01:847923 SA COMPLETE MESSAGE RECEIVED: 20030400
00:00:01:850082 CD -GciDecode- Message received: 20030400
00:00:01:850163 CD -DECODE- Decoding type: LL_LC_ADVERTISE_CHANNEL_MAP_CFM 
00:00:01:850256 CD -DECODE- Decoding type: LLLCID  2003 
00:00:01:850312 CD -DECODE- Decoding type: LENGTH  04 
00:00:01:850359 CD -DECODE- Decoding type: CONFIRM_IND_LE  00 
00:00:01:852594 CD -Encode- Encoding Type LL_LC_ADVERTISE_DATA_REQ
00:00:01:927267 SA -Send_Message- MESSAGE TO SEND: 200405FF01
00:00:01:927859 SA COMPLETE MESSAGE RECEIVED: 20050400
00:00:01:929051 CD -GciDecode- Message received: 20050400
00:00:01:929138 CD -DECODE- Decoding type: LL_LC_ADVERTISE_DATA_CFM 
00:00:01:929234 CD -DECODE- Decoding type: LLLCID  2005 
00:00:01:929290 CD -DECODE- Decoding type: LENGTH  04 
00:00:01:929365 CD -DECODE- Decoding type: CONFIRM_IND_LE  00 
00:00:01:930464 CD -Encode- Encoding Type LL_LC_ADVERTISING_MODE_REQ
00:00:01:930845 SA -Send_Message- MESSAGE TO SEND: 200D0400
00:00:01:931854 SA COMPLETE MESSAGE RECEIVED: 200E0400
00:00:01:933887 CD -GciDecode- Message received: 200E0400
00:00:01:933965 CD -DECODE- Decoding type: LL_LC_ADVERTISING_MODE_CFM 
00:00:01:934061 CD -DECODE- Decoding type: LLLCID  200E 
00:00:01:934117 CD -DECODE- Decoding type: LENGTH  04 
00:00:01:934166 CD -DECODE- Decoding type: CONFIRM_IND_LE  00 
00:00:02:104849 SA COMPLETE MESSAGE RECEIVED: 043E0D0201000056341256341201042B
00:00:02:106369 CD -GciDecode- Message received: 043E0D0201000056341256341201042B
00:00:02:106476 CD -GciDecode- After pre-processing: 043E0D0201000012345612345601042B
00:00:02:106514 CD -DECODE- Decoding type: HCI_LE_ADVERTISING_REPORT_EVENT 
00:00:02:106597 CD -DECODE- Decoding type: EVENT_CODE  3E 
00:00:02:106652 CD -DECODE- Decoding type: PARAMETER_TOTAL_LENGTH  0D 
00:00:02:106724 CD -DECODE- Decoding type: LE_EVENT_CODE  02 
00:00:02:106775 CD -DECODE- Decoding type: NUM_DEVICES  01 
00:00:02:106812 CD -DECODE- Decoding type: PARAMETER_ADVERTISING_PACKET_REPORT_EVENT_LIST 
00:00:02:106851 CD -DECODE- Decoding type: PARAMETER_ADVERTISING_PACKET_REPORT_EVENT 
00:00:02:106918 CD -DECODE- Decoding type: EVENT_TYPE  00 
00:00:02:106963 CD -DECODE- Decoding type: ADDRESS_TYPE  00 
00:00:02:107017 CD -DECODE- Decoding type: ADDRESS 
00:00:02:107074 CD -DECODE- Decoding type: COMPANY_ASSIGNED  123456 
00:00:02:107123 CD -DECODE- Decoding type: COMPANY_ID  123456 
00:00:02:107193 CD -DECODE- Decoding type: DATA_LEN  01 
00:00:02:107242 CD -DECODE- Decoding type: ADV_DATA  04 
00:00:02:107293 CD -DECODE- Decoding type: RSSI_LE  2B 
00:00:02:110075 CD -Encode- Encoding Type HCI_LE_SET_SCAN_ENABLE
00:00:02:110114 CD -Encode- Encoding Type HCI_OPCODE
00:00:02:110927 SA -Send_Message- MESSAGE TO SEND: 010C20020000
00:00:02:117426 CD -Encode- Encoding Type LL_LC_ADVERTISING_MODE_REQ
00:00:02:118197 SA -Send_Message- MESSAGE TO SEND: 200D0401
00:00:02:119053 SA COMPLETE MESSAGE RECEIVED: 200E0400
00:00:02:121334 CD -GciDecode- Message received: 200E0400
00:00:02:121422 CD -DECODE- Decoding type: LL_LC_ADVERTISING_MODE_CFM 
00:00:02:121512 CD -DECODE- Decoding type: LLLCID  200E 
00:00:02:121564 CD -DECODE- Decoding type: LENGTH  04 
00:00:02:121609 CD -DECODE- Decoding type: CONFIRM_IND_LE  00 
00:00:02:243150 SA COMPLETE MESSAGE RECEIVED: 043E0D0201000056341256341201092B040E04010C2000
00:00:02:245819 CD -GciDecode- Message received: 043E0D0201000056341256341201092B
00:00:02:245943 CD -GciDecode- After pre-processing: 043E0D0201000012345612345601092B
00:00:02:245980 CD -DECODE- Decoding type: HCI_LE_ADVERTISING_REPORT_EVENT 
00:00:02:246066 CD -DECODE- Decoding type: EVENT_CODE  3E 
00:00:02:246124 CD -DECODE- Decoding type: PARAMETER_TOTAL_LENGTH  0D 
00:00:02:246193 CD -DECODE- Decoding type: LE_EVENT_CODE  02 
00:00:02:246245 CD -DECODE- Decoding type: NUM_DEVICES  01 
00:00:02:246281 CD -DECODE- Decoding type: PARAMETER_ADVERTISING_PACKET_REPORT_EVENT_LIST 
00:00:02:246323 CD -DECODE- Decoding type: PARAMETER_ADVERTISING_PACKET_REPORT_EVENT 
00:00:02:246386 CD -DECODE- Decoding type: EVENT_TYPE  00 
00:00:02:246430 CD -DECODE- Decoding type: ADDRESS_TYPE  00 
00:00:02:246481 CD -DECODE- Decoding type: ADDRESS 
00:00:02:246536 CD -DECODE- Decoding type: COMPANY_ASSIGNED  123456 
00:00:02:246603 CD -DECODE- Decoding type: COMPANY_ID  123456 
00:00:02:246673 CD -DECODE- Decoding type: DATA_LEN  01 
00:00:02:246719 CD -DECODE- Decoding type: ADV_DATA  09 
00:00:02:246771 CD -DECODE- Decoding type: RSSI_LE  2B 
00:00:02:247351 CD -GciDecode- Message received: 040E04010C2000
00:00:02:247450 CD -GciDecode- After pre-processing: 040E0401200C00
00:00:02:247480 CD -DECODE- Decoding type: HCI_COMMAND_COMPLETE_EVENT 
00:00:02:247702 CD -DECODE- Decoding type: EVENT_CODE  0E 
00:00:02:247765 CD -DECODE- Decoding type: PARAMETER_TOTAL_LENGTH  04 
00:00:02:247815 CD -DECODE- Decoding type: NUM_HCI_COMMAND_PACKETS  01 
00:00:02:247852 CD -DECODE- Decoding type: HCI_OPCODE 
00:00:02:248265 CD -DECODE- Decoding type: OGF  001000
00:00:02:248375 CD -DECODE- Decoding type: OCF  0000001100
00:00:02:248553 CD -DECODE- Decoding type: RETURN_PARAMETERS 
00:00:02:248795 CD -DECODE- Decoding type: STATUS  00 
00:00:02:269745 CD -Encode- Encoding Type LL_LC_RESET_REQ
00:00:02:270270 SA -Send_Message- MESSAGE TO SEND: 000003
00:00:02:270869 SA COMPLETE MESSAGE RECEIVED: 00010400
00:00:02:271857 CD -GciDecode- Message received: 00010400
00:00:02:271952 CD -DECODE- Decoding type: LL_LC_RESET_CFM 
00:00:02:272042 CD -DECODE- Decoding type: LLLCID  0001 
00:00:02:272169 CD -DECODE- Decoding type: LENGTH  04 
00:00:02:272215 CD -DECODE- Decoding type: CONFIRM_IND_LE  00 
00:00:02:273276 CD -Encode- Encoding Type LL_LC_SET_TESTER_NAME_REQ
00:00:02:273813 SA -Send_Message- MESSAGE TO SEND: 100206024C54
00:00:02:274379 SA COMPLETE MESSAGE RECEIVED: 10030400
00:00:02:275535 CD -GciDecode- Message received: 10030400
00:00:02:275629 CD -DECODE- Decoding type: LL_LC_SET_TESTER_NAME_CFM 
00:00:02:275725 CD -DECODE- Decoding type: LLLCID  1003 
00:00:02:275780 CD -DECODE- Decoding type: LENGTH  04 
00:00:02:275828 CD -DECODE- Decoding type: CONFIRM_IND_LE  00 
00:00:02:276837 CD -Encode- Encoding Type LL_LC_SET_DEVICE_ADDRESS_REQ
00:00:02:276935 CD -Encode- Encoding Type ADDRESS
00:00:02:277488 SA -Send_Message- MESSAGE TO SEND: 100409123456123456
00:00:02:278063 SA COMPLETE MESSAGE RECEIVED: 10050400
00:00:02:279199 CD -GciDecode- Message received: 10050400
00:00:02:279294 CD -DECODE- Decoding type: LL_LC_SET_DEVICE_ADDRESS_CFM 
00:00:02:279396 CD -DECODE- Decoding type: LLLCID  1005 
00:00:02:279450 CD -DECODE- Decoding type: LENGTH  04 
00:00:02:279496 CD -DECODE- Decoding type: CONFIRM_IND_LE  00 
00:00:02:280563 CD -Encode- Encoding Type LL_LC_ADD_REMOTE_DEVICE_ADDRESS_REQ
00:00:02:280673 CD -Encode- Encoding Type ADDRESS
00:00:02:281017 SA -Send_Message- MESSAGE TO SEND: 10060A0029CD0099FF56
00:00:02:281599 SA COMPLETE MESSAGE RECEIVED: 10070400
00:00:02:282645 CD -GciDecode- Message received: 10070400
00:00:02:282730 CD -DECODE- Decoding type: LL_LC_ADD_REMOTE_DEVICE_ADDRESS_CFM 
00:00:02:282845 CD -DECODE- Decoding type: LLLCID  1007 
00:00:02:282899 CD -DECODE- Decoding type: LENGTH  04 
00:00:02:282946 CD -DECODE- Decoding type: CONFIRM_IND_LE  00 
00:00:02:287519 CD -Encode- Encoding Type HCI_RESET
00:00:02:287556 CD -Encode- Encoding Type HCI_OPCODE
00:00:02:288184 SA -Send_Message- MESSAGE TO SEND: 01030C00
00:00:02:525562 SA COMPLETE MESSAGE RECEIVED: 040E0400030C00
00:00:02:533506 CD -GciDecode- Message received: 040E0400030C00
00:00:02:533638 CD -GciDecode- After pre-processing: 040E04000C0300
00:00:02:533670 CD -DECODE- Decoding type: HCI_COMMAND_COMPLETE_EVENT 
00:00:02:533752 CD -DECODE- Decoding type: EVENT_CODE  0E 
00:00:02:533806 CD -DECODE- Decoding type: PARAMETER_TOTAL_LENGTH  04 
00:00:02:575965 CD -DECODE- Decoding type: NUM_HCI_COMMAND_PACKETS  00 
00:00:02:576008 CD -DECODE- Decoding type: HCI_OPCODE 
00:00:02:576084 CD -DECODE- Decoding type: OGF  000011
00:00:02:576133 CD -DECODE- Decoding type: OCF  0000000011
00:00:02:576189 CD -DECODE- Decoding type: RETURN_PARAMETERS 
00:00:02:576429 CD -DECODE- Decoding type: STATUS  00 
00:00:02:601805 CD -Encode- Encoding Type HCI_READ_LOCAL_SUPPORTED_FEATURES
00:00:02:603365 CD -Encode- Encoding Type HCI_OPCODE
00:00:02:604056 SA -Send_Message- MESSAGE TO SEND: 01031000
00:00:02:809891 SA COMPLETE MESSAGE RECEIVED: 040E0C010310000000000000000000
00:00:02:811458 CD -GciDecode- Message received: 040E0C010310000000000000000000
00:00:02:811595 CD -GciDecode- After pre-processing: 040E0C011003000000000000000000
00:00:02:811633 CD -DECODE- Decoding type: HCI_COMMAND_COMPLETE_EVENT 
00:00:02:811719 CD -DECODE- Decoding type: EVENT_CODE  0E 
00:00:02:811803 CD -DECODE- Decoding type: PARAMETER_TOTAL_LENGTH  0C 
00:00:02:811860 CD -DECODE- Decoding type: NUM_HCI_COMMAND_PACKETS  01 
00:00:02:811901 CD -DECODE- Decoding type: HCI_OPCODE 
00:00:02:811957 CD -DECODE- Decoding type: OGF  000100
00:00:02:812009 CD -DECODE- Decoding type: OCF  0000000011
00:00:02:812070 CD -DECODE- Decoding type: RETURN_PARAMETERS 
00:00:02:812320 CD -DECODE- Decoding type: STATUS  00 
00:00:02:815983 CD -DECODE- Decoding type: LMP_FEATURES_LE 
00:00:02:816174 CD -DECODE- Decoding type: B_1  0
00:00:02:816221 CD -DECODE- Decoding type: B_1  0
00:00:02:816266 CD -DECODE- Decoding type: B_1  0
00:00:02:816308 CD -DECODE- Decoding type: B_1  0
00:00:02:816379 CD -DECODE- Decoding type: B_1  0
00:00:02:816424 CD -DECODE- Decoding type: B_1  0
00:00:02:816469 CD -DECODE- Decoding type: B_1  0
00:00:02:816513 CD -DECODE- Decoding type: B_1  0
00:00:02:816557 CD -DECODE- Decoding type: B_1  0
00:00:02:816600 CD -DECODE- Decoding type: B_1  0
00:00:02:816662 CD -DECODE- Decoding type: B_1  0
00:00:02:816706 CD -DECODE- Decoding type: B_1  0
00:00:02:816749 CD -DECODE- Decoding type: B_1  0
00:00:02:816792 CD -DECODE- Decoding type: B_1  0
00:00:02:816835 CD -DECODE- Decoding type: B_1  0
00:00:02:816877 CD -DECODE- Decoding type: B_1  0
00:00:02:816941 CD -DECODE- Decoding type: B_1  0
00:00:02:816987 CD -DECODE- Decoding type: B_1  0
00:00:02:817030 CD -DECODE- Decoding type: B_1  0
00:00:02:817072 CD -DECODE- Decoding type: B_1  0
00:00:02:817115 CD -DECODE- Decoding type: B_1  0
00:00:02:817158 CD -DECODE- Decoding type: B_1  0
00:00:02:817223 CD -DECODE- Decoding type: B_1  0
00:00:02:817271 CD -DECODE- Decoding type: B_1  0
00:00:02:817315 CD -DECODE- Decoding type: B_1  0
00:00:02:817359 CD -DECODE- Decoding type: B_1  0
00:00:02:817401 CD -DECODE- Decoding type: B_1  0
00:00:02:817444 CD -DECODE- Decoding type: B_1  0
00:00:02:817506 CD -DECODE- Decoding type: B_1  0
00:00:02:817549 CD -DECODE- Decoding type: B_1  0
00:00:02:817593 CD -DECODE- Decoding type: B_1  0
00:00:02:817636 CD -DECODE- Decoding type: B_1  0
00:00:02:817679 CD -DECODE- Decoding type: B_1  0
00:00:02:817721 CD -DECODE- Decoding type: B_1  0
00:00:02:817783 CD -DECODE- Decoding type: B_1  0
00:00:02:817827 CD -DECODE- Decoding type: B_1  0
00:00:02:817870 CD -DECODE- Decoding type: B_1  0
00:00:02:817913 CD -DECODE- Decoding type: B_1  0
00:00:02:817956 CD -DECODE- Decoding type: B_1  0
00:00:02:817998 CD -DECODE- Decoding type: B_1  0
00:00:02:818060 CD -DECODE- Decoding type: B_1  0
00:00:02:818112 CD -DECODE- Decoding type: B_1  0
00:00:02:818155 CD -DECODE- Decoding type: B_1  0
00:00:02:818198 CD -DECODE- Decoding type: B_1  0
00:00:02:818241 CD -DECODE- Decoding type: B_1  0
00:00:02:818284 CD -DECODE- Decoding type: B_1  0
00:00:02:818346 CD -DECODE- Decoding type: B_1  0
00:00:02:818390 CD -DECODE- Decoding type: B_1  0
00:00:02:818432 CD -DECODE- Decoding type: B_1  0
00:00:02:818475 CD -DECODE- Decoding type: B_1  0
00:00:02:818518 CD -DECODE- Decoding type: B_1  0
00:00:02:818561 CD -DECODE- Decoding type: B_1  0
00:00:02:818624 CD -DECODE- Decoding type: B_1  0
00:00:02:818667 CD -DECODE- Decoding type: B_1  0
00:00:02:818711 CD -DECODE- Decoding type: B_1  0
00:00:02:818753 CD -DECODE- Decoding type: B_1  0
00:00:02:818795 CD -DECODE- Decoding type: B_1  0
00:00:02:818838 CD -DECODE- Decoding type: B_1  0
00:00:02:818900 CD -DECODE- Decoding type: B_1  0
00:00:02:818944 CD -DECODE- Decoding type: B_1  0
00:00:02:818987 CD -DECODE- Decoding type: B_1  0
00:00:02:819030 CD -DECODE- Decoding type: B_1  0
00:00:02:819072 CD -DECODE- Decoding type: B_1  0
00:00:02:819115 CD -DECODE- Decoding type: B_1  0
00:00:02:832701 CD -Encode- Encoding Type HCI_SET_EVENT_MASK
00:00:02:832738 CD -Encode- Encoding Type HCI_OPCODE
00:00:02:833382 SA -Send_Message- MESSAGE TO SEND: 01010C089088010000800020
00:00:02:908579 SA COMPLETE MESSAGE RECEIVED: 040E0401010C00
00:00:02:909944 CD -GciDecode- Message received: 040E0401010C00
00:00:02:910069 CD -GciDecode- After pre-processing: 040E04010C0100
00:00:02:910101 CD -DECODE- Decoding type: HCI_COMMAND_COMPLETE_EVENT 
00:00:02:910182 CD -DECODE- Decoding type: EVENT_CODE  0E 
00:00:02:910240 CD -DECODE- Decoding type: PARAMETER_TOTAL_LENGTH  04 
00:00:02:910491 CD -DECODE- Decoding type: NUM_HCI_COMMAND_PACKETS  01 
00:00:02:910529 CD -DECODE- Decoding type: HCI_OPCODE 
00:00:02:910586 CD -DECODE- Decoding type: OGF  000011
00:00:02:910634 CD -DECODE- Decoding type: OCF  0000000001
00:00:02:910691 CD -DECODE- Decoding type: RETURN_PARAMETERS 
00:00:02:910919 CD -DECODE- Decoding type: STATUS  00 
00:00:02:997527 CD -Encode- Encoding Type HCI_LE_SET_EVENT_MASK
00:00:02:997568 CD -Encode- Encoding Type HCI_OPCODE
00:00:02:998213 SA -Send_Message- MESSAGE TO SEND: 010120081F00000000000000
00:00:03:113088 SA COMPLETE MESSAGE RECEIVED: 040E0401012000
00:00:03:114260 CD -GciDecode- Message received: 040E0401012000
00:00:03:114420 CD -GciDecode- After pre-processing: 040E0401200100
00:00:03:114453 CD -DECODE- Decoding type: HCI_COMMAND_COMPLETE_EVENT 
00:00:03:114535 CD -DECODE- Decoding type: EVENT_CODE  0E 
00:00:03:114613 CD -DECODE- Decoding type: PARAMETER_TOTAL_LENGTH  04 
00:00:03:114663 CD -DECODE- Decoding type: NUM_HCI_COMMAND_PACKETS  01 
00:00:03:114699 CD -DECODE- Decoding type: HCI_OPCODE 
00:00:03:114754 CD -DECODE- Decoding type: OGF  001000
00:00:03:114804 CD -DECODE- Decoding type: OCF  0000000001
00:00:03:114862 CD -DECODE- Decoding type: RETURN_PARAMETERS 
00:00:03:115105 CD -DECODE- Decoding type: STATUS  00 
00:00:03:131651 CD -Encode- Encoding Type HCI_READ_BD_ADDR
00:00:03:131693 CD -Encode- Encoding Type HCI_OPCODE
00:00:03:132184 SA -Send_Message- MESSAGE TO SEND: 01091000
00:00:03:243166 SA COMPLETE MESSAGE RECEIVED: 040E0A0109100056FF9900CD29
00:00:03:245223 CD -GciDecode- Message received: 040E0A0109100056FF9900CD29
00:00:03:245353 CD -GciDecode- After pre-processing: 040E0A0110090029CD0099FF56
00:00:03:245390 CD -DECODE- Decoding type: HCI_COMMAND_COMPLETE_EVENT 
00:00:03:245475 CD -DECODE- Decoding type: EVENT_CODE  0E 
00:00:03:245531 CD -DECODE- Decoding type: PARAMETER_TOTAL_LENGTH  0A 
00:00:03:245602 CD -DECODE- Decoding type: NUM_HCI_COMMAND_PACKETS  01 
00:00:03:245639 CD -DECODE- Decoding type: HCI_OPCODE 
00:00:03:245698 CD -DECODE- Decoding type: OGF  000100
00:00:03:245748 CD -DECODE- Decoding type: OCF  0000001001
00:00:03:245806 CD -DECODE- Decoding type: RETURN_PARAMETERS 
00:00:03:246031 CD -DECODE- Decoding type: STATUS  00 
00:00:03:249101 CD -DECODE- Decoding type: ADDRESS 
00:00:03:249175 CD -DECODE- Decoding type: COMPANY_ASSIGNED  29CD00 
00:00:03:249224 CD -DECODE- Decoding type: COMPANY_ID  99FF56 
00:00:03:263713 CD -Encode- Encoding Type HCI_LE_SET_SCAN_PARAMETERS
00:00:03:263749 CD -Encode- Encoding Type HCI_OPCODE
00:00:03:264446 SA -Send_Message- MESSAGE TO SEND: 010B200700600060000000
00:00:03:364659 SA COMPLETE MESSAGE RECEIVED: 040E04010B2000
00:00:03:366536 CD -GciDecode- Message received: 040E04010B2000
00:00:03:366655 CD -GciDecode- After pre-processing: 040E0401200B00
00:00:03:366688 CD -DECODE- Decoding type: HCI_COMMAND_COMPLETE_EVENT 
00:00:03:366773 CD -DECODE- Decoding type: EVENT_CODE  0E 
00:00:03:366864 CD -DECODE- Decoding type: PARAMETER_TOTAL_LENGTH  04 
00:00:03:366918 CD -DECODE- Decoding type: NUM_HCI_COMMAND_PACKETS  01 
00:00:03:366957 CD -DECODE- Decoding type: HCI_OPCODE 
00:00:03:367014 CD -DECODE- Decoding type: OGF  001000
00:00:03:367063 CD -DECODE- Decoding type: OCF  0000001011
00:00:03:367125 CD -DECODE- Decoding type: RETURN_PARAMETERS 
00:00:03:367413 CD -DECODE- Decoding type: STATUS  00 
00:00:03:383701 CD -Encode- Encoding Type HCI_LE_SET_SCAN_ENABLE
00:00:03:383740 CD -Encode- Encoding Type HCI_OPCODE
00:00:03:384651 SA -Send_Message- MESSAGE TO SEND: 010C20020100
00:00:03:502218 SA COMPLETE MESSAGE RECEIVED: 040E04010C2000
00:00:03:503348 CD -GciDecode- Message received: 040E04010C2000
00:00:03:503467 CD -GciDecode- After pre-processing: 040E0401200C00
00:00:03:503500 CD -DECODE- Decoding type: HCI_COMMAND_COMPLETE_EVENT 
00:00:03:503580 CD -DECODE- Decoding type: EVENT_CODE  0E 
00:00:03:503634 CD -DECODE- Decoding type: PARAMETER_TOTAL_LENGTH  04 
00:00:03:503703 CD -DECODE- Decoding type: NUM_HCI_COMMAND_PACKETS  01 
00:00:03:503738 CD -DECODE- Decoding type: HCI_OPCODE 
00:00:03:503794 CD -DECODE- Decoding type: OGF  001000
00:00:03:503841 CD -DECODE- Decoding type: OCF  0000001100
00:00:03:503899 CD -DECODE- Decoding type: RETURN_PARAMETERS 
00:00:03:504127 CD -DECODE- Decoding type: STATUS  00 
00:00:03:523497 CD -Encode- Encoding Type LL_LC_ADVERTISE_PARAMETERS_REQ
00:00:03:523652 CD -Encode- Encoding Type ADDRESS
00:00:03:523700 CD -Encode- Encoding Type ADDRESS
00:00:03:524205 SA -Send_Message- MESSAGE TO SEND: 20001600002000000000CD2999FF5629CD0099FF5600
00:00:03:524799 SA COMPLETE MESSAGE RECEIVED: 20010400
00:00:03:526716 CD -GciDecode- Message received: 20010400
00:00:03:526791 CD -DECODE- Decoding type: LL_LC_ADVERTISE_PARAMETERS_CFM 
00:00:03:526886 CD -DECODE- Decoding type: LLLCID  2001 
00:00:03:526947 CD -DECODE- Decoding type: LENGTH  04 
00:00:03:526999 CD -DECODE- Decoding type: CONFIRM_IND_LE  00 
00:00:03:528959 CD -Encode- Encoding Type LL_LC_ADVERTISE_CHANNEL_MAP_REQ
00:00:03:529453 SA -Send_Message- MESSAGE TO SEND: 20020402
00:00:03:530035 SA COMPLETE MESSAGE RECEIVED: 20030400
00:00:03:531183 CD -GciDecode- Message received: 20030400
00:00:03:531270 CD -DECODE- Decoding type: LL_LC_ADVERTISE_CHANNEL_MAP_CFM 
00:00:03:531367 CD -DECODE- Decoding type: LLLCID  2003 
00:00:03:531430 CD -DECODE- Decoding type: LENGTH  04 
00:00:03:531610 CD -DECODE- Decoding type: CONFIRM_IND_LE  00 
00:00:03:532632 CD -Encode- Encoding Type LL_LC_ADVERTISE_DATA_REQ
00:00:03:533108 SA -Send_Message- MESSAGE TO SEND: 200405FF01
00:00:03:533727 SA COMPLETE MESSAGE RECEIVED: 20050400
00:00:03:535597 CD -GciDecode- Message received: 20050400
00:00:03:535671 CD -DECODE- Decoding type: LL_LC_ADVERTISE_DATA_CFM 
00:00:03:535767 CD -DECODE- Decoding type: LLLCID  2005 
00:00:03:535827 CD -DECODE- Decoding type: LENGTH  04 
00:00:03:535879 CD -DECODE- Decoding type: CONFIRM_IND_LE  00 
00:00:03:537775 CD -Encode- Encoding Type LL_LC_ADVERTISING_MODE_REQ
00:00:03:538170 SA -Send_Message- MESSAGE TO SEND: 200D0400
00:00:03:538875 SA COMPLETE MESSAGE RECEIVED: 200E0400
00:00:03:539956 CD -GciDecode- Message received: 200E0400
00:00:03:540211 CD -DECODE- Decoding type: LL_LC_ADVERTISING_MODE_CFM 
00:00:03:540311 CD -DECODE- Decoding type: LLLCID  200E 
00:00:03:540372 CD -DECODE- Decoding type: LENGTH  04 
00:00:03:540880 CD -DECODE- Decoding type: CONFIRM_IND_LE  00 
00:00:03:752880 SA COMPLETE MESSAGE RECEIVED: 043E0D0201000056FF9929CD0001032C043E0D0201000056FF9929CD0001072C
00:00:03:755492 CD -GciDecode- Message received: 043E0D0201000056FF9929CD0001032C
00:00:03:755604 CD -GciDecode- After pre-processing: 043E0D0201000000CD2999FF5601032C
00:00:03:755641 CD -DECODE- Decoding type: HCI_LE_ADVERTISING_REPORT_EVENT 
00:00:03:755730 CD -DECODE- Decoding type: EVENT_CODE  3E 
00:00:03:755962 CD -DECODE- Decoding type: PARAMETER_TOTAL_LENGTH  0D 
00:00:03:756017 CD -DECODE- Decoding type: LE_EVENT_CODE  02 
00:00:03:756071 CD -DECODE- Decoding type: NUM_DEVICES  01 
00:00:03:756108 CD -DECODE- Decoding type: PARAMETER_ADVERTISING_PACKET_REPORT_EVENT_LIST 
00:00:03:756149 CD -DECODE- Decoding type: PARAMETER_ADVERTISING_PACKET_REPORT_EVENT 
00:00:03:756218 CD -DECODE- Decoding type: EVENT_TYPE  00 
00:00:03:756307 CD -DECODE- Decoding type: ADDRESS_TYPE  00 
00:00:03:756348 CD -DECODE- Decoding type: ADDRESS 
00:00:03:756405 CD -DECODE- Decoding type: COMPANY_ASSIGNED  00CD29 
00:00:03:756456 CD -DECODE- Decoding type: COMPANY_ID  99FF56 
00:00:03:756525 CD -DECODE- Decoding type: DATA_LEN  01 
00:00:03:756575 CD -DECODE- Decoding type: ADV_DATA  03 
00:00:03:756650 CD -DECODE- Decoding type: RSSI_LE  2C 
00:00:03:757232 CD -GciDecode- Message received: 043E0D0201000056FF9929CD0001072C
00:00:03:757334 CD -GciDecode- After pre-processing: 043E0D0201000000CD2999FF5601072C
00:00:03:757371 CD -DECODE- Decoding type: HCI_LE_ADVERTISING_REPORT_EVENT 
00:00:03:757591 CD -DECODE- Decoding type: EVENT_CODE  3E 
00:00:03:757655 CD -DECODE- Decoding type: PARAMETER_TOTAL_LENGTH  0D 
00:00:03:757707 CD -DECODE- Decoding type: LE_EVENT_CODE  02 
00:00:03:757758 CD -DECODE- Decoding type: NUM_DEVICES  01 
00:00:03:757794 CD -DECODE- Decoding type: PARAMETER_ADVERTISING_PACKET_REPORT_EVENT_LIST 
00:00:03:757834 CD -DECODE- Decoding type: PARAMETER_ADVERTISING_PACKET_REPORT_EVENT 
00:00:03:757981 CD -DECODE- Decoding type: EVENT_TYPE  00 
00:00:03:758032 CD -DECODE- Decoding type: ADDRESS_TYPE  00 
00:00:03:758069 CD -DECODE- Decoding type: ADDRESS 
00:00:03:758124 CD -DECODE- Decoding type: COMPANY_ASSIGNED  00CD29 
00:00:03:758177 CD -DECODE- Decoding type: COMPANY_ID  99FF56 
00:00:03:758247 CD -DECODE- Decoding type: DATA_LEN  01 
00:00:03:758325 CD -DECODE- Decoding type: ADV_DATA  07 
00:00:03:758378 CD -DECODE- Decoding type: RSSI_LE  2C 
00:00:03:762090 CD -Encode- Encoding Type HCI_LE_SET_SCAN_ENABLE
00:00:03:762127 CD -Encode- Encoding Type HCI_OPCODE
00:00:03:762649 SA -Send_Message- MESSAGE TO SEND: 010C20020000
00:00:03:768215 CD -Encode- Encoding Type LL_LC_ADVERTISING_MODE_REQ
00:00:03:768620 SA -Send_Message- MESSAGE TO SEND: 200D0401
00:00:03:769204 SA COMPLETE MESSAGE RECEIVED: 200E0400
00:00:03:770970 CD -GciDecode- Message received: 200E0400
00:00:03:771051 CD -DECODE- Decoding type: LL_LC_ADVERTISING_MODE_CFM 
00:00:03:771147 CD -DECODE- Decoding type: LLLCID  200E 
00:00:03:771205 CD -DECODE- Decoding type: LENGTH  04 
00:00:03:771256 CD -DECODE- Decoding type: CONFIRM_IND_LE  00 
00:00:03:870512 SA COMPLETE MESSAGE RECEIVED: 040E04010C2000
00:00:03:946069 CD -GciDecode- Message received: 040E04010C2000
00:00:03:946201 CD -GciDecode- After pre-processing: 040E0401200C00
00:00:03:946233 CD -DECODE- Decoding type: HCI_COMMAND_COMPLETE_EVENT 
00:00:03:946319 CD -DECODE- Decoding type: EVENT_CODE  0E 
00:00:03:946381 CD -DECODE- Decoding type: PARAMETER_TOTAL_LENGTH  04 
00:00:03:946538 CD -DECODE- Decoding type: NUM_HCI_COMMAND_PACKETS  01 
00:00:03:946581 CD -DECODE- Decoding type: HCI_OPCODE 
00:00:03:946644 CD -DECODE- Decoding type: OGF  001000
00:00:03:946695 CD -DECODE- Decoding type: OCF  0000001100
00:00:03:946824 CD -DECODE- Decoding type: RETURN_PARAMETERS 
00:00:03:947066 CD -DECODE- Decoding type: STATUS  00 
00:00:03:969219 CD -Encode- Encoding Type LL_LC_RESET_REQ
00:00:03:969681 SA -Send_Message- MESSAGE TO SEND: 000003
00:00:03:970288 SA COMPLETE MESSAGE RECEIVED: 00010400
00:00:03:971325 CD -GciDecode- Message received: 00010400
00:00:03:971417 CD -DECODE- Decoding type: LL_LC_RESET_CFM 
00:00:03:971717 CD -DECODE- Decoding type: LLLCID  0001 
00:00:03:971776 CD -DECODE- Decoding type: LENGTH  04 
00:00:03:971822 CD -DECODE- Decoding type: CONFIRM_IND_LE  00 
00:00:03:972982 CD -Encode- Encoding Type LL_LC_SET_TESTER_NAME_REQ
00:00:03:973456 SA -Send_Message- MESSAGE TO SEND: 100206024C54
00:00:03:974026 SA COMPLETE MESSAGE RECEIVED: 10030400
00:00:03:975044 CD -GciDecode- Message received: 10030400
00:00:03:975136 CD -DECODE- Decoding type: LL_LC_SET_TESTER_NAME_CFM 
00:00:03:975233 CD -DECODE- Decoding type: LLLCID  1003 
00:00:03:975287 CD -DECODE- Decoding type: LENGTH  04 
00:00:03:975365 CD -DECODE- Decoding type: CONFIRM_IND_LE  00 
00:00:03:976326 CD -Encode- Encoding Type LL_LC_SET_DEVICE_ADDRESS_REQ
00:00:03:976615 CD -Encode- Encoding Type ADDRESS
00:00:03:977105 SA -Send_Message- MESSAGE TO SEND: 100409123456123456
00:00:03:977683 SA COMPLETE MESSAGE RECEIVED: 10050400
00:00:03:979013 CD -GciDecode- Message received: 10050400
00:00:03:979103 CD -DECODE- Decoding type: LL_LC_SET_DEVICE_ADDRESS_CFM 
00:00:03:979201 CD -DECODE- Decoding type: LLLCID  1005 
00:00:03:979256 CD -DECODE- Decoding type: LENGTH  04 
00:00:03:979302 CD -DECODE- Decoding type: CONFIRM_IND_LE  00 
00:00:03:980551 CD -Encode- Encoding Type LL_LC_ADD_REMOTE_DEVICE_ADDRESS_REQ
00:00:03:980661 CD -Encode- Encoding Type ADDRESS
00:00:03:981009 SA -Send_Message- MESSAGE TO SEND: 10060A0029CD0099FF56
00:00:03:981592 SA COMPLETE MESSAGE RECEIVED: 10070400
00:00:03:982785 CD -GciDecode- Message received: 10070400
00:00:03:982868 CD -DECODE- Decoding type: LL_LC_ADD_REMOTE_DEVICE_ADDRESS_CFM 
00:00:03:982963 CD -DECODE- Decoding type: LLLCID  1007 
00:00:03:983122 CD -DECODE- Decoding type: LENGTH  04 
00:00:03:983171 CD -DECODE- Decoding type: CONFIRM_IND_LE  00 
00:00:03:986971 CD -Encode- Encoding Type HCI_RESET
00:00:03:987009 CD -Encode- Encoding Type HCI_OPCODE
00:00:03:987528 SA -Send_Message- MESSAGE TO SEND: 01030C00
00:00:04:187649 SA COMPLETE MESSAGE RECEIVED: 040E0400030C00
00:00:04:189288 CD -GciDecode- Message received: 040E0400030C00
00:00:04:189410 CD -GciDecode- After pre-processing: 040E04000C0300
00:00:04:189443 CD -DECODE- Decoding type: HCI_COMMAND_COMPLETE_EVENT 
00:00:04:189526 CD -DECODE- Decoding type: EVENT_CODE  0E 
00:00:04:189604 CD -DECODE- Decoding type: PARAMETER_TOTAL_LENGTH  04 
00:00:04:189658 CD -DECODE- Decoding type: NUM_HCI_COMMAND_PACKETS  00 
00:00:04:189694 CD -DECODE- Decoding type: HCI_OPCODE 
00:00:04:189752 CD -DECODE- Decoding type: OGF  000011
00:00:04:189801 CD -DECODE- Decoding type: OCF  0000000011
00:00:04:189874 CD -DECODE- Decoding type: RETURN_PARAMETERS 
00:00:04:190156 CD -DECODE- Decoding type: STATUS  00 
00:00:04:206471 CD -Encode- Encoding Type HCI_READ_LOCAL_SUPPORTED_FEATURES
00:00:04:206512 CD -Encode- Encoding Type HCI_OPCODE
00:00:04:207136 SA -Send_Message- MESSAGE TO SEND: 01031000
00:00:04:384798 SA COMPLETE MESSAGE RECEIVED: 040E0C010310000000000000000000
00:00:04:386682 CD -GciDecode- Message received: 040E0C010310000000000000000000
00:00:04:386807 CD -GciDecode- After pre-processing: 040E0C011003000000000000000000
00:00:04:386845 CD -DECODE- Decoding type: HCI_COMMAND_COMPLETE_EVENT 
00:00:04:386931 CD -DECODE- Decoding type: EVENT_CODE  0E 
00:00:04:386985 CD -DECODE- Decoding type: PARAMETER_TOTAL_LENGTH  0C 
00:00:04:387075 CD -DECODE- Decoding type: NUM_HCI_COMMAND_PACKETS  01 
00:00:04:387110 CD -DECODE- Decoding type: HCI_OPCODE 
00:00:04:387167 CD -DECODE- Decoding type: OGF  000100
00:00:04:387217 CD -DECODE- Decoding type: OCF  0000000011
00:00:04:387280 CD -DECODE- Decoding type: RETURN_PARAMETERS 
00:00:04:387510 CD -DECODE- Decoding type: STATUS  00 
00:00:04:391309 CD -DECODE- Decoding type: LMP_FEATURES_LE 
00:00:04:391507 CD -DECODE- Decoding type: B_1  0
00:00:04:391551 CD -DECODE- Decoding type: B_1  0
00:00:04:391602 CD -DECODE- Decoding type: B_1  0
00:00:04:391643 CD -DECODE- Decoding type: B_1  0
00:00:04:391684 CD -DECODE- Decoding type: B_1  0
00:00:04:391755 CD -DECODE- Decoding type: B_1  0
00:00:04:391796 CD -DECODE- Decoding type: B_1  0
00:00:04:391838 CD -DECODE- Decoding type: B_1  0
00:00:04:391878 CD -DECODE- Decoding type: B_1  0
00:00:04:391919 CD -DECODE- Decoding type: B_1  0
00:00:04:391960 CD -DECODE- Decoding type: B_1  0
00:00:04:392020 CD -DECODE- Decoding type: B_1  0
00:00:04:392061 CD -DECODE- Decoding type: B_1  0
00:00:04:392102 CD -DECODE- Decoding type: B_1  0
00:00:04:392142 CD -DECODE- Decoding type: B_1  0
00:00:04:392182 CD -DECODE- Decoding type: B_1  0
00:00:04:392223 CD -DECODE- Decoding type: B_1  0
00:00:04:392285 CD -DECODE- Decoding type: B_1  0
00:00:04:392326 CD -DECODE- Decoding type: B_1  0
00:00:04:392366 CD -DECODE- Decoding type: B_1  0
00:00:04:392407 CD -DECODE- Decoding type: B_1  0
00:00:04:392448 CD -DECODE- Decoding type: B_1  0
00:00:04:392488 CD -DECODE- Decoding type: B_1  0
00:00:04:392548 CD -DECODE- Decoding type: B_1  0
00:00:04:392589 CD -DECODE- Decoding type: B_1  0
00:00:04:392632 CD -DECODE- Decoding type: B_1  0
00:00:04:392674 CD -DECODE- Decoding type: B_1  0
00:00:04:392715 CD -DECODE- Decoding type: B_1  0
00:00:04:392755 CD -DECODE- Decoding type: B_1  0
00:00:04:392816 CD -DECODE- Decoding type: B_1  0
00:00:04:392856 CD -DECODE- Decoding type: B_1  0
00:00:04:392897 CD -DECODE- Decoding type: B_1  0
00:00:04:392943 CD -DECODE- Decoding type: B_1  0
00:00:04:392984 CD -DECODE- Decoding type: B_1  0
00:00:04:393025 CD -DECODE- Decoding type: B_1  0
00:00:04:393086 CD -DECODE- Decoding type: B_1  0
00:00:04:393127 CD -DECODE- Decoding type: B_1  0
00:00:04:393168 CD -DECODE- Decoding type: B_1  0
00:00:04:393208 CD -DECODE- Decoding type: B_1  0
00:00:04:393249 CD -DECODE- Decoding type: B_1  0
00:00:04:393289 CD -DECODE- Decoding type: B_1  0
00:00:04:393349 CD -DECODE- Decoding type: B_1  0
00:00:04:393390 CD -DECODE- Decoding type: B_1  0
00:00:04:393431 CD -DECODE- Decoding type: B_1  0
00:00:04:393472 CD -DECODE- Decoding type: B_1  0
00:00:04:393512 CD -DECODE- Decoding type: B_1  0
00:00:04:393553 CD -DECODE- Decoding type: B_1  0
00:00:04:393613 CD -DECODE- Decoding type: B_1  0
00:00:04:393655 CD -DECODE- Decoding type: B_1  0
00:00:04:393696 CD -DECODE- Decoding type: B_1  0
00:00:04:393736 CD -DECODE- Decoding type: B_1  0
00:00:04:393776 CD -DECODE- Decoding type: B_1  0
00:00:04:393817 CD -DECODE- Decoding type: B_1  0
00:00:04:393877 CD -DECODE- Decoding type: B_1  0
00:00:04:393918 CD -DECODE- Decoding type: B_1  0
00:00:04:393959 CD -DECODE- Decoding type: B_1  0
00:00:04:394000 CD -DECODE- Decoding type: B_1  0
00:00:04:394040 CD -DECODE- Decoding type: B_1  0
00:00:04:394081 CD -DECODE- Decoding type: B_1  0
00:00:04:394141 CD -DECODE- Decoding type: B_1  0
00:00:04:394182 CD -DECODE- Decoding type: B_1  0
00:00:04:394223 CD -DECODE- Decoding type: B_1  0
00:00:04:394263 CD -DECODE- Decoding type: B_1  0
00:00:04:394304 CD -DECODE- Decoding type: B_1  0
00:00:04:408207 CD -Encode- Encoding Type HCI_SET_EVENT_MASK
00:00:04:408247 CD -Encode- Encoding Type HCI_OPCODE
00:00:04:408893 SA -Send_Message- MESSAGE TO SEND: 01010C089088010000800020
00:00:04:521687 SA COMPLETE MESSAGE RECEIVED: 040E0401010C00
00:00:04:523462 CD -GciDecode- Message received: 040E0401010C00
00:00:04:523582 CD -GciDecode- After pre-processing: 040E04010C0100
00:00:04:523615 CD -DECODE- Decoding type: HCI_COMMAND_COMPLETE_EVENT 
00:00:04:523700 CD -DECODE- Decoding type: EVENT_CODE  0E 
00:00:04:523781 CD -DECODE- Decoding type: PARAMETER_TOTAL_LENGTH  04 
00:00:04:523835 CD -DECODE- Decoding type: NUM_HCI_COMMAND_PACKETS  01 
00:00:04:523874 CD -DECODE- Decoding type: HCI_OPCODE 
00:00:04:523934 CD -DECODE- Decoding type: OGF  000011
00:00:04:523985 CD -DECODE- Decoding type: OCF  0000000001
00:00:04:524047 CD -DECODE- Decoding type: RETURN_PARAMETERS 
00:00:04:524350 CD -DECODE- Decoding type: STATUS  00 
00:00:04:542826 CD -Encode- Encoding Type HCI_LE_SET_EVENT_MASK
00:00:04:543043 CD -Encode- Encoding Type HCI_OPCODE
00:00:04:543644 SA -Send_Message- MESSAGE TO SEND: 010120081F00000000000000
00:00:04:658238 SA COMPLETE MESSAGE RECEIVED: 040E0401012000
00:00:04:670054 CD -GciDecode- Message received: 040E0401012000
00:00:04:670185 CD -GciDecode- After pre-processing: 040E0401200100
00:00:04:670218 CD -DECODE- Decoding type: HCI_COMMAND_COMPLETE_EVENT 
00:00:04:670306 CD -DECODE- Decoding type: EVENT_CODE  0E 
00:00:04:670362 CD -DECODE- Decoding type: PARAMETER_TOTAL_LENGTH  04 
00:00:04:670437 CD -DECODE- Decoding type: NUM_HCI_COMMAND_PACKETS  01 
00:00:04:670474 CD -DECODE- Decoding type: HCI_OPCODE 
00:00:04:670531 CD -DECODE- Decoding type: OGF  001000
00:00:04:670581 CD -DECODE- Decoding type: OCF  0000000001
00:00:04:670638 CD -DECODE- Decoding type: RETURN_PARAMETERS 
00:00:04:670874 CD -DECODE- Decoding type: STATUS  00 
00:00:04:688597 CD -Encode- Encoding Type HCI_READ_BD_ADDR
00:00:04:688635 CD -Encode- Encoding Type HCI_OPCODE
00:00:04:689227 SA -Send_Message- MESSAGE TO SEND: 01091000
00:00:04:802592 SA COMPLETE MESSAGE RECEIVED: 040E0A0109100056FF9900CD29
00:00:04:804623 CD -GciDecode- Message received: 040E0A0109100056FF9900CD29
00:00:04:804753 CD -GciDecode- After pre-processing: 040E0A0110090029CD0099FF56
00:00:04:804789 CD -DECODE- Decoding type: HCI_COMMAND_COMPLETE_EVENT 
00:00:04:804872 CD -DECODE- Decoding type: EVENT_CODE  0E 
00:00:04:804950 CD -DECODE- Decoding type: PARAMETER_TOTAL_LENGTH  0A 
00:00:04:805003 CD -DECODE- Decoding type: NUM_HCI_COMMAND_PACKETS  01 
00:00:04:805040 CD -DECODE- Decoding type: HCI_OPCODE 
00:00:04:805099 CD -DECODE- Decoding type: OGF  000100
00:00:04:805148 CD -DECODE- Decoding type: OCF  0000001001
00:00:04:805209 CD -DECODE- Decoding type: RETURN_PARAMETERS 
00:00:04:805467 CD -DECODE- Decoding type: STATUS  00 
00:00:04:808685 CD -DECODE- Decoding type: ADDRESS 
00:00:04:808752 CD -DECODE- Decoding type: COMPANY_ASSIGNED  29CD00 
00:00:04:808868 CD -DECODE- Decoding type: COMPANY_ID  99FF56 
00:00:04:823505 CD -Encode- Encoding Type HCI_LE_SET_SCAN_PARAMETERS
00:00:04:823541 CD -Encode- Encoding Type HCI_OPCODE
00:00:04:824274 SA -Send_Message- MESSAGE TO SEND: 010B200700600060000000
00:00:04:927665 SA COMPLETE MESSAGE RECEIVED: 040E04010B2000
00:00:04:929081 CD -GciDecode- Message received: 040E04010B2000
00:00:04:929203 CD -GciDecode- After pre-processing: 040E0401200B00
00:00:04:929237 CD -DECODE- Decoding type: HCI_COMMAND_COMPLETE_EVENT 
00:00:04:929327 CD -DECODE- Decoding type: EVENT_CODE  0E 
00:00:04:929385 CD -DECODE- Decoding type: PARAMETER_TOTAL_LENGTH  04 
00:00:04:929458 CD -DECODE- Decoding type: NUM_HCI_COMMAND_PACKETS  01 
00:00:04:929499 CD -DECODE- Decoding type: HCI_OPCODE 
00:00:04:929560 CD -DECODE- Decoding type: OGF  001000
00:00:04:929611 CD -DECODE- Decoding type: OCF  0000001011
00:00:04:929673 CD -DECODE- Decoding type: RETURN_PARAMETERS 
00:00:04:929953 CD -DECODE- Decoding type: STATUS  00 
00:00:04:947158 CD -Encode- Encoding Type HCI_LE_SET_SCAN_ENABLE
00:00:04:947201 CD -Encode- Encoding Type HCI_OPCODE
00:00:04:947996 SA -Send_Message- MESSAGE TO SEND: 010C20020100
00:00:05:064189 SA COMPLETE MESSAGE RECEIVED: 040E04010C2000
00:00:05:065685 CD -GciDecode- Message received: 040E04010C2000
00:00:05:065810 CD -GciDecode- After pre-processing: 040E0401200C00
00:00:05:065842 CD -DECODE- Decoding type: HCI_COMMAND_COMPLETE_EVENT 
00:00:05:065929 CD -DECODE- Decoding type: EVENT_CODE  0E 
00:00:05:066006 CD -DECODE- Decoding type: PARAMETER_TOTAL_LENGTH  04 
00:00:05:066060 CD -DECODE- Decoding type: NUM_HCI_COMMAND_PACKETS  01 
00:00:05:066098 CD -DECODE- Decoding type: HCI_OPCODE 
00:00:05:066154 CD -DECODE- Decoding type: OGF  001000
00:00:05:066208 CD -DECODE- Decoding type: OCF  0000001100
00:00:05:066273 CD -DECODE- Decoding type: RETURN_PARAMETERS 
00:00:05:066584 CD -DECODE- Decoding type: STATUS  00 
00:00:05:088151 CD -Encode- Encoding Type LL_LC_ADVERTISE_PARAMETERS_REQ
00:00:05:088302 CD -Encode- Encoding Type ADDRESS
00:00:05:088353 CD -Encode- Encoding Type ADDRESS
00:00:05:088718 SA -Send_Message- MESSAGE TO SEND: 20001600002000010029CD0056FF9929CD0099FF5600
00:00:05:089324 SA COMPLETE MESSAGE RECEIVED: 20010400
00:00:05:091567 CD -GciDecode- Message received: 20010400
00:00:05:091657 CD -DECODE- Decoding type: LL_LC_ADVERTISE_PARAMETERS_CFM 
00:00:05:091760 CD -DECODE- Decoding type: LLLCID  2001 
00:00:05:091825 CD -DECODE- Decoding type: LENGTH  04 
00:00:05:091878 CD -DECODE- Decoding type: CONFIRM_IND_LE  00 
00:00:05:093825 CD -Encode- Encoding Type LL_LC_ADVERTISE_CHANNEL_MAP_REQ
00:00:05:094261 SA -Send_Message- MESSAGE TO SEND: 20020404
00:00:05:094850 SA COMPLETE MESSAGE RECEIVED: 20030400
00:00:05:095880 CD -GciDecode- Message received: 20030400
00:00:05:095966 CD -DECODE- Decoding type: LL_LC_ADVERTISE_CHANNEL_MAP_CFM 
00:00:05:096062 CD -DECODE- Decoding type: LLLCID  2003 
00:00:05:096149 CD -DECODE- Decoding type: LENGTH  04 
00:00:05:096201 CD -DECODE- Decoding type: CONFIRM_IND_LE  00 
00:00:05:097274 CD -Encode- Encoding Type LL_LC_ADVERTISE_DATA_REQ
00:00:05:097728 SA -Send_Message- MESSAGE TO SEND: 200405FF01
00:00:05:098310 SA COMPLETE MESSAGE RECEIVED: 20050400
00:00:05:100254 CD -GciDecode- Message received: 20050400
00:00:05:100333 CD -DECODE- Decoding type: LL_LC_ADVERTISE_DATA_CFM 
00:00:05:100426 CD -DECODE- Decoding type: LLLCID  2005 
00:00:05:100489 CD -DECODE- Decoding type: LENGTH  04 
00:00:05:100541 CD -DECODE- Decoding type: CONFIRM_IND_LE  00 
00:00:05:102813 CD -Encode- Encoding Type LL_LC_ADVERTISING_MODE_REQ
00:00:05:103410 SA -Send_Message- MESSAGE TO SEND: 200D0400
00:00:05:104315 SA COMPLETE MESSAGE RECEIVED: 200E0400
00:00:05:105380 CD -GciDecode- Message received: 200E0400
00:00:05:105461 CD -DECODE- Decoding type: LL_LC_ADVERTISING_MODE_CFM 
00:00:05:105561 CD -DECODE- Decoding type: LLLCID  200E 
00:00:05:105621 CD -DECODE- Decoding type: LENGTH  04 
00:00:05:105672 CD -DECODE- Decoding type: CONFIRM_IND_LE  00 
00:00:05:357875 SA COMPLETE MESSAGE RECEIVED: 043E0D0201000199FF5600CD2901032D043E0D0201000199FF5600CD2901052D043E0D0201000199FF5600CD2901072D043E0D0201000199FF5600CD2901092D043E0D0201000199FF5600CD29010A2D
00:00:05:359496 CD -GciDecode- Message received: 043E0D0201000199FF5600CD2901032D
00:00:05:359622 CD -GciDecode- After pre-processing: 043E0D0201000129CD0056FF9901032D
00:00:05:359660 CD -DECODE- Decoding type: HCI_LE_ADVERTISING_REPORT_EVENT 
00:00:05:359749 CD -DECODE- Decoding type: EVENT_CODE  3E 
00:00:05:359813 CD -DECODE- Decoding type: PARAMETER_TOTAL_LENGTH  0D 
00:00:05:359966 CD -DECODE- Decoding type: LE_EVENT_CODE  02 
00:00:05:360024 CD -DECODE- Decoding type: NUM_DEVICES  01 
00:00:05:360064 CD -DECODE- Decoding type: PARAMETER_ADVERTISING_PACKET_REPORT_EVENT_LIST 
00:00:05:360104 CD -DECODE- Decoding type: PARAMETER_ADVERTISING_PACKET_REPORT_EVENT 
00:00:05:360174 CD -DECODE- Decoding type: EVENT_TYPE  00 
00:00:05:360225 CD -DECODE- Decoding type: ADDRESS_TYPE  01 
00:00:05:360290 CD -DECODE- Decoding type: ADDRESS 
00:00:05:360348 CD -DECODE- Decoding type: COMPANY_ASSIGNED  29CD00 
00:00:05:360400 CD -DECODE- Decoding type: COMPANY_ID  56FF99 
00:00:05:360472 CD -DECODE- Decoding type: DATA_LEN  01 
00:00:05:360522 CD -DECODE- Decoding type: ADV_DATA  03 
00:00:05:360576 CD -DECODE- Decoding type: RSSI_LE  2D 
00:00:05:361171 CD -GciDecode- Message received: 043E0D0201000199FF5600CD2901052D
00:00:05:361271 CD -GciDecode- After pre-processing: 043E0D0201000129CD0056FF9901052D
00:00:05:361307 CD -DECODE- Decoding type: HCI_LE_ADVERTISING_REPORT_EVENT 
00:00:05:361540 CD -DECODE- Decoding type: EVENT_CODE  3E 
00:00:05:361609 CD -DECODE- Decoding type: PARAMETER_TOTAL_LENGTH  0D 
00:00:05:361661 CD -DECODE- Decoding type: LE_EVENT_CODE  02 
00:00:05:361714 CD -DECODE- Decoding type: NUM_DEVICES  01 
00:00:05:361752 CD -DECODE- Decoding type: PARAMETER_ADVERTISING_PACKET_REPORT_EVENT_LIST 
00:00:05:361793 CD -DECODE- Decoding type: PARAMETER_ADVERTISING_PACKET_REPORT_EVENT 
00:00:05:361953 CD -DECODE- Decoding type: EVENT_TYPE  00 
00:00:05:362005 CD -DECODE- Decoding type: ADDRESS_TYPE  01 
00:00:05:362043 CD -DECODE- Decoding type: ADDRESS 
00:00:05:362102 CD -DECODE- Decoding type: COMPANY_ASSIGNED  29CD00 
00:00:05:362155 CD -DECODE- Decoding type: COMPANY_ID  56FF99 
00:00:05:362227 CD -DECODE- Decoding type: DATA_LEN  01 
00:00:05:362305 CD -DECODE- Decoding type: ADV_DATA  05 
00:00:05:362360 CD -DECODE- Decoding type: RSSI_LE  2D 
00:00:05:365349 CD -Encode- Encoding Type HCI_LE_SET_SCAN_ENABLE
00:00:05:365384 CD -Encode- Encoding Type HCI_OPCODE
00:00:05:365859 SA -Send_Message- MESSAGE TO SEND: 010C20020000
00:00:05:372906 CD -Encode- Encoding Type LL_LC_ADVERTISING_MODE_REQ
00:00:05:373301 SA -Send_Message- MESSAGE TO SEND: 200D0401
00:00:05:373874 SA COMPLETE MESSAGE RECEIVED: 200E0400
00:00:05:375639 CD -GciDecode- Message received: 043E0D0201000199FF5600CD2901072D
00:00:05:375764 CD -GciDecode- After pre-processing: 043E0D0201000129CD0056FF9901072D
00:00:05:375803 CD -DECODE- Decoding type: HCI_LE_ADVERTISING_REPORT_EVENT 
00:00:05:375895 CD -DECODE- Decoding type: EVENT_CODE  3E 
00:00:05:375956 CD -DECODE- Decoding type: PARAMETER_TOTAL_LENGTH  0D 
00:00:05:376075 CD -DECODE- Decoding type: LE_EVENT_CODE  02 
00:00:05:376135 CD -DECODE- Decoding type: NUM_DEVICES  01 
00:00:05:376177 CD -DECODE- Decoding type: PARAMETER_ADVERTISING_PACKET_REPORT_EVENT_LIST 
00:00:05:376218 CD -DECODE- Decoding type: PARAMETER_ADVERTISING_PACKET_REPORT_EVENT 
00:00:05:376294 CD -DECODE- Decoding type: EVENT_TYPE  00 
00:00:05:376345 CD -DECODE- Decoding type: ADDRESS_TYPE  01 
00:00:05:376413 CD -DECODE- Decoding type: ADDRESS 
00:00:05:376473 CD -DECODE- Decoding type: COMPANY_ASSIGNED  29CD00 
00:00:05:376530 CD -DECODE- Decoding type: COMPANY_ID  56FF99 
00:00:05:376605 CD -DECODE- Decoding type: DATA_LEN  01 
00:00:05:376655 CD -DECODE- Decoding type: ADV_DATA  07 
00:00:05:376713 CD -DECODE- Decoding type: RSSI_LE  2D 
00:00:05:377244 CD -GciDecode- Message received: 043E0D0201000199FF5600CD2901092D
00:00:05:377335 CD -GciDecode- After pre-processing: 043E0D0201000129CD0056FF9901092D
00:00:05:377372 CD -DECODE- Decoding type: HCI_LE_ADVERTISING_REPORT_EVENT 
00:00:05:377483 CD -DECODE- Decoding type: EVENT_CODE  3E 
00:00:05:377547 CD -DECODE- Decoding type: PARAMETER_TOTAL_LENGTH  0D 
00:00:05:377601 CD -DECODE- Decoding type: LE_EVENT_CODE  02 
00:00:05:377654 CD -DECODE- Decoding type: NUM_DEVICES  01 
00:00:05:377692 CD -DECODE- Decoding type: PARAMETER_ADVERTISING_PACKET_REPORT_EVENT_LIST 
00:00:05:377733 CD -DECODE- Decoding type: PARAMETER_ADVERTISING_PACKET_REPORT_EVENT 
00:00:05:377829 CD -DECODE- Decoding type: EVENT_TYPE  00 
00:00:05:377879 CD -DECODE- Decoding type: ADDRESS_TYPE  01 
00:00:05:377920 CD -DECODE- Decoding type: ADDRESS 
00:00:05:377982 CD -DECODE- Decoding type: COMPANY_ASSIGNED  29CD00 
00:00:05:378036 CD -DECODE- Decoding type: COMPANY_ID  56FF99 
00:00:05:378112 CD -DECODE- Decoding type: DATA_LEN  01 
00:00:05:378342 CD -DECODE- Decoding type: ADV_DATA  09 
00:00:05:378404 CD -DECODE- Decoding type: RSSI_LE  2D 
00:00:05:381300 CD -GciDecode- Message received: 043E0D0201000199FF5600CD29010A2D
00:00:05:381421 CD -GciDecode- After pre-processing: 043E0D0201000129CD0056FF99010A2D
00:00:05:381461 CD -DECODE- Decoding type: HCI_LE_ADVERTISING_REPORT_EVENT 
00:00:05:381552 CD -DECODE- Decoding type: EVENT_CODE  3E 
00:00:05:381612 CD -DECODE- Decoding type: PARAMETER_TOTAL_LENGTH  0D 
00:00:05:382036 CD -DECODE- Decoding type: LE_EVENT_CODE  02 
00:00:05:382097 CD -DECODE- Decoding type: NUM_DEVICES  01 
00:00:05:382138 CD -DECODE- Decoding type: PARAMETER_ADVERTISING_PACKET_REPORT_EVENT_LIST 
00:00:05:382181 CD -DECODE- Decoding type: PARAMETER_ADVERTISING_PACKET_REPORT_EVENT 
00:00:05:382256 CD -DECODE- Decoding type: EVENT_TYPE  00 
00:00:05:382325 CD -DECODE- Decoding type: ADDRESS_TYPE  01 
00:00:05:382736 CD -DECODE- Decoding type: ADDRESS 
00:00:05:382824 CD -DECODE- Decoding type: COMPANY_ASSIGNED  29CD00 
00:00:05:382878 CD -DECODE- Decoding type: COMPANY_ID  56FF99 
00:00:05:382950 CD -DECODE- Decoding type: DATA_LEN  01 
00:00:05:383001 CD -DECODE- Decoding type: ADV_DATA  0A 
00:00:05:383057 CD -DECODE- Decoding type: RSSI_LE  2D 
00:00:05:383582 CD -GciDecode- Message received: 200E0400
00:00:05:383643 CD -DECODE- Decoding type: LL_LC_ADVERTISING_MODE_CFM 
00:00:05:383730 CD -DECODE- Decoding type: LLLCID  200E 
00:00:05:383788 CD -DECODE- Decoding type: LENGTH  04 
00:00:05:384011 CD -DECODE- Decoding type: CONFIRM_IND_LE  00 
00:00:05:431949 SA COMPLETE MESSAGE RECEIVED: 040E04010C2000
00:00:05:505496 CD -GciDecode- Message received: 040E04010C2000
00:00:05:505634 CD -GciDecode- After pre-processing: 040E0401200C00
00:00:05:505665 CD -DECODE- Decoding type: HCI_COMMAND_COMPLETE_EVENT 
00:00:05:505781 CD -DECODE- Decoding type: EVENT_CODE  0E 
00:00:05:505850 CD -DECODE- Decoding type: PARAMETER_TOTAL_LENGTH  04 
00:00:05:632085 CD -DECODE- Decoding type: NUM_HCI_COMMAND_PACKETS  01 
00:00:05:632139 CD -DECODE- Decoding type: HCI_OPCODE 
00:00:05:632209 CD -DECODE- Decoding type: OGF  001000
00:00:05:632267 CD -DECODE- Decoding type: OCF  0000001100
00:00:05:632334 CD -DECODE- Decoding type: RETURN_PARAMETERS 
00:00:05:632621 CD -DECODE- Decoding type: STATUS  00 
