-ASP v.1.0.5.4-
00:00:03:437 Read from Socket  3 bytes ->   00  00  03 
00:00:03:437 Read from Heron   4 bytes ->   00  01  04  00 
00:00:03:906 Read from Socket  6 bytes ->   10  02  06  02  4C  54 
00:00:03:906 Read from Heron   4 bytes ->   10  03  04  00 
00:00:03:906 Read from Socket  9 bytes ->   10  04  09  12  34  56  12  34  56 
00:00:03:906 Read from Heron   4 bytes ->   10  05  04  00 
00:00:03:906 Read from Socket 10 bytes ->   10  06  0A  00  29  CD  00  99  FF  56 
00:00:03:906 Read from Heron   4 bytes ->   10  07  04  00 
00:00:05:172 Read from Socket 22 bytes ->   20  00  16  00  00  20  00  00  00  12  34  56  12  34  56  29  CD  00  99  FF  56  00 
00:00:05:172 Read from Heron   4 bytes ->   20  01  04  00 
00:00:05:172 Read from Socket  4 bytes ->   20  02  04  01 
00:00:05:172 Read from Heron   4 bytes ->   20  03  04  00 
00:00:05:250 Read from Socket  5 bytes ->   20  04  05  FF  01 
00:00:05:250 Read from Heron   4 bytes ->   20  05  04  00 
00:00:05:265 Read from Socket  4 bytes ->   20  0D  04  00 
00:00:05:265 Read from Heron   4 bytes ->   20  0E  04  00 
00:00:05:437 Read from Socket  4 bytes ->   20  0D  04  01 
00:00:05:437 Read from Heron   4 bytes ->   20  0E  04  00 
00:00:05:593 Read from Socket  3 bytes ->   00  00  03 
00:00:05:593 Read from Heron   4 bytes ->   00  01  04  00 
00:00:05:593 Read from Socket  6 bytes ->   10  02  06  02  4C  54 
00:00:05:593 Read from Heron   4 bytes ->   10  03  04  00 
00:00:05:609 Read from Socket  9 bytes ->   10  04  09  12  34  56  12  34  56 
00:00:05:609 Read from Heron   4 bytes ->   10  05  04  00 
00:00:05:609 Read from Socket 10 bytes ->   10  06  0A  00  29  CD  00  99  FF  56 
00:00:05:609 Read from Heron   4 bytes ->   10  07  04  00 
00:00:06:843 Read from Socket 22 bytes ->   20  00  16  00  00  20  00  00  00  00  CD  29  99  FF  56  29  CD  00  99  FF  56  00 
00:00:06:843 Read from Heron   4 bytes ->   20  01  04  00 
00:00:06:859 Read from Socket  4 bytes ->   20  02  04  02 
00:00:06:859 Read from Heron   4 bytes ->   20  03  04  00 
00:00:06:859 Read from Socket  5 bytes ->   20  04  05  FF  01 
00:00:06:859 Read from Heron   4 bytes ->   20  05  04  00 
00:00:06:859 Read from Socket  4 bytes ->   20  0D  04  00 
00:00:06:859 Read from Heron   4 bytes ->   20  0E  04  00 
00:00:07:093 Read from Socket  4 bytes ->   20  0D  04  01 
00:00:07:093 Read from Heron   4 bytes ->   20  0E  04  00 
00:00:07:297 Read from Socket  3 bytes ->   00  00  03 
00:00:07:297 Read from Heron   4 bytes ->   00  01  04  00 
00:00:07:297 Read from Socket  6 bytes ->   10  02  06  02  4C  54 
00:00:07:297 Read from Heron   4 bytes ->   10  03  04  00 
00:00:07:297 Read from Socket  9 bytes ->   10  04  09  12  34  56  12  34  56 
00:00:07:297 Read from Heron   4 bytes ->   10  05  04  00 
00:00:07:312 Read from Socket 10 bytes ->   10  06  0A  00  29  CD  00  99  FF  56 
00:00:07:312 Read from Heron   4 bytes ->   10  07  04  00 
00:00:08:422 Read from Socket 22 bytes ->   20  00  16  00  00  20  00  01  00  29  CD  00  56  FF  99  29  CD  00  99  FF  56  00 
00:00:08:422 Read from Heron   4 bytes ->   20  01  04  00 
00:00:08:422 Read from Socket  4 bytes ->   20  02  04  04 
00:00:08:422 Read from Heron   4 bytes ->   20  03  04  00 
00:00:08:422 Read from Socket  5 bytes ->   20  04  05  FF  01 
00:00:08:422 Read from Heron   4 bytes ->   20  05  04  00 
00:00:08:437 Read from Socket  4 bytes ->   20  0D  04  00 
00:00:08:437 Read from Heron   4 bytes ->   20  0E  04  00 
00:00:08:703 Read from Socket  4 bytes ->   20  0D  04  01 
00:00:08:703 Read from Heron   4 bytes ->   20  0E  04  00 
00:00:09:140 Read from Socket  3 bytes ->   F0  00  03 
