-Bluetooth Low Energy-
-Link Layer v1.0.15.0-

1		Reset performs
2		Start advertising...
3		Compose ADV_IND (7 bytes) in channel 37
4		  TX ---> 5607008E
5		Compose ADV_IND (7 bytes) in channel 37
6		  TX ---> 5607008E
7		Compose ADV_IND (7 bytes) in channel 37
8		  TX ---> 5607008E
9		Compose ADV_IND (7 bytes) in channel 37
10		  TX ---> 5607008E
11		Compose ADV_IND (7 bytes) in channel 37
12		  TX ---> 5607008E
13		Compose ADV_IND (7 bytes) in channel 37
14		  TX ---> 5607008E
15		Compose ADV_IND (7 bytes) in channel 37
16		  TX ---> 5607008E
17		Compose ADV_IND (7 bytes) in channel 37
18		  TX ---> 5607008E
19		Compose ADV_IND (7 bytes) in channel 37
20		  TX ---> 5607008E
21		Stop advertising...
22		Reset performs
23		Start advertising...
24		Compose ADV_IND (7 bytes) in channel 38
25		  TX ---> 5607008E
26		Compose ADV_IND (7 bytes) in channel 38
27		  TX ---> 5607008E
28		Compose ADV_IND (7 bytes) in channel 38
29		  TX ---> 5607008E
30		Compose ADV_IND (7 bytes) in channel 38
31		  TX ---> 5607008E
32		Compose ADV_IND (7 bytes) in channel 38
33		  TX ---> 5607008E
34		Compose ADV_IND (7 bytes) in channel 38
35		  TX ---> 5607008E
36		Compose ADV_IND (7 bytes) in channel 38
37		  TX ---> 5607008E
38		Compose ADV_IND (7 bytes) in channel 38
39		  TX ---> 5607008E
40		Compose ADV_IND (7 bytes) in channel 38
41		  TX ---> 5607008E
42		Compose ADV_IND (7 bytes) in channel 38
43		  TX ---> 5607008E
44		Stop advertising...
45		Reset performs
46		Start advertising...
47		Compose ADV_IND (7 bytes) in channel 39
48		  TX ---> 9907408E
49		Compose ADV_IND (7 bytes) in channel 39
50		  TX ---> 9907408E
51		Compose ADV_IND (7 bytes) in channel 39
52		  TX ---> 9907408E
53		Compose ADV_IND (7 bytes) in channel 39
54		  TX ---> 9907408E
55		Compose ADV_IND (7 bytes) in channel 39
56		  TX ---> 9907408E
57		Compose ADV_IND (7 bytes) in channel 39
58		  TX ---> 9907408E
59		Compose ADV_IND (7 bytes) in channel 39
60		  TX ---> 9907408E
61		Compose ADV_IND (7 bytes) in channel 39
62		  TX ---> 9907408E
63		Compose ADV_IND (7 bytes) in channel 39
64		  TX ---> 9907408E
65		Compose ADV_IND (7 bytes) in channel 39
66		  TX ---> 9907408E
67		Compose ADV_IND (7 bytes) in channel 39
68		  TX ---> 9907408E
69		Compose ADV_IND (7 bytes) in channel 39
70		  TX ---> 9907408E
71		Stop advertising...

Statistic PDUs
==============
Reception:
 0 	Advertising
 0 	Empty
 0 	Data
 0 	Control
 0 	CRC Failed
 0 	TOTAL
Transmission:
 31 	Advertising
 0 	Empty
 0 	Data
 0 	Control
 31 	TOTAL

