Final Verdict: PASS
      
Layer:     LL
Test Case: TC_DDI_SCN_BV_10
Date:      14/12/15
Time:      21:45:21

00:00:00:006229  Lower                                                                                                                          Upper
00:00:00:006248  Tester                                                            IUT                                                         Tester
00:00:00:006263     |                                                               |                                                             |
00:00:00:112739   ___________________________________________________________________________________________________________________________________ 
00:00:00:112739  |                                                          Tester is RESET                                                          |
00:00:00:112739  |___________________________________________________________________________________________________________________________________|
00:00:00:575632   ___________________________________________________________________________________________________________________________________ 
00:00:00:575632  |                                             Tester's user friendly name is configured                                             |
00:00:00:575632  |___________________________________________________________________________________________________________________________________|
00:00:00:579797   ___________________________________________________________________________________________________________________________________ 
00:00:00:579797  |                                               Tester's device address is configured                                               |
00:00:00:579797  |___________________________________________________________________________________________________________________________________|
00:00:00:583680   ___________________________________________________________________________________________________________________________________ 
00:00:00:583680  |                                        IUT's device address is included in the White List                                         |
00:00:00:583680  |___________________________________________________________________________________________________________________________________|
00:00:00:597968     |                                                               |                                                             |
00:00:00:597968     |                                                               |                                                   HCI_RESET |
00:00:00:597968     |                                                               |<------------------------------------------------------------|
00:00:00:864076     |                                                               |                                                             |
00:00:00:864076     |                                                               |HCI_COMMAND_COMPLETE_EVENT                                   |
00:00:00:864076     |                                                               |------------------------------------------------------------>|
00:00:00:864076     |                                                               |(HCI_RESET, Status: Success - 0x00)                          |
00:00:00:877647     |                                                               |                                                             |
00:00:00:877647     |                                                               |                           HCI_READ_LOCAL_SUPPORTED_FEATURES |
00:00:00:877647     |                                                               |<------------------------------------------------------------|
00:00:01:134400     |                                                               |                                                             |
00:00:01:134400     |                                                               |HCI_COMMAND_COMPLETE_EVENT                                   |
00:00:01:134400     |                                                               |------------------------------------------------------------>|
00:00:01:134400     |                                                               |(HCI_READ_LOCAL_SUPPORTED_FEATURES, Status: Success - 0x00)  |
00:00:01:146483     |                                                               |                                                             |
00:00:01:146483     |                                                               |                                          HCI_SET_EVENT_MASK |
00:00:01:146483     |                                                               |<------------------------------------------------------------|
00:00:01:266647     |                                                               |                                                             |
00:00:01:266647     |                                                               |HCI_COMMAND_COMPLETE_EVENT                                   |
00:00:01:266647     |                                                               |------------------------------------------------------------>|
00:00:01:266647     |                                                               |(HCI_SET_EVENT_MASK, Status: Success - 0x00)                 |
00:00:01:277623     |                                                               |                                                             |
00:00:01:277623     |                                                               |                                       HCI_LE_SET_EVENT_MASK |
00:00:01:277623     |                                                               |<------------------------------------------------------------|
00:00:01:389300     |                                                               |                                                             |
00:00:01:389300     |                                                               |HCI_COMMAND_COMPLETE_EVENT                                   |
00:00:01:389300     |                                                               |------------------------------------------------------------>|
00:00:01:389300     |                                                               |(HCI_LE_SET_EVENT_MASK, Status: Success - 0x00)              |
00:00:01:402461     |                                                               |                                                             |
00:00:01:402461     |                                                               |                                            HCI_READ_BD_ADDR |
00:00:01:402461     |                                                               |<------------------------------------------------------------|
00:00:01:517144     |                                                               |                                                             |
00:00:01:517144     |                                                               |HCI_COMMAND_COMPLETE_EVENT                                   |
00:00:01:517144     |                                                               |------------------------------------------------------------>|
00:00:01:517144     |                                                               |(HCI_READ_BD_ADDR, Status: Success - 0x00)                   |
00:00:01:532056     |                                                               |                                                             |
00:00:01:532056     |                                                               |                                  HCI_LE_SET_SCAN_PARAMETERS |
00:00:01:532056     |                                                               |<------------------------------------------------------------|
00:00:01:648031     |                                                               |                                                             |
00:00:01:648031     |                                                               |HCI_COMMAND_COMPLETE_EVENT                                   |
00:00:01:648031     |                                                               |------------------------------------------------------------>|
00:00:01:648031     |                                                               |(HCI_LE_SET_SCAN_PARAMETERS, Status: Success - 0x00)         |
00:00:01:659978     |                                                               |                                                             |
00:00:01:659978     |                                                               |                                      HCI_LE_SET_SCAN_ENABLE |
00:00:01:659978     |                                                               |<------------------------------------------------------------|
00:00:01:659978     |                                                               |                                    (Advertise Enable: 0x01) |
00:00:01:807486     |                                                               |                                                             |
00:00:01:807486     |                                                               |HCI_COMMAND_COMPLETE_EVENT                                   |
00:00:01:807486     |                                                               |------------------------------------------------------------>|
00:00:01:807486     |                                                               |(HCI_LE_SET_SCAN_ENABLE, Status: Success - 0x00)             |
00:00:01:843282   ___________________________________________________________________________________________________________________________________ 
00:00:01:843282  |                                           Tester is configured to send ADV_IND packets                                            |
00:00:01:843282  |___________________________________________________________________________________________________________________________________|
00:00:01:847132   ___________________________________________________________________________________________________________________________________ 
00:00:01:847132  |                                                Advertise channel map is configured                                                |
00:00:01:847132  |___________________________________________________________________________________________________________________________________|
00:00:01:852856   ___________________________________________________________________________________________________________________________________ 
00:00:01:852856  |                                                   Advertise data are configured                                                   |
00:00:01:852856  |___________________________________________________________________________________________________________________________________|
00:00:01:934398   ___________________________________________________________________________________________________________________________________ 
00:00:01:934398  |                                                     Tester starts Advertising                                                     |
00:00:01:934398  |___________________________________________________________________________________________________________________________________|
00:00:02:107565     |                                                               |                                                             |
00:00:02:107565     |                                                               |HCI_LE_ADVERTISING_REPORT_EVENT                              |
00:00:02:107565     |                                                               |------------------------------------------------------------>|
00:00:02:110585     |                                                               |                                                             |
00:00:02:110585     |                                                               |                                      HCI_LE_SET_SCAN_ENABLE |
00:00:02:110585     |                                                               |<------------------------------------------------------------|
00:00:02:110585     |                                                               |                                    (Advertise Enable: 0x00) |
00:00:02:122052   ___________________________________________________________________________________________________________________________________ 
00:00:02:122052  |                                                     Tester stops Advertising                                                      |
00:00:02:122052  |___________________________________________________________________________________________________________________________________|
00:00:02:247023     |                                                               |                                                             |
00:00:02:247023     |                                                               |HCI_LE_ADVERTISING_REPORT_EVENT                              |
00:00:02:247023     |                                                               |------------------------------------------------------------>|
00:00:02:253831     |                                                               |                                                             |
00:00:02:253831     |                                                               |HCI_COMMAND_COMPLETE_EVENT                                   |
00:00:02:253831     |                                                               |------------------------------------------------------------>|
00:00:02:253831     |                                                               |(HCI_LE_SET_SCAN_ENABLE, Status: Success - 0x00)             |
00:00:02:270044   ___________________________________________________________________________________________________________________________________ 
00:00:02:270044  |                                                          Tester is RESET                                                          |
00:00:02:270044  |___________________________________________________________________________________________________________________________________|
00:00:02:273564   ___________________________________________________________________________________________________________________________________ 
00:00:02:273564  |                                             Tester's user friendly name is configured                                             |
00:00:02:273564  |___________________________________________________________________________________________________________________________________|
00:00:02:277327   ___________________________________________________________________________________________________________________________________ 
00:00:02:277327  |                                               Tester's device address is configured                                               |
00:00:02:277327  |___________________________________________________________________________________________________________________________________|
00:00:02:280858   ___________________________________________________________________________________________________________________________________ 
00:00:02:280858  |                                        IUT's device address is included in the White List                                         |
00:00:02:280858  |___________________________________________________________________________________________________________________________________|
00:00:02:287901     |                                                               |                                                             |
00:00:02:287901     |                                                               |                                                   HCI_RESET |
00:00:02:287901     |                                                               |<------------------------------------------------------------|
00:00:02:581243     |                                                               |                                                             |
00:00:02:581243     |                                                               |HCI_COMMAND_COMPLETE_EVENT                                   |
00:00:02:581243     |                                                               |------------------------------------------------------------>|
00:00:02:581243     |                                                               |(HCI_RESET, Status: Success - 0x00)                          |
00:00:02:603737     |                                                               |                                                             |
00:00:02:603737     |                                                               |                           HCI_READ_LOCAL_SUPPORTED_FEATURES |
00:00:02:603737     |                                                               |<------------------------------------------------------------|
00:00:02:820669     |                                                               |                                                             |
00:00:02:820669     |                                                               |HCI_COMMAND_COMPLETE_EVENT                                   |
00:00:02:820669     |                                                               |------------------------------------------------------------>|
00:00:02:820669     |                                                               |(HCI_READ_LOCAL_SUPPORTED_FEATURES, Status: Success - 0x00)  |
00:00:02:833078     |                                                               |                                                             |
00:00:02:833078     |                                                               |                                          HCI_SET_EVENT_MASK |
00:00:02:833078     |                                                               |<------------------------------------------------------------|
00:00:02:984678     |                                                               |                                                             |
00:00:02:984678     |                                                               |HCI_COMMAND_COMPLETE_EVENT                                   |
00:00:02:984678     |                                                               |------------------------------------------------------------>|
00:00:02:984678     |                                                               |(HCI_SET_EVENT_MASK, Status: Success - 0x00)                 |
00:00:02:997897     |                                                               |                                                             |
00:00:02:997897     |                                                               |                                       HCI_LE_SET_EVENT_MASK |
00:00:02:997897     |                                                               |<------------------------------------------------------------|
00:00:03:120004     |                                                               |                                                             |
00:00:03:120004     |                                                               |HCI_COMMAND_COMPLETE_EVENT                                   |
00:00:03:120004     |                                                               |------------------------------------------------------------>|
00:00:03:120004     |                                                               |(HCI_LE_SET_EVENT_MASK, Status: Success - 0x00)              |
00:00:03:132005     |                                                               |                                                             |
00:00:03:132005     |                                                               |                                            HCI_READ_BD_ADDR |
00:00:03:132005     |                                                               |<------------------------------------------------------------|
00:00:03:250974     |                                                               |                                                             |
00:00:03:250974     |                                                               |HCI_COMMAND_COMPLETE_EVENT                                   |
00:00:03:250974     |                                                               |------------------------------------------------------------>|
00:00:03:250974     |                                                               |(HCI_READ_BD_ADDR, Status: Success - 0x00)                   |
00:00:03:264273     |                                                               |                                                             |
00:00:03:264273     |                                                               |                                  HCI_LE_SET_SCAN_PARAMETERS |
00:00:03:264273     |                                                               |<------------------------------------------------------------|
00:00:03:372655     |                                                               |                                                             |
00:00:03:372655     |                                                               |HCI_COMMAND_COMPLETE_EVENT                                   |
00:00:03:372655     |                                                               |------------------------------------------------------------>|
00:00:03:372655     |                                                               |(HCI_LE_SET_SCAN_PARAMETERS, Status: Success - 0x00)         |
00:00:03:384361     |                                                               |                                                             |
00:00:03:384361     |                                                               |                                      HCI_LE_SET_SCAN_ENABLE |
00:00:03:384361     |                                                               |<------------------------------------------------------------|
00:00:03:384361     |                                                               |                                    (Advertise Enable: 0x01) |
00:00:03:508878     |                                                               |                                                             |
00:00:03:508878     |                                                               |HCI_COMMAND_COMPLETE_EVENT                                   |
00:00:03:508878     |                                                               |------------------------------------------------------------>|
00:00:03:508878     |                                                               |(HCI_LE_SET_SCAN_ENABLE, Status: Success - 0x00)             |
00:00:03:524049   ___________________________________________________________________________________________________________________________________ 
00:00:03:524049  |                                           Tester is configured to send ADV_IND packets                                            |
00:00:03:524049  |___________________________________________________________________________________________________________________________________|
00:00:03:529220   ___________________________________________________________________________________________________________________________________ 
00:00:03:529220  |                                                Advertise channel map is configured                                                |
00:00:03:529220  |___________________________________________________________________________________________________________________________________|
00:00:03:532945   ___________________________________________________________________________________________________________________________________ 
00:00:03:532945  |                                                   Advertise data are configured                                                   |
00:00:03:532945  |___________________________________________________________________________________________________________________________________|
00:00:03:541064   ___________________________________________________________________________________________________________________________________ 
00:00:03:541064  |                                                     Tester starts Advertising                                                     |
00:00:03:541064  |___________________________________________________________________________________________________________________________________|
00:00:03:756880     |                                                               |                                                             |
00:00:03:756880     |                                                               |HCI_LE_ADVERTISING_REPORT_EVENT                              |
00:00:03:756880     |                                                               |------------------------------------------------------------>|
00:00:03:758617     |                                                               |                                                             |
00:00:03:758617     |                                                               |HCI_LE_ADVERTISING_REPORT_EVENT                              |
00:00:03:758617     |                                                               |------------------------------------------------------------>|
00:00:03:762447     |                                                               |                                                             |
00:00:03:762447     |                                                               |                                      HCI_LE_SET_SCAN_ENABLE |
00:00:03:762447     |                                                               |<------------------------------------------------------------|
00:00:03:762447     |                                                               |                                    (Advertise Enable: 0x00) |
00:00:03:771623   ___________________________________________________________________________________________________________________________________ 
00:00:03:771623  |                                                     Tester stops Advertising                                                      |
00:00:03:771623  |___________________________________________________________________________________________________________________________________|
00:00:03:952988     |                                                               |                                                             |
00:00:03:952988     |                                                               |HCI_COMMAND_COMPLETE_EVENT                                   |
00:00:03:952988     |                                                               |------------------------------------------------------------>|
00:00:03:952988     |                                                               |(HCI_LE_SET_SCAN_ENABLE, Status: Success - 0x00)             |
00:00:03:969489   ___________________________________________________________________________________________________________________________________ 
00:00:03:969489  |                                                          Tester is RESET                                                          |
00:00:03:969489  |___________________________________________________________________________________________________________________________________|
00:00:03:973269   ___________________________________________________________________________________________________________________________________ 
00:00:03:973269  |                                             Tester's user friendly name is configured                                             |
00:00:03:973269  |___________________________________________________________________________________________________________________________________|
00:00:03:976837   ___________________________________________________________________________________________________________________________________ 
00:00:03:976837  |                                               Tester's device address is configured                                               |
00:00:03:976837  |___________________________________________________________________________________________________________________________________|
00:00:03:980846   ___________________________________________________________________________________________________________________________________ 
00:00:03:980846  |                                        IUT's device address is included in the White List                                         |
00:00:03:980846  |___________________________________________________________________________________________________________________________________|
00:00:03:987348     |                                                               |                                                             |
00:00:03:987348     |                                                               |                                                   HCI_RESET |
00:00:03:987348     |                                                               |<------------------------------------------------------------|
00:00:04:195059     |                                                               |                                                             |
00:00:04:195059     |                                                               |HCI_COMMAND_COMPLETE_EVENT                                   |
00:00:04:195059     |                                                               |------------------------------------------------------------>|
00:00:04:195059     |                                                               |(HCI_RESET, Status: Success - 0x00)                          |
00:00:04:206829     |                                                               |                                                             |
00:00:04:206829     |                                                               |                           HCI_READ_LOCAL_SUPPORTED_FEATURES |
00:00:04:206829     |                                                               |<------------------------------------------------------------|
00:00:04:395890     |                                                               |                                                             |
00:00:04:395890     |                                                               |HCI_COMMAND_COMPLETE_EVENT                                   |
00:00:04:395890     |                                                               |------------------------------------------------------------>|
00:00:04:395890     |                                                               |(HCI_READ_LOCAL_SUPPORTED_FEATURES, Status: Success - 0x00)  |
00:00:04:408593     |                                                               |                                                             |
00:00:04:408593     |                                                               |                                          HCI_SET_EVENT_MASK |
00:00:04:408593     |                                                               |<------------------------------------------------------------|
00:00:04:531337     |                                                               |                                                             |
00:00:04:531337     |                                                               |HCI_COMMAND_COMPLETE_EVENT                                   |
00:00:04:531337     |                                                               |------------------------------------------------------------>|
00:00:04:531337     |                                                               |(HCI_SET_EVENT_MASK, Status: Success - 0x00)                 |
00:00:04:543388     |                                                               |                                                             |
00:00:04:543388     |                                                               |                                       HCI_LE_SET_EVENT_MASK |
00:00:04:543388     |                                                               |<------------------------------------------------------------|
00:00:04:676086     |                                                               |                                                             |
00:00:04:676086     |                                                               |HCI_COMMAND_COMPLETE_EVENT                                   |
00:00:04:676086     |                                                               |------------------------------------------------------------>|
00:00:04:676086     |                                                               |(HCI_LE_SET_EVENT_MASK, Status: Success - 0x00)              |
00:00:04:688929     |                                                               |                                                             |
00:00:04:688929     |                                                               |                                            HCI_READ_BD_ADDR |
00:00:04:688929     |                                                               |<------------------------------------------------------------|
00:00:04:810992     |                                                               |                                                             |
00:00:04:810992     |                                                               |HCI_COMMAND_COMPLETE_EVENT                                   |
00:00:04:810992     |                                                               |------------------------------------------------------------>|
00:00:04:810992     |                                                               |(HCI_READ_BD_ADDR, Status: Success - 0x00)                   |
00:00:04:824104     |                                                               |                                                             |
00:00:04:824104     |                                                               |                                  HCI_LE_SET_SCAN_PARAMETERS |
00:00:04:824104     |                                                               |<------------------------------------------------------------|
00:00:04:936265     |                                                               |                                                             |
00:00:04:936265     |                                                               |HCI_COMMAND_COMPLETE_EVENT                                   |
00:00:04:936265     |                                                               |------------------------------------------------------------>|
00:00:04:936265     |                                                               |(HCI_LE_SET_SCAN_PARAMETERS, Status: Success - 0x00)         |
00:00:04:947720     |                                                               |                                                             |
00:00:04:947720     |                                                               |                                      HCI_LE_SET_SCAN_ENABLE |
00:00:04:947720     |                                                               |<------------------------------------------------------------|
00:00:04:947720     |                                                               |                                    (Advertise Enable: 0x01) |
00:00:05:075483     |                                                               |                                                             |
00:00:05:075483     |                                                               |HCI_COMMAND_COMPLETE_EVENT                                   |
00:00:05:075483     |                                                               |------------------------------------------------------------>|
00:00:05:075483     |                                                               |(HCI_LE_SET_SCAN_ENABLE, Status: Success - 0x00)             |
00:00:05:088559   ___________________________________________________________________________________________________________________________________ 
00:00:05:088559  |                                           Tester is configured to send ADV_IND packets                                            |
00:00:05:088559  |___________________________________________________________________________________________________________________________________|
00:00:05:094090   ___________________________________________________________________________________________________________________________________ 
00:00:05:094090  |                                                Advertise channel map is configured                                                |
00:00:05:094090  |___________________________________________________________________________________________________________________________________|
00:00:05:097520   ___________________________________________________________________________________________________________________________________ 
00:00:05:097520  |                                                   Advertise data are configured                                                   |
00:00:05:097520  |___________________________________________________________________________________________________________________________________|
00:00:05:105841   ___________________________________________________________________________________________________________________________________ 
00:00:05:105841  |                                                     Tester starts Advertising                                                     |
00:00:05:105841  |___________________________________________________________________________________________________________________________________|
00:00:05:360838     |                                                               |                                                             |
00:00:05:360838     |                                                               |HCI_LE_ADVERTISING_REPORT_EVENT                              |
00:00:05:360838     |                                                               |------------------------------------------------------------>|
00:00:05:362592     |                                                               |                                                             |
00:00:05:362592     |                                                               |HCI_LE_ADVERTISING_REPORT_EVENT                              |
00:00:05:362592     |                                                               |------------------------------------------------------------>|
00:00:05:365676     |                                                               |                                                             |
00:00:05:365676     |                                                               |                                      HCI_LE_SET_SCAN_ENABLE |
00:00:05:365676     |                                                               |<------------------------------------------------------------|
00:00:05:365676     |                                                               |                                    (Advertise Enable: 0x00) |
00:00:05:376998     |                                                               |                                                             |
00:00:05:376998     |                                                               |HCI_LE_ADVERTISING_REPORT_EVENT                              |
00:00:05:376998     |                                                               |------------------------------------------------------------>|
00:00:05:378822     |                                                               |                                                             |
00:00:05:378822     |                                                               |HCI_LE_ADVERTISING_REPORT_EVENT                              |
00:00:05:378822     |                                                               |------------------------------------------------------------>|
00:00:05:383341     |                                                               |                                                             |
00:00:05:383341     |                                                               |HCI_LE_ADVERTISING_REPORT_EVENT                              |
00:00:05:383341     |                                                               |------------------------------------------------------------>|
00:00:05:384166   ___________________________________________________________________________________________________________________________________ 
00:00:05:384166  |                                                     Tester stops Advertising                                                      |
00:00:05:384166  |___________________________________________________________________________________________________________________________________|
00:00:05:639924     |                                                               |                                                             |
00:00:05:639924     |                                                               |HCI_COMMAND_COMPLETE_EVENT                                   |
00:00:05:639924     |                                                               |------------------------------------------------------------>|
00:00:05:639924     |                                                               |(HCI_LE_SET_SCAN_ENABLE, Status: Success - 0x00)             |
